<?xml version="1.0" encoding="UTF-8"?>
<testsuite name="com.co.wolox.certificacion.runners.TestParallel" tests="1" skipped="0" failures="0" errors="0" timestamp="2020-09-13T20:40:17" hostname="SQA-1949" time="8.032">
  <properties/>
  <testcase name="testParallel" classname="com.co.wolox.certificacion.runners.TestParallel" time="8.032"/>
  <system-out><![CDATA[15:40:17.754 [ForkJoinPool-1-worker-1] WARN com.intuit.karate - skipping bootstrap configuration: could not find or read file: classpath:karate-config.js
15:40:17.754 [ForkJoinPool-1-worker-2] WARN com.intuit.karate - skipping bootstrap configuration: could not find or read file: classpath:karate-config.js
15:40:17.754 [ForkJoinPool-1-worker-3] WARN com.intuit.karate - skipping bootstrap configuration: could not find or read file: classpath:karate-config.js
15:40:17.790 [ForkJoinPool-1-worker-1] INFO com.intuit.karate - scenario called at line: 8 by tag: @FlujoExitoso
15:40:17.848 [ForkJoinPool-1-worker-2] DEBUG com.jayway.jsonpath.internal.path.CompiledPath - Evaluating path: $
15:40:17.848 [ForkJoinPool-1-worker-3] DEBUG com.jayway.jsonpath.internal.path.CompiledPath - Evaluating path: $
15:40:17.848 [ForkJoinPool-1-worker-1] DEBUG com.jayway.jsonpath.internal.path.CompiledPath - Evaluating path: $
15:40:18.435 [ForkJoinPool-1-worker-1] DEBUG org.apache.http.client.protocol.RequestAddCookies - CookieSpec selected: karate
15:40:18.435 [ForkJoinPool-1-worker-3] DEBUG org.apache.http.client.protocol.RequestAddCookies - CookieSpec selected: karate
15:40:18.435 [ForkJoinPool-1-worker-2] DEBUG org.apache.http.client.protocol.RequestAddCookies - CookieSpec selected: karate
15:40:18.445 [ForkJoinPool-1-worker-3] DEBUG org.apache.http.client.protocol.RequestAuthCache - Auth cache not set in the context
15:40:18.445 [ForkJoinPool-1-worker-2] DEBUG org.apache.http.client.protocol.RequestAuthCache - Auth cache not set in the context
15:40:18.445 [ForkJoinPool-1-worker-1] DEBUG org.apache.http.client.protocol.RequestAuthCache - Auth cache not set in the context
15:40:18.447 [ForkJoinPool-1-worker-2] DEBUG com.intuit.karate - request:
1 > POST https://nodejs-qa-training.herokuapp.com/users/sessions
1 > Accept-Encoding: gzip,deflate
1 > Connection: Keep-Alive
1 > Content-Length: 62
1 > Content-Type: application/json; charset=UTF-8
1 > Host: nodejs-qa-training.herokuapp.com
1 > User-Agent: Apache-HttpClient/4.5.5 (Java/1.8.0_191)
{"email":"admin@wolox.com.ar","password":"candidatoWolox2020"}

15:40:18.447 [ForkJoinPool-1-worker-1] DEBUG com.intuit.karate - request:
1 > POST https://nodejs-qa-training.herokuapp.com/users/sessions
1 > Accept-Encoding: gzip,deflate
1 > Connection: Keep-Alive
1 > Content-Length: 62
1 > Content-Type: application/json; charset=UTF-8
1 > Host: nodejs-qa-training.herokuapp.com
1 > User-Agent: Apache-HttpClient/4.5.5 (Java/1.8.0_191)
{"email":"admin@wolox.com.ar","password":"candidatoWolox2020"}

15:40:18.447 [ForkJoinPool-1-worker-3] DEBUG com.intuit.karate - request:
1 > POST https://nodejs-qa-training.herokuapp.com/users/
1 > Accept-Encoding: gzip,deflate
1 > Connection: Keep-Alive
1 > Content-Length: 118
1 > Content-Type: application/json; charset=UTF-8
1 > Host: nodejs-qa-training.herokuapp.com
1 > User-Agent: Apache-HttpClient/4.5.5 (Java/1.8.0_191)
{"email":"jose.bermuda@wolox.com.ar","password":"candidatoWolox2020","firstName":"Jose Antonio","lastName":"Bermudez"}

15:40:18.450 [ForkJoinPool-1-worker-2] DEBUG org.apache.http.impl.conn.PoolingHttpClientConnectionManager - Connection request: [route: {s}->https://nodejs-qa-training.herokuapp.com:443][total kept alive: 0; route allocated: 0 of 5; total allocated: 0 of 10]
15:40:18.450 [ForkJoinPool-1-worker-1] DEBUG org.apache.http.impl.conn.PoolingHttpClientConnectionManager - Connection request: [route: {s}->https://nodejs-qa-training.herokuapp.com:443][total kept alive: 0; route allocated: 0 of 5; total allocated: 0 of 10]
15:40:18.450 [ForkJoinPool-1-worker-3] DEBUG org.apache.http.impl.conn.PoolingHttpClientConnectionManager - Connection request: [route: {s}->https://nodejs-qa-training.herokuapp.com:443][total kept alive: 0; route allocated: 0 of 5; total allocated: 0 of 10]
15:40:18.468 [ForkJoinPool-1-worker-3] DEBUG org.apache.http.impl.conn.PoolingHttpClientConnectionManager - Connection leased: [id: 1][route: {s}->https://nodejs-qa-training.herokuapp.com:443][total kept alive: 0; route allocated: 1 of 5; total allocated: 1 of 10]
15:40:18.468 [ForkJoinPool-1-worker-1] DEBUG org.apache.http.impl.conn.PoolingHttpClientConnectionManager - Connection leased: [id: 2][route: {s}->https://nodejs-qa-training.herokuapp.com:443][total kept alive: 0; route allocated: 1 of 5; total allocated: 1 of 10]
15:40:18.468 [ForkJoinPool-1-worker-2] DEBUG org.apache.http.impl.conn.PoolingHttpClientConnectionManager - Connection leased: [id: 0][route: {s}->https://nodejs-qa-training.herokuapp.com:443][total kept alive: 0; route allocated: 1 of 5; total allocated: 1 of 10]
15:40:18.471 [ForkJoinPool-1-worker-1] DEBUG org.apache.http.impl.execchain.MainClientExec - Opening connection {s}->https://nodejs-qa-training.herokuapp.com:443
15:40:18.471 [ForkJoinPool-1-worker-2] DEBUG org.apache.http.impl.execchain.MainClientExec - Opening connection {s}->https://nodejs-qa-training.herokuapp.com:443
15:40:18.471 [ForkJoinPool-1-worker-3] DEBUG org.apache.http.impl.execchain.MainClientExec - Opening connection {s}->https://nodejs-qa-training.herokuapp.com:443
15:40:18.540 [ForkJoinPool-1-worker-1] DEBUG org.apache.http.impl.conn.DefaultHttpClientConnectionOperator - Connecting to nodejs-qa-training.herokuapp.com/3.233.183.24:443
15:40:18.540 [ForkJoinPool-1-worker-2] DEBUG org.apache.http.impl.conn.DefaultHttpClientConnectionOperator - Connecting to nodejs-qa-training.herokuapp.com/3.233.183.24:443
15:40:18.540 [ForkJoinPool-1-worker-3] DEBUG org.apache.http.impl.conn.DefaultHttpClientConnectionOperator - Connecting to nodejs-qa-training.herokuapp.com/3.233.183.24:443
15:40:18.540 [ForkJoinPool-1-worker-1] DEBUG org.apache.http.conn.ssl.SSLConnectionSocketFactory - Connecting socket to nodejs-qa-training.herokuapp.com/3.233.183.24:443 with timeout 30000
15:40:18.540 [ForkJoinPool-1-worker-2] DEBUG org.apache.http.conn.ssl.SSLConnectionSocketFactory - Connecting socket to nodejs-qa-training.herokuapp.com/3.233.183.24:443 with timeout 30000
15:40:18.540 [ForkJoinPool-1-worker-3] DEBUG org.apache.http.conn.ssl.SSLConnectionSocketFactory - Connecting socket to nodejs-qa-training.herokuapp.com/3.233.183.24:443 with timeout 30000
15:40:18.678 [ForkJoinPool-1-worker-3] DEBUG org.apache.http.conn.ssl.SSLConnectionSocketFactory - Enabled protocols: [TLSv1, TLSv1.1, TLSv1.2]
15:40:18.678 [ForkJoinPool-1-worker-3] DEBUG org.apache.http.conn.ssl.SSLConnectionSocketFactory - Enabled cipher suites:[TLS_ECDHE_ECDSA_WITH_AES_256_CBC_SHA384, TLS_ECDHE_RSA_WITH_AES_256_CBC_SHA384, TLS_RSA_WITH_AES_256_CBC_SHA256, TLS_ECDH_ECDSA_WITH_AES_256_CBC_SHA384, TLS_ECDH_RSA_WITH_AES_256_CBC_SHA384, TLS_DHE_RSA_WITH_AES_256_CBC_SHA256, TLS_DHE_DSS_WITH_AES_256_CBC_SHA256, TLS_ECDHE_ECDSA_WITH_AES_256_CBC_SHA, TLS_ECDHE_RSA_WITH_AES_256_CBC_SHA, TLS_RSA_WITH_AES_256_CBC_SHA, TLS_ECDH_ECDSA_WITH_AES_256_CBC_SHA, TLS_ECDH_RSA_WITH_AES_256_CBC_SHA, TLS_DHE_RSA_WITH_AES_256_CBC_SHA, TLS_DHE_DSS_WITH_AES_256_CBC_SHA, TLS_ECDHE_ECDSA_WITH_AES_128_CBC_SHA256, TLS_ECDHE_RSA_WITH_AES_128_CBC_SHA256, TLS_RSA_WITH_AES_128_CBC_SHA256, TLS_ECDH_ECDSA_WITH_AES_128_CBC_SHA256, TLS_ECDH_RSA_WITH_AES_128_CBC_SHA256, TLS_DHE_RSA_WITH_AES_128_CBC_SHA256, TLS_DHE_DSS_WITH_AES_128_CBC_SHA256, TLS_ECDHE_ECDSA_WITH_AES_128_CBC_SHA, TLS_ECDHE_RSA_WITH_AES_128_CBC_SHA, TLS_RSA_WITH_AES_128_CBC_SHA, TLS_ECDH_ECDSA_WITH_AES_128_CBC_SHA, TLS_ECDH_RSA_WITH_AES_128_CBC_SHA, TLS_DHE_RSA_WITH_AES_128_CBC_SHA, TLS_DHE_DSS_WITH_AES_128_CBC_SHA, TLS_ECDHE_ECDSA_WITH_AES_256_GCM_SHA384, TLS_ECDHE_ECDSA_WITH_AES_128_GCM_SHA256, TLS_ECDHE_RSA_WITH_AES_256_GCM_SHA384, TLS_RSA_WITH_AES_256_GCM_SHA384, TLS_ECDH_ECDSA_WITH_AES_256_GCM_SHA384, TLS_ECDH_RSA_WITH_AES_256_GCM_SHA384, TLS_DHE_RSA_WITH_AES_256_GCM_SHA384, TLS_DHE_DSS_WITH_AES_256_GCM_SHA384, TLS_ECDHE_RSA_WITH_AES_128_GCM_SHA256, TLS_RSA_WITH_AES_128_GCM_SHA256, TLS_ECDH_ECDSA_WITH_AES_128_GCM_SHA256, TLS_ECDH_RSA_WITH_AES_128_GCM_SHA256, TLS_DHE_RSA_WITH_AES_128_GCM_SHA256, TLS_DHE_DSS_WITH_AES_128_GCM_SHA256, TLS_EMPTY_RENEGOTIATION_INFO_SCSV]
15:40:18.678 [ForkJoinPool-1-worker-3] DEBUG org.apache.http.conn.ssl.SSLConnectionSocketFactory - Starting handshake
15:40:18.678 [ForkJoinPool-1-worker-2] DEBUG org.apache.http.conn.ssl.SSLConnectionSocketFactory - Enabled protocols: [TLSv1, TLSv1.1, TLSv1.2]
15:40:18.678 [ForkJoinPool-1-worker-1] DEBUG org.apache.http.conn.ssl.SSLConnectionSocketFactory - Enabled protocols: [TLSv1, TLSv1.1, TLSv1.2]
15:40:18.678 [ForkJoinPool-1-worker-2] DEBUG org.apache.http.conn.ssl.SSLConnectionSocketFactory - Enabled cipher suites:[TLS_ECDHE_ECDSA_WITH_AES_256_CBC_SHA384, TLS_ECDHE_RSA_WITH_AES_256_CBC_SHA384, TLS_RSA_WITH_AES_256_CBC_SHA256, TLS_ECDH_ECDSA_WITH_AES_256_CBC_SHA384, TLS_ECDH_RSA_WITH_AES_256_CBC_SHA384, TLS_DHE_RSA_WITH_AES_256_CBC_SHA256, TLS_DHE_DSS_WITH_AES_256_CBC_SHA256, TLS_ECDHE_ECDSA_WITH_AES_256_CBC_SHA, TLS_ECDHE_RSA_WITH_AES_256_CBC_SHA, TLS_RSA_WITH_AES_256_CBC_SHA, TLS_ECDH_ECDSA_WITH_AES_256_CBC_SHA, TLS_ECDH_RSA_WITH_AES_256_CBC_SHA, TLS_DHE_RSA_WITH_AES_256_CBC_SHA, TLS_DHE_DSS_WITH_AES_256_CBC_SHA, TLS_ECDHE_ECDSA_WITH_AES_128_CBC_SHA256, TLS_ECDHE_RSA_WITH_AES_128_CBC_SHA256, TLS_RSA_WITH_AES_128_CBC_SHA256, TLS_ECDH_ECDSA_WITH_AES_128_CBC_SHA256, TLS_ECDH_RSA_WITH_AES_128_CBC_SHA256, TLS_DHE_RSA_WITH_AES_128_CBC_SHA256, TLS_DHE_DSS_WITH_AES_128_CBC_SHA256, TLS_ECDHE_ECDSA_WITH_AES_128_CBC_SHA, TLS_ECDHE_RSA_WITH_AES_128_CBC_SHA, TLS_RSA_WITH_AES_128_CBC_SHA, TLS_ECDH_ECDSA_WITH_AES_128_CBC_SHA, TLS_ECDH_RSA_WITH_AES_128_CBC_SHA, TLS_DHE_RSA_WITH_AES_128_CBC_SHA, TLS_DHE_DSS_WITH_AES_128_CBC_SHA, TLS_ECDHE_ECDSA_WITH_AES_256_GCM_SHA384, TLS_ECDHE_ECDSA_WITH_AES_128_GCM_SHA256, TLS_ECDHE_RSA_WITH_AES_256_GCM_SHA384, TLS_RSA_WITH_AES_256_GCM_SHA384, TLS_ECDH_ECDSA_WITH_AES_256_GCM_SHA384, TLS_ECDH_RSA_WITH_AES_256_GCM_SHA384, TLS_DHE_RSA_WITH_AES_256_GCM_SHA384, TLS_DHE_DSS_WITH_AES_256_GCM_SHA384, TLS_ECDHE_RSA_WITH_AES_128_GCM_SHA256, TLS_RSA_WITH_AES_128_GCM_SHA256, TLS_ECDH_ECDSA_WITH_AES_128_GCM_SHA256, TLS_ECDH_RSA_WITH_AES_128_GCM_SHA256, TLS_DHE_RSA_WITH_AES_128_GCM_SHA256, TLS_DHE_DSS_WITH_AES_128_GCM_SHA256, TLS_EMPTY_RENEGOTIATION_INFO_SCSV]
15:40:18.678 [ForkJoinPool-1-worker-1] DEBUG org.apache.http.conn.ssl.SSLConnectionSocketFactory - Enabled cipher suites:[TLS_ECDHE_ECDSA_WITH_AES_256_CBC_SHA384, TLS_ECDHE_RSA_WITH_AES_256_CBC_SHA384, TLS_RSA_WITH_AES_256_CBC_SHA256, TLS_ECDH_ECDSA_WITH_AES_256_CBC_SHA384, TLS_ECDH_RSA_WITH_AES_256_CBC_SHA384, TLS_DHE_RSA_WITH_AES_256_CBC_SHA256, TLS_DHE_DSS_WITH_AES_256_CBC_SHA256, TLS_ECDHE_ECDSA_WITH_AES_256_CBC_SHA, TLS_ECDHE_RSA_WITH_AES_256_CBC_SHA, TLS_RSA_WITH_AES_256_CBC_SHA, TLS_ECDH_ECDSA_WITH_AES_256_CBC_SHA, TLS_ECDH_RSA_WITH_AES_256_CBC_SHA, TLS_DHE_RSA_WITH_AES_256_CBC_SHA, TLS_DHE_DSS_WITH_AES_256_CBC_SHA, TLS_ECDHE_ECDSA_WITH_AES_128_CBC_SHA256, TLS_ECDHE_RSA_WITH_AES_128_CBC_SHA256, TLS_RSA_WITH_AES_128_CBC_SHA256, TLS_ECDH_ECDSA_WITH_AES_128_CBC_SHA256, TLS_ECDH_RSA_WITH_AES_128_CBC_SHA256, TLS_DHE_RSA_WITH_AES_128_CBC_SHA256, TLS_DHE_DSS_WITH_AES_128_CBC_SHA256, TLS_ECDHE_ECDSA_WITH_AES_128_CBC_SHA, TLS_ECDHE_RSA_WITH_AES_128_CBC_SHA, TLS_RSA_WITH_AES_128_CBC_SHA, TLS_ECDH_ECDSA_WITH_AES_128_CBC_SHA, TLS_ECDH_RSA_WITH_AES_128_CBC_SHA, TLS_DHE_RSA_WITH_AES_128_CBC_SHA, TLS_DHE_DSS_WITH_AES_128_CBC_SHA, TLS_ECDHE_ECDSA_WITH_AES_256_GCM_SHA384, TLS_ECDHE_ECDSA_WITH_AES_128_GCM_SHA256, TLS_ECDHE_RSA_WITH_AES_256_GCM_SHA384, TLS_RSA_WITH_AES_256_GCM_SHA384, TLS_ECDH_ECDSA_WITH_AES_256_GCM_SHA384, TLS_ECDH_RSA_WITH_AES_256_GCM_SHA384, TLS_DHE_RSA_WITH_AES_256_GCM_SHA384, TLS_DHE_DSS_WITH_AES_256_GCM_SHA384, TLS_ECDHE_RSA_WITH_AES_128_GCM_SHA256, TLS_RSA_WITH_AES_128_GCM_SHA256, TLS_ECDH_ECDSA_WITH_AES_128_GCM_SHA256, TLS_ECDH_RSA_WITH_AES_128_GCM_SHA256, TLS_DHE_RSA_WITH_AES_128_GCM_SHA256, TLS_DHE_DSS_WITH_AES_128_GCM_SHA256, TLS_EMPTY_RENEGOTIATION_INFO_SCSV]
15:40:18.678 [ForkJoinPool-1-worker-2] DEBUG org.apache.http.conn.ssl.SSLConnectionSocketFactory - Starting handshake
15:40:18.678 [ForkJoinPool-1-worker-1] DEBUG org.apache.http.conn.ssl.SSLConnectionSocketFactory - Starting handshake
15:40:18.913 [ForkJoinPool-1-worker-1] DEBUG org.apache.http.conn.ssl.SSLConnectionSocketFactory - Secure session established
15:40:18.913 [ForkJoinPool-1-worker-1] DEBUG org.apache.http.conn.ssl.SSLConnectionSocketFactory -  negotiated protocol: TLSv1.2
15:40:18.913 [ForkJoinPool-1-worker-1] DEBUG org.apache.http.conn.ssl.SSLConnectionSocketFactory -  negotiated cipher suite: TLS_ECDHE_RSA_WITH_AES_128_GCM_SHA256
15:40:18.914 [ForkJoinPool-1-worker-1] DEBUG org.apache.http.conn.ssl.SSLConnectionSocketFactory -  peer principal: CN=*.herokuapp.com, O="Heroku, Inc.", L=San Francisco, ST=California, C=US
15:40:18.914 [ForkJoinPool-1-worker-1] DEBUG org.apache.http.conn.ssl.SSLConnectionSocketFactory -  peer alternative names: [*.herokuapp.com, herokuapp.com]
15:40:18.914 [ForkJoinPool-1-worker-1] DEBUG org.apache.http.conn.ssl.SSLConnectionSocketFactory -  issuer principal: CN=DigiCert SHA2 High Assurance Server CA, OU=www.digicert.com, O=DigiCert Inc, C=US
15:40:18.917 [ForkJoinPool-1-worker-2] DEBUG org.apache.http.conn.ssl.SSLConnectionSocketFactory - Secure session established
15:40:18.917 [ForkJoinPool-1-worker-3] DEBUG org.apache.http.conn.ssl.SSLConnectionSocketFactory - Secure session established
15:40:18.918 [ForkJoinPool-1-worker-3] DEBUG org.apache.http.conn.ssl.SSLConnectionSocketFactory -  negotiated protocol: TLSv1.2
15:40:18.917 [ForkJoinPool-1-worker-1] DEBUG org.apache.http.impl.conn.DefaultHttpClientConnectionOperator - Connection established 192.168.0.10:57459<->3.233.183.24:443
15:40:18.918 [ForkJoinPool-1-worker-2] DEBUG org.apache.http.conn.ssl.SSLConnectionSocketFactory -  negotiated protocol: TLSv1.2
15:40:18.918 [ForkJoinPool-1-worker-3] DEBUG org.apache.http.conn.ssl.SSLConnectionSocketFactory -  negotiated cipher suite: TLS_ECDHE_RSA_WITH_AES_128_GCM_SHA256
15:40:18.918 [ForkJoinPool-1-worker-2] DEBUG org.apache.http.conn.ssl.SSLConnectionSocketFactory -  negotiated cipher suite: TLS_ECDHE_RSA_WITH_AES_128_GCM_SHA256
15:40:18.918 [ForkJoinPool-1-worker-3] DEBUG org.apache.http.conn.ssl.SSLConnectionSocketFactory -  peer principal: CN=*.herokuapp.com, O="Heroku, Inc.", L=San Francisco, ST=California, C=US
15:40:18.918 [ForkJoinPool-1-worker-1] DEBUG org.apache.http.impl.conn.DefaultManagedHttpClientConnection - http-outgoing-1: set socket timeout to 30000
15:40:18.918 [ForkJoinPool-1-worker-2] DEBUG org.apache.http.conn.ssl.SSLConnectionSocketFactory -  peer principal: CN=*.herokuapp.com, O="Heroku, Inc.", L=San Francisco, ST=California, C=US
15:40:18.918 [ForkJoinPool-1-worker-3] DEBUG org.apache.http.conn.ssl.SSLConnectionSocketFactory -  peer alternative names: [*.herokuapp.com, herokuapp.com]
15:40:18.918 [ForkJoinPool-1-worker-2] DEBUG org.apache.http.conn.ssl.SSLConnectionSocketFactory -  peer alternative names: [*.herokuapp.com, herokuapp.com]
15:40:18.918 [ForkJoinPool-1-worker-3] DEBUG org.apache.http.conn.ssl.SSLConnectionSocketFactory -  issuer principal: CN=DigiCert SHA2 High Assurance Server CA, OU=www.digicert.com, O=DigiCert Inc, C=US
15:40:18.918 [ForkJoinPool-1-worker-1] DEBUG org.apache.http.impl.execchain.MainClientExec - Executing request POST /users/sessions HTTP/1.1
15:40:18.918 [ForkJoinPool-1-worker-2] DEBUG org.apache.http.conn.ssl.SSLConnectionSocketFactory -  issuer principal: CN=DigiCert SHA2 High Assurance Server CA, OU=www.digicert.com, O=DigiCert Inc, C=US
15:40:18.918 [ForkJoinPool-1-worker-1] DEBUG org.apache.http.impl.execchain.MainClientExec - Target auth state: UNCHALLENGED
15:40:18.919 [ForkJoinPool-1-worker-3] DEBUG org.apache.http.impl.conn.DefaultHttpClientConnectionOperator - Connection established 192.168.0.10:57461<->3.233.183.24:443
15:40:18.919 [ForkJoinPool-1-worker-2] DEBUG org.apache.http.impl.conn.DefaultHttpClientConnectionOperator - Connection established 192.168.0.10:57460<->3.233.183.24:443
15:40:18.919 [ForkJoinPool-1-worker-3] DEBUG org.apache.http.impl.conn.DefaultManagedHttpClientConnection - http-outgoing-0: set socket timeout to 30000
15:40:18.919 [ForkJoinPool-1-worker-2] DEBUG org.apache.http.impl.conn.DefaultManagedHttpClientConnection - http-outgoing-2: set socket timeout to 30000
15:40:18.919 [ForkJoinPool-1-worker-3] DEBUG org.apache.http.impl.execchain.MainClientExec - Executing request POST /users/ HTTP/1.1
15:40:18.919 [ForkJoinPool-1-worker-2] DEBUG org.apache.http.impl.execchain.MainClientExec - Executing request POST /users/sessions HTTP/1.1
15:40:18.919 [ForkJoinPool-1-worker-3] DEBUG org.apache.http.impl.execchain.MainClientExec - Target auth state: UNCHALLENGED
15:40:18.919 [ForkJoinPool-1-worker-2] DEBUG org.apache.http.impl.execchain.MainClientExec - Target auth state: UNCHALLENGED
15:40:18.919 [ForkJoinPool-1-worker-3] DEBUG org.apache.http.impl.execchain.MainClientExec - Proxy auth state: UNCHALLENGED
15:40:18.919 [ForkJoinPool-1-worker-2] DEBUG org.apache.http.impl.execchain.MainClientExec - Proxy auth state: UNCHALLENGED
15:40:18.919 [ForkJoinPool-1-worker-1] DEBUG org.apache.http.impl.execchain.MainClientExec - Proxy auth state: UNCHALLENGED
15:40:18.921 [ForkJoinPool-1-worker-1] DEBUG org.apache.http.headers - http-outgoing-1 >> POST /users/sessions HTTP/1.1
15:40:18.921 [ForkJoinPool-1-worker-3] DEBUG org.apache.http.headers - http-outgoing-0 >> POST /users/ HTTP/1.1
15:40:18.921 [ForkJoinPool-1-worker-2] DEBUG org.apache.http.headers - http-outgoing-2 >> POST /users/sessions HTTP/1.1
15:40:18.921 [ForkJoinPool-1-worker-1] DEBUG org.apache.http.headers - http-outgoing-1 >> Content-Type: application/json; charset=UTF-8
15:40:18.921 [ForkJoinPool-1-worker-3] DEBUG org.apache.http.headers - http-outgoing-0 >> Content-Type: application/json; charset=UTF-8
15:40:18.922 [ForkJoinPool-1-worker-2] DEBUG org.apache.http.headers - http-outgoing-2 >> Content-Type: application/json; charset=UTF-8
15:40:18.922 [ForkJoinPool-1-worker-1] DEBUG org.apache.http.headers - http-outgoing-1 >> Content-Length: 62
15:40:18.922 [ForkJoinPool-1-worker-3] DEBUG org.apache.http.headers - http-outgoing-0 >> Content-Length: 118
15:40:18.922 [ForkJoinPool-1-worker-2] DEBUG org.apache.http.headers - http-outgoing-2 >> Content-Length: 62
15:40:18.922 [ForkJoinPool-1-worker-1] DEBUG org.apache.http.headers - http-outgoing-1 >> Host: nodejs-qa-training.herokuapp.com
15:40:18.922 [ForkJoinPool-1-worker-3] DEBUG org.apache.http.headers - http-outgoing-0 >> Host: nodejs-qa-training.herokuapp.com
15:40:18.922 [ForkJoinPool-1-worker-2] DEBUG org.apache.http.headers - http-outgoing-2 >> Host: nodejs-qa-training.herokuapp.com
15:40:18.922 [ForkJoinPool-1-worker-1] DEBUG org.apache.http.headers - http-outgoing-1 >> Connection: Keep-Alive
15:40:18.922 [ForkJoinPool-1-worker-3] DEBUG org.apache.http.headers - http-outgoing-0 >> Connection: Keep-Alive
15:40:18.922 [ForkJoinPool-1-worker-2] DEBUG org.apache.http.headers - http-outgoing-2 >> Connection: Keep-Alive
15:40:18.922 [ForkJoinPool-1-worker-1] DEBUG org.apache.http.headers - http-outgoing-1 >> User-Agent: Apache-HttpClient/4.5.5 (Java/1.8.0_191)
15:40:18.922 [ForkJoinPool-1-worker-3] DEBUG org.apache.http.headers - http-outgoing-0 >> User-Agent: Apache-HttpClient/4.5.5 (Java/1.8.0_191)
15:40:18.922 [ForkJoinPool-1-worker-2] DEBUG org.apache.http.headers - http-outgoing-2 >> User-Agent: Apache-HttpClient/4.5.5 (Java/1.8.0_191)
15:40:18.922 [ForkJoinPool-1-worker-1] DEBUG org.apache.http.headers - http-outgoing-1 >> Accept-Encoding: gzip,deflate
15:40:18.922 [ForkJoinPool-1-worker-3] DEBUG org.apache.http.headers - http-outgoing-0 >> Accept-Encoding: gzip,deflate
15:40:18.922 [ForkJoinPool-1-worker-2] DEBUG org.apache.http.headers - http-outgoing-2 >> Accept-Encoding: gzip,deflate
15:40:18.923 [ForkJoinPool-1-worker-2] DEBUG org.apache.http.wire - http-outgoing-2 >> "POST /users/sessions HTTP/1.1[\r][\n]"
15:40:18.923 [ForkJoinPool-1-worker-1] DEBUG org.apache.http.wire - http-outgoing-1 >> "POST /users/sessions HTTP/1.1[\r][\n]"
15:40:18.923 [ForkJoinPool-1-worker-3] DEBUG org.apache.http.wire - http-outgoing-0 >> "POST /users/ HTTP/1.1[\r][\n]"
15:40:18.923 [ForkJoinPool-1-worker-2] DEBUG org.apache.http.wire - http-outgoing-2 >> "Content-Type: application/json; charset=UTF-8[\r][\n]"
15:40:18.923 [ForkJoinPool-1-worker-1] DEBUG org.apache.http.wire - http-outgoing-1 >> "Content-Type: application/json; charset=UTF-8[\r][\n]"
15:40:18.923 [ForkJoinPool-1-worker-3] DEBUG org.apache.http.wire - http-outgoing-0 >> "Content-Type: application/json; charset=UTF-8[\r][\n]"
15:40:18.923 [ForkJoinPool-1-worker-2] DEBUG org.apache.http.wire - http-outgoing-2 >> "Content-Length: 62[\r][\n]"
15:40:18.923 [ForkJoinPool-1-worker-1] DEBUG org.apache.http.wire - http-outgoing-1 >> "Content-Length: 62[\r][\n]"
15:40:18.923 [ForkJoinPool-1-worker-3] DEBUG org.apache.http.wire - http-outgoing-0 >> "Content-Length: 118[\r][\n]"
15:40:18.923 [ForkJoinPool-1-worker-2] DEBUG org.apache.http.wire - http-outgoing-2 >> "Host: nodejs-qa-training.herokuapp.com[\r][\n]"
15:40:18.923 [ForkJoinPool-1-worker-1] DEBUG org.apache.http.wire - http-outgoing-1 >> "Host: nodejs-qa-training.herokuapp.com[\r][\n]"
15:40:18.924 [ForkJoinPool-1-worker-2] DEBUG org.apache.http.wire - http-outgoing-2 >> "Connection: Keep-Alive[\r][\n]"
15:40:18.924 [ForkJoinPool-1-worker-3] DEBUG org.apache.http.wire - http-outgoing-0 >> "Host: nodejs-qa-training.herokuapp.com[\r][\n]"
15:40:18.924 [ForkJoinPool-1-worker-1] DEBUG org.apache.http.wire - http-outgoing-1 >> "Connection: Keep-Alive[\r][\n]"
15:40:18.924 [ForkJoinPool-1-worker-2] DEBUG org.apache.http.wire - http-outgoing-2 >> "User-Agent: Apache-HttpClient/4.5.5 (Java/1.8.0_191)[\r][\n]"
15:40:18.924 [ForkJoinPool-1-worker-3] DEBUG org.apache.http.wire - http-outgoing-0 >> "Connection: Keep-Alive[\r][\n]"
15:40:18.924 [ForkJoinPool-1-worker-1] DEBUG org.apache.http.wire - http-outgoing-1 >> "User-Agent: Apache-HttpClient/4.5.5 (Java/1.8.0_191)[\r][\n]"
15:40:18.924 [ForkJoinPool-1-worker-2] DEBUG org.apache.http.wire - http-outgoing-2 >> "Accept-Encoding: gzip,deflate[\r][\n]"
15:40:18.924 [ForkJoinPool-1-worker-3] DEBUG org.apache.http.wire - http-outgoing-0 >> "User-Agent: Apache-HttpClient/4.5.5 (Java/1.8.0_191)[\r][\n]"
15:40:18.924 [ForkJoinPool-1-worker-1] DEBUG org.apache.http.wire - http-outgoing-1 >> "Accept-Encoding: gzip,deflate[\r][\n]"
15:40:18.924 [ForkJoinPool-1-worker-2] DEBUG org.apache.http.wire - http-outgoing-2 >> "[\r][\n]"
15:40:18.924 [ForkJoinPool-1-worker-3] DEBUG org.apache.http.wire - http-outgoing-0 >> "Accept-Encoding: gzip,deflate[\r][\n]"
15:40:18.924 [ForkJoinPool-1-worker-1] DEBUG org.apache.http.wire - http-outgoing-1 >> "[\r][\n]"
15:40:18.924 [ForkJoinPool-1-worker-2] DEBUG org.apache.http.wire - http-outgoing-2 >> "{"email":"admin@wolox.com.ar","password":"candidatoWolox2020"}"
15:40:18.924 [ForkJoinPool-1-worker-3] DEBUG org.apache.http.wire - http-outgoing-0 >> "[\r][\n]"
15:40:18.924 [ForkJoinPool-1-worker-1] DEBUG org.apache.http.wire - http-outgoing-1 >> "{"email":"admin@wolox.com.ar","password":"candidatoWolox2020"}"
15:40:18.925 [ForkJoinPool-1-worker-3] DEBUG org.apache.http.wire - http-outgoing-0 >> "{"email":"jose.bermuda@wolox.com.ar","password":"candidatoWolox2020","firstName":"Jose Antonio","lastName":"Bermudez"}"
15:40:19.348 [ForkJoinPool-1-worker-1] DEBUG org.apache.http.wire - http-outgoing-1 << "HTTP/1.1 200 OK[\r][\n]"
15:40:19.348 [ForkJoinPool-1-worker-1] DEBUG org.apache.http.wire - http-outgoing-1 << "Server: Cowboy[\r][\n]"
15:40:19.348 [ForkJoinPool-1-worker-1] DEBUG org.apache.http.wire - http-outgoing-1 << "Connection: keep-alive[\r][\n]"
15:40:19.349 [ForkJoinPool-1-worker-1] DEBUG org.apache.http.wire - http-outgoing-1 << "X-Powered-By: Express[\r][\n]"
15:40:19.349 [ForkJoinPool-1-worker-1] DEBUG org.apache.http.wire - http-outgoing-1 << "Authorization: eyJ0eXAiOiJKV1QiLCJhbGciOiJIUzI1NiJ9.eyJ1c2VySWQiOjE0Niwicm9sZSI6ImFkbWluIiwiaWF0IjoxNjAwMDI5NjIwLjU1MywiZXhwIjoxNjAwMDMxNDIwLjU1M30.N-FXxFe1mXpRPaCcDX3IE2OpCvYWrPQxgniOWnKlLmw[\r][\n]"
15:40:19.349 [ForkJoinPool-1-worker-1] DEBUG org.apache.http.wire - http-outgoing-1 << "Content-Type: application/json; charset=utf-8[\r][\n]"
15:40:19.349 [ForkJoinPool-1-worker-1] DEBUG org.apache.http.wire - http-outgoing-1 << "Content-Length: 51[\r][\n]"
15:40:19.349 [ForkJoinPool-1-worker-1] DEBUG org.apache.http.wire - http-outgoing-1 << "Etag: W/"33-sfiJWplo/oa4J8OsyGe8bG5dmBo"[\r][\n]"
15:40:19.349 [ForkJoinPool-1-worker-1] DEBUG org.apache.http.wire - http-outgoing-1 << "Date: Sun, 13 Sep 2020 20:40:20 GMT[\r][\n]"
15:40:19.349 [ForkJoinPool-1-worker-1] DEBUG org.apache.http.wire - http-outgoing-1 << "Via: 1.1 vegur[\r][\n]"
15:40:19.349 [ForkJoinPool-1-worker-1] DEBUG org.apache.http.wire - http-outgoing-1 << "[\r][\n]"
15:40:19.349 [ForkJoinPool-1-worker-1] DEBUG org.apache.http.wire - http-outgoing-1 << "{"user_id":146,"token_expires_at":"1600031420.553"}"
15:40:19.356 [ForkJoinPool-1-worker-1] DEBUG org.apache.http.headers - http-outgoing-1 << HTTP/1.1 200 OK
15:40:19.356 [ForkJoinPool-1-worker-1] DEBUG org.apache.http.headers - http-outgoing-1 << Server: Cowboy
15:40:19.356 [ForkJoinPool-1-worker-1] DEBUG org.apache.http.headers - http-outgoing-1 << Connection: keep-alive
15:40:19.356 [ForkJoinPool-1-worker-1] DEBUG org.apache.http.headers - http-outgoing-1 << X-Powered-By: Express
15:40:19.356 [ForkJoinPool-1-worker-1] DEBUG org.apache.http.headers - http-outgoing-1 << Authorization: eyJ0eXAiOiJKV1QiLCJhbGciOiJIUzI1NiJ9.eyJ1c2VySWQiOjE0Niwicm9sZSI6ImFkbWluIiwiaWF0IjoxNjAwMDI5NjIwLjU1MywiZXhwIjoxNjAwMDMxNDIwLjU1M30.N-FXxFe1mXpRPaCcDX3IE2OpCvYWrPQxgniOWnKlLmw
15:40:19.356 [ForkJoinPool-1-worker-1] DEBUG org.apache.http.headers - http-outgoing-1 << Content-Type: application/json; charset=utf-8
15:40:19.356 [ForkJoinPool-1-worker-1] DEBUG org.apache.http.headers - http-outgoing-1 << Content-Length: 51
15:40:19.356 [ForkJoinPool-1-worker-1] DEBUG org.apache.http.headers - http-outgoing-1 << Etag: W/"33-sfiJWplo/oa4J8OsyGe8bG5dmBo"
15:40:19.356 [ForkJoinPool-1-worker-1] DEBUG org.apache.http.headers - http-outgoing-1 << Date: Sun, 13 Sep 2020 20:40:20 GMT
15:40:19.356 [ForkJoinPool-1-worker-1] DEBUG org.apache.http.headers - http-outgoing-1 << Via: 1.1 vegur
15:40:19.359 [ForkJoinPool-1-worker-1] DEBUG org.apache.http.impl.execchain.MainClientExec - Connection can be kept alive indefinitely
15:40:19.364 [ForkJoinPool-1-worker-1] DEBUG org.apache.http.impl.conn.PoolingHttpClientConnectionManager - Connection [id: 2][route: {s}->https://nodejs-qa-training.herokuapp.com:443] can be kept alive indefinitely
15:40:19.364 [ForkJoinPool-1-worker-1] DEBUG org.apache.http.impl.conn.DefaultManagedHttpClientConnection - http-outgoing-1: set socket timeout to 0
15:40:19.364 [ForkJoinPool-1-worker-1] DEBUG org.apache.http.impl.conn.PoolingHttpClientConnectionManager - Connection released: [id: 2][route: {s}->https://nodejs-qa-training.herokuapp.com:443][total kept alive: 1; route allocated: 1 of 5; total allocated: 1 of 10]
15:40:19.364 [ForkJoinPool-1-worker-1] DEBUG com.intuit.karate - response time in milliseconds: 914,37
1 < 200
1 < Authorization: eyJ0eXAiOiJKV1QiLCJhbGciOiJIUzI1NiJ9.eyJ1c2VySWQiOjE0Niwicm9sZSI6ImFkbWluIiwiaWF0IjoxNjAwMDI5NjIwLjU1MywiZXhwIjoxNjAwMDMxNDIwLjU1M30.N-FXxFe1mXpRPaCcDX3IE2OpCvYWrPQxgniOWnKlLmw
1 < Connection: keep-alive
1 < Content-Length: 51
1 < Content-Type: application/json; charset=utf-8
1 < Date: Sun, 13 Sep 2020 20:40:20 GMT
1 < Etag: W/"33-sfiJWplo/oa4J8OsyGe8bG5dmBo"
1 < Server: Cowboy
1 < Via: 1.1 vegur
1 < X-Powered-By: Express
{"user_id":146,"token_expires_at":"1600031420.553"}

15:40:19.372 [ForkJoinPool-1-worker-1] DEBUG com.jayway.jsonpath.internal.path.CompiledPath - Evaluating path: $
15:40:19.372 [ForkJoinPool-1-worker-1] DEBUG com.jayway.jsonpath.internal.path.CompiledPath - Evaluating path: $
15:40:19.373 [ForkJoinPool-1-worker-1] DEBUG com.jayway.jsonpath.internal.path.CompiledPath - Evaluating path: $
15:40:19.378 [ForkJoinPool-1-worker-1] DEBUG com.jayway.jsonpath.internal.path.CompiledPath - Evaluating path: $
15:40:19.378 [ForkJoinPool-1-worker-1] DEBUG com.jayway.jsonpath.internal.path.CompiledPath - Evaluating path: $
15:40:19.379 [ForkJoinPool-1-worker-1] DEBUG com.jayway.jsonpath.internal.path.CompiledPath - Evaluating path: $
15:40:19.379 [ForkJoinPool-1-worker-1] DEBUG com.jayway.jsonpath.internal.path.CompiledPath - Evaluating path: $
15:40:19.380 [ForkJoinPool-1-worker-1] INFO com.intuit.karate - [print] {
  "user_id": 146,
  "token_expires_at": "1600031420.553"
}

15:40:19.385 [ForkJoinPool-1-worker-1] DEBUG com.jayway.jsonpath.internal.path.CompiledPath - Evaluating path: $
15:40:19.415 [ForkJoinPool-1-worker-1] DEBUG org.apache.http.client.protocol.RequestAddCookies - CookieSpec selected: karate
15:40:19.415 [ForkJoinPool-1-worker-1] DEBUG org.apache.http.client.protocol.RequestAuthCache - Auth cache not set in the context
15:40:19.415 [ForkJoinPool-1-worker-1] DEBUG com.intuit.karate - request:
1 > POST https://nodejs-qa-training.herokuapp.com/albums/23
1 > Accept-Encoding: gzip,deflate
1 > Authorization: eyJ0eXAiOiJKV1QiLCJhbGciOiJIUzI1NiJ9.eyJ1c2VySWQiOjE0Niwicm9sZSI6ImFkbWluIiwiaWF0IjoxNjAwMDI5NjIwLjU1MywiZXhwIjoxNjAwMDMxNDIwLjU1M30.N-FXxFe1mXpRPaCcDX3IE2OpCvYWrPQxgniOWnKlLmw
1 > Connection: Keep-Alive
1 > Content-Length: 2
1 > Content-Type: application/json; charset=UTF-8
1 > Host: nodejs-qa-training.herokuapp.com
1 > User-Agent: Apache-HttpClient/4.5.5 (Java/1.8.0_191)
{}

15:40:19.416 [ForkJoinPool-1-worker-1] DEBUG org.apache.http.impl.conn.PoolingHttpClientConnectionManager - Connection request: [route: {s}->https://nodejs-qa-training.herokuapp.com:443][total kept alive: 0; route allocated: 0 of 5; total allocated: 0 of 10]
15:40:19.418 [ForkJoinPool-1-worker-1] DEBUG org.apache.http.impl.conn.PoolingHttpClientConnectionManager - Connection leased: [id: 3][route: {s}->https://nodejs-qa-training.herokuapp.com:443][total kept alive: 0; route allocated: 1 of 5; total allocated: 1 of 10]
15:40:19.418 [ForkJoinPool-1-worker-1] DEBUG org.apache.http.impl.execchain.MainClientExec - Opening connection {s}->https://nodejs-qa-training.herokuapp.com:443
15:40:19.419 [ForkJoinPool-1-worker-1] DEBUG org.apache.http.impl.conn.DefaultHttpClientConnectionOperator - Connecting to nodejs-qa-training.herokuapp.com/3.233.183.24:443
15:40:19.420 [ForkJoinPool-1-worker-1] DEBUG org.apache.http.conn.ssl.SSLConnectionSocketFactory - Connecting socket to nodejs-qa-training.herokuapp.com/3.233.183.24:443 with timeout 30000
15:40:19.479 [ForkJoinPool-1-worker-3] DEBUG org.apache.http.wire - http-outgoing-0 << "HTTP/1.1 201 Created[\r][\n]"
15:40:19.479 [ForkJoinPool-1-worker-3] DEBUG org.apache.http.wire - http-outgoing-0 << "Server: Cowboy[\r][\n]"
15:40:19.479 [ForkJoinPool-1-worker-3] DEBUG org.apache.http.wire - http-outgoing-0 << "Connection: keep-alive[\r][\n]"
15:40:19.479 [ForkJoinPool-1-worker-3] DEBUG org.apache.http.wire - http-outgoing-0 << "X-Powered-By: Express[\r][\n]"
15:40:19.479 [ForkJoinPool-1-worker-3] DEBUG org.apache.http.wire - http-outgoing-0 << "Content-Type: application/json; charset=utf-8[\r][\n]"
15:40:19.479 [ForkJoinPool-1-worker-3] DEBUG org.apache.http.wire - http-outgoing-0 << "Content-Length: 15[\r][\n]"
15:40:19.479 [ForkJoinPool-1-worker-3] DEBUG org.apache.http.wire - http-outgoing-0 << "Etag: W/"f-WKzu/ttSfHXyFOq07V/oLpjpZ1E"[\r][\n]"
15:40:19.479 [ForkJoinPool-1-worker-3] DEBUG org.apache.http.wire - http-outgoing-0 << "Date: Sun, 13 Sep 2020 20:40:20 GMT[\r][\n]"
15:40:19.479 [ForkJoinPool-1-worker-3] DEBUG org.apache.http.wire - http-outgoing-0 << "Via: 1.1 vegur[\r][\n]"
15:40:19.479 [ForkJoinPool-1-worker-3] DEBUG org.apache.http.wire - http-outgoing-0 << "[\r][\n]"
15:40:19.479 [ForkJoinPool-1-worker-3] DEBUG org.apache.http.wire - http-outgoing-0 << "{"user_id":274}"
15:40:19.480 [ForkJoinPool-1-worker-3] DEBUG org.apache.http.headers - http-outgoing-0 << HTTP/1.1 201 Created
15:40:19.480 [ForkJoinPool-1-worker-3] DEBUG org.apache.http.headers - http-outgoing-0 << Server: Cowboy
15:40:19.480 [ForkJoinPool-1-worker-3] DEBUG org.apache.http.headers - http-outgoing-0 << Connection: keep-alive
15:40:19.480 [ForkJoinPool-1-worker-3] DEBUG org.apache.http.headers - http-outgoing-0 << X-Powered-By: Express
15:40:19.480 [ForkJoinPool-1-worker-3] DEBUG org.apache.http.headers - http-outgoing-0 << Content-Type: application/json; charset=utf-8
15:40:19.480 [ForkJoinPool-1-worker-3] DEBUG org.apache.http.headers - http-outgoing-0 << Content-Length: 15
15:40:19.480 [ForkJoinPool-1-worker-3] DEBUG org.apache.http.headers - http-outgoing-0 << Etag: W/"f-WKzu/ttSfHXyFOq07V/oLpjpZ1E"
15:40:19.480 [ForkJoinPool-1-worker-3] DEBUG org.apache.http.headers - http-outgoing-0 << Date: Sun, 13 Sep 2020 20:40:20 GMT
15:40:19.480 [ForkJoinPool-1-worker-3] DEBUG org.apache.http.headers - http-outgoing-0 << Via: 1.1 vegur
15:40:19.480 [ForkJoinPool-1-worker-3] DEBUG org.apache.http.impl.execchain.MainClientExec - Connection can be kept alive indefinitely
15:40:19.481 [ForkJoinPool-1-worker-3] DEBUG org.apache.http.impl.conn.PoolingHttpClientConnectionManager - Connection [id: 1][route: {s}->https://nodejs-qa-training.herokuapp.com:443] can be kept alive indefinitely
15:40:19.481 [ForkJoinPool-1-worker-3] DEBUG org.apache.http.impl.conn.DefaultManagedHttpClientConnection - http-outgoing-0: set socket timeout to 0
15:40:19.481 [ForkJoinPool-1-worker-3] DEBUG org.apache.http.impl.conn.PoolingHttpClientConnectionManager - Connection released: [id: 1][route: {s}->https://nodejs-qa-training.herokuapp.com:443][total kept alive: 1; route allocated: 1 of 5; total allocated: 1 of 10]
15:40:19.481 [ForkJoinPool-1-worker-3] DEBUG com.intuit.karate - response time in milliseconds: 1032,04
1 < 201
1 < Connection: keep-alive
1 < Content-Length: 15
1 < Content-Type: application/json; charset=utf-8
1 < Date: Sun, 13 Sep 2020 20:40:20 GMT
1 < Etag: W/"f-WKzu/ttSfHXyFOq07V/oLpjpZ1E"
1 < Server: Cowboy
1 < Via: 1.1 vegur
1 < X-Powered-By: Express
{"user_id":274}

15:40:19.482 [ForkJoinPool-1-worker-3] DEBUG com.jayway.jsonpath.internal.path.CompiledPath - Evaluating path: $
15:40:19.482 [ForkJoinPool-1-worker-3] INFO com.intuit.karate - [print] {
  "user_id": 274
}

15:40:19.487 [ForkJoinPool-1-worker-3] WARN com.intuit.karate - skipping bootstrap configuration: could not find or read file: classpath:karate-config.js
15:40:19.496 [ForkJoinPool-1-worker-3] INFO com.intuit.karate - scenario called at line: 8 by tag: @FlujoExitoso
15:40:19.500 [ForkJoinPool-1-worker-3] DEBUG com.jayway.jsonpath.internal.path.CompiledPath - Evaluating path: $
15:40:19.502 [ForkJoinPool-1-worker-3] DEBUG org.apache.http.client.protocol.RequestAddCookies - CookieSpec selected: karate
15:40:19.503 [ForkJoinPool-1-worker-3] DEBUG org.apache.http.client.protocol.RequestAuthCache - Auth cache not set in the context
15:40:19.503 [ForkJoinPool-1-worker-3] DEBUG com.intuit.karate - request:
1 > POST https://nodejs-qa-training.herokuapp.com/users/sessions
1 > Accept-Encoding: gzip,deflate
1 > Connection: Keep-Alive
1 > Content-Length: 62
1 > Content-Type: application/json; charset=UTF-8
1 > Host: nodejs-qa-training.herokuapp.com
1 > User-Agent: Apache-HttpClient/4.5.5 (Java/1.8.0_191)
{"email":"admin@wolox.com.ar","password":"candidatoWolox2020"}

15:40:19.503 [ForkJoinPool-1-worker-3] DEBUG org.apache.http.impl.conn.PoolingHttpClientConnectionManager - Connection request: [route: {s}->https://nodejs-qa-training.herokuapp.com:443][total kept alive: 0; route allocated: 0 of 5; total allocated: 0 of 10]
15:40:19.503 [ForkJoinPool-1-worker-3] DEBUG org.apache.http.impl.conn.PoolingHttpClientConnectionManager - Connection leased: [id: 4][route: {s}->https://nodejs-qa-training.herokuapp.com:443][total kept alive: 0; route allocated: 1 of 5; total allocated: 1 of 10]
15:40:19.503 [ForkJoinPool-1-worker-3] DEBUG org.apache.http.impl.execchain.MainClientExec - Opening connection {s}->https://nodejs-qa-training.herokuapp.com:443
15:40:19.503 [ForkJoinPool-1-worker-3] DEBUG org.apache.http.impl.conn.DefaultHttpClientConnectionOperator - Connecting to nodejs-qa-training.herokuapp.com/3.233.183.24:443
15:40:19.504 [ForkJoinPool-1-worker-3] DEBUG org.apache.http.conn.ssl.SSLConnectionSocketFactory - Connecting socket to nodejs-qa-training.herokuapp.com/3.233.183.24:443 with timeout 30000
15:40:19.522 [ForkJoinPool-1-worker-1] DEBUG org.apache.http.conn.ssl.SSLConnectionSocketFactory - Enabled protocols: [TLSv1, TLSv1.1, TLSv1.2]
15:40:19.522 [ForkJoinPool-1-worker-1] DEBUG org.apache.http.conn.ssl.SSLConnectionSocketFactory - Enabled cipher suites:[TLS_ECDHE_ECDSA_WITH_AES_256_CBC_SHA384, TLS_ECDHE_RSA_WITH_AES_256_CBC_SHA384, TLS_RSA_WITH_AES_256_CBC_SHA256, TLS_ECDH_ECDSA_WITH_AES_256_CBC_SHA384, TLS_ECDH_RSA_WITH_AES_256_CBC_SHA384, TLS_DHE_RSA_WITH_AES_256_CBC_SHA256, TLS_DHE_DSS_WITH_AES_256_CBC_SHA256, TLS_ECDHE_ECDSA_WITH_AES_256_CBC_SHA, TLS_ECDHE_RSA_WITH_AES_256_CBC_SHA, TLS_RSA_WITH_AES_256_CBC_SHA, TLS_ECDH_ECDSA_WITH_AES_256_CBC_SHA, TLS_ECDH_RSA_WITH_AES_256_CBC_SHA, TLS_DHE_RSA_WITH_AES_256_CBC_SHA, TLS_DHE_DSS_WITH_AES_256_CBC_SHA, TLS_ECDHE_ECDSA_WITH_AES_128_CBC_SHA256, TLS_ECDHE_RSA_WITH_AES_128_CBC_SHA256, TLS_RSA_WITH_AES_128_CBC_SHA256, TLS_ECDH_ECDSA_WITH_AES_128_CBC_SHA256, TLS_ECDH_RSA_WITH_AES_128_CBC_SHA256, TLS_DHE_RSA_WITH_AES_128_CBC_SHA256, TLS_DHE_DSS_WITH_AES_128_CBC_SHA256, TLS_ECDHE_ECDSA_WITH_AES_128_CBC_SHA, TLS_ECDHE_RSA_WITH_AES_128_CBC_SHA, TLS_RSA_WITH_AES_128_CBC_SHA, TLS_ECDH_ECDSA_WITH_AES_128_CBC_SHA, TLS_ECDH_RSA_WITH_AES_128_CBC_SHA, TLS_DHE_RSA_WITH_AES_128_CBC_SHA, TLS_DHE_DSS_WITH_AES_128_CBC_SHA, TLS_ECDHE_ECDSA_WITH_AES_256_GCM_SHA384, TLS_ECDHE_ECDSA_WITH_AES_128_GCM_SHA256, TLS_ECDHE_RSA_WITH_AES_256_GCM_SHA384, TLS_RSA_WITH_AES_256_GCM_SHA384, TLS_ECDH_ECDSA_WITH_AES_256_GCM_SHA384, TLS_ECDH_RSA_WITH_AES_256_GCM_SHA384, TLS_DHE_RSA_WITH_AES_256_GCM_SHA384, TLS_DHE_DSS_WITH_AES_256_GCM_SHA384, TLS_ECDHE_RSA_WITH_AES_128_GCM_SHA256, TLS_RSA_WITH_AES_128_GCM_SHA256, TLS_ECDH_ECDSA_WITH_AES_128_GCM_SHA256, TLS_ECDH_RSA_WITH_AES_128_GCM_SHA256, TLS_DHE_RSA_WITH_AES_128_GCM_SHA256, TLS_DHE_DSS_WITH_AES_128_GCM_SHA256, TLS_EMPTY_RENEGOTIATION_INFO_SCSV]
15:40:19.523 [ForkJoinPool-1-worker-1] DEBUG org.apache.http.conn.ssl.SSLConnectionSocketFactory - Starting handshake
15:40:19.594 [ForkJoinPool-1-worker-3] DEBUG org.apache.http.conn.ssl.SSLConnectionSocketFactory - Enabled protocols: [TLSv1, TLSv1.1, TLSv1.2]
15:40:19.594 [ForkJoinPool-1-worker-3] DEBUG org.apache.http.conn.ssl.SSLConnectionSocketFactory - Enabled cipher suites:[TLS_ECDHE_ECDSA_WITH_AES_256_CBC_SHA384, TLS_ECDHE_RSA_WITH_AES_256_CBC_SHA384, TLS_RSA_WITH_AES_256_CBC_SHA256, TLS_ECDH_ECDSA_WITH_AES_256_CBC_SHA384, TLS_ECDH_RSA_WITH_AES_256_CBC_SHA384, TLS_DHE_RSA_WITH_AES_256_CBC_SHA256, TLS_DHE_DSS_WITH_AES_256_CBC_SHA256, TLS_ECDHE_ECDSA_WITH_AES_256_CBC_SHA, TLS_ECDHE_RSA_WITH_AES_256_CBC_SHA, TLS_RSA_WITH_AES_256_CBC_SHA, TLS_ECDH_ECDSA_WITH_AES_256_CBC_SHA, TLS_ECDH_RSA_WITH_AES_256_CBC_SHA, TLS_DHE_RSA_WITH_AES_256_CBC_SHA, TLS_DHE_DSS_WITH_AES_256_CBC_SHA, TLS_ECDHE_ECDSA_WITH_AES_128_CBC_SHA256, TLS_ECDHE_RSA_WITH_AES_128_CBC_SHA256, TLS_RSA_WITH_AES_128_CBC_SHA256, TLS_ECDH_ECDSA_WITH_AES_128_CBC_SHA256, TLS_ECDH_RSA_WITH_AES_128_CBC_SHA256, TLS_DHE_RSA_WITH_AES_128_CBC_SHA256, TLS_DHE_DSS_WITH_AES_128_CBC_SHA256, TLS_ECDHE_ECDSA_WITH_AES_128_CBC_SHA, TLS_ECDHE_RSA_WITH_AES_128_CBC_SHA, TLS_RSA_WITH_AES_128_CBC_SHA, TLS_ECDH_ECDSA_WITH_AES_128_CBC_SHA, TLS_ECDH_RSA_WITH_AES_128_CBC_SHA, TLS_DHE_RSA_WITH_AES_128_CBC_SHA, TLS_DHE_DSS_WITH_AES_128_CBC_SHA, TLS_ECDHE_ECDSA_WITH_AES_256_GCM_SHA384, TLS_ECDHE_ECDSA_WITH_AES_128_GCM_SHA256, TLS_ECDHE_RSA_WITH_AES_256_GCM_SHA384, TLS_RSA_WITH_AES_256_GCM_SHA384, TLS_ECDH_ECDSA_WITH_AES_256_GCM_SHA384, TLS_ECDH_RSA_WITH_AES_256_GCM_SHA384, TLS_DHE_RSA_WITH_AES_256_GCM_SHA384, TLS_DHE_DSS_WITH_AES_256_GCM_SHA384, TLS_ECDHE_RSA_WITH_AES_128_GCM_SHA256, TLS_RSA_WITH_AES_128_GCM_SHA256, TLS_ECDH_ECDSA_WITH_AES_128_GCM_SHA256, TLS_ECDH_RSA_WITH_AES_128_GCM_SHA256, TLS_DHE_RSA_WITH_AES_128_GCM_SHA256, TLS_DHE_DSS_WITH_AES_128_GCM_SHA256, TLS_EMPTY_RENEGOTIATION_INFO_SCSV]
15:40:19.595 [ForkJoinPool-1-worker-3] DEBUG org.apache.http.conn.ssl.SSLConnectionSocketFactory - Starting handshake
15:40:19.780 [ForkJoinPool-1-worker-3] DEBUG org.apache.http.conn.ssl.SSLConnectionSocketFactory - Secure session established
15:40:19.780 [ForkJoinPool-1-worker-3] DEBUG org.apache.http.conn.ssl.SSLConnectionSocketFactory -  negotiated protocol: TLSv1.2
15:40:19.781 [ForkJoinPool-1-worker-3] DEBUG org.apache.http.conn.ssl.SSLConnectionSocketFactory -  negotiated cipher suite: TLS_ECDHE_RSA_WITH_AES_128_GCM_SHA256
15:40:19.781 [ForkJoinPool-1-worker-3] DEBUG org.apache.http.conn.ssl.SSLConnectionSocketFactory -  peer principal: CN=*.herokuapp.com, O="Heroku, Inc.", L=San Francisco, ST=California, C=US
15:40:19.781 [ForkJoinPool-1-worker-3] DEBUG org.apache.http.conn.ssl.SSLConnectionSocketFactory -  peer alternative names: [*.herokuapp.com, herokuapp.com]
15:40:19.781 [ForkJoinPool-1-worker-3] DEBUG org.apache.http.conn.ssl.SSLConnectionSocketFactory -  issuer principal: CN=DigiCert SHA2 High Assurance Server CA, OU=www.digicert.com, O=DigiCert Inc, C=US
15:40:19.781 [ForkJoinPool-1-worker-3] DEBUG org.apache.http.impl.conn.DefaultHttpClientConnectionOperator - Connection established 192.168.0.10:57463<->3.233.183.24:443
15:40:19.781 [ForkJoinPool-1-worker-3] DEBUG org.apache.http.impl.conn.DefaultManagedHttpClientConnection - http-outgoing-4: set socket timeout to 30000
15:40:19.781 [ForkJoinPool-1-worker-3] DEBUG org.apache.http.impl.execchain.MainClientExec - Executing request POST /users/sessions HTTP/1.1
15:40:19.781 [ForkJoinPool-1-worker-3] DEBUG org.apache.http.impl.execchain.MainClientExec - Target auth state: UNCHALLENGED
15:40:19.781 [ForkJoinPool-1-worker-3] DEBUG org.apache.http.impl.execchain.MainClientExec - Proxy auth state: UNCHALLENGED
15:40:19.781 [ForkJoinPool-1-worker-3] DEBUG org.apache.http.headers - http-outgoing-4 >> POST /users/sessions HTTP/1.1
15:40:19.781 [ForkJoinPool-1-worker-3] DEBUG org.apache.http.headers - http-outgoing-4 >> Content-Type: application/json; charset=UTF-8
15:40:19.781 [ForkJoinPool-1-worker-3] DEBUG org.apache.http.headers - http-outgoing-4 >> Content-Length: 62
15:40:19.782 [ForkJoinPool-1-worker-3] DEBUG org.apache.http.headers - http-outgoing-4 >> Host: nodejs-qa-training.herokuapp.com
15:40:19.782 [ForkJoinPool-1-worker-3] DEBUG org.apache.http.headers - http-outgoing-4 >> Connection: Keep-Alive
15:40:19.782 [ForkJoinPool-1-worker-3] DEBUG org.apache.http.headers - http-outgoing-4 >> User-Agent: Apache-HttpClient/4.5.5 (Java/1.8.0_191)
15:40:19.782 [ForkJoinPool-1-worker-3] DEBUG org.apache.http.headers - http-outgoing-4 >> Accept-Encoding: gzip,deflate
15:40:19.782 [ForkJoinPool-1-worker-3] DEBUG org.apache.http.wire - http-outgoing-4 >> "POST /users/sessions HTTP/1.1[\r][\n]"
15:40:19.782 [ForkJoinPool-1-worker-3] DEBUG org.apache.http.wire - http-outgoing-4 >> "Content-Type: application/json; charset=UTF-8[\r][\n]"
15:40:19.782 [ForkJoinPool-1-worker-3] DEBUG org.apache.http.wire - http-outgoing-4 >> "Content-Length: 62[\r][\n]"
15:40:19.782 [ForkJoinPool-1-worker-3] DEBUG org.apache.http.wire - http-outgoing-4 >> "Host: nodejs-qa-training.herokuapp.com[\r][\n]"
15:40:19.782 [ForkJoinPool-1-worker-3] DEBUG org.apache.http.wire - http-outgoing-4 >> "Connection: Keep-Alive[\r][\n]"
15:40:19.782 [ForkJoinPool-1-worker-3] DEBUG org.apache.http.wire - http-outgoing-4 >> "User-Agent: Apache-HttpClient/4.5.5 (Java/1.8.0_191)[\r][\n]"
15:40:19.782 [ForkJoinPool-1-worker-3] DEBUG org.apache.http.wire - http-outgoing-4 >> "Accept-Encoding: gzip,deflate[\r][\n]"
15:40:19.782 [ForkJoinPool-1-worker-3] DEBUG org.apache.http.wire - http-outgoing-4 >> "[\r][\n]"
15:40:19.782 [ForkJoinPool-1-worker-3] DEBUG org.apache.http.wire - http-outgoing-4 >> "{"email":"admin@wolox.com.ar","password":"candidatoWolox2020"}"
15:40:19.827 [ForkJoinPool-1-worker-2] DEBUG org.apache.http.wire - http-outgoing-2 << "HTTP/1.1 200 OK[\r][\n]"
15:40:19.828 [ForkJoinPool-1-worker-2] DEBUG org.apache.http.wire - http-outgoing-2 << "Server: Cowboy[\r][\n]"
15:40:19.828 [ForkJoinPool-1-worker-2] DEBUG org.apache.http.wire - http-outgoing-2 << "Connection: keep-alive[\r][\n]"
15:40:19.828 [ForkJoinPool-1-worker-2] DEBUG org.apache.http.wire - http-outgoing-2 << "X-Powered-By: Express[\r][\n]"
15:40:19.828 [ForkJoinPool-1-worker-2] DEBUG org.apache.http.wire - http-outgoing-2 << "Authorization: eyJ0eXAiOiJKV1QiLCJhbGciOiJIUzI1NiJ9.eyJ1c2VySWQiOjE0Niwicm9sZSI6ImFkbWluIiwiaWF0IjoxNjAwMDI5NjIwLjcyMiwiZXhwIjoxNjAwMDMxNDIwLjcyMn0.IkKSgDcj4RVTrJswtB2hoFentn3C-ZuAKqevARVvLZc[\r][\n]"
15:40:19.828 [ForkJoinPool-1-worker-2] DEBUG org.apache.http.wire - http-outgoing-2 << "Content-Type: application/json; charset=utf-8[\r][\n]"
15:40:19.828 [ForkJoinPool-1-worker-2] DEBUG org.apache.http.wire - http-outgoing-2 << "Content-Length: 51[\r][\n]"
15:40:19.828 [ForkJoinPool-1-worker-2] DEBUG org.apache.http.wire - http-outgoing-2 << "Etag: W/"33-6y23esVXZGW6zEls7dTb9BuFO0Y"[\r][\n]"
15:40:19.828 [ForkJoinPool-1-worker-2] DEBUG org.apache.http.wire - http-outgoing-2 << "Date: Sun, 13 Sep 2020 20:40:20 GMT[\r][\n]"
15:40:19.828 [ForkJoinPool-1-worker-2] DEBUG org.apache.http.wire - http-outgoing-2 << "Via: 1.1 vegur[\r][\n]"
15:40:19.828 [ForkJoinPool-1-worker-2] DEBUG org.apache.http.wire - http-outgoing-2 << "[\r][\n]"
15:40:19.828 [ForkJoinPool-1-worker-2] DEBUG org.apache.http.wire - http-outgoing-2 << "{"user_id":146,"token_expires_at":"1600031420.722"}"
15:40:19.828 [ForkJoinPool-1-worker-2] DEBUG org.apache.http.headers - http-outgoing-2 << HTTP/1.1 200 OK
15:40:19.828 [ForkJoinPool-1-worker-2] DEBUG org.apache.http.headers - http-outgoing-2 << Server: Cowboy
15:40:19.828 [ForkJoinPool-1-worker-2] DEBUG org.apache.http.headers - http-outgoing-2 << Connection: keep-alive
15:40:19.828 [ForkJoinPool-1-worker-2] DEBUG org.apache.http.headers - http-outgoing-2 << X-Powered-By: Express
15:40:19.828 [ForkJoinPool-1-worker-2] DEBUG org.apache.http.headers - http-outgoing-2 << Authorization: eyJ0eXAiOiJKV1QiLCJhbGciOiJIUzI1NiJ9.eyJ1c2VySWQiOjE0Niwicm9sZSI6ImFkbWluIiwiaWF0IjoxNjAwMDI5NjIwLjcyMiwiZXhwIjoxNjAwMDMxNDIwLjcyMn0.IkKSgDcj4RVTrJswtB2hoFentn3C-ZuAKqevARVvLZc
15:40:19.829 [ForkJoinPool-1-worker-2] DEBUG org.apache.http.headers - http-outgoing-2 << Content-Type: application/json; charset=utf-8
15:40:19.829 [ForkJoinPool-1-worker-2] DEBUG org.apache.http.headers - http-outgoing-2 << Content-Length: 51
15:40:19.829 [ForkJoinPool-1-worker-2] DEBUG org.apache.http.headers - http-outgoing-2 << Etag: W/"33-6y23esVXZGW6zEls7dTb9BuFO0Y"
15:40:19.829 [ForkJoinPool-1-worker-2] DEBUG org.apache.http.headers - http-outgoing-2 << Date: Sun, 13 Sep 2020 20:40:20 GMT
15:40:19.829 [ForkJoinPool-1-worker-2] DEBUG org.apache.http.headers - http-outgoing-2 << Via: 1.1 vegur
15:40:19.829 [ForkJoinPool-1-worker-2] DEBUG org.apache.http.impl.execchain.MainClientExec - Connection can be kept alive indefinitely
15:40:19.830 [ForkJoinPool-1-worker-2] DEBUG org.apache.http.impl.conn.PoolingHttpClientConnectionManager - Connection [id: 0][route: {s}->https://nodejs-qa-training.herokuapp.com:443] can be kept alive indefinitely
15:40:19.830 [ForkJoinPool-1-worker-2] DEBUG org.apache.http.impl.conn.DefaultManagedHttpClientConnection - http-outgoing-2: set socket timeout to 0
15:40:19.830 [ForkJoinPool-1-worker-2] DEBUG org.apache.http.impl.conn.PoolingHttpClientConnectionManager - Connection released: [id: 0][route: {s}->https://nodejs-qa-training.herokuapp.com:443][total kept alive: 1; route allocated: 1 of 5; total allocated: 1 of 10]
15:40:19.830 [ForkJoinPool-1-worker-2] DEBUG com.intuit.karate - response time in milliseconds: 1380,71
1 < 200
1 < Authorization: eyJ0eXAiOiJKV1QiLCJhbGciOiJIUzI1NiJ9.eyJ1c2VySWQiOjE0Niwicm9sZSI6ImFkbWluIiwiaWF0IjoxNjAwMDI5NjIwLjcyMiwiZXhwIjoxNjAwMDMxNDIwLjcyMn0.IkKSgDcj4RVTrJswtB2hoFentn3C-ZuAKqevARVvLZc
1 < Connection: keep-alive
1 < Content-Length: 51
1 < Content-Type: application/json; charset=utf-8
1 < Date: Sun, 13 Sep 2020 20:40:20 GMT
1 < Etag: W/"33-6y23esVXZGW6zEls7dTb9BuFO0Y"
1 < Server: Cowboy
1 < Via: 1.1 vegur
1 < X-Powered-By: Express
{"user_id":146,"token_expires_at":"1600031420.722"}

15:40:19.832 [ForkJoinPool-1-worker-2] DEBUG com.jayway.jsonpath.internal.path.CompiledPath - Evaluating path: $
15:40:19.833 [ForkJoinPool-1-worker-2] DEBUG com.jayway.jsonpath.internal.path.CompiledPath - Evaluating path: $
15:40:19.833 [ForkJoinPool-1-worker-2] DEBUG com.jayway.jsonpath.internal.path.CompiledPath - Evaluating path: $
15:40:19.835 [ForkJoinPool-1-worker-2] DEBUG com.jayway.jsonpath.internal.path.CompiledPath - Evaluating path: $
15:40:19.835 [ForkJoinPool-1-worker-2] DEBUG com.jayway.jsonpath.internal.path.CompiledPath - Evaluating path: $
15:40:19.835 [ForkJoinPool-1-worker-2] DEBUG com.jayway.jsonpath.internal.path.CompiledPath - Evaluating path: $
15:40:19.836 [ForkJoinPool-1-worker-2] DEBUG com.jayway.jsonpath.internal.path.CompiledPath - Evaluating path: $
15:40:19.836 [ForkJoinPool-1-worker-2] INFO com.intuit.karate - [print] {
  "user_id": 146,
  "token_expires_at": "1600031420.722"
}

15:40:19.841 [ForkJoinPool-1-worker-2] WARN com.intuit.karate - skipping bootstrap configuration: could not find or read file: classpath:karate-config.js
15:40:19.849 [ForkJoinPool-1-worker-2] INFO com.intuit.karate - scenario called at line: 8 by tag: @FlujoExitoso
15:40:19.853 [ForkJoinPool-1-worker-2] DEBUG com.jayway.jsonpath.internal.path.CompiledPath - Evaluating path: $
15:40:19.855 [ForkJoinPool-1-worker-2] DEBUG org.apache.http.client.protocol.RequestAddCookies - CookieSpec selected: karate
15:40:19.856 [ForkJoinPool-1-worker-2] DEBUG org.apache.http.client.protocol.RequestAuthCache - Auth cache not set in the context
15:40:19.856 [ForkJoinPool-1-worker-2] DEBUG com.intuit.karate - request:
1 > POST https://nodejs-qa-training.herokuapp.com/users/sessions
1 > Accept-Encoding: gzip,deflate
1 > Connection: Keep-Alive
1 > Content-Length: 62
1 > Content-Type: application/json; charset=UTF-8
1 > Host: nodejs-qa-training.herokuapp.com
1 > User-Agent: Apache-HttpClient/4.5.5 (Java/1.8.0_191)
{"email":"admin@wolox.com.ar","password":"candidatoWolox2020"}

15:40:19.856 [ForkJoinPool-1-worker-2] DEBUG org.apache.http.impl.conn.PoolingHttpClientConnectionManager - Connection request: [route: {s}->https://nodejs-qa-training.herokuapp.com:443][total kept alive: 0; route allocated: 0 of 5; total allocated: 0 of 10]
15:40:19.857 [ForkJoinPool-1-worker-2] DEBUG org.apache.http.impl.conn.PoolingHttpClientConnectionManager - Connection leased: [id: 5][route: {s}->https://nodejs-qa-training.herokuapp.com:443][total kept alive: 0; route allocated: 1 of 5; total allocated: 1 of 10]
15:40:19.857 [ForkJoinPool-1-worker-2] DEBUG org.apache.http.impl.execchain.MainClientExec - Opening connection {s}->https://nodejs-qa-training.herokuapp.com:443
15:40:19.857 [ForkJoinPool-1-worker-2] DEBUG org.apache.http.impl.conn.DefaultHttpClientConnectionOperator - Connecting to nodejs-qa-training.herokuapp.com/3.233.183.24:443
15:40:19.857 [ForkJoinPool-1-worker-2] DEBUG org.apache.http.conn.ssl.SSLConnectionSocketFactory - Connecting socket to nodejs-qa-training.herokuapp.com/3.233.183.24:443 with timeout 30000
15:40:19.937 [ForkJoinPool-1-worker-2] DEBUG org.apache.http.conn.ssl.SSLConnectionSocketFactory - Enabled protocols: [TLSv1, TLSv1.1, TLSv1.2]
15:40:19.937 [ForkJoinPool-1-worker-2] DEBUG org.apache.http.conn.ssl.SSLConnectionSocketFactory - Enabled cipher suites:[TLS_ECDHE_ECDSA_WITH_AES_256_CBC_SHA384, TLS_ECDHE_RSA_WITH_AES_256_CBC_SHA384, TLS_RSA_WITH_AES_256_CBC_SHA256, TLS_ECDH_ECDSA_WITH_AES_256_CBC_SHA384, TLS_ECDH_RSA_WITH_AES_256_CBC_SHA384, TLS_DHE_RSA_WITH_AES_256_CBC_SHA256, TLS_DHE_DSS_WITH_AES_256_CBC_SHA256, TLS_ECDHE_ECDSA_WITH_AES_256_CBC_SHA, TLS_ECDHE_RSA_WITH_AES_256_CBC_SHA, TLS_RSA_WITH_AES_256_CBC_SHA, TLS_ECDH_ECDSA_WITH_AES_256_CBC_SHA, TLS_ECDH_RSA_WITH_AES_256_CBC_SHA, TLS_DHE_RSA_WITH_AES_256_CBC_SHA, TLS_DHE_DSS_WITH_AES_256_CBC_SHA, TLS_ECDHE_ECDSA_WITH_AES_128_CBC_SHA256, TLS_ECDHE_RSA_WITH_AES_128_CBC_SHA256, TLS_RSA_WITH_AES_128_CBC_SHA256, TLS_ECDH_ECDSA_WITH_AES_128_CBC_SHA256, TLS_ECDH_RSA_WITH_AES_128_CBC_SHA256, TLS_DHE_RSA_WITH_AES_128_CBC_SHA256, TLS_DHE_DSS_WITH_AES_128_CBC_SHA256, TLS_ECDHE_ECDSA_WITH_AES_128_CBC_SHA, TLS_ECDHE_RSA_WITH_AES_128_CBC_SHA, TLS_RSA_WITH_AES_128_CBC_SHA, TLS_ECDH_ECDSA_WITH_AES_128_CBC_SHA, TLS_ECDH_RSA_WITH_AES_128_CBC_SHA, TLS_DHE_RSA_WITH_AES_128_CBC_SHA, TLS_DHE_DSS_WITH_AES_128_CBC_SHA, TLS_ECDHE_ECDSA_WITH_AES_256_GCM_SHA384, TLS_ECDHE_ECDSA_WITH_AES_128_GCM_SHA256, TLS_ECDHE_RSA_WITH_AES_256_GCM_SHA384, TLS_RSA_WITH_AES_256_GCM_SHA384, TLS_ECDH_ECDSA_WITH_AES_256_GCM_SHA384, TLS_ECDH_RSA_WITH_AES_256_GCM_SHA384, TLS_DHE_RSA_WITH_AES_256_GCM_SHA384, TLS_DHE_DSS_WITH_AES_256_GCM_SHA384, TLS_ECDHE_RSA_WITH_AES_128_GCM_SHA256, TLS_RSA_WITH_AES_128_GCM_SHA256, TLS_ECDH_ECDSA_WITH_AES_128_GCM_SHA256, TLS_ECDH_RSA_WITH_AES_128_GCM_SHA256, TLS_DHE_RSA_WITH_AES_128_GCM_SHA256, TLS_DHE_DSS_WITH_AES_128_GCM_SHA256, TLS_EMPTY_RENEGOTIATION_INFO_SCSV]
15:40:19.937 [ForkJoinPool-1-worker-2] DEBUG org.apache.http.conn.ssl.SSLConnectionSocketFactory - Starting handshake
15:40:20.019 [ForkJoinPool-1-worker-3] DEBUG org.apache.http.wire - http-outgoing-4 << "HTTP/1.1 200 OK[\r][\n]"
15:40:20.020 [ForkJoinPool-1-worker-3] DEBUG org.apache.http.wire - http-outgoing-4 << "Server: Cowboy[\r][\n]"
15:40:20.020 [ForkJoinPool-1-worker-3] DEBUG org.apache.http.wire - http-outgoing-4 << "Connection: keep-alive[\r][\n]"
15:40:20.020 [ForkJoinPool-1-worker-3] DEBUG org.apache.http.wire - http-outgoing-4 << "X-Powered-By: Express[\r][\n]"
15:40:20.020 [ForkJoinPool-1-worker-3] DEBUG org.apache.http.wire - http-outgoing-4 << "Authorization: eyJ0eXAiOiJKV1QiLCJhbGciOiJIUzI1NiJ9.eyJ1c2VySWQiOjE0Niwicm9sZSI6ImFkbWluIiwiaWF0IjoxNjAwMDI5NjIxLjIyOSwiZXhwIjoxNjAwMDMxNDIxLjIyOX0.y-D4qYQpiGK1sK4SOMoad-muSJJI_McgizncuTBNuhc[\r][\n]"
15:40:20.020 [ForkJoinPool-1-worker-3] DEBUG org.apache.http.wire - http-outgoing-4 << "Content-Type: application/json; charset=utf-8[\r][\n]"
15:40:20.020 [ForkJoinPool-1-worker-3] DEBUG org.apache.http.wire - http-outgoing-4 << "Content-Length: 51[\r][\n]"
15:40:20.020 [ForkJoinPool-1-worker-3] DEBUG org.apache.http.wire - http-outgoing-4 << "Etag: W/"33-rk4HC8sQHCEIxdjoCVzl2ckj1f8"[\r][\n]"
15:40:20.020 [ForkJoinPool-1-worker-3] DEBUG org.apache.http.wire - http-outgoing-4 << "Date: Sun, 13 Sep 2020 20:40:21 GMT[\r][\n]"
15:40:20.020 [ForkJoinPool-1-worker-3] DEBUG org.apache.http.wire - http-outgoing-4 << "Via: 1.1 vegur[\r][\n]"
15:40:20.020 [ForkJoinPool-1-worker-3] DEBUG org.apache.http.wire - http-outgoing-4 << "[\r][\n]"
15:40:20.020 [ForkJoinPool-1-worker-3] DEBUG org.apache.http.wire - http-outgoing-4 << "{"user_id":146,"token_expires_at":"1600031421.229"}"
15:40:20.020 [ForkJoinPool-1-worker-3] DEBUG org.apache.http.headers - http-outgoing-4 << HTTP/1.1 200 OK
15:40:20.020 [ForkJoinPool-1-worker-3] DEBUG org.apache.http.headers - http-outgoing-4 << Server: Cowboy
15:40:20.020 [ForkJoinPool-1-worker-3] DEBUG org.apache.http.headers - http-outgoing-4 << Connection: keep-alive
15:40:20.020 [ForkJoinPool-1-worker-3] DEBUG org.apache.http.headers - http-outgoing-4 << X-Powered-By: Express
15:40:20.020 [ForkJoinPool-1-worker-3] DEBUG org.apache.http.headers - http-outgoing-4 << Authorization: eyJ0eXAiOiJKV1QiLCJhbGciOiJIUzI1NiJ9.eyJ1c2VySWQiOjE0Niwicm9sZSI6ImFkbWluIiwiaWF0IjoxNjAwMDI5NjIxLjIyOSwiZXhwIjoxNjAwMDMxNDIxLjIyOX0.y-D4qYQpiGK1sK4SOMoad-muSJJI_McgizncuTBNuhc
15:40:20.020 [ForkJoinPool-1-worker-3] DEBUG org.apache.http.headers - http-outgoing-4 << Content-Type: application/json; charset=utf-8
15:40:20.020 [ForkJoinPool-1-worker-3] DEBUG org.apache.http.headers - http-outgoing-4 << Content-Length: 51
15:40:20.020 [ForkJoinPool-1-worker-3] DEBUG org.apache.http.headers - http-outgoing-4 << Etag: W/"33-rk4HC8sQHCEIxdjoCVzl2ckj1f8"
15:40:20.020 [ForkJoinPool-1-worker-3] DEBUG org.apache.http.headers - http-outgoing-4 << Date: Sun, 13 Sep 2020 20:40:21 GMT
15:40:20.020 [ForkJoinPool-1-worker-3] DEBUG org.apache.http.headers - http-outgoing-4 << Via: 1.1 vegur
15:40:20.021 [ForkJoinPool-1-worker-3] DEBUG org.apache.http.impl.execchain.MainClientExec - Connection can be kept alive indefinitely
15:40:20.021 [ForkJoinPool-1-worker-3] DEBUG org.apache.http.impl.conn.PoolingHttpClientConnectionManager - Connection [id: 4][route: {s}->https://nodejs-qa-training.herokuapp.com:443] can be kept alive indefinitely
15:40:20.021 [ForkJoinPool-1-worker-3] DEBUG org.apache.http.impl.conn.DefaultManagedHttpClientConnection - http-outgoing-4: set socket timeout to 0
15:40:20.021 [ForkJoinPool-1-worker-3] DEBUG org.apache.http.impl.conn.PoolingHttpClientConnectionManager - Connection released: [id: 4][route: {s}->https://nodejs-qa-training.herokuapp.com:443][total kept alive: 1; route allocated: 1 of 5; total allocated: 1 of 10]
15:40:20.021 [ForkJoinPool-1-worker-3] DEBUG com.intuit.karate - response time in milliseconds: 517,39
1 < 200
1 < Authorization: eyJ0eXAiOiJKV1QiLCJhbGciOiJIUzI1NiJ9.eyJ1c2VySWQiOjE0Niwicm9sZSI6ImFkbWluIiwiaWF0IjoxNjAwMDI5NjIxLjIyOSwiZXhwIjoxNjAwMDMxNDIxLjIyOX0.y-D4qYQpiGK1sK4SOMoad-muSJJI_McgizncuTBNuhc
1 < Connection: keep-alive
1 < Content-Length: 51
1 < Content-Type: application/json; charset=utf-8
1 < Date: Sun, 13 Sep 2020 20:40:21 GMT
1 < Etag: W/"33-rk4HC8sQHCEIxdjoCVzl2ckj1f8"
1 < Server: Cowboy
1 < Via: 1.1 vegur
1 < X-Powered-By: Express
{"user_id":146,"token_expires_at":"1600031421.229"}

15:40:20.023 [ForkJoinPool-1-worker-3] DEBUG com.jayway.jsonpath.internal.path.CompiledPath - Evaluating path: $
15:40:20.023 [ForkJoinPool-1-worker-3] DEBUG com.jayway.jsonpath.internal.path.CompiledPath - Evaluating path: $
15:40:20.024 [ForkJoinPool-1-worker-3] DEBUG com.jayway.jsonpath.internal.path.CompiledPath - Evaluating path: $
15:40:20.026 [ForkJoinPool-1-worker-3] DEBUG com.jayway.jsonpath.internal.path.CompiledPath - Evaluating path: $
15:40:20.026 [ForkJoinPool-1-worker-3] DEBUG com.jayway.jsonpath.internal.path.CompiledPath - Evaluating path: $
15:40:20.027 [ForkJoinPool-1-worker-3] DEBUG com.jayway.jsonpath.internal.path.CompiledPath - Evaluating path: $
15:40:20.027 [ForkJoinPool-1-worker-3] DEBUG com.jayway.jsonpath.internal.path.CompiledPath - Evaluating path: $
15:40:20.027 [ForkJoinPool-1-worker-3] INFO com.intuit.karate - [print] {
  "user_id": 146,
  "token_expires_at": "1600031421.229"
}

15:40:20.031 [ForkJoinPool-1-worker-3] DEBUG com.jayway.jsonpath.internal.path.CompiledPath - Evaluating path: $
15:40:20.038 [ForkJoinPool-1-worker-3] DEBUG org.apache.http.client.protocol.RequestAddCookies - CookieSpec selected: karate
15:40:20.038 [ForkJoinPool-1-worker-3] DEBUG org.apache.http.client.protocol.RequestAuthCache - Auth cache not set in the context
15:40:20.038 [ForkJoinPool-1-worker-3] DEBUG com.intuit.karate - request:
1 > POST https://nodejs-qa-training.herokuapp.com/albums/999
1 > Accept-Encoding: gzip,deflate
1 > Authorization: eyJ0eXAiOiJKV1QiLCJhbGciOiJIUzI1NiJ9.eyJ1c2VySWQiOjE0Niwicm9sZSI6ImFkbWluIiwiaWF0IjoxNjAwMDI5NjIxLjIyOSwiZXhwIjoxNjAwMDMxNDIxLjIyOX0.y-D4qYQpiGK1sK4SOMoad-muSJJI_McgizncuTBNuhc
1 > Connection: Keep-Alive
1 > Content-Length: 2
1 > Content-Type: application/json; charset=UTF-8
1 > Host: nodejs-qa-training.herokuapp.com
1 > User-Agent: Apache-HttpClient/4.5.5 (Java/1.8.0_191)
{}

15:40:20.039 [ForkJoinPool-1-worker-3] DEBUG org.apache.http.impl.conn.PoolingHttpClientConnectionManager - Connection request: [route: {s}->https://nodejs-qa-training.herokuapp.com:443][total kept alive: 0; route allocated: 0 of 5; total allocated: 0 of 10]
15:40:20.039 [ForkJoinPool-1-worker-3] DEBUG org.apache.http.impl.conn.PoolingHttpClientConnectionManager - Connection leased: [id: 6][route: {s}->https://nodejs-qa-training.herokuapp.com:443][total kept alive: 0; route allocated: 1 of 5; total allocated: 1 of 10]
15:40:20.039 [ForkJoinPool-1-worker-3] DEBUG org.apache.http.impl.execchain.MainClientExec - Opening connection {s}->https://nodejs-qa-training.herokuapp.com:443
15:40:20.039 [ForkJoinPool-1-worker-3] DEBUG org.apache.http.impl.conn.DefaultHttpClientConnectionOperator - Connecting to nodejs-qa-training.herokuapp.com/3.233.183.24:443
15:40:20.039 [ForkJoinPool-1-worker-3] DEBUG org.apache.http.conn.ssl.SSLConnectionSocketFactory - Connecting socket to nodejs-qa-training.herokuapp.com/3.233.183.24:443 with timeout 30000
15:40:20.126 [ForkJoinPool-1-worker-3] DEBUG org.apache.http.conn.ssl.SSLConnectionSocketFactory - Enabled protocols: [TLSv1, TLSv1.1, TLSv1.2]
15:40:20.126 [ForkJoinPool-1-worker-3] DEBUG org.apache.http.conn.ssl.SSLConnectionSocketFactory - Enabled cipher suites:[TLS_ECDHE_ECDSA_WITH_AES_256_CBC_SHA384, TLS_ECDHE_RSA_WITH_AES_256_CBC_SHA384, TLS_RSA_WITH_AES_256_CBC_SHA256, TLS_ECDH_ECDSA_WITH_AES_256_CBC_SHA384, TLS_ECDH_RSA_WITH_AES_256_CBC_SHA384, TLS_DHE_RSA_WITH_AES_256_CBC_SHA256, TLS_DHE_DSS_WITH_AES_256_CBC_SHA256, TLS_ECDHE_ECDSA_WITH_AES_256_CBC_SHA, TLS_ECDHE_RSA_WITH_AES_256_CBC_SHA, TLS_RSA_WITH_AES_256_CBC_SHA, TLS_ECDH_ECDSA_WITH_AES_256_CBC_SHA, TLS_ECDH_RSA_WITH_AES_256_CBC_SHA, TLS_DHE_RSA_WITH_AES_256_CBC_SHA, TLS_DHE_DSS_WITH_AES_256_CBC_SHA, TLS_ECDHE_ECDSA_WITH_AES_128_CBC_SHA256, TLS_ECDHE_RSA_WITH_AES_128_CBC_SHA256, TLS_RSA_WITH_AES_128_CBC_SHA256, TLS_ECDH_ECDSA_WITH_AES_128_CBC_SHA256, TLS_ECDH_RSA_WITH_AES_128_CBC_SHA256, TLS_DHE_RSA_WITH_AES_128_CBC_SHA256, TLS_DHE_DSS_WITH_AES_128_CBC_SHA256, TLS_ECDHE_ECDSA_WITH_AES_128_CBC_SHA, TLS_ECDHE_RSA_WITH_AES_128_CBC_SHA, TLS_RSA_WITH_AES_128_CBC_SHA, TLS_ECDH_ECDSA_WITH_AES_128_CBC_SHA, TLS_ECDH_RSA_WITH_AES_128_CBC_SHA, TLS_DHE_RSA_WITH_AES_128_CBC_SHA, TLS_DHE_DSS_WITH_AES_128_CBC_SHA, TLS_ECDHE_ECDSA_WITH_AES_256_GCM_SHA384, TLS_ECDHE_ECDSA_WITH_AES_128_GCM_SHA256, TLS_ECDHE_RSA_WITH_AES_256_GCM_SHA384, TLS_RSA_WITH_AES_256_GCM_SHA384, TLS_ECDH_ECDSA_WITH_AES_256_GCM_SHA384, TLS_ECDH_RSA_WITH_AES_256_GCM_SHA384, TLS_DHE_RSA_WITH_AES_256_GCM_SHA384, TLS_DHE_DSS_WITH_AES_256_GCM_SHA384, TLS_ECDHE_RSA_WITH_AES_128_GCM_SHA256, TLS_RSA_WITH_AES_128_GCM_SHA256, TLS_ECDH_ECDSA_WITH_AES_128_GCM_SHA256, TLS_ECDH_RSA_WITH_AES_128_GCM_SHA256, TLS_DHE_RSA_WITH_AES_128_GCM_SHA256, TLS_DHE_DSS_WITH_AES_128_GCM_SHA256, TLS_EMPTY_RENEGOTIATION_INFO_SCSV]
15:40:20.126 [ForkJoinPool-1-worker-3] DEBUG org.apache.http.conn.ssl.SSLConnectionSocketFactory - Starting handshake
15:40:20.127 [ForkJoinPool-1-worker-2] DEBUG org.apache.http.conn.ssl.SSLConnectionSocketFactory - Secure session established
15:40:20.127 [ForkJoinPool-1-worker-2] DEBUG org.apache.http.conn.ssl.SSLConnectionSocketFactory -  negotiated protocol: TLSv1.2
15:40:20.127 [ForkJoinPool-1-worker-2] DEBUG org.apache.http.conn.ssl.SSLConnectionSocketFactory -  negotiated cipher suite: TLS_ECDHE_RSA_WITH_AES_128_GCM_SHA256
15:40:20.127 [ForkJoinPool-1-worker-2] DEBUG org.apache.http.conn.ssl.SSLConnectionSocketFactory -  peer principal: CN=*.herokuapp.com, O="Heroku, Inc.", L=San Francisco, ST=California, C=US
15:40:20.127 [ForkJoinPool-1-worker-2] DEBUG org.apache.http.conn.ssl.SSLConnectionSocketFactory -  peer alternative names: [*.herokuapp.com, herokuapp.com]
15:40:20.127 [ForkJoinPool-1-worker-2] DEBUG org.apache.http.conn.ssl.SSLConnectionSocketFactory -  issuer principal: CN=DigiCert SHA2 High Assurance Server CA, OU=www.digicert.com, O=DigiCert Inc, C=US
15:40:20.127 [ForkJoinPool-1-worker-2] DEBUG org.apache.http.impl.conn.DefaultHttpClientConnectionOperator - Connection established 192.168.0.10:57464<->3.233.183.24:443
15:40:20.127 [ForkJoinPool-1-worker-2] DEBUG org.apache.http.impl.conn.DefaultManagedHttpClientConnection - http-outgoing-5: set socket timeout to 30000
15:40:20.127 [ForkJoinPool-1-worker-2] DEBUG org.apache.http.impl.execchain.MainClientExec - Executing request POST /users/sessions HTTP/1.1
15:40:20.127 [ForkJoinPool-1-worker-2] DEBUG org.apache.http.impl.execchain.MainClientExec - Target auth state: UNCHALLENGED
15:40:20.127 [ForkJoinPool-1-worker-2] DEBUG org.apache.http.impl.execchain.MainClientExec - Proxy auth state: UNCHALLENGED
15:40:20.127 [ForkJoinPool-1-worker-2] DEBUG org.apache.http.headers - http-outgoing-5 >> POST /users/sessions HTTP/1.1
15:40:20.127 [ForkJoinPool-1-worker-2] DEBUG org.apache.http.headers - http-outgoing-5 >> Content-Type: application/json; charset=UTF-8
15:40:20.127 [ForkJoinPool-1-worker-2] DEBUG org.apache.http.headers - http-outgoing-5 >> Content-Length: 62
15:40:20.127 [ForkJoinPool-1-worker-2] DEBUG org.apache.http.headers - http-outgoing-5 >> Host: nodejs-qa-training.herokuapp.com
15:40:20.127 [ForkJoinPool-1-worker-2] DEBUG org.apache.http.headers - http-outgoing-5 >> Connection: Keep-Alive
15:40:20.128 [ForkJoinPool-1-worker-2] DEBUG org.apache.http.headers - http-outgoing-5 >> User-Agent: Apache-HttpClient/4.5.5 (Java/1.8.0_191)
15:40:20.128 [ForkJoinPool-1-worker-2] DEBUG org.apache.http.headers - http-outgoing-5 >> Accept-Encoding: gzip,deflate
15:40:20.128 [ForkJoinPool-1-worker-2] DEBUG org.apache.http.wire - http-outgoing-5 >> "POST /users/sessions HTTP/1.1[\r][\n]"
15:40:20.128 [ForkJoinPool-1-worker-2] DEBUG org.apache.http.wire - http-outgoing-5 >> "Content-Type: application/json; charset=UTF-8[\r][\n]"
15:40:20.128 [ForkJoinPool-1-worker-2] DEBUG org.apache.http.wire - http-outgoing-5 >> "Content-Length: 62[\r][\n]"
15:40:20.128 [ForkJoinPool-1-worker-2] DEBUG org.apache.http.wire - http-outgoing-5 >> "Host: nodejs-qa-training.herokuapp.com[\r][\n]"
15:40:20.128 [ForkJoinPool-1-worker-2] DEBUG org.apache.http.wire - http-outgoing-5 >> "Connection: Keep-Alive[\r][\n]"
15:40:20.128 [ForkJoinPool-1-worker-2] DEBUG org.apache.http.wire - http-outgoing-5 >> "User-Agent: Apache-HttpClient/4.5.5 (Java/1.8.0_191)[\r][\n]"
15:40:20.128 [ForkJoinPool-1-worker-2] DEBUG org.apache.http.wire - http-outgoing-5 >> "Accept-Encoding: gzip,deflate[\r][\n]"
15:40:20.128 [ForkJoinPool-1-worker-2] DEBUG org.apache.http.wire - http-outgoing-5 >> "[\r][\n]"
15:40:20.128 [ForkJoinPool-1-worker-2] DEBUG org.apache.http.wire - http-outgoing-5 >> "{"email":"admin@wolox.com.ar","password":"candidatoWolox2020"}"
15:40:20.231 [ForkJoinPool-1-worker-1] DEBUG org.apache.http.conn.ssl.SSLConnectionSocketFactory - Secure session established
15:40:20.231 [ForkJoinPool-1-worker-1] DEBUG org.apache.http.conn.ssl.SSLConnectionSocketFactory -  negotiated protocol: TLSv1.2
15:40:20.231 [ForkJoinPool-1-worker-1] DEBUG org.apache.http.conn.ssl.SSLConnectionSocketFactory -  negotiated cipher suite: TLS_ECDHE_RSA_WITH_AES_128_GCM_SHA256
15:40:20.231 [ForkJoinPool-1-worker-1] DEBUG org.apache.http.conn.ssl.SSLConnectionSocketFactory -  peer principal: CN=*.herokuapp.com, O="Heroku, Inc.", L=San Francisco, ST=California, C=US
15:40:20.231 [ForkJoinPool-1-worker-1] DEBUG org.apache.http.conn.ssl.SSLConnectionSocketFactory -  peer alternative names: [*.herokuapp.com, herokuapp.com]
15:40:20.231 [ForkJoinPool-1-worker-1] DEBUG org.apache.http.conn.ssl.SSLConnectionSocketFactory -  issuer principal: CN=DigiCert SHA2 High Assurance Server CA, OU=www.digicert.com, O=DigiCert Inc, C=US
15:40:20.231 [ForkJoinPool-1-worker-1] DEBUG org.apache.http.impl.conn.DefaultHttpClientConnectionOperator - Connection established 192.168.0.10:57462<->3.233.183.24:443
15:40:20.231 [ForkJoinPool-1-worker-1] DEBUG org.apache.http.impl.conn.DefaultManagedHttpClientConnection - http-outgoing-3: set socket timeout to 30000
15:40:20.231 [ForkJoinPool-1-worker-1] DEBUG org.apache.http.impl.execchain.MainClientExec - Executing request POST /albums/23 HTTP/1.1
15:40:20.231 [ForkJoinPool-1-worker-1] DEBUG org.apache.http.impl.execchain.MainClientExec - Proxy auth state: UNCHALLENGED
15:40:20.231 [ForkJoinPool-1-worker-1] DEBUG org.apache.http.headers - http-outgoing-3 >> POST /albums/23 HTTP/1.1
15:40:20.232 [ForkJoinPool-1-worker-1] DEBUG org.apache.http.headers - http-outgoing-3 >> Authorization: eyJ0eXAiOiJKV1QiLCJhbGciOiJIUzI1NiJ9.eyJ1c2VySWQiOjE0Niwicm9sZSI6ImFkbWluIiwiaWF0IjoxNjAwMDI5NjIwLjU1MywiZXhwIjoxNjAwMDMxNDIwLjU1M30.N-FXxFe1mXpRPaCcDX3IE2OpCvYWrPQxgniOWnKlLmw
15:40:20.232 [ForkJoinPool-1-worker-1] DEBUG org.apache.http.headers - http-outgoing-3 >> Content-Type: application/json; charset=UTF-8
15:40:20.232 [ForkJoinPool-1-worker-1] DEBUG org.apache.http.headers - http-outgoing-3 >> Content-Length: 2
15:40:20.232 [ForkJoinPool-1-worker-1] DEBUG org.apache.http.headers - http-outgoing-3 >> Host: nodejs-qa-training.herokuapp.com
15:40:20.232 [ForkJoinPool-1-worker-1] DEBUG org.apache.http.headers - http-outgoing-3 >> Connection: Keep-Alive
15:40:20.232 [ForkJoinPool-1-worker-1] DEBUG org.apache.http.headers - http-outgoing-3 >> User-Agent: Apache-HttpClient/4.5.5 (Java/1.8.0_191)
15:40:20.232 [ForkJoinPool-1-worker-1] DEBUG org.apache.http.headers - http-outgoing-3 >> Accept-Encoding: gzip,deflate
15:40:20.232 [ForkJoinPool-1-worker-1] DEBUG org.apache.http.wire - http-outgoing-3 >> "POST /albums/23 HTTP/1.1[\r][\n]"
15:40:20.232 [ForkJoinPool-1-worker-1] DEBUG org.apache.http.wire - http-outgoing-3 >> "Authorization: eyJ0eXAiOiJKV1QiLCJhbGciOiJIUzI1NiJ9.eyJ1c2VySWQiOjE0Niwicm9sZSI6ImFkbWluIiwiaWF0IjoxNjAwMDI5NjIwLjU1MywiZXhwIjoxNjAwMDMxNDIwLjU1M30.N-FXxFe1mXpRPaCcDX3IE2OpCvYWrPQxgniOWnKlLmw[\r][\n]"
15:40:20.232 [ForkJoinPool-1-worker-1] DEBUG org.apache.http.wire - http-outgoing-3 >> "Content-Type: application/json; charset=UTF-8[\r][\n]"
15:40:20.232 [ForkJoinPool-1-worker-1] DEBUG org.apache.http.wire - http-outgoing-3 >> "Content-Length: 2[\r][\n]"
15:40:20.232 [ForkJoinPool-1-worker-1] DEBUG org.apache.http.wire - http-outgoing-3 >> "Host: nodejs-qa-training.herokuapp.com[\r][\n]"
15:40:20.232 [ForkJoinPool-1-worker-1] DEBUG org.apache.http.wire - http-outgoing-3 >> "Connection: Keep-Alive[\r][\n]"
15:40:20.232 [ForkJoinPool-1-worker-1] DEBUG org.apache.http.wire - http-outgoing-3 >> "User-Agent: Apache-HttpClient/4.5.5 (Java/1.8.0_191)[\r][\n]"
15:40:20.232 [ForkJoinPool-1-worker-1] DEBUG org.apache.http.wire - http-outgoing-3 >> "Accept-Encoding: gzip,deflate[\r][\n]"
15:40:20.232 [ForkJoinPool-1-worker-1] DEBUG org.apache.http.wire - http-outgoing-3 >> "[\r][\n]"
15:40:20.232 [ForkJoinPool-1-worker-1] DEBUG org.apache.http.wire - http-outgoing-3 >> "{}"
15:40:20.320 [ForkJoinPool-1-worker-3] DEBUG org.apache.http.conn.ssl.SSLConnectionSocketFactory - Secure session established
15:40:20.321 [ForkJoinPool-1-worker-3] DEBUG org.apache.http.conn.ssl.SSLConnectionSocketFactory -  negotiated protocol: TLSv1.2
15:40:20.321 [ForkJoinPool-1-worker-3] DEBUG org.apache.http.conn.ssl.SSLConnectionSocketFactory -  negotiated cipher suite: TLS_ECDHE_RSA_WITH_AES_128_GCM_SHA256
15:40:20.321 [ForkJoinPool-1-worker-3] DEBUG org.apache.http.conn.ssl.SSLConnectionSocketFactory -  peer principal: CN=*.herokuapp.com, O="Heroku, Inc.", L=San Francisco, ST=California, C=US
15:40:20.321 [ForkJoinPool-1-worker-3] DEBUG org.apache.http.conn.ssl.SSLConnectionSocketFactory -  peer alternative names: [*.herokuapp.com, herokuapp.com]
15:40:20.321 [ForkJoinPool-1-worker-3] DEBUG org.apache.http.conn.ssl.SSLConnectionSocketFactory -  issuer principal: CN=DigiCert SHA2 High Assurance Server CA, OU=www.digicert.com, O=DigiCert Inc, C=US
15:40:20.321 [ForkJoinPool-1-worker-3] DEBUG org.apache.http.impl.conn.DefaultHttpClientConnectionOperator - Connection established 192.168.0.10:57465<->3.233.183.24:443
15:40:20.321 [ForkJoinPool-1-worker-3] DEBUG org.apache.http.impl.conn.DefaultManagedHttpClientConnection - http-outgoing-6: set socket timeout to 30000
15:40:20.321 [ForkJoinPool-1-worker-3] DEBUG org.apache.http.impl.execchain.MainClientExec - Executing request POST /albums/999 HTTP/1.1
15:40:20.321 [ForkJoinPool-1-worker-3] DEBUG org.apache.http.impl.execchain.MainClientExec - Proxy auth state: UNCHALLENGED
15:40:20.321 [ForkJoinPool-1-worker-3] DEBUG org.apache.http.headers - http-outgoing-6 >> POST /albums/999 HTTP/1.1
15:40:20.322 [ForkJoinPool-1-worker-3] DEBUG org.apache.http.headers - http-outgoing-6 >> Authorization: eyJ0eXAiOiJKV1QiLCJhbGciOiJIUzI1NiJ9.eyJ1c2VySWQiOjE0Niwicm9sZSI6ImFkbWluIiwiaWF0IjoxNjAwMDI5NjIxLjIyOSwiZXhwIjoxNjAwMDMxNDIxLjIyOX0.y-D4qYQpiGK1sK4SOMoad-muSJJI_McgizncuTBNuhc
15:40:20.322 [ForkJoinPool-1-worker-3] DEBUG org.apache.http.headers - http-outgoing-6 >> Content-Type: application/json; charset=UTF-8
15:40:20.322 [ForkJoinPool-1-worker-3] DEBUG org.apache.http.headers - http-outgoing-6 >> Content-Length: 2
15:40:20.322 [ForkJoinPool-1-worker-3] DEBUG org.apache.http.headers - http-outgoing-6 >> Host: nodejs-qa-training.herokuapp.com
15:40:20.322 [ForkJoinPool-1-worker-3] DEBUG org.apache.http.headers - http-outgoing-6 >> Connection: Keep-Alive
15:40:20.322 [ForkJoinPool-1-worker-3] DEBUG org.apache.http.headers - http-outgoing-6 >> User-Agent: Apache-HttpClient/4.5.5 (Java/1.8.0_191)
15:40:20.322 [ForkJoinPool-1-worker-3] DEBUG org.apache.http.headers - http-outgoing-6 >> Accept-Encoding: gzip,deflate
15:40:20.322 [ForkJoinPool-1-worker-3] DEBUG org.apache.http.wire - http-outgoing-6 >> "POST /albums/999 HTTP/1.1[\r][\n]"
15:40:20.322 [ForkJoinPool-1-worker-3] DEBUG org.apache.http.wire - http-outgoing-6 >> "Authorization: eyJ0eXAiOiJKV1QiLCJhbGciOiJIUzI1NiJ9.eyJ1c2VySWQiOjE0Niwicm9sZSI6ImFkbWluIiwiaWF0IjoxNjAwMDI5NjIxLjIyOSwiZXhwIjoxNjAwMDMxNDIxLjIyOX0.y-D4qYQpiGK1sK4SOMoad-muSJJI_McgizncuTBNuhc[\r][\n]"
15:40:20.323 [ForkJoinPool-1-worker-3] DEBUG org.apache.http.wire - http-outgoing-6 >> "Content-Type: application/json; charset=UTF-8[\r][\n]"
15:40:20.323 [ForkJoinPool-1-worker-3] DEBUG org.apache.http.wire - http-outgoing-6 >> "Content-Length: 2[\r][\n]"
15:40:20.323 [ForkJoinPool-1-worker-3] DEBUG org.apache.http.wire - http-outgoing-6 >> "Host: nodejs-qa-training.herokuapp.com[\r][\n]"
15:40:20.323 [ForkJoinPool-1-worker-3] DEBUG org.apache.http.wire - http-outgoing-6 >> "Connection: Keep-Alive[\r][\n]"
15:40:20.323 [ForkJoinPool-1-worker-3] DEBUG org.apache.http.wire - http-outgoing-6 >> "User-Agent: Apache-HttpClient/4.5.5 (Java/1.8.0_191)[\r][\n]"
15:40:20.323 [ForkJoinPool-1-worker-3] DEBUG org.apache.http.wire - http-outgoing-6 >> "Accept-Encoding: gzip,deflate[\r][\n]"
15:40:20.323 [ForkJoinPool-1-worker-3] DEBUG org.apache.http.wire - http-outgoing-6 >> "[\r][\n]"
15:40:20.323 [ForkJoinPool-1-worker-3] DEBUG org.apache.http.wire - http-outgoing-6 >> "{}"
15:40:20.362 [ForkJoinPool-1-worker-2] DEBUG org.apache.http.wire - http-outgoing-5 << "HTTP/1.1 200 OK[\r][\n]"
15:40:20.362 [ForkJoinPool-1-worker-2] DEBUG org.apache.http.wire - http-outgoing-5 << "Server: Cowboy[\r][\n]"
15:40:20.362 [ForkJoinPool-1-worker-2] DEBUG org.apache.http.wire - http-outgoing-5 << "Connection: keep-alive[\r][\n]"
15:40:20.362 [ForkJoinPool-1-worker-2] DEBUG org.apache.http.wire - http-outgoing-5 << "X-Powered-By: Express[\r][\n]"
15:40:20.362 [ForkJoinPool-1-worker-2] DEBUG org.apache.http.wire - http-outgoing-5 << "Authorization: eyJ0eXAiOiJKV1QiLCJhbGciOiJIUzI1NiJ9.eyJ1c2VySWQiOjE0Niwicm9sZSI6ImFkbWluIiwiaWF0IjoxNjAwMDI5NjIxLjU3NiwiZXhwIjoxNjAwMDMxNDIxLjU3Nn0.11Zxxipv6on_Rp-zQnbVp54wkXI_0En45opGUpD6gto[\r][\n]"
15:40:20.362 [ForkJoinPool-1-worker-2] DEBUG org.apache.http.wire - http-outgoing-5 << "Content-Type: application/json; charset=utf-8[\r][\n]"
15:40:20.362 [ForkJoinPool-1-worker-2] DEBUG org.apache.http.wire - http-outgoing-5 << "Content-Length: 51[\r][\n]"
15:40:20.362 [ForkJoinPool-1-worker-2] DEBUG org.apache.http.wire - http-outgoing-5 << "Etag: W/"33-FgqT3C5+GeB85Rh/+m0p/inSEsg"[\r][\n]"
15:40:20.362 [ForkJoinPool-1-worker-2] DEBUG org.apache.http.wire - http-outgoing-5 << "Date: Sun, 13 Sep 2020 20:40:21 GMT[\r][\n]"
15:40:20.362 [ForkJoinPool-1-worker-2] DEBUG org.apache.http.wire - http-outgoing-5 << "Via: 1.1 vegur[\r][\n]"
15:40:20.362 [ForkJoinPool-1-worker-2] DEBUG org.apache.http.wire - http-outgoing-5 << "[\r][\n]"
15:40:20.363 [ForkJoinPool-1-worker-2] DEBUG org.apache.http.wire - http-outgoing-5 << "{"user_id":146,"token_expires_at":"1600031421.576"}"
15:40:20.363 [ForkJoinPool-1-worker-2] DEBUG org.apache.http.headers - http-outgoing-5 << HTTP/1.1 200 OK
15:40:20.363 [ForkJoinPool-1-worker-2] DEBUG org.apache.http.headers - http-outgoing-5 << Server: Cowboy
15:40:20.363 [ForkJoinPool-1-worker-2] DEBUG org.apache.http.headers - http-outgoing-5 << Connection: keep-alive
15:40:20.363 [ForkJoinPool-1-worker-2] DEBUG org.apache.http.headers - http-outgoing-5 << X-Powered-By: Express
15:40:20.363 [ForkJoinPool-1-worker-2] DEBUG org.apache.http.headers - http-outgoing-5 << Authorization: eyJ0eXAiOiJKV1QiLCJhbGciOiJIUzI1NiJ9.eyJ1c2VySWQiOjE0Niwicm9sZSI6ImFkbWluIiwiaWF0IjoxNjAwMDI5NjIxLjU3NiwiZXhwIjoxNjAwMDMxNDIxLjU3Nn0.11Zxxipv6on_Rp-zQnbVp54wkXI_0En45opGUpD6gto
15:40:20.363 [ForkJoinPool-1-worker-2] DEBUG org.apache.http.headers - http-outgoing-5 << Content-Type: application/json; charset=utf-8
15:40:20.363 [ForkJoinPool-1-worker-2] DEBUG org.apache.http.headers - http-outgoing-5 << Content-Length: 51
15:40:20.363 [ForkJoinPool-1-worker-2] DEBUG org.apache.http.headers - http-outgoing-5 << Etag: W/"33-FgqT3C5+GeB85Rh/+m0p/inSEsg"
15:40:20.363 [ForkJoinPool-1-worker-2] DEBUG org.apache.http.headers - http-outgoing-5 << Date: Sun, 13 Sep 2020 20:40:21 GMT
15:40:20.363 [ForkJoinPool-1-worker-2] DEBUG org.apache.http.headers - http-outgoing-5 << Via: 1.1 vegur
15:40:20.363 [ForkJoinPool-1-worker-2] DEBUG org.apache.http.impl.execchain.MainClientExec - Connection can be kept alive indefinitely
15:40:20.363 [ForkJoinPool-1-worker-2] DEBUG org.apache.http.impl.conn.PoolingHttpClientConnectionManager - Connection [id: 5][route: {s}->https://nodejs-qa-training.herokuapp.com:443] can be kept alive indefinitely
15:40:20.363 [ForkJoinPool-1-worker-2] DEBUG org.apache.http.impl.conn.DefaultManagedHttpClientConnection - http-outgoing-5: set socket timeout to 0
15:40:20.363 [ForkJoinPool-1-worker-2] DEBUG org.apache.http.impl.conn.PoolingHttpClientConnectionManager - Connection released: [id: 5][route: {s}->https://nodejs-qa-training.herokuapp.com:443][total kept alive: 1; route allocated: 1 of 5; total allocated: 1 of 10]
15:40:20.363 [ForkJoinPool-1-worker-2] DEBUG com.intuit.karate - response time in milliseconds: 506,34
1 < 200
1 < Authorization: eyJ0eXAiOiJKV1QiLCJhbGciOiJIUzI1NiJ9.eyJ1c2VySWQiOjE0Niwicm9sZSI6ImFkbWluIiwiaWF0IjoxNjAwMDI5NjIxLjU3NiwiZXhwIjoxNjAwMDMxNDIxLjU3Nn0.11Zxxipv6on_Rp-zQnbVp54wkXI_0En45opGUpD6gto
1 < Connection: keep-alive
1 < Content-Length: 51
1 < Content-Type: application/json; charset=utf-8
1 < Date: Sun, 13 Sep 2020 20:40:21 GMT
1 < Etag: W/"33-FgqT3C5+GeB85Rh/+m0p/inSEsg"
1 < Server: Cowboy
1 < Via: 1.1 vegur
1 < X-Powered-By: Express
{"user_id":146,"token_expires_at":"1600031421.576"}

15:40:20.365 [ForkJoinPool-1-worker-2] DEBUG com.jayway.jsonpath.internal.path.CompiledPath - Evaluating path: $
15:40:20.366 [ForkJoinPool-1-worker-2] DEBUG com.jayway.jsonpath.internal.path.CompiledPath - Evaluating path: $
15:40:20.366 [ForkJoinPool-1-worker-2] DEBUG com.jayway.jsonpath.internal.path.CompiledPath - Evaluating path: $
15:40:20.367 [ForkJoinPool-1-worker-2] DEBUG com.jayway.jsonpath.internal.path.CompiledPath - Evaluating path: $
15:40:20.367 [ForkJoinPool-1-worker-2] DEBUG com.jayway.jsonpath.internal.path.CompiledPath - Evaluating path: $
15:40:20.367 [ForkJoinPool-1-worker-2] DEBUG com.jayway.jsonpath.internal.path.CompiledPath - Evaluating path: $
15:40:20.368 [ForkJoinPool-1-worker-2] DEBUG com.jayway.jsonpath.internal.path.CompiledPath - Evaluating path: $
15:40:20.368 [ForkJoinPool-1-worker-2] INFO com.intuit.karate - [print] {
  "user_id": 146,
  "token_expires_at": "1600031421.576"
}

15:40:20.371 [ForkJoinPool-1-worker-2] DEBUG com.jayway.jsonpath.internal.path.CompiledPath - Evaluating path: $
15:40:20.376 [ForkJoinPool-1-worker-2] DEBUG org.apache.http.client.protocol.RequestAddCookies - CookieSpec selected: karate
15:40:20.376 [ForkJoinPool-1-worker-2] DEBUG org.apache.http.client.protocol.RequestAuthCache - Auth cache not set in the context
15:40:20.376 [ForkJoinPool-1-worker-2] DEBUG com.intuit.karate - request:
1 > POST https://nodejs-qa-training.herokuapp.com/albums/6
1 > Accept-Encoding: gzip,deflate
1 > Authorization: eyJ0eXAiOiJKV1QiLCJhbGciOiJIUzI1NiJ9.eyJ1c2VySWQiOjE0Niwicm9sZSI6ImFkbWluIiwiaWF0IjoxNjAwMDI5NjIxLjU3NiwiZXhwIjoxNjAwMDMxNDIxLjU3Nn0.11Zxxipv6on_Rp-zQnbVp54wkXI_0En45opGUpD6gto
1 > Connection: Keep-Alive
1 > Content-Length: 2
1 > Content-Type: application/json; charset=UTF-8
1 > Host: nodejs-qa-training.herokuapp.com
1 > User-Agent: Apache-HttpClient/4.5.5 (Java/1.8.0_191)
{}

15:40:20.376 [ForkJoinPool-1-worker-2] DEBUG org.apache.http.impl.conn.PoolingHttpClientConnectionManager - Connection request: [route: {s}->https://nodejs-qa-training.herokuapp.com:443][total kept alive: 0; route allocated: 0 of 5; total allocated: 0 of 10]
15:40:20.376 [ForkJoinPool-1-worker-2] DEBUG org.apache.http.impl.conn.PoolingHttpClientConnectionManager - Connection leased: [id: 7][route: {s}->https://nodejs-qa-training.herokuapp.com:443][total kept alive: 0; route allocated: 1 of 5; total allocated: 1 of 10]
15:40:20.376 [ForkJoinPool-1-worker-2] DEBUG org.apache.http.impl.execchain.MainClientExec - Opening connection {s}->https://nodejs-qa-training.herokuapp.com:443
15:40:20.377 [ForkJoinPool-1-worker-2] DEBUG org.apache.http.impl.conn.DefaultHttpClientConnectionOperator - Connecting to nodejs-qa-training.herokuapp.com/3.233.183.24:443
15:40:20.377 [ForkJoinPool-1-worker-2] DEBUG org.apache.http.conn.ssl.SSLConnectionSocketFactory - Connecting socket to nodejs-qa-training.herokuapp.com/3.233.183.24:443 with timeout 30000
15:40:20.431 [ForkJoinPool-1-worker-1] DEBUG org.apache.http.wire - http-outgoing-3 << "HTTP/1.1 201 Created[\r][\n]"
15:40:20.431 [ForkJoinPool-1-worker-1] DEBUG org.apache.http.wire - http-outgoing-3 << "Server: Cowboy[\r][\n]"
15:40:20.431 [ForkJoinPool-1-worker-1] DEBUG org.apache.http.wire - http-outgoing-3 << "Connection: keep-alive[\r][\n]"
15:40:20.431 [ForkJoinPool-1-worker-1] DEBUG org.apache.http.wire - http-outgoing-3 << "X-Powered-By: Express[\r][\n]"
15:40:20.431 [ForkJoinPool-1-worker-1] DEBUG org.apache.http.wire - http-outgoing-3 << "Date: Sun, 13 Sep 2020 20:40:21 GMT[\r][\n]"
15:40:20.431 [ForkJoinPool-1-worker-1] DEBUG org.apache.http.wire - http-outgoing-3 << "Content-Length: 0[\r][\n]"
15:40:20.431 [ForkJoinPool-1-worker-1] DEBUG org.apache.http.wire - http-outgoing-3 << "Via: 1.1 vegur[\r][\n]"
15:40:20.431 [ForkJoinPool-1-worker-1] DEBUG org.apache.http.wire - http-outgoing-3 << "[\r][\n]"
15:40:20.432 [ForkJoinPool-1-worker-1] DEBUG org.apache.http.headers - http-outgoing-3 << HTTP/1.1 201 Created
15:40:20.432 [ForkJoinPool-1-worker-1] DEBUG org.apache.http.headers - http-outgoing-3 << Server: Cowboy
15:40:20.432 [ForkJoinPool-1-worker-1] DEBUG org.apache.http.headers - http-outgoing-3 << Connection: keep-alive
15:40:20.432 [ForkJoinPool-1-worker-1] DEBUG org.apache.http.headers - http-outgoing-3 << X-Powered-By: Express
15:40:20.432 [ForkJoinPool-1-worker-1] DEBUG org.apache.http.headers - http-outgoing-3 << Date: Sun, 13 Sep 2020 20:40:21 GMT
15:40:20.432 [ForkJoinPool-1-worker-1] DEBUG org.apache.http.headers - http-outgoing-3 << Content-Length: 0
15:40:20.432 [ForkJoinPool-1-worker-1] DEBUG org.apache.http.headers - http-outgoing-3 << Via: 1.1 vegur
15:40:20.432 [ForkJoinPool-1-worker-1] DEBUG org.apache.http.impl.execchain.MainClientExec - Connection can be kept alive indefinitely
15:40:20.432 [ForkJoinPool-1-worker-1] DEBUG org.apache.http.impl.conn.PoolingHttpClientConnectionManager - Connection [id: 3][route: {s}->https://nodejs-qa-training.herokuapp.com:443] can be kept alive indefinitely
15:40:20.432 [ForkJoinPool-1-worker-1] DEBUG org.apache.http.impl.conn.DefaultManagedHttpClientConnection - http-outgoing-3: set socket timeout to 0
15:40:20.432 [ForkJoinPool-1-worker-1] DEBUG org.apache.http.impl.conn.PoolingHttpClientConnectionManager - Connection released: [id: 3][route: {s}->https://nodejs-qa-training.herokuapp.com:443][total kept alive: 1; route allocated: 1 of 5; total allocated: 1 of 10]
15:40:20.432 [ForkJoinPool-1-worker-1] DEBUG com.intuit.karate - response time in milliseconds: 1016,17
1 < 201
1 < Connection: keep-alive
1 < Content-Length: 0
1 < Date: Sun, 13 Sep 2020 20:40:21 GMT
1 < Server: Cowboy
1 < Via: 1.1 vegur
1 < X-Powered-By: Express

15:40:20.433 [ForkJoinPool-1-worker-1] INFO com.intuit.karate - [print] 
15:40:20.438 [ForkJoinPool-1-worker-1] WARN com.intuit.karate - skipping bootstrap configuration: could not find or read file: classpath:karate-config.js
15:40:20.439 [ForkJoinPool-1-worker-1] DEBUG com.jayway.jsonpath.internal.path.CompiledPath - Evaluating path: $
15:40:20.441 [ForkJoinPool-1-worker-1] DEBUG org.apache.http.client.protocol.RequestAddCookies - CookieSpec selected: karate
15:40:20.441 [ForkJoinPool-1-worker-1] DEBUG org.apache.http.client.protocol.RequestAuthCache - Auth cache not set in the context
15:40:20.441 [ForkJoinPool-1-worker-1] DEBUG com.intuit.karate - request:
1 > POST https://nodejs-qa-training.herokuapp.com/users/sessions
1 > Accept-Encoding: gzip,deflate
1 > Connection: Keep-Alive
1 > Content-Length: 70
1 > Content-Type: application/json; charset=UTF-8
1 > Host: nodejs-qa-training.herokuapp.com
1 > User-Agent: Apache-HttpClient/4.5.5 (Java/1.8.0_191)
{"email":"correoerroneo@wolox.com.ar","password":"candidatoWolox2020"}

15:40:20.441 [ForkJoinPool-1-worker-1] DEBUG org.apache.http.impl.conn.PoolingHttpClientConnectionManager - Connection request: [route: {s}->https://nodejs-qa-training.herokuapp.com:443][total kept alive: 0; route allocated: 0 of 5; total allocated: 0 of 10]
15:40:20.441 [ForkJoinPool-1-worker-1] DEBUG org.apache.http.impl.conn.PoolingHttpClientConnectionManager - Connection leased: [id: 8][route: {s}->https://nodejs-qa-training.herokuapp.com:443][total kept alive: 0; route allocated: 1 of 5; total allocated: 1 of 10]
15:40:20.441 [ForkJoinPool-1-worker-1] DEBUG org.apache.http.impl.execchain.MainClientExec - Opening connection {s}->https://nodejs-qa-training.herokuapp.com:443
15:40:20.442 [ForkJoinPool-1-worker-1] DEBUG org.apache.http.impl.conn.DefaultHttpClientConnectionOperator - Connecting to nodejs-qa-training.herokuapp.com/3.233.183.24:443
15:40:20.442 [ForkJoinPool-1-worker-1] DEBUG org.apache.http.conn.ssl.SSLConnectionSocketFactory - Connecting socket to nodejs-qa-training.herokuapp.com/3.233.183.24:443 with timeout 30000
15:40:20.448 [ForkJoinPool-1-worker-3] DEBUG org.apache.http.wire - http-outgoing-6 << "HTTP/1.1 404 Not Found[\r][\n]"
15:40:20.448 [ForkJoinPool-1-worker-3] DEBUG org.apache.http.wire - http-outgoing-6 << "Server: Cowboy[\r][\n]"
15:40:20.448 [ForkJoinPool-1-worker-3] DEBUG org.apache.http.wire - http-outgoing-6 << "Connection: keep-alive[\r][\n]"
15:40:20.448 [ForkJoinPool-1-worker-3] DEBUG org.apache.http.wire - http-outgoing-6 << "X-Powered-By: Express[\r][\n]"
15:40:20.448 [ForkJoinPool-1-worker-3] DEBUG org.apache.http.wire - http-outgoing-6 << "Content-Type: application/json; charset=utf-8[\r][\n]"
15:40:20.448 [ForkJoinPool-1-worker-3] DEBUG org.apache.http.wire - http-outgoing-6 << "Content-Length: 126[\r][\n]"
15:40:20.448 [ForkJoinPool-1-worker-3] DEBUG org.apache.http.wire - http-outgoing-6 << "Etag: W/"7e-QEbp11SG8fwdK5dTWEyalqpR6cw"[\r][\n]"
15:40:20.448 [ForkJoinPool-1-worker-3] DEBUG org.apache.http.wire - http-outgoing-6 << "Date: Sun, 13 Sep 2020 20:40:21 GMT[\r][\n]"
15:40:20.448 [ForkJoinPool-1-worker-3] DEBUG org.apache.http.wire - http-outgoing-6 << "Via: 1.1 vegur[\r][\n]"
15:40:20.448 [ForkJoinPool-1-worker-3] DEBUG org.apache.http.wire - http-outgoing-6 << "[\r][\n]"
15:40:20.448 [ForkJoinPool-1-worker-3] DEBUG org.apache.http.wire - http-outgoing-6 << "{"errors":[{"code":"not_found_error","message":"Request failed with status code 404"}],"timestamp":"2020-09-13T20:40:21.662Z"}"
15:40:20.448 [ForkJoinPool-1-worker-3] DEBUG org.apache.http.headers - http-outgoing-6 << HTTP/1.1 404 Not Found
15:40:20.448 [ForkJoinPool-1-worker-3] DEBUG org.apache.http.headers - http-outgoing-6 << Server: Cowboy
15:40:20.448 [ForkJoinPool-1-worker-3] DEBUG org.apache.http.headers - http-outgoing-6 << Connection: keep-alive
15:40:20.448 [ForkJoinPool-1-worker-3] DEBUG org.apache.http.headers - http-outgoing-6 << X-Powered-By: Express
15:40:20.448 [ForkJoinPool-1-worker-3] DEBUG org.apache.http.headers - http-outgoing-6 << Content-Type: application/json; charset=utf-8
15:40:20.448 [ForkJoinPool-1-worker-3] DEBUG org.apache.http.headers - http-outgoing-6 << Content-Length: 126
15:40:20.448 [ForkJoinPool-1-worker-3] DEBUG org.apache.http.headers - http-outgoing-6 << Etag: W/"7e-QEbp11SG8fwdK5dTWEyalqpR6cw"
15:40:20.448 [ForkJoinPool-1-worker-3] DEBUG org.apache.http.headers - http-outgoing-6 << Date: Sun, 13 Sep 2020 20:40:21 GMT
15:40:20.448 [ForkJoinPool-1-worker-3] DEBUG org.apache.http.headers - http-outgoing-6 << Via: 1.1 vegur
15:40:20.449 [ForkJoinPool-1-worker-3] DEBUG org.apache.http.impl.execchain.MainClientExec - Connection can be kept alive indefinitely
15:40:20.449 [ForkJoinPool-1-worker-3] DEBUG org.apache.http.impl.conn.PoolingHttpClientConnectionManager - Connection [id: 6][route: {s}->https://nodejs-qa-training.herokuapp.com:443] can be kept alive indefinitely
15:40:20.449 [ForkJoinPool-1-worker-3] DEBUG org.apache.http.impl.conn.DefaultManagedHttpClientConnection - http-outgoing-6: set socket timeout to 0
15:40:20.449 [ForkJoinPool-1-worker-3] DEBUG org.apache.http.impl.conn.PoolingHttpClientConnectionManager - Connection released: [id: 6][route: {s}->https://nodejs-qa-training.herokuapp.com:443][total kept alive: 1; route allocated: 1 of 5; total allocated: 1 of 10]
15:40:20.449 [ForkJoinPool-1-worker-3] DEBUG com.intuit.karate - response time in milliseconds: 410,10
1 < 404
1 < Connection: keep-alive
1 < Content-Length: 126
1 < Content-Type: application/json; charset=utf-8
1 < Date: Sun, 13 Sep 2020 20:40:21 GMT
1 < Etag: W/"7e-QEbp11SG8fwdK5dTWEyalqpR6cw"
1 < Server: Cowboy
1 < Via: 1.1 vegur
1 < X-Powered-By: Express
{"errors":[{"code":"not_found_error","message":"Request failed with status code 404"}],"timestamp":"2020-09-13T20:40:21.662Z"}

15:40:20.453 [ForkJoinPool-1-worker-2] DEBUG org.apache.http.conn.ssl.SSLConnectionSocketFactory - Enabled protocols: [TLSv1, TLSv1.1, TLSv1.2]
15:40:20.453 [ForkJoinPool-1-worker-2] DEBUG org.apache.http.conn.ssl.SSLConnectionSocketFactory - Enabled cipher suites:[TLS_ECDHE_ECDSA_WITH_AES_256_CBC_SHA384, TLS_ECDHE_RSA_WITH_AES_256_CBC_SHA384, TLS_RSA_WITH_AES_256_CBC_SHA256, TLS_ECDH_ECDSA_WITH_AES_256_CBC_SHA384, TLS_ECDH_RSA_WITH_AES_256_CBC_SHA384, TLS_DHE_RSA_WITH_AES_256_CBC_SHA256, TLS_DHE_DSS_WITH_AES_256_CBC_SHA256, TLS_ECDHE_ECDSA_WITH_AES_256_CBC_SHA, TLS_ECDHE_RSA_WITH_AES_256_CBC_SHA, TLS_RSA_WITH_AES_256_CBC_SHA, TLS_ECDH_ECDSA_WITH_AES_256_CBC_SHA, TLS_ECDH_RSA_WITH_AES_256_CBC_SHA, TLS_DHE_RSA_WITH_AES_256_CBC_SHA, TLS_DHE_DSS_WITH_AES_256_CBC_SHA, TLS_ECDHE_ECDSA_WITH_AES_128_CBC_SHA256, TLS_ECDHE_RSA_WITH_AES_128_CBC_SHA256, TLS_RSA_WITH_AES_128_CBC_SHA256, TLS_ECDH_ECDSA_WITH_AES_128_CBC_SHA256, TLS_ECDH_RSA_WITH_AES_128_CBC_SHA256, TLS_DHE_RSA_WITH_AES_128_CBC_SHA256, TLS_DHE_DSS_WITH_AES_128_CBC_SHA256, TLS_ECDHE_ECDSA_WITH_AES_128_CBC_SHA, TLS_ECDHE_RSA_WITH_AES_128_CBC_SHA, TLS_RSA_WITH_AES_128_CBC_SHA, TLS_ECDH_ECDSA_WITH_AES_128_CBC_SHA, TLS_ECDH_RSA_WITH_AES_128_CBC_SHA, TLS_DHE_RSA_WITH_AES_128_CBC_SHA, TLS_DHE_DSS_WITH_AES_128_CBC_SHA, TLS_ECDHE_ECDSA_WITH_AES_256_GCM_SHA384, TLS_ECDHE_ECDSA_WITH_AES_128_GCM_SHA256, TLS_ECDHE_RSA_WITH_AES_256_GCM_SHA384, TLS_RSA_WITH_AES_256_GCM_SHA384, TLS_ECDH_ECDSA_WITH_AES_256_GCM_SHA384, TLS_ECDH_RSA_WITH_AES_256_GCM_SHA384, TLS_DHE_RSA_WITH_AES_256_GCM_SHA384, TLS_DHE_DSS_WITH_AES_256_GCM_SHA384, TLS_ECDHE_RSA_WITH_AES_128_GCM_SHA256, TLS_RSA_WITH_AES_128_GCM_SHA256, TLS_ECDH_ECDSA_WITH_AES_128_GCM_SHA256, TLS_ECDH_RSA_WITH_AES_128_GCM_SHA256, TLS_DHE_RSA_WITH_AES_128_GCM_SHA256, TLS_DHE_DSS_WITH_AES_128_GCM_SHA256, TLS_EMPTY_RENEGOTIATION_INFO_SCSV]
15:40:20.453 [ForkJoinPool-1-worker-2] DEBUG org.apache.http.conn.ssl.SSLConnectionSocketFactory - Starting handshake
15:40:20.453 [ForkJoinPool-1-worker-3] DEBUG com.jayway.jsonpath.internal.path.CompiledPath - Evaluating path: $
15:40:20.454 [ForkJoinPool-1-worker-3] DEBUG com.jayway.jsonpath.internal.path.CompiledPath - Evaluating path: $
15:40:20.454 [ForkJoinPool-1-worker-3] DEBUG com.jayway.jsonpath.internal.path.CompiledPath - Evaluating path: $
15:40:20.454 [ForkJoinPool-1-worker-3] DEBUG com.jayway.jsonpath.internal.path.CompiledPath - Evaluating path: $
15:40:20.454 [ForkJoinPool-1-worker-3] INFO com.intuit.karate - [print] {
  "errors": [
    {
      "code": "not_found_error",
      "message": "Request failed with status code 404"
    }
  ],
  "timestamp": "2020-09-13T20:40:21.662Z"
}

15:40:20.458 [ForkJoinPool-1-worker-3] WARN com.intuit.karate - skipping bootstrap configuration: could not find or read file: classpath:karate-config.js
15:40:20.459 [ForkJoinPool-1-worker-3] DEBUG com.jayway.jsonpath.internal.path.CompiledPath - Evaluating path: $
15:40:20.462 [ForkJoinPool-1-worker-3] DEBUG org.apache.http.client.protocol.RequestAddCookies - CookieSpec selected: karate
15:40:20.462 [ForkJoinPool-1-worker-3] DEBUG org.apache.http.client.protocol.RequestAuthCache - Auth cache not set in the context
15:40:20.462 [ForkJoinPool-1-worker-3] DEBUG com.intuit.karate - request:
1 > POST https://nodejs-qa-training.herokuapp.com/users/
1 > Accept-Encoding: gzip,deflate
1 > Connection: Keep-Alive
1 > Content-Length: 119
1 > Content-Type: application/json; charset=UTF-8
1 > Host: nodejs-qa-training.herokuapp.com
1 > User-Agent: Apache-HttpClient/4.5.5 (Java/1.8.0_191)
{"email":"jose.bermudez@wolox.com.ar","password":"candidatoWolox2020","firstName":"Jose Antonio","lastName":"Bermudez"}

15:40:20.463 [ForkJoinPool-1-worker-3] DEBUG org.apache.http.impl.conn.PoolingHttpClientConnectionManager - Connection request: [route: {s}->https://nodejs-qa-training.herokuapp.com:443][total kept alive: 0; route allocated: 0 of 5; total allocated: 0 of 10]
15:40:20.463 [ForkJoinPool-1-worker-3] DEBUG org.apache.http.impl.conn.PoolingHttpClientConnectionManager - Connection leased: [id: 9][route: {s}->https://nodejs-qa-training.herokuapp.com:443][total kept alive: 0; route allocated: 1 of 5; total allocated: 1 of 10]
15:40:20.463 [ForkJoinPool-1-worker-3] DEBUG org.apache.http.impl.execchain.MainClientExec - Opening connection {s}->https://nodejs-qa-training.herokuapp.com:443
15:40:20.463 [ForkJoinPool-1-worker-3] DEBUG org.apache.http.impl.conn.DefaultHttpClientConnectionOperator - Connecting to nodejs-qa-training.herokuapp.com/3.233.183.24:443
15:40:20.463 [ForkJoinPool-1-worker-3] DEBUG org.apache.http.conn.ssl.SSLConnectionSocketFactory - Connecting socket to nodejs-qa-training.herokuapp.com/3.233.183.24:443 with timeout 30000
15:40:20.525 [ForkJoinPool-1-worker-1] DEBUG org.apache.http.conn.ssl.SSLConnectionSocketFactory - Enabled protocols: [TLSv1, TLSv1.1, TLSv1.2]
15:40:20.525 [ForkJoinPool-1-worker-1] DEBUG org.apache.http.conn.ssl.SSLConnectionSocketFactory - Enabled cipher suites:[TLS_ECDHE_ECDSA_WITH_AES_256_CBC_SHA384, TLS_ECDHE_RSA_WITH_AES_256_CBC_SHA384, TLS_RSA_WITH_AES_256_CBC_SHA256, TLS_ECDH_ECDSA_WITH_AES_256_CBC_SHA384, TLS_ECDH_RSA_WITH_AES_256_CBC_SHA384, TLS_DHE_RSA_WITH_AES_256_CBC_SHA256, TLS_DHE_DSS_WITH_AES_256_CBC_SHA256, TLS_ECDHE_ECDSA_WITH_AES_256_CBC_SHA, TLS_ECDHE_RSA_WITH_AES_256_CBC_SHA, TLS_RSA_WITH_AES_256_CBC_SHA, TLS_ECDH_ECDSA_WITH_AES_256_CBC_SHA, TLS_ECDH_RSA_WITH_AES_256_CBC_SHA, TLS_DHE_RSA_WITH_AES_256_CBC_SHA, TLS_DHE_DSS_WITH_AES_256_CBC_SHA, TLS_ECDHE_ECDSA_WITH_AES_128_CBC_SHA256, TLS_ECDHE_RSA_WITH_AES_128_CBC_SHA256, TLS_RSA_WITH_AES_128_CBC_SHA256, TLS_ECDH_ECDSA_WITH_AES_128_CBC_SHA256, TLS_ECDH_RSA_WITH_AES_128_CBC_SHA256, TLS_DHE_RSA_WITH_AES_128_CBC_SHA256, TLS_DHE_DSS_WITH_AES_128_CBC_SHA256, TLS_ECDHE_ECDSA_WITH_AES_128_CBC_SHA, TLS_ECDHE_RSA_WITH_AES_128_CBC_SHA, TLS_RSA_WITH_AES_128_CBC_SHA, TLS_ECDH_ECDSA_WITH_AES_128_CBC_SHA, TLS_ECDH_RSA_WITH_AES_128_CBC_SHA, TLS_DHE_RSA_WITH_AES_128_CBC_SHA, TLS_DHE_DSS_WITH_AES_128_CBC_SHA, TLS_ECDHE_ECDSA_WITH_AES_256_GCM_SHA384, TLS_ECDHE_ECDSA_WITH_AES_128_GCM_SHA256, TLS_ECDHE_RSA_WITH_AES_256_GCM_SHA384, TLS_RSA_WITH_AES_256_GCM_SHA384, TLS_ECDH_ECDSA_WITH_AES_256_GCM_SHA384, TLS_ECDH_RSA_WITH_AES_256_GCM_SHA384, TLS_DHE_RSA_WITH_AES_256_GCM_SHA384, TLS_DHE_DSS_WITH_AES_256_GCM_SHA384, TLS_ECDHE_RSA_WITH_AES_128_GCM_SHA256, TLS_RSA_WITH_AES_128_GCM_SHA256, TLS_ECDH_ECDSA_WITH_AES_128_GCM_SHA256, TLS_ECDH_RSA_WITH_AES_128_GCM_SHA256, TLS_DHE_RSA_WITH_AES_128_GCM_SHA256, TLS_DHE_DSS_WITH_AES_128_GCM_SHA256, TLS_EMPTY_RENEGOTIATION_INFO_SCSV]
15:40:20.525 [ForkJoinPool-1-worker-1] DEBUG org.apache.http.conn.ssl.SSLConnectionSocketFactory - Starting handshake
15:40:20.544 [ForkJoinPool-1-worker-3] DEBUG org.apache.http.conn.ssl.SSLConnectionSocketFactory - Enabled protocols: [TLSv1, TLSv1.1, TLSv1.2]
15:40:20.544 [ForkJoinPool-1-worker-3] DEBUG org.apache.http.conn.ssl.SSLConnectionSocketFactory - Enabled cipher suites:[TLS_ECDHE_ECDSA_WITH_AES_256_CBC_SHA384, TLS_ECDHE_RSA_WITH_AES_256_CBC_SHA384, TLS_RSA_WITH_AES_256_CBC_SHA256, TLS_ECDH_ECDSA_WITH_AES_256_CBC_SHA384, TLS_ECDH_RSA_WITH_AES_256_CBC_SHA384, TLS_DHE_RSA_WITH_AES_256_CBC_SHA256, TLS_DHE_DSS_WITH_AES_256_CBC_SHA256, TLS_ECDHE_ECDSA_WITH_AES_256_CBC_SHA, TLS_ECDHE_RSA_WITH_AES_256_CBC_SHA, TLS_RSA_WITH_AES_256_CBC_SHA, TLS_ECDH_ECDSA_WITH_AES_256_CBC_SHA, TLS_ECDH_RSA_WITH_AES_256_CBC_SHA, TLS_DHE_RSA_WITH_AES_256_CBC_SHA, TLS_DHE_DSS_WITH_AES_256_CBC_SHA, TLS_ECDHE_ECDSA_WITH_AES_128_CBC_SHA256, TLS_ECDHE_RSA_WITH_AES_128_CBC_SHA256, TLS_RSA_WITH_AES_128_CBC_SHA256, TLS_ECDH_ECDSA_WITH_AES_128_CBC_SHA256, TLS_ECDH_RSA_WITH_AES_128_CBC_SHA256, TLS_DHE_RSA_WITH_AES_128_CBC_SHA256, TLS_DHE_DSS_WITH_AES_128_CBC_SHA256, TLS_ECDHE_ECDSA_WITH_AES_128_CBC_SHA, TLS_ECDHE_RSA_WITH_AES_128_CBC_SHA, TLS_RSA_WITH_AES_128_CBC_SHA, TLS_ECDH_ECDSA_WITH_AES_128_CBC_SHA, TLS_ECDH_RSA_WITH_AES_128_CBC_SHA, TLS_DHE_RSA_WITH_AES_128_CBC_SHA, TLS_DHE_DSS_WITH_AES_128_CBC_SHA, TLS_ECDHE_ECDSA_WITH_AES_256_GCM_SHA384, TLS_ECDHE_ECDSA_WITH_AES_128_GCM_SHA256, TLS_ECDHE_RSA_WITH_AES_256_GCM_SHA384, TLS_RSA_WITH_AES_256_GCM_SHA384, TLS_ECDH_ECDSA_WITH_AES_256_GCM_SHA384, TLS_ECDH_RSA_WITH_AES_256_GCM_SHA384, TLS_DHE_RSA_WITH_AES_256_GCM_SHA384, TLS_DHE_DSS_WITH_AES_256_GCM_SHA384, TLS_ECDHE_RSA_WITH_AES_128_GCM_SHA256, TLS_RSA_WITH_AES_128_GCM_SHA256, TLS_ECDH_ECDSA_WITH_AES_128_GCM_SHA256, TLS_ECDH_RSA_WITH_AES_128_GCM_SHA256, TLS_DHE_RSA_WITH_AES_128_GCM_SHA256, TLS_DHE_DSS_WITH_AES_128_GCM_SHA256, TLS_EMPTY_RENEGOTIATION_INFO_SCSV]
15:40:20.544 [ForkJoinPool-1-worker-3] DEBUG org.apache.http.conn.ssl.SSLConnectionSocketFactory - Starting handshake
15:40:20.707 [ForkJoinPool-1-worker-1] DEBUG org.apache.http.conn.ssl.SSLConnectionSocketFactory - Secure session established
15:40:20.707 [ForkJoinPool-1-worker-1] DEBUG org.apache.http.conn.ssl.SSLConnectionSocketFactory -  negotiated protocol: TLSv1.2
15:40:20.707 [ForkJoinPool-1-worker-1] DEBUG org.apache.http.conn.ssl.SSLConnectionSocketFactory -  negotiated cipher suite: TLS_ECDHE_RSA_WITH_AES_128_GCM_SHA256
15:40:20.707 [ForkJoinPool-1-worker-1] DEBUG org.apache.http.conn.ssl.SSLConnectionSocketFactory -  peer principal: CN=*.herokuapp.com, O="Heroku, Inc.", L=San Francisco, ST=California, C=US
15:40:20.707 [ForkJoinPool-1-worker-1] DEBUG org.apache.http.conn.ssl.SSLConnectionSocketFactory -  peer alternative names: [*.herokuapp.com, herokuapp.com]
15:40:20.707 [ForkJoinPool-1-worker-1] DEBUG org.apache.http.conn.ssl.SSLConnectionSocketFactory -  issuer principal: CN=DigiCert SHA2 High Assurance Server CA, OU=www.digicert.com, O=DigiCert Inc, C=US
15:40:20.707 [ForkJoinPool-1-worker-1] DEBUG org.apache.http.impl.conn.DefaultHttpClientConnectionOperator - Connection established 192.168.0.10:57468<->3.233.183.24:443
15:40:20.707 [ForkJoinPool-1-worker-1] DEBUG org.apache.http.impl.conn.DefaultManagedHttpClientConnection - http-outgoing-8: set socket timeout to 30000
15:40:20.707 [ForkJoinPool-1-worker-1] DEBUG org.apache.http.impl.execchain.MainClientExec - Executing request POST /users/sessions HTTP/1.1
15:40:20.707 [ForkJoinPool-1-worker-1] DEBUG org.apache.http.impl.execchain.MainClientExec - Target auth state: UNCHALLENGED
15:40:20.707 [ForkJoinPool-1-worker-1] DEBUG org.apache.http.impl.execchain.MainClientExec - Proxy auth state: UNCHALLENGED
15:40:20.708 [ForkJoinPool-1-worker-1] DEBUG org.apache.http.headers - http-outgoing-8 >> POST /users/sessions HTTP/1.1
15:40:20.708 [ForkJoinPool-1-worker-1] DEBUG org.apache.http.headers - http-outgoing-8 >> Content-Type: application/json; charset=UTF-8
15:40:20.708 [ForkJoinPool-1-worker-1] DEBUG org.apache.http.headers - http-outgoing-8 >> Content-Length: 70
15:40:20.708 [ForkJoinPool-1-worker-1] DEBUG org.apache.http.headers - http-outgoing-8 >> Host: nodejs-qa-training.herokuapp.com
15:40:20.708 [ForkJoinPool-1-worker-1] DEBUG org.apache.http.headers - http-outgoing-8 >> Connection: Keep-Alive
15:40:20.708 [ForkJoinPool-1-worker-1] DEBUG org.apache.http.headers - http-outgoing-8 >> User-Agent: Apache-HttpClient/4.5.5 (Java/1.8.0_191)
15:40:20.708 [ForkJoinPool-1-worker-1] DEBUG org.apache.http.headers - http-outgoing-8 >> Accept-Encoding: gzip,deflate
15:40:20.708 [ForkJoinPool-1-worker-1] DEBUG org.apache.http.wire - http-outgoing-8 >> "POST /users/sessions HTTP/1.1[\r][\n]"
15:40:20.708 [ForkJoinPool-1-worker-1] DEBUG org.apache.http.wire - http-outgoing-8 >> "Content-Type: application/json; charset=UTF-8[\r][\n]"
15:40:20.708 [ForkJoinPool-1-worker-1] DEBUG org.apache.http.wire - http-outgoing-8 >> "Content-Length: 70[\r][\n]"
15:40:20.708 [ForkJoinPool-1-worker-1] DEBUG org.apache.http.wire - http-outgoing-8 >> "Host: nodejs-qa-training.herokuapp.com[\r][\n]"
15:40:20.708 [ForkJoinPool-1-worker-1] DEBUG org.apache.http.wire - http-outgoing-8 >> "Connection: Keep-Alive[\r][\n]"
15:40:20.708 [ForkJoinPool-1-worker-1] DEBUG org.apache.http.wire - http-outgoing-8 >> "User-Agent: Apache-HttpClient/4.5.5 (Java/1.8.0_191)[\r][\n]"
15:40:20.708 [ForkJoinPool-1-worker-1] DEBUG org.apache.http.wire - http-outgoing-8 >> "Accept-Encoding: gzip,deflate[\r][\n]"
15:40:20.708 [ForkJoinPool-1-worker-1] DEBUG org.apache.http.wire - http-outgoing-8 >> "[\r][\n]"
15:40:20.708 [ForkJoinPool-1-worker-1] DEBUG org.apache.http.wire - http-outgoing-8 >> "{"email":"correoerroneo@wolox.com.ar","password":"candidatoWolox2020"}"
15:40:20.737 [ForkJoinPool-1-worker-3] DEBUG org.apache.http.conn.ssl.SSLConnectionSocketFactory - Secure session established
15:40:20.737 [ForkJoinPool-1-worker-3] DEBUG org.apache.http.conn.ssl.SSLConnectionSocketFactory -  negotiated protocol: TLSv1.2
15:40:20.737 [ForkJoinPool-1-worker-3] DEBUG org.apache.http.conn.ssl.SSLConnectionSocketFactory -  negotiated cipher suite: TLS_ECDHE_RSA_WITH_AES_128_GCM_SHA256
15:40:20.737 [ForkJoinPool-1-worker-3] DEBUG org.apache.http.conn.ssl.SSLConnectionSocketFactory -  peer principal: CN=*.herokuapp.com, O="Heroku, Inc.", L=San Francisco, ST=California, C=US
15:40:20.737 [ForkJoinPool-1-worker-3] DEBUG org.apache.http.conn.ssl.SSLConnectionSocketFactory -  peer alternative names: [*.herokuapp.com, herokuapp.com]
15:40:20.737 [ForkJoinPool-1-worker-3] DEBUG org.apache.http.conn.ssl.SSLConnectionSocketFactory -  issuer principal: CN=DigiCert SHA2 High Assurance Server CA, OU=www.digicert.com, O=DigiCert Inc, C=US
15:40:20.737 [ForkJoinPool-1-worker-3] DEBUG org.apache.http.impl.conn.DefaultHttpClientConnectionOperator - Connection established 192.168.0.10:57469<->3.233.183.24:443
15:40:20.737 [ForkJoinPool-1-worker-3] DEBUG org.apache.http.impl.conn.DefaultManagedHttpClientConnection - http-outgoing-9: set socket timeout to 30000
15:40:20.737 [ForkJoinPool-1-worker-3] DEBUG org.apache.http.impl.execchain.MainClientExec - Executing request POST /users/ HTTP/1.1
15:40:20.737 [ForkJoinPool-1-worker-3] DEBUG org.apache.http.impl.execchain.MainClientExec - Target auth state: UNCHALLENGED
15:40:20.737 [ForkJoinPool-1-worker-3] DEBUG org.apache.http.impl.execchain.MainClientExec - Proxy auth state: UNCHALLENGED
15:40:20.737 [ForkJoinPool-1-worker-3] DEBUG org.apache.http.headers - http-outgoing-9 >> POST /users/ HTTP/1.1
15:40:20.737 [ForkJoinPool-1-worker-3] DEBUG org.apache.http.headers - http-outgoing-9 >> Content-Type: application/json; charset=UTF-8
15:40:20.737 [ForkJoinPool-1-worker-3] DEBUG org.apache.http.headers - http-outgoing-9 >> Content-Length: 119
15:40:20.737 [ForkJoinPool-1-worker-3] DEBUG org.apache.http.headers - http-outgoing-9 >> Host: nodejs-qa-training.herokuapp.com
15:40:20.737 [ForkJoinPool-1-worker-3] DEBUG org.apache.http.headers - http-outgoing-9 >> Connection: Keep-Alive
15:40:20.737 [ForkJoinPool-1-worker-3] DEBUG org.apache.http.headers - http-outgoing-9 >> User-Agent: Apache-HttpClient/4.5.5 (Java/1.8.0_191)
15:40:20.737 [ForkJoinPool-1-worker-3] DEBUG org.apache.http.headers - http-outgoing-9 >> Accept-Encoding: gzip,deflate
15:40:20.737 [ForkJoinPool-1-worker-3] DEBUG org.apache.http.wire - http-outgoing-9 >> "POST /users/ HTTP/1.1[\r][\n]"
15:40:20.737 [ForkJoinPool-1-worker-3] DEBUG org.apache.http.wire - http-outgoing-9 >> "Content-Type: application/json; charset=UTF-8[\r][\n]"
15:40:20.737 [ForkJoinPool-1-worker-3] DEBUG org.apache.http.wire - http-outgoing-9 >> "Content-Length: 119[\r][\n]"
15:40:20.737 [ForkJoinPool-1-worker-3] DEBUG org.apache.http.wire - http-outgoing-9 >> "Host: nodejs-qa-training.herokuapp.com[\r][\n]"
15:40:20.737 [ForkJoinPool-1-worker-3] DEBUG org.apache.http.wire - http-outgoing-9 >> "Connection: Keep-Alive[\r][\n]"
15:40:20.737 [ForkJoinPool-1-worker-3] DEBUG org.apache.http.wire - http-outgoing-9 >> "User-Agent: Apache-HttpClient/4.5.5 (Java/1.8.0_191)[\r][\n]"
15:40:20.737 [ForkJoinPool-1-worker-3] DEBUG org.apache.http.wire - http-outgoing-9 >> "Accept-Encoding: gzip,deflate[\r][\n]"
15:40:20.737 [ForkJoinPool-1-worker-3] DEBUG org.apache.http.wire - http-outgoing-9 >> "[\r][\n]"
15:40:20.737 [ForkJoinPool-1-worker-3] DEBUG org.apache.http.wire - http-outgoing-9 >> "{"email":"jose.bermudez@wolox.com.ar","password":"candidatoWolox2020","firstName":"Jose Antonio","lastName":"Bermudez"}"
15:40:20.763 [ForkJoinPool-1-worker-2] DEBUG org.apache.http.conn.ssl.SSLConnectionSocketFactory - Secure session established
15:40:20.763 [ForkJoinPool-1-worker-2] DEBUG org.apache.http.conn.ssl.SSLConnectionSocketFactory -  negotiated protocol: TLSv1.2
15:40:20.763 [ForkJoinPool-1-worker-2] DEBUG org.apache.http.conn.ssl.SSLConnectionSocketFactory -  negotiated cipher suite: TLS_ECDHE_RSA_WITH_AES_128_GCM_SHA256
15:40:20.763 [ForkJoinPool-1-worker-2] DEBUG org.apache.http.conn.ssl.SSLConnectionSocketFactory -  peer principal: CN=*.herokuapp.com, O="Heroku, Inc.", L=San Francisco, ST=California, C=US
15:40:20.763 [ForkJoinPool-1-worker-2] DEBUG org.apache.http.conn.ssl.SSLConnectionSocketFactory -  peer alternative names: [*.herokuapp.com, herokuapp.com]
15:40:20.763 [ForkJoinPool-1-worker-2] DEBUG org.apache.http.conn.ssl.SSLConnectionSocketFactory -  issuer principal: CN=DigiCert SHA2 High Assurance Server CA, OU=www.digicert.com, O=DigiCert Inc, C=US
15:40:20.763 [ForkJoinPool-1-worker-2] DEBUG org.apache.http.impl.conn.DefaultHttpClientConnectionOperator - Connection established 192.168.0.10:57466<->3.233.183.24:443
15:40:20.763 [ForkJoinPool-1-worker-2] DEBUG org.apache.http.impl.conn.DefaultManagedHttpClientConnection - http-outgoing-7: set socket timeout to 30000
15:40:20.763 [ForkJoinPool-1-worker-2] DEBUG org.apache.http.impl.execchain.MainClientExec - Executing request POST /albums/6 HTTP/1.1
15:40:20.763 [ForkJoinPool-1-worker-2] DEBUG org.apache.http.impl.execchain.MainClientExec - Proxy auth state: UNCHALLENGED
15:40:20.763 [ForkJoinPool-1-worker-2] DEBUG org.apache.http.headers - http-outgoing-7 >> POST /albums/6 HTTP/1.1
15:40:20.763 [ForkJoinPool-1-worker-2] DEBUG org.apache.http.headers - http-outgoing-7 >> Authorization: eyJ0eXAiOiJKV1QiLCJhbGciOiJIUzI1NiJ9.eyJ1c2VySWQiOjE0Niwicm9sZSI6ImFkbWluIiwiaWF0IjoxNjAwMDI5NjIxLjU3NiwiZXhwIjoxNjAwMDMxNDIxLjU3Nn0.11Zxxipv6on_Rp-zQnbVp54wkXI_0En45opGUpD6gto
15:40:20.763 [ForkJoinPool-1-worker-2] DEBUG org.apache.http.headers - http-outgoing-7 >> Content-Type: application/json; charset=UTF-8
15:40:20.763 [ForkJoinPool-1-worker-2] DEBUG org.apache.http.headers - http-outgoing-7 >> Content-Length: 2
15:40:20.763 [ForkJoinPool-1-worker-2] DEBUG org.apache.http.headers - http-outgoing-7 >> Host: nodejs-qa-training.herokuapp.com
15:40:20.763 [ForkJoinPool-1-worker-2] DEBUG org.apache.http.headers - http-outgoing-7 >> Connection: Keep-Alive
15:40:20.764 [ForkJoinPool-1-worker-2] DEBUG org.apache.http.headers - http-outgoing-7 >> User-Agent: Apache-HttpClient/4.5.5 (Java/1.8.0_191)
15:40:20.764 [ForkJoinPool-1-worker-2] DEBUG org.apache.http.headers - http-outgoing-7 >> Accept-Encoding: gzip,deflate
15:40:20.764 [ForkJoinPool-1-worker-2] DEBUG org.apache.http.wire - http-outgoing-7 >> "POST /albums/6 HTTP/1.1[\r][\n]"
15:40:20.764 [ForkJoinPool-1-worker-2] DEBUG org.apache.http.wire - http-outgoing-7 >> "Authorization: eyJ0eXAiOiJKV1QiLCJhbGciOiJIUzI1NiJ9.eyJ1c2VySWQiOjE0Niwicm9sZSI6ImFkbWluIiwiaWF0IjoxNjAwMDI5NjIxLjU3NiwiZXhwIjoxNjAwMDMxNDIxLjU3Nn0.11Zxxipv6on_Rp-zQnbVp54wkXI_0En45opGUpD6gto[\r][\n]"
15:40:20.764 [ForkJoinPool-1-worker-2] DEBUG org.apache.http.wire - http-outgoing-7 >> "Content-Type: application/json; charset=UTF-8[\r][\n]"
15:40:20.764 [ForkJoinPool-1-worker-2] DEBUG org.apache.http.wire - http-outgoing-7 >> "Content-Length: 2[\r][\n]"
15:40:20.764 [ForkJoinPool-1-worker-2] DEBUG org.apache.http.wire - http-outgoing-7 >> "Host: nodejs-qa-training.herokuapp.com[\r][\n]"
15:40:20.764 [ForkJoinPool-1-worker-2] DEBUG org.apache.http.wire - http-outgoing-7 >> "Connection: Keep-Alive[\r][\n]"
15:40:20.764 [ForkJoinPool-1-worker-2] DEBUG org.apache.http.wire - http-outgoing-7 >> "User-Agent: Apache-HttpClient/4.5.5 (Java/1.8.0_191)[\r][\n]"
15:40:20.764 [ForkJoinPool-1-worker-2] DEBUG org.apache.http.wire - http-outgoing-7 >> "Accept-Encoding: gzip,deflate[\r][\n]"
15:40:20.764 [ForkJoinPool-1-worker-2] DEBUG org.apache.http.wire - http-outgoing-7 >> "[\r][\n]"
15:40:20.764 [ForkJoinPool-1-worker-2] DEBUG org.apache.http.wire - http-outgoing-7 >> "{}"
15:40:20.800 [ForkJoinPool-1-worker-1] DEBUG org.apache.http.wire - http-outgoing-8 << "HTTP/1.1 401 Unauthorized[\r][\n]"
15:40:20.800 [ForkJoinPool-1-worker-1] DEBUG org.apache.http.wire - http-outgoing-8 << "Server: Cowboy[\r][\n]"
15:40:20.800 [ForkJoinPool-1-worker-1] DEBUG org.apache.http.wire - http-outgoing-8 << "Connection: keep-alive[\r][\n]"
15:40:20.800 [ForkJoinPool-1-worker-1] DEBUG org.apache.http.wire - http-outgoing-8 << "X-Powered-By: Express[\r][\n]"
15:40:20.800 [ForkJoinPool-1-worker-1] DEBUG org.apache.http.wire - http-outgoing-8 << "Content-Type: application/json; charset=utf-8[\r][\n]"
15:40:20.800 [ForkJoinPool-1-worker-1] DEBUG org.apache.http.wire - http-outgoing-8 << "Content-Length: 130[\r][\n]"
15:40:20.800 [ForkJoinPool-1-worker-1] DEBUG org.apache.http.wire - http-outgoing-8 << "Etag: W/"82-5SmSCQ2d6qiXffSaX7H5od9mVcw"[\r][\n]"
15:40:20.800 [ForkJoinPool-1-worker-1] DEBUG org.apache.http.wire - http-outgoing-8 << "Date: Sun, 13 Sep 2020 20:40:22 GMT[\r][\n]"
15:40:20.800 [ForkJoinPool-1-worker-1] DEBUG org.apache.http.wire - http-outgoing-8 << "Via: 1.1 vegur[\r][\n]"
15:40:20.800 [ForkJoinPool-1-worker-1] DEBUG org.apache.http.wire - http-outgoing-8 << "[\r][\n]"
15:40:20.800 [ForkJoinPool-1-worker-1] DEBUG org.apache.http.wire - http-outgoing-8 << "{"errors":[{"code":"authentication_error","message":"Unable to authenticate credentials"}],"timestamp":"2020-09-13T20:40:22.014Z"}"
15:40:20.800 [ForkJoinPool-1-worker-1] DEBUG org.apache.http.headers - http-outgoing-8 << HTTP/1.1 401 Unauthorized
15:40:20.800 [ForkJoinPool-1-worker-1] DEBUG org.apache.http.headers - http-outgoing-8 << Server: Cowboy
15:40:20.800 [ForkJoinPool-1-worker-1] DEBUG org.apache.http.headers - http-outgoing-8 << Connection: keep-alive
15:40:20.800 [ForkJoinPool-1-worker-1] DEBUG org.apache.http.headers - http-outgoing-8 << X-Powered-By: Express
15:40:20.800 [ForkJoinPool-1-worker-1] DEBUG org.apache.http.headers - http-outgoing-8 << Content-Type: application/json; charset=utf-8
15:40:20.800 [ForkJoinPool-1-worker-1] DEBUG org.apache.http.headers - http-outgoing-8 << Content-Length: 130
15:40:20.800 [ForkJoinPool-1-worker-1] DEBUG org.apache.http.headers - http-outgoing-8 << Etag: W/"82-5SmSCQ2d6qiXffSaX7H5od9mVcw"
15:40:20.800 [ForkJoinPool-1-worker-1] DEBUG org.apache.http.headers - http-outgoing-8 << Date: Sun, 13 Sep 2020 20:40:22 GMT
15:40:20.800 [ForkJoinPool-1-worker-1] DEBUG org.apache.http.headers - http-outgoing-8 << Via: 1.1 vegur
15:40:20.800 [ForkJoinPool-1-worker-1] DEBUG org.apache.http.impl.execchain.MainClientExec - Connection can be kept alive indefinitely
15:40:20.800 [ForkJoinPool-1-worker-1] DEBUG org.apache.http.impl.auth.HttpAuthenticator - Authentication required
15:40:20.800 [ForkJoinPool-1-worker-1] DEBUG org.apache.http.impl.auth.HttpAuthenticator - nodejs-qa-training.herokuapp.com:443 requested authentication
15:40:20.800 [ForkJoinPool-1-worker-1] DEBUG org.apache.http.impl.auth.HttpAuthenticator - Response contains no authentication challenges
15:40:20.801 [ForkJoinPool-1-worker-1] DEBUG org.apache.http.impl.conn.PoolingHttpClientConnectionManager - Connection [id: 8][route: {s}->https://nodejs-qa-training.herokuapp.com:443] can be kept alive indefinitely
15:40:20.801 [ForkJoinPool-1-worker-1] DEBUG org.apache.http.impl.conn.DefaultManagedHttpClientConnection - http-outgoing-8: set socket timeout to 0
15:40:20.801 [ForkJoinPool-1-worker-1] DEBUG org.apache.http.impl.conn.PoolingHttpClientConnectionManager - Connection released: [id: 8][route: {s}->https://nodejs-qa-training.herokuapp.com:443][total kept alive: 1; route allocated: 1 of 5; total allocated: 1 of 10]
15:40:20.801 [ForkJoinPool-1-worker-1] DEBUG com.intuit.karate - response time in milliseconds: 359,09
1 < 401
1 < Connection: keep-alive
1 < Content-Length: 130
1 < Content-Type: application/json; charset=utf-8
1 < Date: Sun, 13 Sep 2020 20:40:22 GMT
1 < Etag: W/"82-5SmSCQ2d6qiXffSaX7H5od9mVcw"
1 < Server: Cowboy
1 < Via: 1.1 vegur
1 < X-Powered-By: Express
{"errors":[{"code":"authentication_error","message":"Unable to authenticate credentials"}],"timestamp":"2020-09-13T20:40:22.014Z"}

15:40:20.803 [ForkJoinPool-1-worker-1] DEBUG com.jayway.jsonpath.internal.path.CompiledPath - Evaluating path: $
15:40:20.803 [ForkJoinPool-1-worker-1] DEBUG com.jayway.jsonpath.internal.path.CompiledPath - Evaluating path: $
15:40:20.803 [ForkJoinPool-1-worker-1] DEBUG com.jayway.jsonpath.internal.path.CompiledPath - Evaluating path: $
15:40:20.803 [ForkJoinPool-1-worker-1] DEBUG com.jayway.jsonpath.internal.path.CompiledPath - Evaluating path: $
15:40:20.803 [ForkJoinPool-1-worker-1] INFO com.intuit.karate - [print] {
  "errors": [
    {
      "code": "authentication_error",
      "message": "Unable to authenticate credentials"
    }
  ],
  "timestamp": "2020-09-13T20:40:22.014Z"
}

15:40:20.808 [ForkJoinPool-1-worker-1] WARN com.intuit.karate - skipping bootstrap configuration: could not find or read file: classpath:karate-config.js
15:40:20.809 [ForkJoinPool-1-worker-1] DEBUG com.jayway.jsonpath.internal.path.CompiledPath - Evaluating path: $
15:40:20.812 [ForkJoinPool-1-worker-1] DEBUG org.apache.http.client.protocol.RequestAddCookies - CookieSpec selected: karate
15:40:20.812 [ForkJoinPool-1-worker-1] DEBUG org.apache.http.client.protocol.RequestAuthCache - Auth cache not set in the context
15:40:20.812 [ForkJoinPool-1-worker-1] DEBUG com.intuit.karate - request:
1 > POST https://nodejs-qa-training.herokuapp.com/users/
1 > Accept-Encoding: gzip,deflate
1 > Connection: Keep-Alive
1 > Content-Length: 109
1 > Content-Type: application/json; charset=UTF-8
1 > Host: nodejs-qa-training.herokuapp.com
1 > User-Agent: Apache-HttpClient/4.5.5 (Java/1.8.0_191)
{"email":"jose.bermudez@wolox.com.ar","password":"candidat","firstName":"Jose Antonio","lastName":"Bermudez"}

15:40:20.812 [ForkJoinPool-1-worker-1] DEBUG org.apache.http.impl.conn.PoolingHttpClientConnectionManager - Connection request: [route: {s}->https://nodejs-qa-training.herokuapp.com:443][total kept alive: 0; route allocated: 0 of 5; total allocated: 0 of 10]
15:40:20.812 [ForkJoinPool-1-worker-1] DEBUG org.apache.http.impl.conn.PoolingHttpClientConnectionManager - Connection leased: [id: 10][route: {s}->https://nodejs-qa-training.herokuapp.com:443][total kept alive: 0; route allocated: 1 of 5; total allocated: 1 of 10]
15:40:20.812 [ForkJoinPool-1-worker-1] DEBUG org.apache.http.impl.execchain.MainClientExec - Opening connection {s}->https://nodejs-qa-training.herokuapp.com:443
15:40:20.812 [ForkJoinPool-1-worker-1] DEBUG org.apache.http.impl.conn.DefaultHttpClientConnectionOperator - Connecting to nodejs-qa-training.herokuapp.com/3.233.183.24:443
15:40:20.813 [ForkJoinPool-1-worker-1] DEBUG org.apache.http.conn.ssl.SSLConnectionSocketFactory - Connecting socket to nodejs-qa-training.herokuapp.com/3.233.183.24:443 with timeout 30000
15:40:20.862 [pool-1-thread-2] INFO com.intuit.karate.Runner - <<pass>> feature 2 of 8: src/test/resources/features/Login.feature
---------------------------------------------------------
feature: src/test/resources/features/Login.feature
report: target\surefire-reports\src.test.resources.features.Login.json
scenarios:  2 | passed:  2 | failed:  0 | time: 2,4249
---------------------------------------------------------
15:40:20.895 [ForkJoinPool-1-worker-1] DEBUG org.apache.http.conn.ssl.SSLConnectionSocketFactory - Enabled protocols: [TLSv1, TLSv1.1, TLSv1.2]
15:40:20.895 [ForkJoinPool-1-worker-1] DEBUG org.apache.http.conn.ssl.SSLConnectionSocketFactory - Enabled cipher suites:[TLS_ECDHE_ECDSA_WITH_AES_256_CBC_SHA384, TLS_ECDHE_RSA_WITH_AES_256_CBC_SHA384, TLS_RSA_WITH_AES_256_CBC_SHA256, TLS_ECDH_ECDSA_WITH_AES_256_CBC_SHA384, TLS_ECDH_RSA_WITH_AES_256_CBC_SHA384, TLS_DHE_RSA_WITH_AES_256_CBC_SHA256, TLS_DHE_DSS_WITH_AES_256_CBC_SHA256, TLS_ECDHE_ECDSA_WITH_AES_256_CBC_SHA, TLS_ECDHE_RSA_WITH_AES_256_CBC_SHA, TLS_RSA_WITH_AES_256_CBC_SHA, TLS_ECDH_ECDSA_WITH_AES_256_CBC_SHA, TLS_ECDH_RSA_WITH_AES_256_CBC_SHA, TLS_DHE_RSA_WITH_AES_256_CBC_SHA, TLS_DHE_DSS_WITH_AES_256_CBC_SHA, TLS_ECDHE_ECDSA_WITH_AES_128_CBC_SHA256, TLS_ECDHE_RSA_WITH_AES_128_CBC_SHA256, TLS_RSA_WITH_AES_128_CBC_SHA256, TLS_ECDH_ECDSA_WITH_AES_128_CBC_SHA256, TLS_ECDH_RSA_WITH_AES_128_CBC_SHA256, TLS_DHE_RSA_WITH_AES_128_CBC_SHA256, TLS_DHE_DSS_WITH_AES_128_CBC_SHA256, TLS_ECDHE_ECDSA_WITH_AES_128_CBC_SHA, TLS_ECDHE_RSA_WITH_AES_128_CBC_SHA, TLS_RSA_WITH_AES_128_CBC_SHA, TLS_ECDH_ECDSA_WITH_AES_128_CBC_SHA, TLS_ECDH_RSA_WITH_AES_128_CBC_SHA, TLS_DHE_RSA_WITH_AES_128_CBC_SHA, TLS_DHE_DSS_WITH_AES_128_CBC_SHA, TLS_ECDHE_ECDSA_WITH_AES_256_GCM_SHA384, TLS_ECDHE_ECDSA_WITH_AES_128_GCM_SHA256, TLS_ECDHE_RSA_WITH_AES_256_GCM_SHA384, TLS_RSA_WITH_AES_256_GCM_SHA384, TLS_ECDH_ECDSA_WITH_AES_256_GCM_SHA384, TLS_ECDH_RSA_WITH_AES_256_GCM_SHA384, TLS_DHE_RSA_WITH_AES_256_GCM_SHA384, TLS_DHE_DSS_WITH_AES_256_GCM_SHA384, TLS_ECDHE_RSA_WITH_AES_128_GCM_SHA256, TLS_RSA_WITH_AES_128_GCM_SHA256, TLS_ECDH_ECDSA_WITH_AES_128_GCM_SHA256, TLS_ECDH_RSA_WITH_AES_128_GCM_SHA256, TLS_DHE_RSA_WITH_AES_128_GCM_SHA256, TLS_DHE_DSS_WITH_AES_128_GCM_SHA256, TLS_EMPTY_RENEGOTIATION_INFO_SCSV]
15:40:20.895 [ForkJoinPool-1-worker-1] DEBUG org.apache.http.conn.ssl.SSLConnectionSocketFactory - Starting handshake
15:40:20.946 [ForkJoinPool-1-worker-3] DEBUG org.apache.http.wire - http-outgoing-9 << "HTTP/1.1 422 Unprocessable Entity[\r][\n]"
15:40:20.946 [ForkJoinPool-1-worker-3] DEBUG org.apache.http.wire - http-outgoing-9 << "Server: Cowboy[\r][\n]"
15:40:20.946 [ForkJoinPool-1-worker-3] DEBUG org.apache.http.wire - http-outgoing-9 << "Connection: keep-alive[\r][\n]"
15:40:20.946 [ForkJoinPool-1-worker-3] DEBUG org.apache.http.wire - http-outgoing-9 << "X-Powered-By: Express[\r][\n]"
15:40:20.946 [ForkJoinPool-1-worker-3] DEBUG org.apache.http.wire - http-outgoing-9 << "Content-Type: application/json; charset=utf-8[\r][\n]"
15:40:20.946 [ForkJoinPool-1-worker-3] DEBUG org.apache.http.wire - http-outgoing-9 << "Content-Length: 176[\r][\n]"
15:40:20.946 [ForkJoinPool-1-worker-3] DEBUG org.apache.http.wire - http-outgoing-9 << "Etag: W/"b0-0c4ZmnPTLUB1TopkkZ9B+O6SBlo"[\r][\n]"
15:40:20.946 [ForkJoinPool-1-worker-3] DEBUG org.apache.http.wire - http-outgoing-9 << "Date: Sun, 13 Sep 2020 20:40:22 GMT[\r][\n]"
15:40:20.946 [ForkJoinPool-1-worker-3] DEBUG org.apache.http.wire - http-outgoing-9 << "Via: 1.1 vegur[\r][\n]"
15:40:20.946 [ForkJoinPool-1-worker-3] DEBUG org.apache.http.wire - http-outgoing-9 << "[\r][\n]"
15:40:20.946 [ForkJoinPool-1-worker-3] DEBUG org.apache.http.wire - http-outgoing-9 << "{"errors":[{"code":"entity_already_exists","message":"Unable to create new user. The resource you are trying to create already exists"}],"timestamp":"2020-09-13T20:40:22.159Z"}"
15:40:20.946 [ForkJoinPool-1-worker-3] DEBUG org.apache.http.headers - http-outgoing-9 << HTTP/1.1 422 Unprocessable Entity
15:40:20.946 [ForkJoinPool-1-worker-3] DEBUG org.apache.http.headers - http-outgoing-9 << Server: Cowboy
15:40:20.946 [ForkJoinPool-1-worker-3] DEBUG org.apache.http.headers - http-outgoing-9 << Connection: keep-alive
15:40:20.946 [ForkJoinPool-1-worker-3] DEBUG org.apache.http.headers - http-outgoing-9 << X-Powered-By: Express
15:40:20.946 [ForkJoinPool-1-worker-3] DEBUG org.apache.http.headers - http-outgoing-9 << Content-Type: application/json; charset=utf-8
15:40:20.946 [ForkJoinPool-1-worker-3] DEBUG org.apache.http.headers - http-outgoing-9 << Content-Length: 176
15:40:20.946 [ForkJoinPool-1-worker-3] DEBUG org.apache.http.headers - http-outgoing-9 << Etag: W/"b0-0c4ZmnPTLUB1TopkkZ9B+O6SBlo"
15:40:20.946 [ForkJoinPool-1-worker-3] DEBUG org.apache.http.headers - http-outgoing-9 << Date: Sun, 13 Sep 2020 20:40:22 GMT
15:40:20.946 [ForkJoinPool-1-worker-3] DEBUG org.apache.http.headers - http-outgoing-9 << Via: 1.1 vegur
15:40:20.946 [ForkJoinPool-1-worker-3] DEBUG org.apache.http.impl.execchain.MainClientExec - Connection can be kept alive indefinitely
15:40:20.947 [ForkJoinPool-1-worker-3] DEBUG org.apache.http.impl.conn.PoolingHttpClientConnectionManager - Connection [id: 9][route: {s}->https://nodejs-qa-training.herokuapp.com:443] can be kept alive indefinitely
15:40:20.947 [ForkJoinPool-1-worker-3] DEBUG org.apache.http.impl.conn.DefaultManagedHttpClientConnection - http-outgoing-9: set socket timeout to 0
15:40:20.947 [ForkJoinPool-1-worker-3] DEBUG org.apache.http.impl.conn.PoolingHttpClientConnectionManager - Connection released: [id: 9][route: {s}->https://nodejs-qa-training.herokuapp.com:443][total kept alive: 1; route allocated: 1 of 5; total allocated: 1 of 10]
15:40:20.947 [ForkJoinPool-1-worker-3] DEBUG com.intuit.karate - response time in milliseconds: 483,45
1 < 422
1 < Connection: keep-alive
1 < Content-Length: 176
1 < Content-Type: application/json; charset=utf-8
1 < Date: Sun, 13 Sep 2020 20:40:22 GMT
1 < Etag: W/"b0-0c4ZmnPTLUB1TopkkZ9B+O6SBlo"
1 < Server: Cowboy
1 < Via: 1.1 vegur
1 < X-Powered-By: Express
{"errors":[{"code":"entity_already_exists","message":"Unable to create new user. The resource you are trying to create already exists"}],"timestamp":"2020-09-13T20:40:22.159Z"}

15:40:20.949 [ForkJoinPool-1-worker-3] DEBUG com.jayway.jsonpath.internal.path.CompiledPath - Evaluating path: $
15:40:20.949 [ForkJoinPool-1-worker-3] DEBUG com.jayway.jsonpath.internal.path.CompiledPath - Evaluating path: $
15:40:20.949 [ForkJoinPool-1-worker-3] DEBUG com.jayway.jsonpath.internal.path.CompiledPath - Evaluating path: $
15:40:20.949 [ForkJoinPool-1-worker-3] DEBUG com.jayway.jsonpath.internal.path.CompiledPath - Evaluating path: $
15:40:20.950 [ForkJoinPool-1-worker-3] INFO com.intuit.karate - [print] {
  "errors": [
    {
      "code": "entity_already_exists",
      "message": "Unable to create new user. The resource you are trying to create already exists"
    }
  ],
  "timestamp": "2020-09-13T20:40:22.159Z"
}

15:40:20.954 [ForkJoinPool-1-worker-3] WARN com.intuit.karate - skipping bootstrap configuration: could not find or read file: classpath:karate-config.js
15:40:20.962 [ForkJoinPool-1-worker-2] DEBUG org.apache.http.wire - http-outgoing-7 << "HTTP/1.1 422 Unprocessable Entity[\r][\n]"
15:40:20.962 [ForkJoinPool-1-worker-2] DEBUG org.apache.http.wire - http-outgoing-7 << "Server: Cowboy[\r][\n]"
15:40:20.962 [ForkJoinPool-1-worker-2] DEBUG org.apache.http.wire - http-outgoing-7 << "Connection: keep-alive[\r][\n]"
15:40:20.962 [ForkJoinPool-1-worker-2] DEBUG org.apache.http.wire - http-outgoing-7 << "X-Powered-By: Express[\r][\n]"
15:40:20.962 [ForkJoinPool-1-worker-2] DEBUG org.apache.http.wire - http-outgoing-7 << "Content-Type: application/json; charset=utf-8[\r][\n]"
15:40:20.962 [ForkJoinPool-1-worker-2] DEBUG org.apache.http.wire - http-outgoing-7 << "Content-Length: 177[\r][\n]"
15:40:20.962 [ForkJoinPool-1-worker-2] DEBUG org.apache.http.wire - http-outgoing-7 << "Etag: W/"b1-Lg5ruRgG+dHqe3xYlHGPOPdq23E"[\r][\n]"
15:40:20.962 [ForkJoinPool-1-worker-2] DEBUG org.apache.http.wire - http-outgoing-7 << "Date: Sun, 13 Sep 2020 20:40:22 GMT[\r][\n]"
15:40:20.962 [ForkJoinPool-1-worker-2] DEBUG org.apache.http.wire - http-outgoing-7 << "Via: 1.1 vegur[\r][\n]"
15:40:20.962 [ForkJoinPool-1-worker-2] DEBUG org.apache.http.wire - http-outgoing-7 << "[\r][\n]"
15:40:20.962 [ForkJoinPool-1-worker-2] DEBUG org.apache.http.wire - http-outgoing-7 << "{"errors":[{"code":"entity_already_exists","message":"Unable to create new album. The resource you are trying to create already exists"}],"timestamp":"2020-09-13T20:40:22.176Z"}"
15:40:20.963 [ForkJoinPool-1-worker-2] DEBUG org.apache.http.headers - http-outgoing-7 << HTTP/1.1 422 Unprocessable Entity
15:40:20.963 [ForkJoinPool-1-worker-2] DEBUG org.apache.http.headers - http-outgoing-7 << Server: Cowboy
15:40:20.963 [ForkJoinPool-1-worker-2] DEBUG org.apache.http.headers - http-outgoing-7 << Connection: keep-alive
15:40:20.963 [ForkJoinPool-1-worker-2] DEBUG org.apache.http.headers - http-outgoing-7 << X-Powered-By: Express
15:40:20.963 [ForkJoinPool-1-worker-2] DEBUG org.apache.http.headers - http-outgoing-7 << Content-Type: application/json; charset=utf-8
15:40:20.963 [ForkJoinPool-1-worker-2] DEBUG org.apache.http.headers - http-outgoing-7 << Content-Length: 177
15:40:20.963 [ForkJoinPool-1-worker-2] DEBUG org.apache.http.headers - http-outgoing-7 << Etag: W/"b1-Lg5ruRgG+dHqe3xYlHGPOPdq23E"
15:40:20.963 [ForkJoinPool-1-worker-2] DEBUG org.apache.http.headers - http-outgoing-7 << Date: Sun, 13 Sep 2020 20:40:22 GMT
15:40:20.963 [ForkJoinPool-1-worker-2] DEBUG org.apache.http.headers - http-outgoing-7 << Via: 1.1 vegur
15:40:20.963 [ForkJoinPool-1-worker-2] DEBUG org.apache.http.impl.execchain.MainClientExec - Connection can be kept alive indefinitely
15:40:20.963 [ForkJoinPool-1-worker-2] DEBUG org.apache.http.impl.conn.PoolingHttpClientConnectionManager - Connection [id: 7][route: {s}->https://nodejs-qa-training.herokuapp.com:443] can be kept alive indefinitely
15:40:20.963 [ForkJoinPool-1-worker-2] DEBUG org.apache.http.impl.conn.DefaultManagedHttpClientConnection - http-outgoing-7: set socket timeout to 0
15:40:20.963 [ForkJoinPool-1-worker-2] DEBUG org.apache.http.impl.conn.PoolingHttpClientConnectionManager - Connection released: [id: 7][route: {s}->https://nodejs-qa-training.herokuapp.com:443][total kept alive: 1; route allocated: 1 of 5; total allocated: 1 of 10]
15:40:20.963 [ForkJoinPool-1-worker-2] DEBUG com.intuit.karate - response time in milliseconds: 587,46
1 < 422
1 < Connection: keep-alive
1 < Content-Length: 177
1 < Content-Type: application/json; charset=utf-8
1 < Date: Sun, 13 Sep 2020 20:40:22 GMT
1 < Etag: W/"b1-Lg5ruRgG+dHqe3xYlHGPOPdq23E"
1 < Server: Cowboy
1 < Via: 1.1 vegur
1 < X-Powered-By: Express
{"errors":[{"code":"entity_already_exists","message":"Unable to create new album. The resource you are trying to create already exists"}],"timestamp":"2020-09-13T20:40:22.176Z"}

15:40:20.964 [ForkJoinPool-1-worker-3] INFO com.intuit.karate - scenario called at line: 8 by tag: @FlujoExitoso
15:40:20.966 [ForkJoinPool-1-worker-2] DEBUG com.jayway.jsonpath.internal.path.CompiledPath - Evaluating path: $
15:40:20.966 [ForkJoinPool-1-worker-2] DEBUG com.jayway.jsonpath.internal.path.CompiledPath - Evaluating path: $
15:40:20.966 [ForkJoinPool-1-worker-2] DEBUG com.jayway.jsonpath.internal.path.CompiledPath - Evaluating path: $
15:40:20.967 [ForkJoinPool-1-worker-2] DEBUG com.jayway.jsonpath.internal.path.CompiledPath - Evaluating path: $
15:40:20.967 [ForkJoinPool-1-worker-2] INFO com.intuit.karate - [print] {
  "errors": [
    {
      "code": "entity_already_exists",
      "message": "Unable to create new album. The resource you are trying to create already exists"
    }
  ],
  "timestamp": "2020-09-13T20:40:22.176Z"
}

15:40:20.968 [ForkJoinPool-1-worker-3] DEBUG com.jayway.jsonpath.internal.path.CompiledPath - Evaluating path: $
15:40:20.970 [ForkJoinPool-1-worker-3] DEBUG org.apache.http.client.protocol.RequestAddCookies - CookieSpec selected: karate
15:40:20.970 [ForkJoinPool-1-worker-3] DEBUG org.apache.http.client.protocol.RequestAuthCache - Auth cache not set in the context
15:40:20.971 [ForkJoinPool-1-worker-3] DEBUG com.intuit.karate - request:
1 > POST https://nodejs-qa-training.herokuapp.com/users/sessions
1 > Accept-Encoding: gzip,deflate
1 > Connection: Keep-Alive
1 > Content-Length: 62
1 > Content-Type: application/json; charset=UTF-8
1 > Host: nodejs-qa-training.herokuapp.com
1 > User-Agent: Apache-HttpClient/4.5.5 (Java/1.8.0_191)
{"email":"admin@wolox.com.ar","password":"candidatoWolox2020"}

15:40:20.971 [ForkJoinPool-1-worker-3] DEBUG org.apache.http.impl.conn.PoolingHttpClientConnectionManager - Connection request: [route: {s}->https://nodejs-qa-training.herokuapp.com:443][total kept alive: 0; route allocated: 0 of 5; total allocated: 0 of 10]
15:40:20.971 [ForkJoinPool-1-worker-3] DEBUG org.apache.http.impl.conn.PoolingHttpClientConnectionManager - Connection leased: [id: 11][route: {s}->https://nodejs-qa-training.herokuapp.com:443][total kept alive: 0; route allocated: 1 of 5; total allocated: 1 of 10]
15:40:20.971 [ForkJoinPool-1-worker-3] DEBUG org.apache.http.impl.execchain.MainClientExec - Opening connection {s}->https://nodejs-qa-training.herokuapp.com:443
15:40:20.971 [ForkJoinPool-1-worker-3] DEBUG org.apache.http.impl.conn.DefaultHttpClientConnectionOperator - Connecting to nodejs-qa-training.herokuapp.com/3.233.183.24:443
15:40:20.971 [ForkJoinPool-1-worker-3] DEBUG org.apache.http.conn.ssl.SSLConnectionSocketFactory - Connecting socket to nodejs-qa-training.herokuapp.com/3.233.183.24:443 with timeout 30000
15:40:20.972 [ForkJoinPool-1-worker-2] WARN com.intuit.karate - skipping bootstrap configuration: could not find or read file: classpath:karate-config.js
15:40:20.973 [ForkJoinPool-1-worker-2] DEBUG com.jayway.jsonpath.internal.path.CompiledPath - Evaluating path: $
15:40:20.977 [ForkJoinPool-1-worker-2] DEBUG org.apache.http.client.protocol.RequestAddCookies - CookieSpec selected: karate
15:40:20.977 [ForkJoinPool-1-worker-2] DEBUG org.apache.http.client.protocol.RequestAuthCache - Auth cache not set in the context
15:40:20.977 [ForkJoinPool-1-worker-2] DEBUG com.intuit.karate - request:
1 > POST https://nodejs-qa-training.herokuapp.com/users/
1 > Accept-Encoding: gzip,deflate
1 > Connection: Keep-Alive
1 > Content-Length: 115
1 > Content-Type: application/json; charset=UTF-8
1 > Host: nodejs-qa-training.herokuapp.com
1 > User-Agent: Apache-HttpClient/4.5.5 (Java/1.8.0_191)
{"email":"jose.bermudez@wolox.com.ar","password":"candidatoWolox","firstName":"Jose Antonio","lastName":"Bermudez"}

15:40:20.977 [ForkJoinPool-1-worker-2] DEBUG org.apache.http.impl.conn.PoolingHttpClientConnectionManager - Connection request: [route: {s}->https://nodejs-qa-training.herokuapp.com:443][total kept alive: 0; route allocated: 0 of 5; total allocated: 0 of 10]
15:40:20.977 [ForkJoinPool-1-worker-2] DEBUG org.apache.http.impl.conn.PoolingHttpClientConnectionManager - Connection leased: [id: 12][route: {s}->https://nodejs-qa-training.herokuapp.com:443][total kept alive: 0; route allocated: 1 of 5; total allocated: 1 of 10]
15:40:20.977 [ForkJoinPool-1-worker-2] DEBUG org.apache.http.impl.execchain.MainClientExec - Opening connection {s}->https://nodejs-qa-training.herokuapp.com:443
15:40:20.977 [pool-1-thread-1] INFO com.intuit.karate.Runner - <<pass>> feature 1 of 8: src/test/resources/features/ComprarAlbum.feature
15:40:20.978 [ForkJoinPool-1-worker-2] DEBUG org.apache.http.impl.conn.DefaultHttpClientConnectionOperator - Connecting to nodejs-qa-training.herokuapp.com/3.233.183.24:443
15:40:20.978 [ForkJoinPool-1-worker-2] DEBUG org.apache.http.conn.ssl.SSLConnectionSocketFactory - Connecting socket to nodejs-qa-training.herokuapp.com/3.233.183.24:443 with timeout 30000
---------------------------------------------------------
feature: src/test/resources/features/ComprarAlbum.feature
report: target\surefire-reports\src.test.resources.features.ComprarAlbum.json
scenarios:  3 | passed:  3 | failed:  0 | time: 4,7484
---------------------------------------------------------
15:40:21.055 [ForkJoinPool-1-worker-3] DEBUG org.apache.http.conn.ssl.SSLConnectionSocketFactory - Enabled protocols: [TLSv1, TLSv1.1, TLSv1.2]
15:40:21.055 [ForkJoinPool-1-worker-3] DEBUG org.apache.http.conn.ssl.SSLConnectionSocketFactory - Enabled cipher suites:[TLS_ECDHE_ECDSA_WITH_AES_256_CBC_SHA384, TLS_ECDHE_RSA_WITH_AES_256_CBC_SHA384, TLS_RSA_WITH_AES_256_CBC_SHA256, TLS_ECDH_ECDSA_WITH_AES_256_CBC_SHA384, TLS_ECDH_RSA_WITH_AES_256_CBC_SHA384, TLS_DHE_RSA_WITH_AES_256_CBC_SHA256, TLS_DHE_DSS_WITH_AES_256_CBC_SHA256, TLS_ECDHE_ECDSA_WITH_AES_256_CBC_SHA, TLS_ECDHE_RSA_WITH_AES_256_CBC_SHA, TLS_RSA_WITH_AES_256_CBC_SHA, TLS_ECDH_ECDSA_WITH_AES_256_CBC_SHA, TLS_ECDH_RSA_WITH_AES_256_CBC_SHA, TLS_DHE_RSA_WITH_AES_256_CBC_SHA, TLS_DHE_DSS_WITH_AES_256_CBC_SHA, TLS_ECDHE_ECDSA_WITH_AES_128_CBC_SHA256, TLS_ECDHE_RSA_WITH_AES_128_CBC_SHA256, TLS_RSA_WITH_AES_128_CBC_SHA256, TLS_ECDH_ECDSA_WITH_AES_128_CBC_SHA256, TLS_ECDH_RSA_WITH_AES_128_CBC_SHA256, TLS_DHE_RSA_WITH_AES_128_CBC_SHA256, TLS_DHE_DSS_WITH_AES_128_CBC_SHA256, TLS_ECDHE_ECDSA_WITH_AES_128_CBC_SHA, TLS_ECDHE_RSA_WITH_AES_128_CBC_SHA, TLS_RSA_WITH_AES_128_CBC_SHA, TLS_ECDH_ECDSA_WITH_AES_128_CBC_SHA, TLS_ECDH_RSA_WITH_AES_128_CBC_SHA, TLS_DHE_RSA_WITH_AES_128_CBC_SHA, TLS_DHE_DSS_WITH_AES_128_CBC_SHA, TLS_ECDHE_ECDSA_WITH_AES_256_GCM_SHA384, TLS_ECDHE_ECDSA_WITH_AES_128_GCM_SHA256, TLS_ECDHE_RSA_WITH_AES_256_GCM_SHA384, TLS_RSA_WITH_AES_256_GCM_SHA384, TLS_ECDH_ECDSA_WITH_AES_256_GCM_SHA384, TLS_ECDH_RSA_WITH_AES_256_GCM_SHA384, TLS_DHE_RSA_WITH_AES_256_GCM_SHA384, TLS_DHE_DSS_WITH_AES_256_GCM_SHA384, TLS_ECDHE_RSA_WITH_AES_128_GCM_SHA256, TLS_RSA_WITH_AES_128_GCM_SHA256, TLS_ECDH_ECDSA_WITH_AES_128_GCM_SHA256, TLS_ECDH_RSA_WITH_AES_128_GCM_SHA256, TLS_DHE_RSA_WITH_AES_128_GCM_SHA256, TLS_DHE_DSS_WITH_AES_128_GCM_SHA256, TLS_EMPTY_RENEGOTIATION_INFO_SCSV]
15:40:21.055 [ForkJoinPool-1-worker-3] DEBUG org.apache.http.conn.ssl.SSLConnectionSocketFactory - Starting handshake
15:40:21.062 [ForkJoinPool-1-worker-2] DEBUG org.apache.http.conn.ssl.SSLConnectionSocketFactory - Enabled protocols: [TLSv1, TLSv1.1, TLSv1.2]
15:40:21.062 [ForkJoinPool-1-worker-2] DEBUG org.apache.http.conn.ssl.SSLConnectionSocketFactory - Enabled cipher suites:[TLS_ECDHE_ECDSA_WITH_AES_256_CBC_SHA384, TLS_ECDHE_RSA_WITH_AES_256_CBC_SHA384, TLS_RSA_WITH_AES_256_CBC_SHA256, TLS_ECDH_ECDSA_WITH_AES_256_CBC_SHA384, TLS_ECDH_RSA_WITH_AES_256_CBC_SHA384, TLS_DHE_RSA_WITH_AES_256_CBC_SHA256, TLS_DHE_DSS_WITH_AES_256_CBC_SHA256, TLS_ECDHE_ECDSA_WITH_AES_256_CBC_SHA, TLS_ECDHE_RSA_WITH_AES_256_CBC_SHA, TLS_RSA_WITH_AES_256_CBC_SHA, TLS_ECDH_ECDSA_WITH_AES_256_CBC_SHA, TLS_ECDH_RSA_WITH_AES_256_CBC_SHA, TLS_DHE_RSA_WITH_AES_256_CBC_SHA, TLS_DHE_DSS_WITH_AES_256_CBC_SHA, TLS_ECDHE_ECDSA_WITH_AES_128_CBC_SHA256, TLS_ECDHE_RSA_WITH_AES_128_CBC_SHA256, TLS_RSA_WITH_AES_128_CBC_SHA256, TLS_ECDH_ECDSA_WITH_AES_128_CBC_SHA256, TLS_ECDH_RSA_WITH_AES_128_CBC_SHA256, TLS_DHE_RSA_WITH_AES_128_CBC_SHA256, TLS_DHE_DSS_WITH_AES_128_CBC_SHA256, TLS_ECDHE_ECDSA_WITH_AES_128_CBC_SHA, TLS_ECDHE_RSA_WITH_AES_128_CBC_SHA, TLS_RSA_WITH_AES_128_CBC_SHA, TLS_ECDH_ECDSA_WITH_AES_128_CBC_SHA, TLS_ECDH_RSA_WITH_AES_128_CBC_SHA, TLS_DHE_RSA_WITH_AES_128_CBC_SHA, TLS_DHE_DSS_WITH_AES_128_CBC_SHA, TLS_ECDHE_ECDSA_WITH_AES_256_GCM_SHA384, TLS_ECDHE_ECDSA_WITH_AES_128_GCM_SHA256, TLS_ECDHE_RSA_WITH_AES_256_GCM_SHA384, TLS_RSA_WITH_AES_256_GCM_SHA384, TLS_ECDH_ECDSA_WITH_AES_256_GCM_SHA384, TLS_ECDH_RSA_WITH_AES_256_GCM_SHA384, TLS_DHE_RSA_WITH_AES_256_GCM_SHA384, TLS_DHE_DSS_WITH_AES_256_GCM_SHA384, TLS_ECDHE_RSA_WITH_AES_128_GCM_SHA256, TLS_RSA_WITH_AES_128_GCM_SHA256, TLS_ECDH_ECDSA_WITH_AES_128_GCM_SHA256, TLS_ECDH_RSA_WITH_AES_128_GCM_SHA256, TLS_DHE_RSA_WITH_AES_128_GCM_SHA256, TLS_DHE_DSS_WITH_AES_128_GCM_SHA256, TLS_EMPTY_RENEGOTIATION_INFO_SCSV]
15:40:21.062 [ForkJoinPool-1-worker-2] DEBUG org.apache.http.conn.ssl.SSLConnectionSocketFactory - Starting handshake
15:40:21.083 [ForkJoinPool-1-worker-1] DEBUG org.apache.http.conn.ssl.SSLConnectionSocketFactory - Secure session established
15:40:21.083 [ForkJoinPool-1-worker-1] DEBUG org.apache.http.conn.ssl.SSLConnectionSocketFactory -  negotiated protocol: TLSv1.2
15:40:21.083 [ForkJoinPool-1-worker-1] DEBUG org.apache.http.conn.ssl.SSLConnectionSocketFactory -  negotiated cipher suite: TLS_ECDHE_RSA_WITH_AES_128_GCM_SHA256
15:40:21.083 [ForkJoinPool-1-worker-1] DEBUG org.apache.http.conn.ssl.SSLConnectionSocketFactory -  peer principal: CN=*.herokuapp.com, O="Heroku, Inc.", L=San Francisco, ST=California, C=US
15:40:21.083 [ForkJoinPool-1-worker-1] DEBUG org.apache.http.conn.ssl.SSLConnectionSocketFactory -  peer alternative names: [*.herokuapp.com, herokuapp.com]
15:40:21.083 [ForkJoinPool-1-worker-1] DEBUG org.apache.http.conn.ssl.SSLConnectionSocketFactory -  issuer principal: CN=DigiCert SHA2 High Assurance Server CA, OU=www.digicert.com, O=DigiCert Inc, C=US
15:40:21.084 [ForkJoinPool-1-worker-1] DEBUG org.apache.http.impl.conn.DefaultHttpClientConnectionOperator - Connection established 192.168.0.10:57470<->3.233.183.24:443
15:40:21.084 [ForkJoinPool-1-worker-1] DEBUG org.apache.http.impl.conn.DefaultManagedHttpClientConnection - http-outgoing-10: set socket timeout to 30000
15:40:21.084 [ForkJoinPool-1-worker-1] DEBUG org.apache.http.impl.execchain.MainClientExec - Executing request POST /users/ HTTP/1.1
15:40:21.084 [ForkJoinPool-1-worker-1] DEBUG org.apache.http.impl.execchain.MainClientExec - Target auth state: UNCHALLENGED
15:40:21.084 [ForkJoinPool-1-worker-1] DEBUG org.apache.http.impl.execchain.MainClientExec - Proxy auth state: UNCHALLENGED
15:40:21.084 [ForkJoinPool-1-worker-1] DEBUG org.apache.http.headers - http-outgoing-10 >> POST /users/ HTTP/1.1
15:40:21.084 [ForkJoinPool-1-worker-1] DEBUG org.apache.http.headers - http-outgoing-10 >> Content-Type: application/json; charset=UTF-8
15:40:21.084 [ForkJoinPool-1-worker-1] DEBUG org.apache.http.headers - http-outgoing-10 >> Content-Length: 109
15:40:21.084 [ForkJoinPool-1-worker-1] DEBUG org.apache.http.headers - http-outgoing-10 >> Host: nodejs-qa-training.herokuapp.com
15:40:21.084 [ForkJoinPool-1-worker-1] DEBUG org.apache.http.headers - http-outgoing-10 >> Connection: Keep-Alive
15:40:21.084 [ForkJoinPool-1-worker-1] DEBUG org.apache.http.headers - http-outgoing-10 >> User-Agent: Apache-HttpClient/4.5.5 (Java/1.8.0_191)
15:40:21.084 [ForkJoinPool-1-worker-1] DEBUG org.apache.http.headers - http-outgoing-10 >> Accept-Encoding: gzip,deflate
15:40:21.084 [ForkJoinPool-1-worker-1] DEBUG org.apache.http.wire - http-outgoing-10 >> "POST /users/ HTTP/1.1[\r][\n]"
15:40:21.084 [ForkJoinPool-1-worker-1] DEBUG org.apache.http.wire - http-outgoing-10 >> "Content-Type: application/json; charset=UTF-8[\r][\n]"
15:40:21.084 [ForkJoinPool-1-worker-1] DEBUG org.apache.http.wire - http-outgoing-10 >> "Content-Length: 109[\r][\n]"
15:40:21.084 [ForkJoinPool-1-worker-1] DEBUG org.apache.http.wire - http-outgoing-10 >> "Host: nodejs-qa-training.herokuapp.com[\r][\n]"
15:40:21.084 [ForkJoinPool-1-worker-1] DEBUG org.apache.http.wire - http-outgoing-10 >> "Connection: Keep-Alive[\r][\n]"
15:40:21.084 [ForkJoinPool-1-worker-1] DEBUG org.apache.http.wire - http-outgoing-10 >> "User-Agent: Apache-HttpClient/4.5.5 (Java/1.8.0_191)[\r][\n]"
15:40:21.084 [ForkJoinPool-1-worker-1] DEBUG org.apache.http.wire - http-outgoing-10 >> "Accept-Encoding: gzip,deflate[\r][\n]"
15:40:21.084 [ForkJoinPool-1-worker-1] DEBUG org.apache.http.wire - http-outgoing-10 >> "[\r][\n]"
15:40:21.084 [ForkJoinPool-1-worker-1] DEBUG org.apache.http.wire - http-outgoing-10 >> "{"email":"jose.bermudez@wolox.com.ar","password":"candidat","firstName":"Jose Antonio","lastName":"Bermudez"}"
15:40:21.165 [ForkJoinPool-1-worker-1] DEBUG org.apache.http.wire - http-outgoing-10 << "HTTP/1.1 422 Unprocessable Entity[\r][\n]"
15:40:21.165 [ForkJoinPool-1-worker-1] DEBUG org.apache.http.wire - http-outgoing-10 << "Server: Cowboy[\r][\n]"
15:40:21.165 [ForkJoinPool-1-worker-1] DEBUG org.apache.http.wire - http-outgoing-10 << "Connection: keep-alive[\r][\n]"
15:40:21.165 [ForkJoinPool-1-worker-1] DEBUG org.apache.http.wire - http-outgoing-10 << "X-Powered-By: Express[\r][\n]"
15:40:21.165 [ForkJoinPool-1-worker-1] DEBUG org.apache.http.wire - http-outgoing-10 << "Content-Type: application/json; charset=utf-8[\r][\n]"
15:40:21.165 [ForkJoinPool-1-worker-1] DEBUG org.apache.http.wire - http-outgoing-10 << "Content-Length: 115[\r][\n]"
15:40:21.165 [ForkJoinPool-1-worker-1] DEBUG org.apache.http.wire - http-outgoing-10 << "Etag: W/"73-c2/yBVoTChjNxdRl2v1qYDHpYjM"[\r][\n]"
15:40:21.165 [ForkJoinPool-1-worker-1] DEBUG org.apache.http.wire - http-outgoing-10 << "Date: Sun, 13 Sep 2020 20:40:22 GMT[\r][\n]"
15:40:21.165 [ForkJoinPool-1-worker-1] DEBUG org.apache.http.wire - http-outgoing-10 << "Via: 1.1 vegur[\r][\n]"
15:40:21.165 [ForkJoinPool-1-worker-1] DEBUG org.apache.http.wire - http-outgoing-10 << "[\r][\n]"
15:40:21.165 [ForkJoinPool-1-worker-1] DEBUG org.apache.http.wire - http-outgoing-10 << "{"errors":[{"code":"validation_error","message":"Password format invalid"}],"timestamp":"2020-09-13T20:40:22.378Z"}"
15:40:21.165 [ForkJoinPool-1-worker-1] DEBUG org.apache.http.headers - http-outgoing-10 << HTTP/1.1 422 Unprocessable Entity
15:40:21.165 [ForkJoinPool-1-worker-1] DEBUG org.apache.http.headers - http-outgoing-10 << Server: Cowboy
15:40:21.165 [ForkJoinPool-1-worker-1] DEBUG org.apache.http.headers - http-outgoing-10 << Connection: keep-alive
15:40:21.165 [ForkJoinPool-1-worker-1] DEBUG org.apache.http.headers - http-outgoing-10 << X-Powered-By: Express
15:40:21.165 [ForkJoinPool-1-worker-1] DEBUG org.apache.http.headers - http-outgoing-10 << Content-Type: application/json; charset=utf-8
15:40:21.165 [ForkJoinPool-1-worker-1] DEBUG org.apache.http.headers - http-outgoing-10 << Content-Length: 115
15:40:21.165 [ForkJoinPool-1-worker-1] DEBUG org.apache.http.headers - http-outgoing-10 << Etag: W/"73-c2/yBVoTChjNxdRl2v1qYDHpYjM"
15:40:21.165 [ForkJoinPool-1-worker-1] DEBUG org.apache.http.headers - http-outgoing-10 << Date: Sun, 13 Sep 2020 20:40:22 GMT
15:40:21.165 [ForkJoinPool-1-worker-1] DEBUG org.apache.http.headers - http-outgoing-10 << Via: 1.1 vegur
15:40:21.165 [ForkJoinPool-1-worker-1] DEBUG org.apache.http.impl.execchain.MainClientExec - Connection can be kept alive indefinitely
15:40:21.165 [ForkJoinPool-1-worker-1] DEBUG org.apache.http.impl.conn.PoolingHttpClientConnectionManager - Connection [id: 10][route: {s}->https://nodejs-qa-training.herokuapp.com:443] can be kept alive indefinitely
15:40:21.165 [ForkJoinPool-1-worker-1] DEBUG org.apache.http.impl.conn.DefaultManagedHttpClientConnection - http-outgoing-10: set socket timeout to 0
15:40:21.165 [ForkJoinPool-1-worker-1] DEBUG org.apache.http.impl.conn.PoolingHttpClientConnectionManager - Connection released: [id: 10][route: {s}->https://nodejs-qa-training.herokuapp.com:443][total kept alive: 1; route allocated: 1 of 5; total allocated: 1 of 10]
15:40:21.166 [ForkJoinPool-1-worker-1] DEBUG com.intuit.karate - response time in milliseconds: 353,16
1 < 422
1 < Connection: keep-alive
1 < Content-Length: 115
1 < Content-Type: application/json; charset=utf-8
1 < Date: Sun, 13 Sep 2020 20:40:22 GMT
1 < Etag: W/"73-c2/yBVoTChjNxdRl2v1qYDHpYjM"
1 < Server: Cowboy
1 < Via: 1.1 vegur
1 < X-Powered-By: Express
{"errors":[{"code":"validation_error","message":"Password format invalid"}],"timestamp":"2020-09-13T20:40:22.378Z"}

15:40:21.167 [ForkJoinPool-1-worker-1] DEBUG com.jayway.jsonpath.internal.path.CompiledPath - Evaluating path: $
15:40:21.167 [ForkJoinPool-1-worker-1] DEBUG com.jayway.jsonpath.internal.path.CompiledPath - Evaluating path: $
15:40:21.168 [ForkJoinPool-1-worker-1] DEBUG com.jayway.jsonpath.internal.path.CompiledPath - Evaluating path: $
15:40:21.168 [ForkJoinPool-1-worker-1] DEBUG com.jayway.jsonpath.internal.path.CompiledPath - Evaluating path: $
15:40:21.168 [ForkJoinPool-1-worker-1] INFO com.intuit.karate - [print] {
  "errors": [
    {
      "code": "validation_error",
      "message": "Password format invalid"
    }
  ],
  "timestamp": "2020-09-13T20:40:22.378Z"
}

15:40:21.171 [ForkJoinPool-1-worker-1] WARN com.intuit.karate - skipping bootstrap configuration: could not find or read file: classpath:karate-config.js
15:40:21.177 [ForkJoinPool-1-worker-1] INFO com.intuit.karate - scenario called at line: 8 by tag: @FlujoExitoso
15:40:21.181 [ForkJoinPool-1-worker-1] DEBUG com.jayway.jsonpath.internal.path.CompiledPath - Evaluating path: $
15:40:21.184 [ForkJoinPool-1-worker-1] DEBUG org.apache.http.client.protocol.RequestAddCookies - CookieSpec selected: karate
15:40:21.184 [ForkJoinPool-1-worker-1] DEBUG org.apache.http.client.protocol.RequestAuthCache - Auth cache not set in the context
15:40:21.184 [ForkJoinPool-1-worker-1] DEBUG com.intuit.karate - request:
1 > POST https://nodejs-qa-training.herokuapp.com/users/sessions
1 > Accept-Encoding: gzip,deflate
1 > Connection: Keep-Alive
1 > Content-Length: 62
1 > Content-Type: application/json; charset=UTF-8
1 > Host: nodejs-qa-training.herokuapp.com
1 > User-Agent: Apache-HttpClient/4.5.5 (Java/1.8.0_191)
{"email":"admin@wolox.com.ar","password":"candidatoWolox2020"}

15:40:21.184 [ForkJoinPool-1-worker-1] DEBUG org.apache.http.impl.conn.PoolingHttpClientConnectionManager - Connection request: [route: {s}->https://nodejs-qa-training.herokuapp.com:443][total kept alive: 0; route allocated: 0 of 5; total allocated: 0 of 10]
15:40:21.184 [ForkJoinPool-1-worker-1] DEBUG org.apache.http.impl.conn.PoolingHttpClientConnectionManager - Connection leased: [id: 13][route: {s}->https://nodejs-qa-training.herokuapp.com:443][total kept alive: 0; route allocated: 1 of 5; total allocated: 1 of 10]
15:40:21.184 [ForkJoinPool-1-worker-1] DEBUG org.apache.http.impl.execchain.MainClientExec - Opening connection {s}->https://nodejs-qa-training.herokuapp.com:443
15:40:21.184 [ForkJoinPool-1-worker-1] DEBUG org.apache.http.impl.conn.DefaultHttpClientConnectionOperator - Connecting to nodejs-qa-training.herokuapp.com/3.233.183.24:443
15:40:21.184 [ForkJoinPool-1-worker-1] DEBUG org.apache.http.conn.ssl.SSLConnectionSocketFactory - Connecting socket to nodejs-qa-training.herokuapp.com/3.233.183.24:443 with timeout 30000
15:40:21.231 [ForkJoinPool-1-worker-3] DEBUG org.apache.http.conn.ssl.SSLConnectionSocketFactory - Secure session established
15:40:21.231 [ForkJoinPool-1-worker-3] DEBUG org.apache.http.conn.ssl.SSLConnectionSocketFactory -  negotiated protocol: TLSv1.2
15:40:21.231 [ForkJoinPool-1-worker-3] DEBUG org.apache.http.conn.ssl.SSLConnectionSocketFactory -  negotiated cipher suite: TLS_ECDHE_RSA_WITH_AES_128_GCM_SHA256
15:40:21.231 [ForkJoinPool-1-worker-3] DEBUG org.apache.http.conn.ssl.SSLConnectionSocketFactory -  peer principal: CN=*.herokuapp.com, O="Heroku, Inc.", L=San Francisco, ST=California, C=US
15:40:21.231 [ForkJoinPool-1-worker-3] DEBUG org.apache.http.conn.ssl.SSLConnectionSocketFactory -  peer alternative names: [*.herokuapp.com, herokuapp.com]
15:40:21.231 [ForkJoinPool-1-worker-3] DEBUG org.apache.http.conn.ssl.SSLConnectionSocketFactory -  issuer principal: CN=DigiCert SHA2 High Assurance Server CA, OU=www.digicert.com, O=DigiCert Inc, C=US
15:40:21.231 [ForkJoinPool-1-worker-3] DEBUG org.apache.http.impl.conn.DefaultHttpClientConnectionOperator - Connection established 192.168.0.10:57471<->3.233.183.24:443
15:40:21.231 [ForkJoinPool-1-worker-3] DEBUG org.apache.http.impl.conn.DefaultManagedHttpClientConnection - http-outgoing-11: set socket timeout to 30000
15:40:21.232 [ForkJoinPool-1-worker-3] DEBUG org.apache.http.impl.execchain.MainClientExec - Executing request POST /users/sessions HTTP/1.1
15:40:21.232 [ForkJoinPool-1-worker-3] DEBUG org.apache.http.impl.execchain.MainClientExec - Target auth state: UNCHALLENGED
15:40:21.232 [ForkJoinPool-1-worker-3] DEBUG org.apache.http.impl.execchain.MainClientExec - Proxy auth state: UNCHALLENGED
15:40:21.232 [ForkJoinPool-1-worker-3] DEBUG org.apache.http.headers - http-outgoing-11 >> POST /users/sessions HTTP/1.1
15:40:21.232 [ForkJoinPool-1-worker-3] DEBUG org.apache.http.headers - http-outgoing-11 >> Content-Type: application/json; charset=UTF-8
15:40:21.232 [ForkJoinPool-1-worker-3] DEBUG org.apache.http.headers - http-outgoing-11 >> Content-Length: 62
15:40:21.232 [ForkJoinPool-1-worker-3] DEBUG org.apache.http.headers - http-outgoing-11 >> Host: nodejs-qa-training.herokuapp.com
15:40:21.232 [ForkJoinPool-1-worker-3] DEBUG org.apache.http.headers - http-outgoing-11 >> Connection: Keep-Alive
15:40:21.232 [ForkJoinPool-1-worker-3] DEBUG org.apache.http.headers - http-outgoing-11 >> User-Agent: Apache-HttpClient/4.5.5 (Java/1.8.0_191)
15:40:21.232 [ForkJoinPool-1-worker-3] DEBUG org.apache.http.headers - http-outgoing-11 >> Accept-Encoding: gzip,deflate
15:40:21.232 [ForkJoinPool-1-worker-3] DEBUG org.apache.http.wire - http-outgoing-11 >> "POST /users/sessions HTTP/1.1[\r][\n]"
15:40:21.232 [ForkJoinPool-1-worker-3] DEBUG org.apache.http.wire - http-outgoing-11 >> "Content-Type: application/json; charset=UTF-8[\r][\n]"
15:40:21.232 [ForkJoinPool-1-worker-3] DEBUG org.apache.http.wire - http-outgoing-11 >> "Content-Length: 62[\r][\n]"
15:40:21.232 [ForkJoinPool-1-worker-3] DEBUG org.apache.http.wire - http-outgoing-11 >> "Host: nodejs-qa-training.herokuapp.com[\r][\n]"
15:40:21.232 [ForkJoinPool-1-worker-3] DEBUG org.apache.http.wire - http-outgoing-11 >> "Connection: Keep-Alive[\r][\n]"
15:40:21.232 [ForkJoinPool-1-worker-3] DEBUG org.apache.http.wire - http-outgoing-11 >> "User-Agent: Apache-HttpClient/4.5.5 (Java/1.8.0_191)[\r][\n]"
15:40:21.232 [ForkJoinPool-1-worker-3] DEBUG org.apache.http.wire - http-outgoing-11 >> "Accept-Encoding: gzip,deflate[\r][\n]"
15:40:21.232 [ForkJoinPool-1-worker-3] DEBUG org.apache.http.wire - http-outgoing-11 >> "[\r][\n]"
15:40:21.232 [ForkJoinPool-1-worker-3] DEBUG org.apache.http.wire - http-outgoing-11 >> "{"email":"admin@wolox.com.ar","password":"candidatoWolox2020"}"
15:40:21.238 [ForkJoinPool-1-worker-2] DEBUG org.apache.http.conn.ssl.SSLConnectionSocketFactory - Secure session established
15:40:21.238 [ForkJoinPool-1-worker-2] DEBUG org.apache.http.conn.ssl.SSLConnectionSocketFactory -  negotiated protocol: TLSv1.2
15:40:21.238 [ForkJoinPool-1-worker-2] DEBUG org.apache.http.conn.ssl.SSLConnectionSocketFactory -  negotiated cipher suite: TLS_ECDHE_RSA_WITH_AES_128_GCM_SHA256
15:40:21.238 [ForkJoinPool-1-worker-2] DEBUG org.apache.http.conn.ssl.SSLConnectionSocketFactory -  peer principal: CN=*.herokuapp.com, O="Heroku, Inc.", L=San Francisco, ST=California, C=US
15:40:21.238 [ForkJoinPool-1-worker-2] DEBUG org.apache.http.conn.ssl.SSLConnectionSocketFactory -  peer alternative names: [*.herokuapp.com, herokuapp.com]
15:40:21.238 [ForkJoinPool-1-worker-2] DEBUG org.apache.http.conn.ssl.SSLConnectionSocketFactory -  issuer principal: CN=DigiCert SHA2 High Assurance Server CA, OU=www.digicert.com, O=DigiCert Inc, C=US
15:40:21.238 [ForkJoinPool-1-worker-2] DEBUG org.apache.http.impl.conn.DefaultHttpClientConnectionOperator - Connection established 192.168.0.10:57472<->3.233.183.24:443
15:40:21.238 [ForkJoinPool-1-worker-2] DEBUG org.apache.http.impl.conn.DefaultManagedHttpClientConnection - http-outgoing-12: set socket timeout to 30000
15:40:21.238 [ForkJoinPool-1-worker-2] DEBUG org.apache.http.impl.execchain.MainClientExec - Executing request POST /users/ HTTP/1.1
15:40:21.238 [ForkJoinPool-1-worker-2] DEBUG org.apache.http.impl.execchain.MainClientExec - Target auth state: UNCHALLENGED
15:40:21.238 [ForkJoinPool-1-worker-2] DEBUG org.apache.http.impl.execchain.MainClientExec - Proxy auth state: UNCHALLENGED
15:40:21.238 [ForkJoinPool-1-worker-2] DEBUG org.apache.http.headers - http-outgoing-12 >> POST /users/ HTTP/1.1
15:40:21.239 [ForkJoinPool-1-worker-2] DEBUG org.apache.http.headers - http-outgoing-12 >> Content-Type: application/json; charset=UTF-8
15:40:21.239 [ForkJoinPool-1-worker-2] DEBUG org.apache.http.headers - http-outgoing-12 >> Content-Length: 115
15:40:21.239 [ForkJoinPool-1-worker-2] DEBUG org.apache.http.headers - http-outgoing-12 >> Host: nodejs-qa-training.herokuapp.com
15:40:21.239 [ForkJoinPool-1-worker-2] DEBUG org.apache.http.headers - http-outgoing-12 >> Connection: Keep-Alive
15:40:21.239 [ForkJoinPool-1-worker-2] DEBUG org.apache.http.headers - http-outgoing-12 >> User-Agent: Apache-HttpClient/4.5.5 (Java/1.8.0_191)
15:40:21.239 [ForkJoinPool-1-worker-2] DEBUG org.apache.http.headers - http-outgoing-12 >> Accept-Encoding: gzip,deflate
15:40:21.239 [ForkJoinPool-1-worker-2] DEBUG org.apache.http.wire - http-outgoing-12 >> "POST /users/ HTTP/1.1[\r][\n]"
15:40:21.239 [ForkJoinPool-1-worker-2] DEBUG org.apache.http.wire - http-outgoing-12 >> "Content-Type: application/json; charset=UTF-8[\r][\n]"
15:40:21.239 [ForkJoinPool-1-worker-2] DEBUG org.apache.http.wire - http-outgoing-12 >> "Content-Length: 115[\r][\n]"
15:40:21.239 [ForkJoinPool-1-worker-2] DEBUG org.apache.http.wire - http-outgoing-12 >> "Host: nodejs-qa-training.herokuapp.com[\r][\n]"
15:40:21.239 [ForkJoinPool-1-worker-2] DEBUG org.apache.http.wire - http-outgoing-12 >> "Connection: Keep-Alive[\r][\n]"
15:40:21.239 [ForkJoinPool-1-worker-2] DEBUG org.apache.http.wire - http-outgoing-12 >> "User-Agent: Apache-HttpClient/4.5.5 (Java/1.8.0_191)[\r][\n]"
15:40:21.239 [ForkJoinPool-1-worker-2] DEBUG org.apache.http.wire - http-outgoing-12 >> "Accept-Encoding: gzip,deflate[\r][\n]"
15:40:21.239 [ForkJoinPool-1-worker-2] DEBUG org.apache.http.wire - http-outgoing-12 >> "[\r][\n]"
15:40:21.239 [ForkJoinPool-1-worker-2] DEBUG org.apache.http.wire - http-outgoing-12 >> "{"email":"jose.bermudez@wolox.com.ar","password":"candidatoWolox","firstName":"Jose Antonio","lastName":"Bermudez"}"
15:40:21.265 [ForkJoinPool-1-worker-1] DEBUG org.apache.http.conn.ssl.SSLConnectionSocketFactory - Enabled protocols: [TLSv1, TLSv1.1, TLSv1.2]
15:40:21.265 [ForkJoinPool-1-worker-1] DEBUG org.apache.http.conn.ssl.SSLConnectionSocketFactory - Enabled cipher suites:[TLS_ECDHE_ECDSA_WITH_AES_256_CBC_SHA384, TLS_ECDHE_RSA_WITH_AES_256_CBC_SHA384, TLS_RSA_WITH_AES_256_CBC_SHA256, TLS_ECDH_ECDSA_WITH_AES_256_CBC_SHA384, TLS_ECDH_RSA_WITH_AES_256_CBC_SHA384, TLS_DHE_RSA_WITH_AES_256_CBC_SHA256, TLS_DHE_DSS_WITH_AES_256_CBC_SHA256, TLS_ECDHE_ECDSA_WITH_AES_256_CBC_SHA, TLS_ECDHE_RSA_WITH_AES_256_CBC_SHA, TLS_RSA_WITH_AES_256_CBC_SHA, TLS_ECDH_ECDSA_WITH_AES_256_CBC_SHA, TLS_ECDH_RSA_WITH_AES_256_CBC_SHA, TLS_DHE_RSA_WITH_AES_256_CBC_SHA, TLS_DHE_DSS_WITH_AES_256_CBC_SHA, TLS_ECDHE_ECDSA_WITH_AES_128_CBC_SHA256, TLS_ECDHE_RSA_WITH_AES_128_CBC_SHA256, TLS_RSA_WITH_AES_128_CBC_SHA256, TLS_ECDH_ECDSA_WITH_AES_128_CBC_SHA256, TLS_ECDH_RSA_WITH_AES_128_CBC_SHA256, TLS_DHE_RSA_WITH_AES_128_CBC_SHA256, TLS_DHE_DSS_WITH_AES_128_CBC_SHA256, TLS_ECDHE_ECDSA_WITH_AES_128_CBC_SHA, TLS_ECDHE_RSA_WITH_AES_128_CBC_SHA, TLS_RSA_WITH_AES_128_CBC_SHA, TLS_ECDH_ECDSA_WITH_AES_128_CBC_SHA, TLS_ECDH_RSA_WITH_AES_128_CBC_SHA, TLS_DHE_RSA_WITH_AES_128_CBC_SHA, TLS_DHE_DSS_WITH_AES_128_CBC_SHA, TLS_ECDHE_ECDSA_WITH_AES_256_GCM_SHA384, TLS_ECDHE_ECDSA_WITH_AES_128_GCM_SHA256, TLS_ECDHE_RSA_WITH_AES_256_GCM_SHA384, TLS_RSA_WITH_AES_256_GCM_SHA384, TLS_ECDH_ECDSA_WITH_AES_256_GCM_SHA384, TLS_ECDH_RSA_WITH_AES_256_GCM_SHA384, TLS_DHE_RSA_WITH_AES_256_GCM_SHA384, TLS_DHE_DSS_WITH_AES_256_GCM_SHA384, TLS_ECDHE_RSA_WITH_AES_128_GCM_SHA256, TLS_RSA_WITH_AES_128_GCM_SHA256, TLS_ECDH_ECDSA_WITH_AES_128_GCM_SHA256, TLS_ECDH_RSA_WITH_AES_128_GCM_SHA256, TLS_DHE_RSA_WITH_AES_128_GCM_SHA256, TLS_DHE_DSS_WITH_AES_128_GCM_SHA256, TLS_EMPTY_RENEGOTIATION_INFO_SCSV]
15:40:21.265 [ForkJoinPool-1-worker-1] DEBUG org.apache.http.conn.ssl.SSLConnectionSocketFactory - Starting handshake
15:40:21.435 [ForkJoinPool-1-worker-1] DEBUG org.apache.http.conn.ssl.SSLConnectionSocketFactory - Secure session established
15:40:21.435 [ForkJoinPool-1-worker-1] DEBUG org.apache.http.conn.ssl.SSLConnectionSocketFactory -  negotiated protocol: TLSv1.2
15:40:21.435 [ForkJoinPool-1-worker-1] DEBUG org.apache.http.conn.ssl.SSLConnectionSocketFactory -  negotiated cipher suite: TLS_ECDHE_RSA_WITH_AES_128_GCM_SHA256
15:40:21.435 [ForkJoinPool-1-worker-1] DEBUG org.apache.http.conn.ssl.SSLConnectionSocketFactory -  peer principal: CN=*.herokuapp.com, O="Heroku, Inc.", L=San Francisco, ST=California, C=US
15:40:21.435 [ForkJoinPool-1-worker-1] DEBUG org.apache.http.conn.ssl.SSLConnectionSocketFactory -  peer alternative names: [*.herokuapp.com, herokuapp.com]
15:40:21.435 [ForkJoinPool-1-worker-1] DEBUG org.apache.http.conn.ssl.SSLConnectionSocketFactory -  issuer principal: CN=DigiCert SHA2 High Assurance Server CA, OU=www.digicert.com, O=DigiCert Inc, C=US
15:40:21.435 [ForkJoinPool-1-worker-1] DEBUG org.apache.http.impl.conn.DefaultHttpClientConnectionOperator - Connection established 192.168.0.10:57473<->3.233.183.24:443
15:40:21.435 [ForkJoinPool-1-worker-1] DEBUG org.apache.http.impl.conn.DefaultManagedHttpClientConnection - http-outgoing-13: set socket timeout to 30000
15:40:21.435 [ForkJoinPool-1-worker-1] DEBUG org.apache.http.impl.execchain.MainClientExec - Executing request POST /users/sessions HTTP/1.1
15:40:21.435 [ForkJoinPool-1-worker-1] DEBUG org.apache.http.impl.execchain.MainClientExec - Target auth state: UNCHALLENGED
15:40:21.435 [ForkJoinPool-1-worker-1] DEBUG org.apache.http.impl.execchain.MainClientExec - Proxy auth state: UNCHALLENGED
15:40:21.435 [ForkJoinPool-1-worker-1] DEBUG org.apache.http.headers - http-outgoing-13 >> POST /users/sessions HTTP/1.1
15:40:21.435 [ForkJoinPool-1-worker-1] DEBUG org.apache.http.headers - http-outgoing-13 >> Content-Type: application/json; charset=UTF-8
15:40:21.435 [ForkJoinPool-1-worker-1] DEBUG org.apache.http.headers - http-outgoing-13 >> Content-Length: 62
15:40:21.435 [ForkJoinPool-1-worker-1] DEBUG org.apache.http.headers - http-outgoing-13 >> Host: nodejs-qa-training.herokuapp.com
15:40:21.435 [ForkJoinPool-1-worker-1] DEBUG org.apache.http.headers - http-outgoing-13 >> Connection: Keep-Alive
15:40:21.436 [ForkJoinPool-1-worker-1] DEBUG org.apache.http.headers - http-outgoing-13 >> User-Agent: Apache-HttpClient/4.5.5 (Java/1.8.0_191)
15:40:21.436 [ForkJoinPool-1-worker-1] DEBUG org.apache.http.headers - http-outgoing-13 >> Accept-Encoding: gzip,deflate
15:40:21.436 [ForkJoinPool-1-worker-1] DEBUG org.apache.http.wire - http-outgoing-13 >> "POST /users/sessions HTTP/1.1[\r][\n]"
15:40:21.436 [ForkJoinPool-1-worker-1] DEBUG org.apache.http.wire - http-outgoing-13 >> "Content-Type: application/json; charset=UTF-8[\r][\n]"
15:40:21.436 [ForkJoinPool-1-worker-1] DEBUG org.apache.http.wire - http-outgoing-13 >> "Content-Length: 62[\r][\n]"
15:40:21.436 [ForkJoinPool-1-worker-1] DEBUG org.apache.http.wire - http-outgoing-13 >> "Host: nodejs-qa-training.herokuapp.com[\r][\n]"
15:40:21.436 [ForkJoinPool-1-worker-1] DEBUG org.apache.http.wire - http-outgoing-13 >> "Connection: Keep-Alive[\r][\n]"
15:40:21.436 [ForkJoinPool-1-worker-1] DEBUG org.apache.http.wire - http-outgoing-13 >> "User-Agent: Apache-HttpClient/4.5.5 (Java/1.8.0_191)[\r][\n]"
15:40:21.436 [ForkJoinPool-1-worker-1] DEBUG org.apache.http.wire - http-outgoing-13 >> "Accept-Encoding: gzip,deflate[\r][\n]"
15:40:21.436 [ForkJoinPool-1-worker-1] DEBUG org.apache.http.wire - http-outgoing-13 >> "[\r][\n]"
15:40:21.436 [ForkJoinPool-1-worker-1] DEBUG org.apache.http.wire - http-outgoing-13 >> "{"email":"admin@wolox.com.ar","password":"candidatoWolox2020"}"
15:40:21.464 [ForkJoinPool-1-worker-3] DEBUG org.apache.http.wire - http-outgoing-11 << "HTTP/1.1 200 OK[\r][\n]"
15:40:21.464 [ForkJoinPool-1-worker-2] DEBUG org.apache.http.wire - http-outgoing-12 << "HTTP/1.1 422 Unprocessable Entity[\r][\n]"
15:40:21.464 [ForkJoinPool-1-worker-3] DEBUG org.apache.http.wire - http-outgoing-11 << "Server: Cowboy[\r][\n]"
15:40:21.464 [ForkJoinPool-1-worker-2] DEBUG org.apache.http.wire - http-outgoing-12 << "Server: Cowboy[\r][\n]"
15:40:21.464 [ForkJoinPool-1-worker-3] DEBUG org.apache.http.wire - http-outgoing-11 << "Connection: keep-alive[\r][\n]"
15:40:21.464 [ForkJoinPool-1-worker-2] DEBUG org.apache.http.wire - http-outgoing-12 << "Connection: keep-alive[\r][\n]"
15:40:21.465 [ForkJoinPool-1-worker-3] DEBUG org.apache.http.wire - http-outgoing-11 << "X-Powered-By: Express[\r][\n]"
15:40:21.465 [ForkJoinPool-1-worker-2] DEBUG org.apache.http.wire - http-outgoing-12 << "X-Powered-By: Express[\r][\n]"
15:40:21.465 [ForkJoinPool-1-worker-3] DEBUG org.apache.http.wire - http-outgoing-11 << "Authorization: eyJ0eXAiOiJKV1QiLCJhbGciOiJIUzI1NiJ9.eyJ1c2VySWQiOjE0Niwicm9sZSI6ImFkbWluIiwiaWF0IjoxNjAwMDI5NjIyLjY3OCwiZXhwIjoxNjAwMDMxNDIyLjY3OH0.IabzNfht1sVJhbTXq0ZsMN9Zb65enWdiNf05UpxC-h8[\r][\n]"
15:40:21.465 [ForkJoinPool-1-worker-2] DEBUG org.apache.http.wire - http-outgoing-12 << "Content-Type: application/json; charset=utf-8[\r][\n]"
15:40:21.465 [ForkJoinPool-1-worker-3] DEBUG org.apache.http.wire - http-outgoing-11 << "Content-Type: application/json; charset=utf-8[\r][\n]"
15:40:21.465 [ForkJoinPool-1-worker-2] DEBUG org.apache.http.wire - http-outgoing-12 << "Content-Length: 115[\r][\n]"
15:40:21.465 [ForkJoinPool-1-worker-3] DEBUG org.apache.http.wire - http-outgoing-11 << "Content-Length: 51[\r][\n]"
15:40:21.465 [ForkJoinPool-1-worker-2] DEBUG org.apache.http.wire - http-outgoing-12 << "Etag: W/"73-MgTvGRIZmx8rbtJlClBkf5kq784"[\r][\n]"
15:40:21.465 [ForkJoinPool-1-worker-3] DEBUG org.apache.http.wire - http-outgoing-11 << "Etag: W/"33-Ahe255ovwlqT3wa+/HNiVkn6FU4"[\r][\n]"
15:40:21.465 [ForkJoinPool-1-worker-2] DEBUG org.apache.http.wire - http-outgoing-12 << "Date: Sun, 13 Sep 2020 20:40:22 GMT[\r][\n]"
15:40:21.465 [ForkJoinPool-1-worker-3] DEBUG org.apache.http.wire - http-outgoing-11 << "Date: Sun, 13 Sep 2020 20:40:22 GMT[\r][\n]"
15:40:21.465 [ForkJoinPool-1-worker-2] DEBUG org.apache.http.wire - http-outgoing-12 << "Via: 1.1 vegur[\r][\n]"
15:40:21.465 [ForkJoinPool-1-worker-3] DEBUG org.apache.http.wire - http-outgoing-11 << "Via: 1.1 vegur[\r][\n]"
15:40:21.465 [ForkJoinPool-1-worker-2] DEBUG org.apache.http.wire - http-outgoing-12 << "[\r][\n]"
15:40:21.465 [ForkJoinPool-1-worker-3] DEBUG org.apache.http.wire - http-outgoing-11 << "[\r][\n]"
15:40:21.465 [ForkJoinPool-1-worker-2] DEBUG org.apache.http.wire - http-outgoing-12 << "{"errors":[{"code":"validation_error","message":"Password format invalid"}],"timestamp":"2020-09-13T20:40:22.676Z"}"
15:40:21.465 [ForkJoinPool-1-worker-3] DEBUG org.apache.http.wire - http-outgoing-11 << "{"user_id":146,"token_expires_at":"1600031422.678"}"
15:40:21.465 [ForkJoinPool-1-worker-2] DEBUG org.apache.http.headers - http-outgoing-12 << HTTP/1.1 422 Unprocessable Entity
15:40:21.465 [ForkJoinPool-1-worker-3] DEBUG org.apache.http.headers - http-outgoing-11 << HTTP/1.1 200 OK
15:40:21.465 [ForkJoinPool-1-worker-2] DEBUG org.apache.http.headers - http-outgoing-12 << Server: Cowboy
15:40:21.465 [ForkJoinPool-1-worker-3] DEBUG org.apache.http.headers - http-outgoing-11 << Server: Cowboy
15:40:21.465 [ForkJoinPool-1-worker-2] DEBUG org.apache.http.headers - http-outgoing-12 << Connection: keep-alive
15:40:21.465 [ForkJoinPool-1-worker-3] DEBUG org.apache.http.headers - http-outgoing-11 << Connection: keep-alive
15:40:21.465 [ForkJoinPool-1-worker-2] DEBUG org.apache.http.headers - http-outgoing-12 << X-Powered-By: Express
15:40:21.465 [ForkJoinPool-1-worker-3] DEBUG org.apache.http.headers - http-outgoing-11 << X-Powered-By: Express
15:40:21.465 [ForkJoinPool-1-worker-2] DEBUG org.apache.http.headers - http-outgoing-12 << Content-Type: application/json; charset=utf-8
15:40:21.465 [ForkJoinPool-1-worker-3] DEBUG org.apache.http.headers - http-outgoing-11 << Authorization: eyJ0eXAiOiJKV1QiLCJhbGciOiJIUzI1NiJ9.eyJ1c2VySWQiOjE0Niwicm9sZSI6ImFkbWluIiwiaWF0IjoxNjAwMDI5NjIyLjY3OCwiZXhwIjoxNjAwMDMxNDIyLjY3OH0.IabzNfht1sVJhbTXq0ZsMN9Zb65enWdiNf05UpxC-h8
15:40:21.465 [ForkJoinPool-1-worker-3] DEBUG org.apache.http.headers - http-outgoing-11 << Content-Type: application/json; charset=utf-8
15:40:21.465 [ForkJoinPool-1-worker-2] DEBUG org.apache.http.headers - http-outgoing-12 << Content-Length: 115
15:40:21.465 [ForkJoinPool-1-worker-3] DEBUG org.apache.http.headers - http-outgoing-11 << Content-Length: 51
15:40:21.465 [ForkJoinPool-1-worker-2] DEBUG org.apache.http.headers - http-outgoing-12 << Etag: W/"73-MgTvGRIZmx8rbtJlClBkf5kq784"
15:40:21.465 [ForkJoinPool-1-worker-3] DEBUG org.apache.http.headers - http-outgoing-11 << Etag: W/"33-Ahe255ovwlqT3wa+/HNiVkn6FU4"
15:40:21.465 [ForkJoinPool-1-worker-2] DEBUG org.apache.http.headers - http-outgoing-12 << Date: Sun, 13 Sep 2020 20:40:22 GMT
15:40:21.465 [ForkJoinPool-1-worker-3] DEBUG org.apache.http.headers - http-outgoing-11 << Date: Sun, 13 Sep 2020 20:40:22 GMT
15:40:21.465 [ForkJoinPool-1-worker-2] DEBUG org.apache.http.headers - http-outgoing-12 << Via: 1.1 vegur
15:40:21.465 [ForkJoinPool-1-worker-3] DEBUG org.apache.http.headers - http-outgoing-11 << Via: 1.1 vegur
15:40:21.465 [ForkJoinPool-1-worker-2] DEBUG org.apache.http.impl.execchain.MainClientExec - Connection can be kept alive indefinitely
15:40:21.465 [ForkJoinPool-1-worker-3] DEBUG org.apache.http.impl.execchain.MainClientExec - Connection can be kept alive indefinitely
15:40:21.466 [ForkJoinPool-1-worker-2] DEBUG org.apache.http.impl.conn.PoolingHttpClientConnectionManager - Connection [id: 12][route: {s}->https://nodejs-qa-training.herokuapp.com:443] can be kept alive indefinitely
15:40:21.466 [ForkJoinPool-1-worker-2] DEBUG org.apache.http.impl.conn.DefaultManagedHttpClientConnection - http-outgoing-12: set socket timeout to 0
15:40:21.466 [ForkJoinPool-1-worker-3] DEBUG org.apache.http.impl.conn.PoolingHttpClientConnectionManager - Connection [id: 11][route: {s}->https://nodejs-qa-training.herokuapp.com:443] can be kept alive indefinitely
15:40:21.466 [ForkJoinPool-1-worker-3] DEBUG org.apache.http.impl.conn.DefaultManagedHttpClientConnection - http-outgoing-11: set socket timeout to 0
15:40:21.466 [ForkJoinPool-1-worker-2] DEBUG org.apache.http.impl.conn.PoolingHttpClientConnectionManager - Connection released: [id: 12][route: {s}->https://nodejs-qa-training.herokuapp.com:443][total kept alive: 1; route allocated: 1 of 5; total allocated: 1 of 10]
15:40:21.466 [ForkJoinPool-1-worker-3] DEBUG org.apache.http.impl.conn.PoolingHttpClientConnectionManager - Connection released: [id: 11][route: {s}->https://nodejs-qa-training.herokuapp.com:443][total kept alive: 1; route allocated: 1 of 5; total allocated: 1 of 10]
15:40:21.466 [ForkJoinPool-1-worker-2] DEBUG com.intuit.karate - response time in milliseconds: 487,92
1 < 422
1 < Connection: keep-alive
1 < Content-Length: 115
1 < Content-Type: application/json; charset=utf-8
1 < Date: Sun, 13 Sep 2020 20:40:22 GMT
1 < Etag: W/"73-MgTvGRIZmx8rbtJlClBkf5kq784"
1 < Server: Cowboy
1 < Via: 1.1 vegur
1 < X-Powered-By: Express
{"errors":[{"code":"validation_error","message":"Password format invalid"}],"timestamp":"2020-09-13T20:40:22.676Z"}

15:40:21.466 [ForkJoinPool-1-worker-3] DEBUG com.intuit.karate - response time in milliseconds: 494,19
1 < 200
1 < Authorization: eyJ0eXAiOiJKV1QiLCJhbGciOiJIUzI1NiJ9.eyJ1c2VySWQiOjE0Niwicm9sZSI6ImFkbWluIiwiaWF0IjoxNjAwMDI5NjIyLjY3OCwiZXhwIjoxNjAwMDMxNDIyLjY3OH0.IabzNfht1sVJhbTXq0ZsMN9Zb65enWdiNf05UpxC-h8
1 < Connection: keep-alive
1 < Content-Length: 51
1 < Content-Type: application/json; charset=utf-8
1 < Date: Sun, 13 Sep 2020 20:40:22 GMT
1 < Etag: W/"33-Ahe255ovwlqT3wa+/HNiVkn6FU4"
1 < Server: Cowboy
1 < Via: 1.1 vegur
1 < X-Powered-By: Express
{"user_id":146,"token_expires_at":"1600031422.678"}

15:40:21.468 [ForkJoinPool-1-worker-2] DEBUG com.jayway.jsonpath.internal.path.CompiledPath - Evaluating path: $
15:40:21.468 [ForkJoinPool-1-worker-3] DEBUG com.jayway.jsonpath.internal.path.CompiledPath - Evaluating path: $
15:40:21.469 [ForkJoinPool-1-worker-2] DEBUG com.jayway.jsonpath.internal.path.CompiledPath - Evaluating path: $
15:40:21.469 [ForkJoinPool-1-worker-3] DEBUG com.jayway.jsonpath.internal.path.CompiledPath - Evaluating path: $
15:40:21.469 [ForkJoinPool-1-worker-2] DEBUG com.jayway.jsonpath.internal.path.CompiledPath - Evaluating path: $
15:40:21.469 [ForkJoinPool-1-worker-3] DEBUG com.jayway.jsonpath.internal.path.CompiledPath - Evaluating path: $
15:40:21.469 [ForkJoinPool-1-worker-2] DEBUG com.jayway.jsonpath.internal.path.CompiledPath - Evaluating path: $
15:40:21.469 [ForkJoinPool-1-worker-2] INFO com.intuit.karate - [print] {
  "errors": [
    {
      "code": "validation_error",
      "message": "Password format invalid"
    }
  ],
  "timestamp": "2020-09-13T20:40:22.676Z"
}

15:40:21.471 [ForkJoinPool-1-worker-3] DEBUG com.jayway.jsonpath.internal.path.CompiledPath - Evaluating path: $
15:40:21.471 [ForkJoinPool-1-worker-3] DEBUG com.jayway.jsonpath.internal.path.CompiledPath - Evaluating path: $
15:40:21.472 [ForkJoinPool-1-worker-3] DEBUG com.jayway.jsonpath.internal.path.CompiledPath - Evaluating path: $
15:40:21.472 [ForkJoinPool-1-worker-3] DEBUG com.jayway.jsonpath.internal.path.CompiledPath - Evaluating path: $
15:40:21.472 [ForkJoinPool-1-worker-3] INFO com.intuit.karate - [print] {
  "user_id": 146,
  "token_expires_at": "1600031422.678"
}

15:40:21.483 [pool-1-thread-3] INFO com.intuit.karate.Runner - <<pass>> feature 3 of 8: src/test/resources/features/Registro.feature
---------------------------------------------------------
feature: src/test/resources/features/Registro.feature
report: target\surefire-reports\src.test.resources.features.Registro.json
scenarios:  4 | passed:  4 | failed:  0 | time: 3,0525
---------------------------------------------------------
15:40:21.485 [ForkJoinPool-1-worker-3] DEBUG org.apache.http.client.protocol.RequestAddCookies - CookieSpec selected: karate
15:40:21.485 [ForkJoinPool-1-worker-3] DEBUG org.apache.http.client.protocol.RequestAuthCache - Auth cache not set in the context
15:40:21.485 [ForkJoinPool-1-worker-3] DEBUG com.intuit.karate - request:
1 > GET https://nodejs-qa-training.herokuapp.com/users
1 > Accept-Encoding: gzip,deflate
1 > Authorization: eyJ0eXAiOiJKV1QiLCJhbGciOiJIUzI1NiJ9.eyJ1c2VySWQiOjE0Niwicm9sZSI6ImFkbWluIiwiaWF0IjoxNjAwMDI5NjIyLjY3OCwiZXhwIjoxNjAwMDMxNDIyLjY3OH0.IabzNfht1sVJhbTXq0ZsMN9Zb65enWdiNf05UpxC-h8
1 > Connection: Keep-Alive
1 > Host: nodejs-qa-training.herokuapp.com
1 > User-Agent: Apache-HttpClient/4.5.5 (Java/1.8.0_191)

15:40:21.485 [ForkJoinPool-1-worker-3] DEBUG org.apache.http.impl.conn.PoolingHttpClientConnectionManager - Connection request: [route: {s}->https://nodejs-qa-training.herokuapp.com:443][total kept alive: 0; route allocated: 0 of 5; total allocated: 0 of 10]
15:40:21.486 [ForkJoinPool-1-worker-3] DEBUG org.apache.http.impl.conn.PoolingHttpClientConnectionManager - Connection leased: [id: 14][route: {s}->https://nodejs-qa-training.herokuapp.com:443][total kept alive: 0; route allocated: 1 of 5; total allocated: 1 of 10]
15:40:21.486 [ForkJoinPool-1-worker-3] DEBUG org.apache.http.impl.execchain.MainClientExec - Opening connection {s}->https://nodejs-qa-training.herokuapp.com:443
15:40:21.486 [ForkJoinPool-1-worker-3] DEBUG org.apache.http.impl.conn.DefaultHttpClientConnectionOperator - Connecting to nodejs-qa-training.herokuapp.com/3.233.183.24:443
15:40:21.486 [ForkJoinPool-1-worker-3] DEBUG org.apache.http.conn.ssl.SSLConnectionSocketFactory - Connecting socket to nodejs-qa-training.herokuapp.com/3.233.183.24:443 with timeout 30000
15:40:21.492 [ForkJoinPool-1-worker-2] WARN com.intuit.karate - skipping bootstrap configuration: could not find or read file: classpath:karate-config.js
15:40:21.499 [ForkJoinPool-1-worker-2] INFO com.intuit.karate - scenario called at line: 8 by tag: @FlujoExitoso
15:40:21.502 [ForkJoinPool-1-worker-2] DEBUG com.jayway.jsonpath.internal.path.CompiledPath - Evaluating path: $
15:40:21.505 [ForkJoinPool-1-worker-2] DEBUG org.apache.http.client.protocol.RequestAddCookies - CookieSpec selected: karate
15:40:21.505 [ForkJoinPool-1-worker-2] DEBUG org.apache.http.client.protocol.RequestAuthCache - Auth cache not set in the context
15:40:21.505 [ForkJoinPool-1-worker-2] DEBUG com.intuit.karate - request:
1 > POST https://nodejs-qa-training.herokuapp.com/users/sessions
1 > Accept-Encoding: gzip,deflate
1 > Connection: Keep-Alive
1 > Content-Length: 62
1 > Content-Type: application/json; charset=UTF-8
1 > Host: nodejs-qa-training.herokuapp.com
1 > User-Agent: Apache-HttpClient/4.5.5 (Java/1.8.0_191)
{"email":"admin@wolox.com.ar","password":"candidatoWolox2020"}

15:40:21.505 [ForkJoinPool-1-worker-2] DEBUG org.apache.http.impl.conn.PoolingHttpClientConnectionManager - Connection request: [route: {s}->https://nodejs-qa-training.herokuapp.com:443][total kept alive: 0; route allocated: 0 of 5; total allocated: 0 of 10]
15:40:21.505 [ForkJoinPool-1-worker-2] DEBUG org.apache.http.impl.conn.PoolingHttpClientConnectionManager - Connection leased: [id: 15][route: {s}->https://nodejs-qa-training.herokuapp.com:443][total kept alive: 0; route allocated: 1 of 5; total allocated: 1 of 10]
15:40:21.505 [ForkJoinPool-1-worker-2] DEBUG org.apache.http.impl.execchain.MainClientExec - Opening connection {s}->https://nodejs-qa-training.herokuapp.com:443
15:40:21.505 [ForkJoinPool-1-worker-2] DEBUG org.apache.http.impl.conn.DefaultHttpClientConnectionOperator - Connecting to nodejs-qa-training.herokuapp.com/3.233.183.24:443
15:40:21.505 [ForkJoinPool-1-worker-2] DEBUG org.apache.http.conn.ssl.SSLConnectionSocketFactory - Connecting socket to nodejs-qa-training.herokuapp.com/3.233.183.24:443 with timeout 30000
15:40:21.573 [ForkJoinPool-1-worker-3] DEBUG org.apache.http.conn.ssl.SSLConnectionSocketFactory - Enabled protocols: [TLSv1, TLSv1.1, TLSv1.2]
15:40:21.574 [ForkJoinPool-1-worker-3] DEBUG org.apache.http.conn.ssl.SSLConnectionSocketFactory - Enabled cipher suites:[TLS_ECDHE_ECDSA_WITH_AES_256_CBC_SHA384, TLS_ECDHE_RSA_WITH_AES_256_CBC_SHA384, TLS_RSA_WITH_AES_256_CBC_SHA256, TLS_ECDH_ECDSA_WITH_AES_256_CBC_SHA384, TLS_ECDH_RSA_WITH_AES_256_CBC_SHA384, TLS_DHE_RSA_WITH_AES_256_CBC_SHA256, TLS_DHE_DSS_WITH_AES_256_CBC_SHA256, TLS_ECDHE_ECDSA_WITH_AES_256_CBC_SHA, TLS_ECDHE_RSA_WITH_AES_256_CBC_SHA, TLS_RSA_WITH_AES_256_CBC_SHA, TLS_ECDH_ECDSA_WITH_AES_256_CBC_SHA, TLS_ECDH_RSA_WITH_AES_256_CBC_SHA, TLS_DHE_RSA_WITH_AES_256_CBC_SHA, TLS_DHE_DSS_WITH_AES_256_CBC_SHA, TLS_ECDHE_ECDSA_WITH_AES_128_CBC_SHA256, TLS_ECDHE_RSA_WITH_AES_128_CBC_SHA256, TLS_RSA_WITH_AES_128_CBC_SHA256, TLS_ECDH_ECDSA_WITH_AES_128_CBC_SHA256, TLS_ECDH_RSA_WITH_AES_128_CBC_SHA256, TLS_DHE_RSA_WITH_AES_128_CBC_SHA256, TLS_DHE_DSS_WITH_AES_128_CBC_SHA256, TLS_ECDHE_ECDSA_WITH_AES_128_CBC_SHA, TLS_ECDHE_RSA_WITH_AES_128_CBC_SHA, TLS_RSA_WITH_AES_128_CBC_SHA, TLS_ECDH_ECDSA_WITH_AES_128_CBC_SHA, TLS_ECDH_RSA_WITH_AES_128_CBC_SHA, TLS_DHE_RSA_WITH_AES_128_CBC_SHA, TLS_DHE_DSS_WITH_AES_128_CBC_SHA, TLS_ECDHE_ECDSA_WITH_AES_256_GCM_SHA384, TLS_ECDHE_ECDSA_WITH_AES_128_GCM_SHA256, TLS_ECDHE_RSA_WITH_AES_256_GCM_SHA384, TLS_RSA_WITH_AES_256_GCM_SHA384, TLS_ECDH_ECDSA_WITH_AES_256_GCM_SHA384, TLS_ECDH_RSA_WITH_AES_256_GCM_SHA384, TLS_DHE_RSA_WITH_AES_256_GCM_SHA384, TLS_DHE_DSS_WITH_AES_256_GCM_SHA384, TLS_ECDHE_RSA_WITH_AES_128_GCM_SHA256, TLS_RSA_WITH_AES_128_GCM_SHA256, TLS_ECDH_ECDSA_WITH_AES_128_GCM_SHA256, TLS_ECDH_RSA_WITH_AES_128_GCM_SHA256, TLS_DHE_RSA_WITH_AES_128_GCM_SHA256, TLS_DHE_DSS_WITH_AES_128_GCM_SHA256, TLS_EMPTY_RENEGOTIATION_INFO_SCSV]
15:40:21.574 [ForkJoinPool-1-worker-3] DEBUG org.apache.http.conn.ssl.SSLConnectionSocketFactory - Starting handshake
15:40:21.587 [ForkJoinPool-1-worker-2] DEBUG org.apache.http.conn.ssl.SSLConnectionSocketFactory - Enabled protocols: [TLSv1, TLSv1.1, TLSv1.2]
15:40:21.587 [ForkJoinPool-1-worker-2] DEBUG org.apache.http.conn.ssl.SSLConnectionSocketFactory - Enabled cipher suites:[TLS_ECDHE_ECDSA_WITH_AES_256_CBC_SHA384, TLS_ECDHE_RSA_WITH_AES_256_CBC_SHA384, TLS_RSA_WITH_AES_256_CBC_SHA256, TLS_ECDH_ECDSA_WITH_AES_256_CBC_SHA384, TLS_ECDH_RSA_WITH_AES_256_CBC_SHA384, TLS_DHE_RSA_WITH_AES_256_CBC_SHA256, TLS_DHE_DSS_WITH_AES_256_CBC_SHA256, TLS_ECDHE_ECDSA_WITH_AES_256_CBC_SHA, TLS_ECDHE_RSA_WITH_AES_256_CBC_SHA, TLS_RSA_WITH_AES_256_CBC_SHA, TLS_ECDH_ECDSA_WITH_AES_256_CBC_SHA, TLS_ECDH_RSA_WITH_AES_256_CBC_SHA, TLS_DHE_RSA_WITH_AES_256_CBC_SHA, TLS_DHE_DSS_WITH_AES_256_CBC_SHA, TLS_ECDHE_ECDSA_WITH_AES_128_CBC_SHA256, TLS_ECDHE_RSA_WITH_AES_128_CBC_SHA256, TLS_RSA_WITH_AES_128_CBC_SHA256, TLS_ECDH_ECDSA_WITH_AES_128_CBC_SHA256, TLS_ECDH_RSA_WITH_AES_128_CBC_SHA256, TLS_DHE_RSA_WITH_AES_128_CBC_SHA256, TLS_DHE_DSS_WITH_AES_128_CBC_SHA256, TLS_ECDHE_ECDSA_WITH_AES_128_CBC_SHA, TLS_ECDHE_RSA_WITH_AES_128_CBC_SHA, TLS_RSA_WITH_AES_128_CBC_SHA, TLS_ECDH_ECDSA_WITH_AES_128_CBC_SHA, TLS_ECDH_RSA_WITH_AES_128_CBC_SHA, TLS_DHE_RSA_WITH_AES_128_CBC_SHA, TLS_DHE_DSS_WITH_AES_128_CBC_SHA, TLS_ECDHE_ECDSA_WITH_AES_256_GCM_SHA384, TLS_ECDHE_ECDSA_WITH_AES_128_GCM_SHA256, TLS_ECDHE_RSA_WITH_AES_256_GCM_SHA384, TLS_RSA_WITH_AES_256_GCM_SHA384, TLS_ECDH_ECDSA_WITH_AES_256_GCM_SHA384, TLS_ECDH_RSA_WITH_AES_256_GCM_SHA384, TLS_DHE_RSA_WITH_AES_256_GCM_SHA384, TLS_DHE_DSS_WITH_AES_256_GCM_SHA384, TLS_ECDHE_RSA_WITH_AES_128_GCM_SHA256, TLS_RSA_WITH_AES_128_GCM_SHA256, TLS_ECDH_ECDSA_WITH_AES_128_GCM_SHA256, TLS_ECDH_RSA_WITH_AES_128_GCM_SHA256, TLS_DHE_RSA_WITH_AES_128_GCM_SHA256, TLS_DHE_DSS_WITH_AES_128_GCM_SHA256, TLS_EMPTY_RENEGOTIATION_INFO_SCSV]
15:40:21.587 [ForkJoinPool-1-worker-2] DEBUG org.apache.http.conn.ssl.SSLConnectionSocketFactory - Starting handshake
15:40:21.647 [ForkJoinPool-1-worker-1] DEBUG org.apache.http.wire - http-outgoing-13 << "HTTP/1.1 200 OK[\r][\n]"
15:40:21.648 [ForkJoinPool-1-worker-1] DEBUG org.apache.http.wire - http-outgoing-13 << "Server: Cowboy[\r][\n]"
15:40:21.648 [ForkJoinPool-1-worker-1] DEBUG org.apache.http.wire - http-outgoing-13 << "Connection: keep-alive[\r][\n]"
15:40:21.648 [ForkJoinPool-1-worker-1] DEBUG org.apache.http.wire - http-outgoing-13 << "X-Powered-By: Express[\r][\n]"
15:40:21.648 [ForkJoinPool-1-worker-1] DEBUG org.apache.http.wire - http-outgoing-13 << "Authorization: eyJ0eXAiOiJKV1QiLCJhbGciOiJIUzI1NiJ9.eyJ1c2VySWQiOjE0Niwicm9sZSI6ImFkbWluIiwiaWF0IjoxNjAwMDI5NjIyLjg2LCJleHAiOjE2MDAwMzE0MjIuODZ9.x8LAoFXAV-dbL1AGZunSTbdD10g7zuBmcPpz4huDIxQ[\r][\n]"
15:40:21.648 [ForkJoinPool-1-worker-1] DEBUG org.apache.http.wire - http-outgoing-13 << "Content-Type: application/json; charset=utf-8[\r][\n]"
15:40:21.648 [ForkJoinPool-1-worker-1] DEBUG org.apache.http.wire - http-outgoing-13 << "Content-Length: 50[\r][\n]"
15:40:21.648 [ForkJoinPool-1-worker-1] DEBUG org.apache.http.wire - http-outgoing-13 << "Etag: W/"32-lRmUQ+QM+TQ4LvbcBMawCsy1ESg"[\r][\n]"
15:40:21.648 [ForkJoinPool-1-worker-1] DEBUG org.apache.http.wire - http-outgoing-13 << "Date: Sun, 13 Sep 2020 20:40:22 GMT[\r][\n]"
15:40:21.648 [ForkJoinPool-1-worker-1] DEBUG org.apache.http.wire - http-outgoing-13 << "Via: 1.1 vegur[\r][\n]"
15:40:21.648 [ForkJoinPool-1-worker-1] DEBUG org.apache.http.wire - http-outgoing-13 << "[\r][\n]"
15:40:21.648 [ForkJoinPool-1-worker-1] DEBUG org.apache.http.wire - http-outgoing-13 << "{"user_id":146,"token_expires_at":"1600031422.86"}"
15:40:21.648 [ForkJoinPool-1-worker-1] DEBUG org.apache.http.headers - http-outgoing-13 << HTTP/1.1 200 OK
15:40:21.648 [ForkJoinPool-1-worker-1] DEBUG org.apache.http.headers - http-outgoing-13 << Server: Cowboy
15:40:21.648 [ForkJoinPool-1-worker-1] DEBUG org.apache.http.headers - http-outgoing-13 << Connection: keep-alive
15:40:21.648 [ForkJoinPool-1-worker-1] DEBUG org.apache.http.headers - http-outgoing-13 << X-Powered-By: Express
15:40:21.648 [ForkJoinPool-1-worker-1] DEBUG org.apache.http.headers - http-outgoing-13 << Authorization: eyJ0eXAiOiJKV1QiLCJhbGciOiJIUzI1NiJ9.eyJ1c2VySWQiOjE0Niwicm9sZSI6ImFkbWluIiwiaWF0IjoxNjAwMDI5NjIyLjg2LCJleHAiOjE2MDAwMzE0MjIuODZ9.x8LAoFXAV-dbL1AGZunSTbdD10g7zuBmcPpz4huDIxQ
15:40:21.648 [ForkJoinPool-1-worker-1] DEBUG org.apache.http.headers - http-outgoing-13 << Content-Type: application/json; charset=utf-8
15:40:21.648 [ForkJoinPool-1-worker-1] DEBUG org.apache.http.headers - http-outgoing-13 << Content-Length: 50
15:40:21.648 [ForkJoinPool-1-worker-1] DEBUG org.apache.http.headers - http-outgoing-13 << Etag: W/"32-lRmUQ+QM+TQ4LvbcBMawCsy1ESg"
15:40:21.648 [ForkJoinPool-1-worker-1] DEBUG org.apache.http.headers - http-outgoing-13 << Date: Sun, 13 Sep 2020 20:40:22 GMT
15:40:21.648 [ForkJoinPool-1-worker-1] DEBUG org.apache.http.headers - http-outgoing-13 << Via: 1.1 vegur
15:40:21.648 [ForkJoinPool-1-worker-1] DEBUG org.apache.http.impl.execchain.MainClientExec - Connection can be kept alive indefinitely
15:40:21.648 [ForkJoinPool-1-worker-1] DEBUG org.apache.http.impl.conn.PoolingHttpClientConnectionManager - Connection [id: 13][route: {s}->https://nodejs-qa-training.herokuapp.com:443] can be kept alive indefinitely
15:40:21.648 [ForkJoinPool-1-worker-1] DEBUG org.apache.http.impl.conn.DefaultManagedHttpClientConnection - http-outgoing-13: set socket timeout to 0
15:40:21.648 [ForkJoinPool-1-worker-1] DEBUG org.apache.http.impl.conn.PoolingHttpClientConnectionManager - Connection released: [id: 13][route: {s}->https://nodejs-qa-training.herokuapp.com:443][total kept alive: 1; route allocated: 1 of 5; total allocated: 1 of 10]
15:40:21.648 [ForkJoinPool-1-worker-1] DEBUG com.intuit.karate - response time in milliseconds: 463,74
1 < 200
1 < Authorization: eyJ0eXAiOiJKV1QiLCJhbGciOiJIUzI1NiJ9.eyJ1c2VySWQiOjE0Niwicm9sZSI6ImFkbWluIiwiaWF0IjoxNjAwMDI5NjIyLjg2LCJleHAiOjE2MDAwMzE0MjIuODZ9.x8LAoFXAV-dbL1AGZunSTbdD10g7zuBmcPpz4huDIxQ
1 < Connection: keep-alive
1 < Content-Length: 50
1 < Content-Type: application/json; charset=utf-8
1 < Date: Sun, 13 Sep 2020 20:40:22 GMT
1 < Etag: W/"32-lRmUQ+QM+TQ4LvbcBMawCsy1ESg"
1 < Server: Cowboy
1 < Via: 1.1 vegur
1 < X-Powered-By: Express
{"user_id":146,"token_expires_at":"1600031422.86"}

15:40:21.650 [ForkJoinPool-1-worker-1] DEBUG com.jayway.jsonpath.internal.path.CompiledPath - Evaluating path: $
15:40:21.650 [ForkJoinPool-1-worker-1] DEBUG com.jayway.jsonpath.internal.path.CompiledPath - Evaluating path: $
15:40:21.650 [ForkJoinPool-1-worker-1] DEBUG com.jayway.jsonpath.internal.path.CompiledPath - Evaluating path: $
15:40:21.652 [ForkJoinPool-1-worker-1] DEBUG com.jayway.jsonpath.internal.path.CompiledPath - Evaluating path: $
15:40:21.652 [ForkJoinPool-1-worker-1] DEBUG com.jayway.jsonpath.internal.path.CompiledPath - Evaluating path: $
15:40:21.652 [ForkJoinPool-1-worker-1] DEBUG com.jayway.jsonpath.internal.path.CompiledPath - Evaluating path: $
15:40:21.653 [ForkJoinPool-1-worker-1] DEBUG com.jayway.jsonpath.internal.path.CompiledPath - Evaluating path: $
15:40:21.653 [ForkJoinPool-1-worker-1] INFO com.intuit.karate - [print] {
  "user_id": 146,
  "token_expires_at": "1600031422.86"
}

15:40:21.678 [ForkJoinPool-1-worker-1] INFO com.intuit.karate - scenario called at line: 8 by tag: @FlujoExitoso
15:40:21.683 [ForkJoinPool-1-worker-1] DEBUG com.jayway.jsonpath.internal.path.CompiledPath - Evaluating path: $
15:40:21.686 [ForkJoinPool-1-worker-1] DEBUG org.apache.http.client.protocol.RequestAddCookies - CookieSpec selected: karate
15:40:21.687 [ForkJoinPool-1-worker-1] DEBUG org.apache.http.client.protocol.RequestAuthCache - Auth cache not set in the context
15:40:21.687 [ForkJoinPool-1-worker-1] DEBUG com.intuit.karate - request:
1 > POST https://nodejs-qa-training.herokuapp.com/users/sessions
1 > Accept-Encoding: gzip,deflate
1 > Connection: Keep-Alive
1 > Content-Length: 62
1 > Content-Type: application/json; charset=UTF-8
1 > Host: nodejs-qa-training.herokuapp.com
1 > User-Agent: Apache-HttpClient/4.5.5 (Java/1.8.0_191)
{"email":"admin@wolox.com.ar","password":"candidatoWolox2020"}

15:40:21.687 [ForkJoinPool-1-worker-1] DEBUG org.apache.http.impl.conn.PoolingHttpClientConnectionManager - Connection request: [route: {s}->https://nodejs-qa-training.herokuapp.com:443][total kept alive: 0; route allocated: 0 of 5; total allocated: 0 of 10]
15:40:21.687 [ForkJoinPool-1-worker-1] DEBUG org.apache.http.impl.conn.PoolingHttpClientConnectionManager - Connection leased: [id: 16][route: {s}->https://nodejs-qa-training.herokuapp.com:443][total kept alive: 0; route allocated: 1 of 5; total allocated: 1 of 10]
15:40:21.687 [ForkJoinPool-1-worker-1] DEBUG org.apache.http.impl.execchain.MainClientExec - Opening connection {s}->https://nodejs-qa-training.herokuapp.com:443
15:40:21.687 [ForkJoinPool-1-worker-1] DEBUG org.apache.http.impl.conn.DefaultHttpClientConnectionOperator - Connecting to nodejs-qa-training.herokuapp.com/3.233.183.24:443
15:40:21.687 [ForkJoinPool-1-worker-1] DEBUG org.apache.http.conn.ssl.SSLConnectionSocketFactory - Connecting socket to nodejs-qa-training.herokuapp.com/3.233.183.24:443 with timeout 30000
15:40:21.760 [ForkJoinPool-1-worker-3] DEBUG org.apache.http.conn.ssl.SSLConnectionSocketFactory - Secure session established
15:40:21.760 [ForkJoinPool-1-worker-3] DEBUG org.apache.http.conn.ssl.SSLConnectionSocketFactory -  negotiated protocol: TLSv1.2
15:40:21.760 [ForkJoinPool-1-worker-3] DEBUG org.apache.http.conn.ssl.SSLConnectionSocketFactory -  negotiated cipher suite: TLS_ECDHE_RSA_WITH_AES_128_GCM_SHA256
15:40:21.760 [ForkJoinPool-1-worker-2] DEBUG org.apache.http.conn.ssl.SSLConnectionSocketFactory - Secure session established
15:40:21.760 [ForkJoinPool-1-worker-3] DEBUG org.apache.http.conn.ssl.SSLConnectionSocketFactory -  peer principal: CN=*.herokuapp.com, O="Heroku, Inc.", L=San Francisco, ST=California, C=US
15:40:21.760 [ForkJoinPool-1-worker-2] DEBUG org.apache.http.conn.ssl.SSLConnectionSocketFactory -  negotiated protocol: TLSv1.2
15:40:21.760 [ForkJoinPool-1-worker-3] DEBUG org.apache.http.conn.ssl.SSLConnectionSocketFactory -  peer alternative names: [*.herokuapp.com, herokuapp.com]
15:40:21.760 [ForkJoinPool-1-worker-3] DEBUG org.apache.http.conn.ssl.SSLConnectionSocketFactory -  issuer principal: CN=DigiCert SHA2 High Assurance Server CA, OU=www.digicert.com, O=DigiCert Inc, C=US
15:40:21.760 [ForkJoinPool-1-worker-2] DEBUG org.apache.http.conn.ssl.SSLConnectionSocketFactory -  negotiated cipher suite: TLS_ECDHE_RSA_WITH_AES_128_GCM_SHA256
15:40:21.760 [ForkJoinPool-1-worker-2] DEBUG org.apache.http.conn.ssl.SSLConnectionSocketFactory -  peer principal: CN=*.herokuapp.com, O="Heroku, Inc.", L=San Francisco, ST=California, C=US
15:40:21.760 [ForkJoinPool-1-worker-2] DEBUG org.apache.http.conn.ssl.SSLConnectionSocketFactory -  peer alternative names: [*.herokuapp.com, herokuapp.com]
15:40:21.760 [ForkJoinPool-1-worker-2] DEBUG org.apache.http.conn.ssl.SSLConnectionSocketFactory -  issuer principal: CN=DigiCert SHA2 High Assurance Server CA, OU=www.digicert.com, O=DigiCert Inc, C=US
15:40:21.760 [ForkJoinPool-1-worker-3] DEBUG org.apache.http.impl.conn.DefaultHttpClientConnectionOperator - Connection established 192.168.0.10:57474<->3.233.183.24:443
15:40:21.760 [ForkJoinPool-1-worker-2] DEBUG org.apache.http.impl.conn.DefaultHttpClientConnectionOperator - Connection established 192.168.0.10:57475<->3.233.183.24:443
15:40:21.760 [ForkJoinPool-1-worker-3] DEBUG org.apache.http.impl.conn.DefaultManagedHttpClientConnection - http-outgoing-14: set socket timeout to 30000
15:40:21.760 [ForkJoinPool-1-worker-2] DEBUG org.apache.http.impl.conn.DefaultManagedHttpClientConnection - http-outgoing-15: set socket timeout to 30000
15:40:21.760 [ForkJoinPool-1-worker-3] DEBUG org.apache.http.impl.execchain.MainClientExec - Executing request GET /users HTTP/1.1
15:40:21.760 [ForkJoinPool-1-worker-2] DEBUG org.apache.http.impl.execchain.MainClientExec - Executing request POST /users/sessions HTTP/1.1
15:40:21.760 [ForkJoinPool-1-worker-3] DEBUG org.apache.http.impl.execchain.MainClientExec - Proxy auth state: UNCHALLENGED
15:40:21.760 [ForkJoinPool-1-worker-2] DEBUG org.apache.http.impl.execchain.MainClientExec - Target auth state: UNCHALLENGED
15:40:21.760 [ForkJoinPool-1-worker-2] DEBUG org.apache.http.impl.execchain.MainClientExec - Proxy auth state: UNCHALLENGED
15:40:21.760 [ForkJoinPool-1-worker-2] DEBUG org.apache.http.headers - http-outgoing-15 >> POST /users/sessions HTTP/1.1
15:40:21.760 [ForkJoinPool-1-worker-3] DEBUG org.apache.http.headers - http-outgoing-14 >> GET /users HTTP/1.1
15:40:21.760 [ForkJoinPool-1-worker-2] DEBUG org.apache.http.headers - http-outgoing-15 >> Content-Type: application/json; charset=UTF-8
15:40:21.760 [ForkJoinPool-1-worker-2] DEBUG org.apache.http.headers - http-outgoing-15 >> Content-Length: 62
15:40:21.760 [ForkJoinPool-1-worker-3] DEBUG org.apache.http.headers - http-outgoing-14 >> Authorization: eyJ0eXAiOiJKV1QiLCJhbGciOiJIUzI1NiJ9.eyJ1c2VySWQiOjE0Niwicm9sZSI6ImFkbWluIiwiaWF0IjoxNjAwMDI5NjIyLjY3OCwiZXhwIjoxNjAwMDMxNDIyLjY3OH0.IabzNfht1sVJhbTXq0ZsMN9Zb65enWdiNf05UpxC-h8
15:40:21.760 [ForkJoinPool-1-worker-2] DEBUG org.apache.http.headers - http-outgoing-15 >> Host: nodejs-qa-training.herokuapp.com
15:40:21.760 [ForkJoinPool-1-worker-3] DEBUG org.apache.http.headers - http-outgoing-14 >> Host: nodejs-qa-training.herokuapp.com
15:40:21.760 [ForkJoinPool-1-worker-3] DEBUG org.apache.http.headers - http-outgoing-14 >> Connection: Keep-Alive
15:40:21.760 [ForkJoinPool-1-worker-2] DEBUG org.apache.http.headers - http-outgoing-15 >> Connection: Keep-Alive
15:40:21.760 [ForkJoinPool-1-worker-3] DEBUG org.apache.http.headers - http-outgoing-14 >> User-Agent: Apache-HttpClient/4.5.5 (Java/1.8.0_191)
15:40:21.760 [ForkJoinPool-1-worker-2] DEBUG org.apache.http.headers - http-outgoing-15 >> User-Agent: Apache-HttpClient/4.5.5 (Java/1.8.0_191)
15:40:21.760 [ForkJoinPool-1-worker-3] DEBUG org.apache.http.headers - http-outgoing-14 >> Accept-Encoding: gzip,deflate
15:40:21.760 [ForkJoinPool-1-worker-2] DEBUG org.apache.http.headers - http-outgoing-15 >> Accept-Encoding: gzip,deflate
15:40:21.760 [ForkJoinPool-1-worker-3] DEBUG org.apache.http.wire - http-outgoing-14 >> "GET /users HTTP/1.1[\r][\n]"
15:40:21.760 [ForkJoinPool-1-worker-2] DEBUG org.apache.http.wire - http-outgoing-15 >> "POST /users/sessions HTTP/1.1[\r][\n]"
15:40:21.760 [ForkJoinPool-1-worker-3] DEBUG org.apache.http.wire - http-outgoing-14 >> "Authorization: eyJ0eXAiOiJKV1QiLCJhbGciOiJIUzI1NiJ9.eyJ1c2VySWQiOjE0Niwicm9sZSI6ImFkbWluIiwiaWF0IjoxNjAwMDI5NjIyLjY3OCwiZXhwIjoxNjAwMDMxNDIyLjY3OH0.IabzNfht1sVJhbTXq0ZsMN9Zb65enWdiNf05UpxC-h8[\r][\n]"
15:40:21.760 [ForkJoinPool-1-worker-2] DEBUG org.apache.http.wire - http-outgoing-15 >> "Content-Type: application/json; charset=UTF-8[\r][\n]"
15:40:21.760 [ForkJoinPool-1-worker-3] DEBUG org.apache.http.wire - http-outgoing-14 >> "Host: nodejs-qa-training.herokuapp.com[\r][\n]"
15:40:21.760 [ForkJoinPool-1-worker-2] DEBUG org.apache.http.wire - http-outgoing-15 >> "Content-Length: 62[\r][\n]"
15:40:21.760 [ForkJoinPool-1-worker-3] DEBUG org.apache.http.wire - http-outgoing-14 >> "Connection: Keep-Alive[\r][\n]"
15:40:21.760 [ForkJoinPool-1-worker-2] DEBUG org.apache.http.wire - http-outgoing-15 >> "Host: nodejs-qa-training.herokuapp.com[\r][\n]"
15:40:21.760 [ForkJoinPool-1-worker-3] DEBUG org.apache.http.wire - http-outgoing-14 >> "User-Agent: Apache-HttpClient/4.5.5 (Java/1.8.0_191)[\r][\n]"
15:40:21.760 [ForkJoinPool-1-worker-2] DEBUG org.apache.http.wire - http-outgoing-15 >> "Connection: Keep-Alive[\r][\n]"
15:40:21.760 [ForkJoinPool-1-worker-3] DEBUG org.apache.http.wire - http-outgoing-14 >> "Accept-Encoding: gzip,deflate[\r][\n]"
15:40:21.760 [ForkJoinPool-1-worker-2] DEBUG org.apache.http.wire - http-outgoing-15 >> "User-Agent: Apache-HttpClient/4.5.5 (Java/1.8.0_191)[\r][\n]"
15:40:21.760 [ForkJoinPool-1-worker-3] DEBUG org.apache.http.wire - http-outgoing-14 >> "[\r][\n]"
15:40:21.760 [ForkJoinPool-1-worker-2] DEBUG org.apache.http.wire - http-outgoing-15 >> "Accept-Encoding: gzip,deflate[\r][\n]"
15:40:21.760 [ForkJoinPool-1-worker-2] DEBUG org.apache.http.wire - http-outgoing-15 >> "[\r][\n]"
15:40:21.760 [ForkJoinPool-1-worker-2] DEBUG org.apache.http.wire - http-outgoing-15 >> "{"email":"admin@wolox.com.ar","password":"candidatoWolox2020"}"
15:40:21.766 [ForkJoinPool-1-worker-1] DEBUG org.apache.http.conn.ssl.SSLConnectionSocketFactory - Enabled protocols: [TLSv1, TLSv1.1, TLSv1.2]
15:40:21.766 [ForkJoinPool-1-worker-1] DEBUG org.apache.http.conn.ssl.SSLConnectionSocketFactory - Enabled cipher suites:[TLS_ECDHE_ECDSA_WITH_AES_256_CBC_SHA384, TLS_ECDHE_RSA_WITH_AES_256_CBC_SHA384, TLS_RSA_WITH_AES_256_CBC_SHA256, TLS_ECDH_ECDSA_WITH_AES_256_CBC_SHA384, TLS_ECDH_RSA_WITH_AES_256_CBC_SHA384, TLS_DHE_RSA_WITH_AES_256_CBC_SHA256, TLS_DHE_DSS_WITH_AES_256_CBC_SHA256, TLS_ECDHE_ECDSA_WITH_AES_256_CBC_SHA, TLS_ECDHE_RSA_WITH_AES_256_CBC_SHA, TLS_RSA_WITH_AES_256_CBC_SHA, TLS_ECDH_ECDSA_WITH_AES_256_CBC_SHA, TLS_ECDH_RSA_WITH_AES_256_CBC_SHA, TLS_DHE_RSA_WITH_AES_256_CBC_SHA, TLS_DHE_DSS_WITH_AES_256_CBC_SHA, TLS_ECDHE_ECDSA_WITH_AES_128_CBC_SHA256, TLS_ECDHE_RSA_WITH_AES_128_CBC_SHA256, TLS_RSA_WITH_AES_128_CBC_SHA256, TLS_ECDH_ECDSA_WITH_AES_128_CBC_SHA256, TLS_ECDH_RSA_WITH_AES_128_CBC_SHA256, TLS_DHE_RSA_WITH_AES_128_CBC_SHA256, TLS_DHE_DSS_WITH_AES_128_CBC_SHA256, TLS_ECDHE_ECDSA_WITH_AES_128_CBC_SHA, TLS_ECDHE_RSA_WITH_AES_128_CBC_SHA, TLS_RSA_WITH_AES_128_CBC_SHA, TLS_ECDH_ECDSA_WITH_AES_128_CBC_SHA, TLS_ECDH_RSA_WITH_AES_128_CBC_SHA, TLS_DHE_RSA_WITH_AES_128_CBC_SHA, TLS_DHE_DSS_WITH_AES_128_CBC_SHA, TLS_ECDHE_ECDSA_WITH_AES_256_GCM_SHA384, TLS_ECDHE_ECDSA_WITH_AES_128_GCM_SHA256, TLS_ECDHE_RSA_WITH_AES_256_GCM_SHA384, TLS_RSA_WITH_AES_256_GCM_SHA384, TLS_ECDH_ECDSA_WITH_AES_256_GCM_SHA384, TLS_ECDH_RSA_WITH_AES_256_GCM_SHA384, TLS_DHE_RSA_WITH_AES_256_GCM_SHA384, TLS_DHE_DSS_WITH_AES_256_GCM_SHA384, TLS_ECDHE_RSA_WITH_AES_128_GCM_SHA256, TLS_RSA_WITH_AES_128_GCM_SHA256, TLS_ECDH_ECDSA_WITH_AES_128_GCM_SHA256, TLS_ECDH_RSA_WITH_AES_128_GCM_SHA256, TLS_DHE_RSA_WITH_AES_128_GCM_SHA256, TLS_DHE_DSS_WITH_AES_128_GCM_SHA256, TLS_EMPTY_RENEGOTIATION_INFO_SCSV]
15:40:21.767 [ForkJoinPool-1-worker-1] DEBUG org.apache.http.conn.ssl.SSLConnectionSocketFactory - Starting handshake
15:40:21.975 [ForkJoinPool-1-worker-1] DEBUG org.apache.http.conn.ssl.SSLConnectionSocketFactory - Secure session established
15:40:21.975 [ForkJoinPool-1-worker-1] DEBUG org.apache.http.conn.ssl.SSLConnectionSocketFactory -  negotiated protocol: TLSv1.2
15:40:21.975 [ForkJoinPool-1-worker-1] DEBUG org.apache.http.conn.ssl.SSLConnectionSocketFactory -  negotiated cipher suite: TLS_ECDHE_RSA_WITH_AES_128_GCM_SHA256
15:40:21.975 [ForkJoinPool-1-worker-1] DEBUG org.apache.http.conn.ssl.SSLConnectionSocketFactory -  peer principal: CN=*.herokuapp.com, O="Heroku, Inc.", L=San Francisco, ST=California, C=US
15:40:21.975 [ForkJoinPool-1-worker-1] DEBUG org.apache.http.conn.ssl.SSLConnectionSocketFactory -  peer alternative names: [*.herokuapp.com, herokuapp.com]
15:40:21.975 [ForkJoinPool-1-worker-1] DEBUG org.apache.http.conn.ssl.SSLConnectionSocketFactory -  issuer principal: CN=DigiCert SHA2 High Assurance Server CA, OU=www.digicert.com, O=DigiCert Inc, C=US
15:40:21.975 [ForkJoinPool-1-worker-1] DEBUG org.apache.http.impl.conn.DefaultHttpClientConnectionOperator - Connection established 192.168.0.10:57476<->3.233.183.24:443
15:40:21.975 [ForkJoinPool-1-worker-1] DEBUG org.apache.http.impl.conn.DefaultManagedHttpClientConnection - http-outgoing-16: set socket timeout to 30000
15:40:21.975 [ForkJoinPool-1-worker-1] DEBUG org.apache.http.impl.execchain.MainClientExec - Executing request POST /users/sessions HTTP/1.1
15:40:21.975 [ForkJoinPool-1-worker-1] DEBUG org.apache.http.impl.execchain.MainClientExec - Target auth state: UNCHALLENGED
15:40:21.975 [ForkJoinPool-1-worker-1] DEBUG org.apache.http.impl.execchain.MainClientExec - Proxy auth state: UNCHALLENGED
15:40:21.975 [ForkJoinPool-1-worker-1] DEBUG org.apache.http.headers - http-outgoing-16 >> POST /users/sessions HTTP/1.1
15:40:21.975 [ForkJoinPool-1-worker-1] DEBUG org.apache.http.headers - http-outgoing-16 >> Content-Type: application/json; charset=UTF-8
15:40:21.975 [ForkJoinPool-1-worker-1] DEBUG org.apache.http.headers - http-outgoing-16 >> Content-Length: 62
15:40:21.975 [ForkJoinPool-1-worker-1] DEBUG org.apache.http.headers - http-outgoing-16 >> Host: nodejs-qa-training.herokuapp.com
15:40:21.975 [ForkJoinPool-1-worker-1] DEBUG org.apache.http.headers - http-outgoing-16 >> Connection: Keep-Alive
15:40:21.975 [ForkJoinPool-1-worker-1] DEBUG org.apache.http.headers - http-outgoing-16 >> User-Agent: Apache-HttpClient/4.5.5 (Java/1.8.0_191)
15:40:21.975 [ForkJoinPool-1-worker-1] DEBUG org.apache.http.headers - http-outgoing-16 >> Accept-Encoding: gzip,deflate
15:40:21.975 [ForkJoinPool-1-worker-1] DEBUG org.apache.http.wire - http-outgoing-16 >> "POST /users/sessions HTTP/1.1[\r][\n]"
15:40:21.975 [ForkJoinPool-1-worker-1] DEBUG org.apache.http.wire - http-outgoing-16 >> "Content-Type: application/json; charset=UTF-8[\r][\n]"
15:40:21.975 [ForkJoinPool-1-worker-1] DEBUG org.apache.http.wire - http-outgoing-16 >> "Content-Length: 62[\r][\n]"
15:40:21.975 [ForkJoinPool-1-worker-1] DEBUG org.apache.http.wire - http-outgoing-16 >> "Host: nodejs-qa-training.herokuapp.com[\r][\n]"
15:40:21.975 [ForkJoinPool-1-worker-1] DEBUG org.apache.http.wire - http-outgoing-16 >> "Connection: Keep-Alive[\r][\n]"
15:40:21.975 [ForkJoinPool-1-worker-1] DEBUG org.apache.http.wire - http-outgoing-16 >> "User-Agent: Apache-HttpClient/4.5.5 (Java/1.8.0_191)[\r][\n]"
15:40:21.975 [ForkJoinPool-1-worker-1] DEBUG org.apache.http.wire - http-outgoing-16 >> "Accept-Encoding: gzip,deflate[\r][\n]"
15:40:21.975 [ForkJoinPool-1-worker-1] DEBUG org.apache.http.wire - http-outgoing-16 >> "[\r][\n]"
15:40:21.975 [ForkJoinPool-1-worker-1] DEBUG org.apache.http.wire - http-outgoing-16 >> "{"email":"admin@wolox.com.ar","password":"candidatoWolox2020"}"
15:40:22.000 [ForkJoinPool-1-worker-2] DEBUG org.apache.http.wire - http-outgoing-15 << "HTTP/1.1 200 OK[\r][\n]"
15:40:22.001 [ForkJoinPool-1-worker-2] DEBUG org.apache.http.wire - http-outgoing-15 << "Server: Cowboy[\r][\n]"
15:40:22.001 [ForkJoinPool-1-worker-2] DEBUG org.apache.http.wire - http-outgoing-15 << "Connection: keep-alive[\r][\n]"
15:40:22.001 [ForkJoinPool-1-worker-2] DEBUG org.apache.http.wire - http-outgoing-15 << "X-Powered-By: Express[\r][\n]"
15:40:22.001 [ForkJoinPool-1-worker-2] DEBUG org.apache.http.wire - http-outgoing-15 << "Authorization: eyJ0eXAiOiJKV1QiLCJhbGciOiJIUzI1NiJ9.eyJ1c2VySWQiOjE0Niwicm9sZSI6ImFkbWluIiwiaWF0IjoxNjAwMDI5NjIzLjIxNCwiZXhwIjoxNjAwMDMxNDIzLjIxNH0.mbPjWWAIxkjUCMa5IgHELHl5qs_eakecJaTZNhzug8U[\r][\n]"
15:40:22.001 [ForkJoinPool-1-worker-2] DEBUG org.apache.http.wire - http-outgoing-15 << "Content-Type: application/json; charset=utf-8[\r][\n]"
15:40:22.001 [ForkJoinPool-1-worker-2] DEBUG org.apache.http.wire - http-outgoing-15 << "Content-Length: 51[\r][\n]"
15:40:22.001 [ForkJoinPool-1-worker-2] DEBUG org.apache.http.wire - http-outgoing-15 << "Etag: W/"33-7Dr0fsMNRlHOesqNJlRiarweDSQ"[\r][\n]"
15:40:22.001 [ForkJoinPool-1-worker-2] DEBUG org.apache.http.wire - http-outgoing-15 << "Date: Sun, 13 Sep 2020 20:40:23 GMT[\r][\n]"
15:40:22.001 [ForkJoinPool-1-worker-2] DEBUG org.apache.http.wire - http-outgoing-15 << "Via: 1.1 vegur[\r][\n]"
15:40:22.001 [ForkJoinPool-1-worker-2] DEBUG org.apache.http.wire - http-outgoing-15 << "[\r][\n]"
15:40:22.001 [ForkJoinPool-1-worker-2] DEBUG org.apache.http.wire - http-outgoing-15 << "{"user_id":146,"token_expires_at":"1600031423.214"}"
15:40:22.001 [ForkJoinPool-1-worker-2] DEBUG org.apache.http.headers - http-outgoing-15 << HTTP/1.1 200 OK
15:40:22.001 [ForkJoinPool-1-worker-2] DEBUG org.apache.http.headers - http-outgoing-15 << Server: Cowboy
15:40:22.001 [ForkJoinPool-1-worker-2] DEBUG org.apache.http.headers - http-outgoing-15 << Connection: keep-alive
15:40:22.001 [ForkJoinPool-1-worker-2] DEBUG org.apache.http.headers - http-outgoing-15 << X-Powered-By: Express
15:40:22.001 [ForkJoinPool-1-worker-2] DEBUG org.apache.http.headers - http-outgoing-15 << Authorization: eyJ0eXAiOiJKV1QiLCJhbGciOiJIUzI1NiJ9.eyJ1c2VySWQiOjE0Niwicm9sZSI6ImFkbWluIiwiaWF0IjoxNjAwMDI5NjIzLjIxNCwiZXhwIjoxNjAwMDMxNDIzLjIxNH0.mbPjWWAIxkjUCMa5IgHELHl5qs_eakecJaTZNhzug8U
15:40:22.001 [ForkJoinPool-1-worker-2] DEBUG org.apache.http.headers - http-outgoing-15 << Content-Type: application/json; charset=utf-8
15:40:22.001 [ForkJoinPool-1-worker-2] DEBUG org.apache.http.headers - http-outgoing-15 << Content-Length: 51
15:40:22.001 [ForkJoinPool-1-worker-2] DEBUG org.apache.http.headers - http-outgoing-15 << Etag: W/"33-7Dr0fsMNRlHOesqNJlRiarweDSQ"
15:40:22.001 [ForkJoinPool-1-worker-2] DEBUG org.apache.http.headers - http-outgoing-15 << Date: Sun, 13 Sep 2020 20:40:23 GMT
15:40:22.001 [ForkJoinPool-1-worker-2] DEBUG org.apache.http.headers - http-outgoing-15 << Via: 1.1 vegur
15:40:22.001 [ForkJoinPool-1-worker-2] DEBUG org.apache.http.impl.execchain.MainClientExec - Connection can be kept alive indefinitely
15:40:22.001 [ForkJoinPool-1-worker-2] DEBUG org.apache.http.impl.conn.PoolingHttpClientConnectionManager - Connection [id: 15][route: {s}->https://nodejs-qa-training.herokuapp.com:443] can be kept alive indefinitely
15:40:22.001 [ForkJoinPool-1-worker-2] DEBUG org.apache.http.impl.conn.DefaultManagedHttpClientConnection - http-outgoing-15: set socket timeout to 0
15:40:22.001 [ForkJoinPool-1-worker-2] DEBUG org.apache.http.impl.conn.PoolingHttpClientConnectionManager - Connection released: [id: 15][route: {s}->https://nodejs-qa-training.herokuapp.com:443][total kept alive: 1; route allocated: 1 of 5; total allocated: 1 of 10]
15:40:22.001 [ForkJoinPool-1-worker-2] DEBUG com.intuit.karate - response time in milliseconds: 495,82
1 < 200
1 < Authorization: eyJ0eXAiOiJKV1QiLCJhbGciOiJIUzI1NiJ9.eyJ1c2VySWQiOjE0Niwicm9sZSI6ImFkbWluIiwiaWF0IjoxNjAwMDI5NjIzLjIxNCwiZXhwIjoxNjAwMDMxNDIzLjIxNH0.mbPjWWAIxkjUCMa5IgHELHl5qs_eakecJaTZNhzug8U
1 < Connection: keep-alive
1 < Content-Length: 51
1 < Content-Type: application/json; charset=utf-8
1 < Date: Sun, 13 Sep 2020 20:40:23 GMT
1 < Etag: W/"33-7Dr0fsMNRlHOesqNJlRiarweDSQ"
1 < Server: Cowboy
1 < Via: 1.1 vegur
1 < X-Powered-By: Express
{"user_id":146,"token_expires_at":"1600031423.214"}

15:40:22.003 [ForkJoinPool-1-worker-2] DEBUG com.jayway.jsonpath.internal.path.CompiledPath - Evaluating path: $
15:40:22.004 [ForkJoinPool-1-worker-2] DEBUG com.jayway.jsonpath.internal.path.CompiledPath - Evaluating path: $
15:40:22.004 [ForkJoinPool-1-worker-2] DEBUG com.jayway.jsonpath.internal.path.CompiledPath - Evaluating path: $
15:40:22.005 [ForkJoinPool-1-worker-2] DEBUG com.jayway.jsonpath.internal.path.CompiledPath - Evaluating path: $
15:40:22.005 [ForkJoinPool-1-worker-2] DEBUG com.jayway.jsonpath.internal.path.CompiledPath - Evaluating path: $
15:40:22.006 [ForkJoinPool-1-worker-2] DEBUG com.jayway.jsonpath.internal.path.CompiledPath - Evaluating path: $
15:40:22.006 [ForkJoinPool-1-worker-2] DEBUG com.jayway.jsonpath.internal.path.CompiledPath - Evaluating path: $
15:40:22.006 [ForkJoinPool-1-worker-2] INFO com.intuit.karate - [print] {
  "user_id": 146,
  "token_expires_at": "1600031423.214"
}

15:40:22.013 [ForkJoinPool-1-worker-2] DEBUG com.jayway.jsonpath.internal.path.CompiledPath - Evaluating path: $
15:40:22.014 [ForkJoinPool-1-worker-3] DEBUG org.apache.http.wire - http-outgoing-14 << "HTTP/1.1 200 OK[\r][\n]"
15:40:22.014 [ForkJoinPool-1-worker-3] DEBUG org.apache.http.wire - http-outgoing-14 << "Server: Cowboy[\r][\n]"
15:40:22.014 [ForkJoinPool-1-worker-3] DEBUG org.apache.http.wire - http-outgoing-14 << "Connection: keep-alive[\r][\n]"
15:40:22.014 [ForkJoinPool-1-worker-3] DEBUG org.apache.http.wire - http-outgoing-14 << "X-Powered-By: Express[\r][\n]"
15:40:22.014 [ForkJoinPool-1-worker-3] DEBUG org.apache.http.wire - http-outgoing-14 << "Content-Type: application/json; charset=utf-8[\r][\n]"
15:40:22.014 [ForkJoinPool-1-worker-3] DEBUG org.apache.http.wire - http-outgoing-14 << "Content-Length: 1031[\r][\n]"
15:40:22.014 [ForkJoinPool-1-worker-3] DEBUG org.apache.http.wire - http-outgoing-14 << "Etag: W/"407-Vqr/s1v2BQht4R1fdVbyoAA9D0Q"[\r][\n]"
15:40:22.014 [ForkJoinPool-1-worker-3] DEBUG org.apache.http.wire - http-outgoing-14 << "Date: Sun, 13 Sep 2020 20:40:23 GMT[\r][\n]"
15:40:22.014 [ForkJoinPool-1-worker-3] DEBUG org.apache.http.wire - http-outgoing-14 << "Via: 1.1 vegur[\r][\n]"
15:40:22.014 [ForkJoinPool-1-worker-3] DEBUG org.apache.http.wire - http-outgoing-14 << "[\r][\n]"
15:40:22.014 [ForkJoinPool-1-worker-3] DEBUG org.apache.http.wire - http-outgoing-14 << "{"total_count":33,"count":10,"total_pages":4,"limit":10,"offset":0,"current_page":1,"page":[{"first_name":"Hernan","last_name":"Garcia","email":"h6@wolox.com.ar","role":"regular"},{"first_name":"regular","last_name":"regular","email":"regular@wolox.com.ar","role":"regular"},{"first_name":"Juan","last_name":"Perez","email":"jperez@wolox.com.ar","role":"regular"},{"first_name":"Hernan","last_name":"Garcia","email":"h7@wolox.com.ar","role":"regular"},{"first_name":"Juan","last_name":"Per2ez","email":"jperwez@wolox.com.ar","role":"regular"},{"first_name":"Ju4an","last_name":"Per2ez","email":"jperwetz@wolox.com.ar","role":"regular"},{"first_name":"45543","last_name":"Per2ez","email":"jpterwetz@wolox.com.ar","role":"regular"},{"first_name":"Hernan","last_name":"Garcia","email":"h14@wolox.com.ar","role":"regular"},{"first_name":"Hernan","last_name":"Garcia","email":"h78@wolox.com.ar","role":"regular"},{"first_name":"Hernan","last_name":"Garcia","email":"h@wolox.com.ar","role":"regular"}],"previous_page":null,"next_page":2}"
15:40:22.014 [ForkJoinPool-1-worker-3] DEBUG org.apache.http.headers - http-outgoing-14 << HTTP/1.1 200 OK
15:40:22.014 [ForkJoinPool-1-worker-3] DEBUG org.apache.http.headers - http-outgoing-14 << Server: Cowboy
15:40:22.014 [ForkJoinPool-1-worker-3] DEBUG org.apache.http.headers - http-outgoing-14 << Connection: keep-alive
15:40:22.014 [ForkJoinPool-1-worker-3] DEBUG org.apache.http.headers - http-outgoing-14 << X-Powered-By: Express
15:40:22.014 [ForkJoinPool-1-worker-3] DEBUG org.apache.http.headers - http-outgoing-14 << Content-Type: application/json; charset=utf-8
15:40:22.014 [ForkJoinPool-1-worker-3] DEBUG org.apache.http.headers - http-outgoing-14 << Content-Length: 1031
15:40:22.014 [ForkJoinPool-1-worker-3] DEBUG org.apache.http.headers - http-outgoing-14 << Etag: W/"407-Vqr/s1v2BQht4R1fdVbyoAA9D0Q"
15:40:22.014 [ForkJoinPool-1-worker-3] DEBUG org.apache.http.headers - http-outgoing-14 << Date: Sun, 13 Sep 2020 20:40:23 GMT
15:40:22.014 [ForkJoinPool-1-worker-3] DEBUG org.apache.http.headers - http-outgoing-14 << Via: 1.1 vegur
15:40:22.015 [ForkJoinPool-1-worker-3] DEBUG org.apache.http.impl.execchain.MainClientExec - Connection can be kept alive indefinitely
15:40:22.015 [ForkJoinPool-1-worker-3] DEBUG org.apache.http.impl.conn.PoolingHttpClientConnectionManager - Connection [id: 14][route: {s}->https://nodejs-qa-training.herokuapp.com:443] can be kept alive indefinitely
15:40:22.015 [ForkJoinPool-1-worker-3] DEBUG org.apache.http.impl.conn.DefaultManagedHttpClientConnection - http-outgoing-14: set socket timeout to 0
15:40:22.015 [ForkJoinPool-1-worker-3] DEBUG org.apache.http.impl.conn.PoolingHttpClientConnectionManager - Connection released: [id: 14][route: {s}->https://nodejs-qa-training.herokuapp.com:443][total kept alive: 1; route allocated: 1 of 5; total allocated: 1 of 10]
15:40:22.016 [ForkJoinPool-1-worker-3] DEBUG com.intuit.karate - response time in milliseconds: 528,93
1 < 200
1 < Connection: keep-alive
1 < Content-Length: 1031
1 < Content-Type: application/json; charset=utf-8
1 < Date: Sun, 13 Sep 2020 20:40:23 GMT
1 < Etag: W/"407-Vqr/s1v2BQht4R1fdVbyoAA9D0Q"
1 < Server: Cowboy
1 < Via: 1.1 vegur
1 < X-Powered-By: Express
{"total_count":33,"count":10,"total_pages":4,"limit":10,"offset":0,"current_page":1,"page":[{"first_name":"Hernan","last_name":"Garcia","email":"h6@wolox.com.ar","role":"regular"},{"first_name":"regular","last_name":"regular","email":"regular@wolox.com.ar","role":"regular"},{"first_name":"Juan","last_name":"Perez","email":"jperez@wolox.com.ar","role":"regular"},{"first_name":"Hernan","last_name":"Garcia","email":"h7@wolox.com.ar","role":"regular"},{"first_name":"Juan","last_name":"Per2ez","email":"jperwez@wolox.com.ar","role":"regular"},{"first_name":"Ju4an","last_name":"Per2ez","email":"jperwetz@wolox.com.ar","role":"regular"},{"first_name":"45543","last_name":"Per2ez","email":"jpterwetz@wolox.com.ar","role":"regular"},{"first_name":"Hernan","last_name":"Garcia","email":"h14@wolox.com.ar","role":"regular"},{"first_name":"Hernan","last_name":"Garcia","email":"h78@wolox.com.ar","role":"regular"},{"first_name":"Hernan","last_name":"Garcia","email":"h@wolox.com.ar","role":"regular"}],"previous_page":null,"next_page":2}

15:40:22.018 [ForkJoinPool-1-worker-2] DEBUG org.apache.http.client.protocol.RequestAddCookies - CookieSpec selected: karate
15:40:22.018 [ForkJoinPool-1-worker-2] DEBUG org.apache.http.client.protocol.RequestAuthCache - Auth cache not set in the context
15:40:22.018 [ForkJoinPool-1-worker-2] DEBUG com.intuit.karate - request:
1 > GET https://nodejs-qa-training.herokuapp.com/users/146/albums
1 > Accept-Encoding: gzip,deflate
1 > Authorization: eyJ0eXAiOiJKV1QiLCJhbGciOiJIUzI1NiJ9.eyJ1c2VySWQiOjE0Niwicm9sZSI6ImFkbWluIiwiaWF0IjoxNjAwMDI5NjIzLjIxNCwiZXhwIjoxNjAwMDMxNDIzLjIxNH0.mbPjWWAIxkjUCMa5IgHELHl5qs_eakecJaTZNhzug8U
1 > Connection: Keep-Alive
1 > Host: nodejs-qa-training.herokuapp.com
1 > User-Agent: Apache-HttpClient/4.5.5 (Java/1.8.0_191)

15:40:22.018 [ForkJoinPool-1-worker-2] DEBUG org.apache.http.impl.conn.PoolingHttpClientConnectionManager - Connection request: [route: {s}->https://nodejs-qa-training.herokuapp.com:443][total kept alive: 0; route allocated: 0 of 5; total allocated: 0 of 10]
15:40:22.019 [ForkJoinPool-1-worker-2] DEBUG org.apache.http.impl.conn.PoolingHttpClientConnectionManager - Connection leased: [id: 17][route: {s}->https://nodejs-qa-training.herokuapp.com:443][total kept alive: 0; route allocated: 1 of 5; total allocated: 1 of 10]
15:40:22.019 [ForkJoinPool-1-worker-2] DEBUG org.apache.http.impl.execchain.MainClientExec - Opening connection {s}->https://nodejs-qa-training.herokuapp.com:443
15:40:22.019 [ForkJoinPool-1-worker-2] DEBUG org.apache.http.impl.conn.DefaultHttpClientConnectionOperator - Connecting to nodejs-qa-training.herokuapp.com/3.233.183.24:443
15:40:22.019 [ForkJoinPool-1-worker-2] DEBUG org.apache.http.conn.ssl.SSLConnectionSocketFactory - Connecting socket to nodejs-qa-training.herokuapp.com/3.233.183.24:443 with timeout 30000
15:40:22.021 [ForkJoinPool-1-worker-3] DEBUG com.jayway.jsonpath.internal.path.CompiledPath - Evaluating path: $
15:40:22.021 [ForkJoinPool-1-worker-3] DEBUG com.jayway.jsonpath.internal.path.CompiledPath - Evaluating path: $
15:40:22.022 [ForkJoinPool-1-worker-3] DEBUG com.jayway.jsonpath.internal.path.CompiledPath - Evaluating path: $
15:40:22.022 [ForkJoinPool-1-worker-3] INFO com.intuit.karate - [print] {
  "total_count": 33,
  "count": 10,
  "total_pages": 4,
  "limit": 10,
  "offset": 0,
  "current_page": 1,
  "page": [
    {
      "first_name": "Hernan",
      "last_name": "Garcia",
      "email": "h6@wolox.com.ar",
      "role": "regular"
    },
    {
      "first_name": "regular",
      "last_name": "regular",
      "email": "regular@wolox.com.ar",
      "role": "regular"
    },
    {
      "first_name": "Juan",
      "last_name": "Perez",
      "email": "jperez@wolox.com.ar",
      "role": "regular"
    },
    {
      "first_name": "Hernan",
      "last_name": "Garcia",
      "email": "h7@wolox.com.ar",
      "role": "regular"
    },
    {
      "first_name": "Juan",
      "last_name": "Per2ez",
      "email": "jperwez@wolox.com.ar",
      "role": "regular"
    },
    {
      "first_name": "Ju4an",
      "last_name": "Per2ez",
      "email": "jperwetz@wolox.com.ar",
      "role": "regular"
    },
    {
      "first_name": "45543",
      "last_name": "Per2ez",
      "email": "jpterwetz@wolox.com.ar",
      "role": "regular"
    },
    {
      "first_name": "Hernan",
      "last_name": "Garcia",
      "email": "h14@wolox.com.ar",
      "role": "regular"
    },
    {
      "first_name": "Hernan",
      "last_name": "Garcia",
      "email": "h78@wolox.com.ar",
      "role": "regular"
    },
    {
      "first_name": "Hernan",
      "last_name": "Garcia",
      "email": "h@wolox.com.ar",
      "role": "regular"
    }
  ],
  "previous_page": null,
  "next_page": 2
}

15:40:22.023 [ForkJoinPool-1-worker-3] DEBUG com.jayway.jsonpath.internal.path.CompiledPath - Evaluating path: $['page'][*]
15:40:22.028 [ForkJoinPool-1-worker-3] DEBUG com.jayway.jsonpath.internal.path.CompiledPath - Evaluating path: $
15:40:22.028 [ForkJoinPool-1-worker-3] DEBUG com.jayway.jsonpath.internal.path.CompiledPath - Evaluating path: $
15:40:22.029 [ForkJoinPool-1-worker-3] DEBUG com.jayway.jsonpath.internal.path.CompiledPath - Evaluating path: $
15:40:22.035 [pool-1-thread-2] INFO com.intuit.karate.Runner - <<pass>> feature 4 of 8: src/test/resources/features/ListaUsuario.feature
---------------------------------------------------------
feature: src/test/resources/features/ListaUsuario.feature
report: target\surefire-reports\src.test.resources.features.ListaUsuario.json
scenarios:  1 | passed:  1 | failed:  0 | time: 1,0732
---------------------------------------------------------
15:40:22.043 [ForkJoinPool-1-worker-3] WARN com.intuit.karate - skipping bootstrap configuration: could not find or read file: classpath:karate-config.js
15:40:22.050 [ForkJoinPool-1-worker-3] INFO com.intuit.karate - scenario called at line: 8 by tag: @FlujoExitoso
15:40:22.053 [ForkJoinPool-1-worker-3] DEBUG com.jayway.jsonpath.internal.path.CompiledPath - Evaluating path: $
15:40:22.058 [ForkJoinPool-1-worker-3] DEBUG org.apache.http.client.protocol.RequestAddCookies - CookieSpec selected: karate
15:40:22.058 [ForkJoinPool-1-worker-3] DEBUG org.apache.http.client.protocol.RequestAuthCache - Auth cache not set in the context
15:40:22.058 [ForkJoinPool-1-worker-3] DEBUG com.intuit.karate - request:
1 > POST https://nodejs-qa-training.herokuapp.com/users/sessions
1 > Accept-Encoding: gzip,deflate
1 > Connection: Keep-Alive
1 > Content-Length: 62
1 > Content-Type: application/json; charset=UTF-8
1 > Host: nodejs-qa-training.herokuapp.com
1 > User-Agent: Apache-HttpClient/4.5.5 (Java/1.8.0_191)
{"email":"admin@wolox.com.ar","password":"candidatoWolox2020"}

15:40:22.058 [ForkJoinPool-1-worker-3] DEBUG org.apache.http.impl.conn.PoolingHttpClientConnectionManager - Connection request: [route: {s}->https://nodejs-qa-training.herokuapp.com:443][total kept alive: 0; route allocated: 0 of 5; total allocated: 0 of 10]
15:40:22.058 [ForkJoinPool-1-worker-3] DEBUG org.apache.http.impl.conn.PoolingHttpClientConnectionManager - Connection leased: [id: 18][route: {s}->https://nodejs-qa-training.herokuapp.com:443][total kept alive: 0; route allocated: 1 of 5; total allocated: 1 of 10]
15:40:22.058 [ForkJoinPool-1-worker-3] DEBUG org.apache.http.impl.execchain.MainClientExec - Opening connection {s}->https://nodejs-qa-training.herokuapp.com:443
15:40:22.059 [ForkJoinPool-1-worker-3] DEBUG org.apache.http.impl.conn.DefaultHttpClientConnectionOperator - Connecting to nodejs-qa-training.herokuapp.com/3.233.183.24:443
15:40:22.059 [ForkJoinPool-1-worker-3] DEBUG org.apache.http.conn.ssl.SSLConnectionSocketFactory - Connecting socket to nodejs-qa-training.herokuapp.com/3.233.183.24:443 with timeout 30000
15:40:22.101 [ForkJoinPool-1-worker-2] DEBUG org.apache.http.conn.ssl.SSLConnectionSocketFactory - Enabled protocols: [TLSv1, TLSv1.1, TLSv1.2]
15:40:22.101 [ForkJoinPool-1-worker-2] DEBUG org.apache.http.conn.ssl.SSLConnectionSocketFactory - Enabled cipher suites:[TLS_ECDHE_ECDSA_WITH_AES_256_CBC_SHA384, TLS_ECDHE_RSA_WITH_AES_256_CBC_SHA384, TLS_RSA_WITH_AES_256_CBC_SHA256, TLS_ECDH_ECDSA_WITH_AES_256_CBC_SHA384, TLS_ECDH_RSA_WITH_AES_256_CBC_SHA384, TLS_DHE_RSA_WITH_AES_256_CBC_SHA256, TLS_DHE_DSS_WITH_AES_256_CBC_SHA256, TLS_ECDHE_ECDSA_WITH_AES_256_CBC_SHA, TLS_ECDHE_RSA_WITH_AES_256_CBC_SHA, TLS_RSA_WITH_AES_256_CBC_SHA, TLS_ECDH_ECDSA_WITH_AES_256_CBC_SHA, TLS_ECDH_RSA_WITH_AES_256_CBC_SHA, TLS_DHE_RSA_WITH_AES_256_CBC_SHA, TLS_DHE_DSS_WITH_AES_256_CBC_SHA, TLS_ECDHE_ECDSA_WITH_AES_128_CBC_SHA256, TLS_ECDHE_RSA_WITH_AES_128_CBC_SHA256, TLS_RSA_WITH_AES_128_CBC_SHA256, TLS_ECDH_ECDSA_WITH_AES_128_CBC_SHA256, TLS_ECDH_RSA_WITH_AES_128_CBC_SHA256, TLS_DHE_RSA_WITH_AES_128_CBC_SHA256, TLS_DHE_DSS_WITH_AES_128_CBC_SHA256, TLS_ECDHE_ECDSA_WITH_AES_128_CBC_SHA, TLS_ECDHE_RSA_WITH_AES_128_CBC_SHA, TLS_RSA_WITH_AES_128_CBC_SHA, TLS_ECDH_ECDSA_WITH_AES_128_CBC_SHA, TLS_ECDH_RSA_WITH_AES_128_CBC_SHA, TLS_DHE_RSA_WITH_AES_128_CBC_SHA, TLS_DHE_DSS_WITH_AES_128_CBC_SHA, TLS_ECDHE_ECDSA_WITH_AES_256_GCM_SHA384, TLS_ECDHE_ECDSA_WITH_AES_128_GCM_SHA256, TLS_ECDHE_RSA_WITH_AES_256_GCM_SHA384, TLS_RSA_WITH_AES_256_GCM_SHA384, TLS_ECDH_ECDSA_WITH_AES_256_GCM_SHA384, TLS_ECDH_RSA_WITH_AES_256_GCM_SHA384, TLS_DHE_RSA_WITH_AES_256_GCM_SHA384, TLS_DHE_DSS_WITH_AES_256_GCM_SHA384, TLS_ECDHE_RSA_WITH_AES_128_GCM_SHA256, TLS_RSA_WITH_AES_128_GCM_SHA256, TLS_ECDH_ECDSA_WITH_AES_128_GCM_SHA256, TLS_ECDH_RSA_WITH_AES_128_GCM_SHA256, TLS_DHE_RSA_WITH_AES_128_GCM_SHA256, TLS_DHE_DSS_WITH_AES_128_GCM_SHA256, TLS_EMPTY_RENEGOTIATION_INFO_SCSV]
15:40:22.101 [ForkJoinPool-1-worker-2] DEBUG org.apache.http.conn.ssl.SSLConnectionSocketFactory - Starting handshake
15:40:22.137 [ForkJoinPool-1-worker-3] DEBUG org.apache.http.conn.ssl.SSLConnectionSocketFactory - Enabled protocols: [TLSv1, TLSv1.1, TLSv1.2]
15:40:22.137 [ForkJoinPool-1-worker-3] DEBUG org.apache.http.conn.ssl.SSLConnectionSocketFactory - Enabled cipher suites:[TLS_ECDHE_ECDSA_WITH_AES_256_CBC_SHA384, TLS_ECDHE_RSA_WITH_AES_256_CBC_SHA384, TLS_RSA_WITH_AES_256_CBC_SHA256, TLS_ECDH_ECDSA_WITH_AES_256_CBC_SHA384, TLS_ECDH_RSA_WITH_AES_256_CBC_SHA384, TLS_DHE_RSA_WITH_AES_256_CBC_SHA256, TLS_DHE_DSS_WITH_AES_256_CBC_SHA256, TLS_ECDHE_ECDSA_WITH_AES_256_CBC_SHA, TLS_ECDHE_RSA_WITH_AES_256_CBC_SHA, TLS_RSA_WITH_AES_256_CBC_SHA, TLS_ECDH_ECDSA_WITH_AES_256_CBC_SHA, TLS_ECDH_RSA_WITH_AES_256_CBC_SHA, TLS_DHE_RSA_WITH_AES_256_CBC_SHA, TLS_DHE_DSS_WITH_AES_256_CBC_SHA, TLS_ECDHE_ECDSA_WITH_AES_128_CBC_SHA256, TLS_ECDHE_RSA_WITH_AES_128_CBC_SHA256, TLS_RSA_WITH_AES_128_CBC_SHA256, TLS_ECDH_ECDSA_WITH_AES_128_CBC_SHA256, TLS_ECDH_RSA_WITH_AES_128_CBC_SHA256, TLS_DHE_RSA_WITH_AES_128_CBC_SHA256, TLS_DHE_DSS_WITH_AES_128_CBC_SHA256, TLS_ECDHE_ECDSA_WITH_AES_128_CBC_SHA, TLS_ECDHE_RSA_WITH_AES_128_CBC_SHA, TLS_RSA_WITH_AES_128_CBC_SHA, TLS_ECDH_ECDSA_WITH_AES_128_CBC_SHA, TLS_ECDH_RSA_WITH_AES_128_CBC_SHA, TLS_DHE_RSA_WITH_AES_128_CBC_SHA, TLS_DHE_DSS_WITH_AES_128_CBC_SHA, TLS_ECDHE_ECDSA_WITH_AES_256_GCM_SHA384, TLS_ECDHE_ECDSA_WITH_AES_128_GCM_SHA256, TLS_ECDHE_RSA_WITH_AES_256_GCM_SHA384, TLS_RSA_WITH_AES_256_GCM_SHA384, TLS_ECDH_ECDSA_WITH_AES_256_GCM_SHA384, TLS_ECDH_RSA_WITH_AES_256_GCM_SHA384, TLS_DHE_RSA_WITH_AES_256_GCM_SHA384, TLS_DHE_DSS_WITH_AES_256_GCM_SHA384, TLS_ECDHE_RSA_WITH_AES_128_GCM_SHA256, TLS_RSA_WITH_AES_128_GCM_SHA256, TLS_ECDH_ECDSA_WITH_AES_128_GCM_SHA256, TLS_ECDH_RSA_WITH_AES_128_GCM_SHA256, TLS_DHE_RSA_WITH_AES_128_GCM_SHA256, TLS_DHE_DSS_WITH_AES_128_GCM_SHA256, TLS_EMPTY_RENEGOTIATION_INFO_SCSV]
15:40:22.137 [ForkJoinPool-1-worker-3] DEBUG org.apache.http.conn.ssl.SSLConnectionSocketFactory - Starting handshake
15:40:22.195 [ForkJoinPool-1-worker-1] DEBUG org.apache.http.wire - http-outgoing-16 << "HTTP/1.1 200 OK[\r][\n]"
15:40:22.195 [ForkJoinPool-1-worker-1] DEBUG org.apache.http.wire - http-outgoing-16 << "Server: Cowboy[\r][\n]"
15:40:22.195 [ForkJoinPool-1-worker-1] DEBUG org.apache.http.wire - http-outgoing-16 << "Connection: keep-alive[\r][\n]"
15:40:22.195 [ForkJoinPool-1-worker-1] DEBUG org.apache.http.wire - http-outgoing-16 << "X-Powered-By: Express[\r][\n]"
15:40:22.195 [ForkJoinPool-1-worker-1] DEBUG org.apache.http.wire - http-outgoing-16 << "Authorization: eyJ0eXAiOiJKV1QiLCJhbGciOiJIUzI1NiJ9.eyJ1c2VySWQiOjE0Niwicm9sZSI6ImFkbWluIiwiaWF0IjoxNjAwMDI5NjIzLjQwNCwiZXhwIjoxNjAwMDMxNDIzLjQwNH0.dOWgqFKqTXk7tvkhb5_y07QL4QqgIq9pbNriR-yqVrI[\r][\n]"
15:40:22.195 [ForkJoinPool-1-worker-1] DEBUG org.apache.http.wire - http-outgoing-16 << "Content-Type: application/json; charset=utf-8[\r][\n]"
15:40:22.195 [ForkJoinPool-1-worker-1] DEBUG org.apache.http.wire - http-outgoing-16 << "Content-Length: 51[\r][\n]"
15:40:22.195 [ForkJoinPool-1-worker-1] DEBUG org.apache.http.wire - http-outgoing-16 << "Etag: W/"33-s3FV/FNumjf0evjGkvJ/ZNexl+Q"[\r][\n]"
15:40:22.195 [ForkJoinPool-1-worker-1] DEBUG org.apache.http.wire - http-outgoing-16 << "Date: Sun, 13 Sep 2020 20:40:23 GMT[\r][\n]"
15:40:22.195 [ForkJoinPool-1-worker-1] DEBUG org.apache.http.wire - http-outgoing-16 << "Via: 1.1 vegur[\r][\n]"
15:40:22.195 [ForkJoinPool-1-worker-1] DEBUG org.apache.http.wire - http-outgoing-16 << "[\r][\n]"
15:40:22.195 [ForkJoinPool-1-worker-1] DEBUG org.apache.http.wire - http-outgoing-16 << "{"user_id":146,"token_expires_at":"1600031423.404"}"
15:40:22.195 [ForkJoinPool-1-worker-1] DEBUG org.apache.http.headers - http-outgoing-16 << HTTP/1.1 200 OK
15:40:22.195 [ForkJoinPool-1-worker-1] DEBUG org.apache.http.headers - http-outgoing-16 << Server: Cowboy
15:40:22.195 [ForkJoinPool-1-worker-1] DEBUG org.apache.http.headers - http-outgoing-16 << Connection: keep-alive
15:40:22.195 [ForkJoinPool-1-worker-1] DEBUG org.apache.http.headers - http-outgoing-16 << X-Powered-By: Express
15:40:22.195 [ForkJoinPool-1-worker-1] DEBUG org.apache.http.headers - http-outgoing-16 << Authorization: eyJ0eXAiOiJKV1QiLCJhbGciOiJIUzI1NiJ9.eyJ1c2VySWQiOjE0Niwicm9sZSI6ImFkbWluIiwiaWF0IjoxNjAwMDI5NjIzLjQwNCwiZXhwIjoxNjAwMDMxNDIzLjQwNH0.dOWgqFKqTXk7tvkhb5_y07QL4QqgIq9pbNriR-yqVrI
15:40:22.195 [ForkJoinPool-1-worker-1] DEBUG org.apache.http.headers - http-outgoing-16 << Content-Type: application/json; charset=utf-8
15:40:22.195 [ForkJoinPool-1-worker-1] DEBUG org.apache.http.headers - http-outgoing-16 << Content-Length: 51
15:40:22.195 [ForkJoinPool-1-worker-1] DEBUG org.apache.http.headers - http-outgoing-16 << Etag: W/"33-s3FV/FNumjf0evjGkvJ/ZNexl+Q"
15:40:22.195 [ForkJoinPool-1-worker-1] DEBUG org.apache.http.headers - http-outgoing-16 << Date: Sun, 13 Sep 2020 20:40:23 GMT
15:40:22.195 [ForkJoinPool-1-worker-1] DEBUG org.apache.http.headers - http-outgoing-16 << Via: 1.1 vegur
15:40:22.196 [ForkJoinPool-1-worker-1] DEBUG org.apache.http.impl.execchain.MainClientExec - Connection can be kept alive indefinitely
15:40:22.196 [ForkJoinPool-1-worker-1] DEBUG org.apache.http.impl.conn.PoolingHttpClientConnectionManager - Connection [id: 16][route: {s}->https://nodejs-qa-training.herokuapp.com:443] can be kept alive indefinitely
15:40:22.196 [ForkJoinPool-1-worker-1] DEBUG org.apache.http.impl.conn.DefaultManagedHttpClientConnection - http-outgoing-16: set socket timeout to 0
15:40:22.196 [ForkJoinPool-1-worker-1] DEBUG org.apache.http.impl.conn.PoolingHttpClientConnectionManager - Connection released: [id: 16][route: {s}->https://nodejs-qa-training.herokuapp.com:443][total kept alive: 1; route allocated: 1 of 5; total allocated: 1 of 10]
15:40:22.196 [ForkJoinPool-1-worker-1] DEBUG com.intuit.karate - response time in milliseconds: 509,37
1 < 200
1 < Authorization: eyJ0eXAiOiJKV1QiLCJhbGciOiJIUzI1NiJ9.eyJ1c2VySWQiOjE0Niwicm9sZSI6ImFkbWluIiwiaWF0IjoxNjAwMDI5NjIzLjQwNCwiZXhwIjoxNjAwMDMxNDIzLjQwNH0.dOWgqFKqTXk7tvkhb5_y07QL4QqgIq9pbNriR-yqVrI
1 < Connection: keep-alive
1 < Content-Length: 51
1 < Content-Type: application/json; charset=utf-8
1 < Date: Sun, 13 Sep 2020 20:40:23 GMT
1 < Etag: W/"33-s3FV/FNumjf0evjGkvJ/ZNexl+Q"
1 < Server: Cowboy
1 < Via: 1.1 vegur
1 < X-Powered-By: Express
{"user_id":146,"token_expires_at":"1600031423.404"}

15:40:22.198 [ForkJoinPool-1-worker-1] DEBUG com.jayway.jsonpath.internal.path.CompiledPath - Evaluating path: $
15:40:22.198 [ForkJoinPool-1-worker-1] DEBUG com.jayway.jsonpath.internal.path.CompiledPath - Evaluating path: $
15:40:22.199 [ForkJoinPool-1-worker-1] DEBUG com.jayway.jsonpath.internal.path.CompiledPath - Evaluating path: $
15:40:22.200 [ForkJoinPool-1-worker-1] DEBUG com.jayway.jsonpath.internal.path.CompiledPath - Evaluating path: $
15:40:22.200 [ForkJoinPool-1-worker-1] DEBUG com.jayway.jsonpath.internal.path.CompiledPath - Evaluating path: $
15:40:22.201 [ForkJoinPool-1-worker-1] DEBUG com.jayway.jsonpath.internal.path.CompiledPath - Evaluating path: $
15:40:22.201 [ForkJoinPool-1-worker-1] DEBUG com.jayway.jsonpath.internal.path.CompiledPath - Evaluating path: $
15:40:22.201 [ForkJoinPool-1-worker-1] INFO com.intuit.karate - [print] {
  "user_id": 146,
  "token_expires_at": "1600031423.404"
}

15:40:22.206 [ForkJoinPool-1-worker-1] DEBUG org.apache.http.client.protocol.RequestAddCookies - CookieSpec selected: karate
15:40:22.207 [ForkJoinPool-1-worker-1] DEBUG org.apache.http.client.protocol.RequestAuthCache - Auth cache not set in the context
15:40:22.207 [ForkJoinPool-1-worker-1] DEBUG com.intuit.karate - request:
1 > GET https://nodejs-qa-training.herokuapp.com/albums
1 > Accept-Encoding: gzip,deflate
1 > Authorization: eyJ0eXAiOiJKV1QiLCJhbGciOiJIUzI1NiJ9.eyJ1c2VySWQiOjE0Niwicm9sZSI6ImFkbWluIiwiaWF0IjoxNjAwMDI5NjIzLjQwNCwiZXhwIjoxNjAwMDMxNDIzLjQwNH0.dOWgqFKqTXk7tvkhb5_y07QL4QqgIq9pbNriR-yqVrI
1 > Connection: Keep-Alive
1 > Host: nodejs-qa-training.herokuapp.com
1 > User-Agent: Apache-HttpClient/4.5.5 (Java/1.8.0_191)

15:40:22.207 [ForkJoinPool-1-worker-1] DEBUG org.apache.http.impl.conn.PoolingHttpClientConnectionManager - Connection request: [route: {s}->https://nodejs-qa-training.herokuapp.com:443][total kept alive: 0; route allocated: 0 of 5; total allocated: 0 of 10]
15:40:22.207 [ForkJoinPool-1-worker-1] DEBUG org.apache.http.impl.conn.PoolingHttpClientConnectionManager - Connection leased: [id: 19][route: {s}->https://nodejs-qa-training.herokuapp.com:443][total kept alive: 0; route allocated: 1 of 5; total allocated: 1 of 10]
15:40:22.207 [ForkJoinPool-1-worker-1] DEBUG org.apache.http.impl.execchain.MainClientExec - Opening connection {s}->https://nodejs-qa-training.herokuapp.com:443
15:40:22.207 [ForkJoinPool-1-worker-1] DEBUG org.apache.http.impl.conn.DefaultHttpClientConnectionOperator - Connecting to nodejs-qa-training.herokuapp.com/3.233.183.24:443
15:40:22.207 [ForkJoinPool-1-worker-1] DEBUG org.apache.http.conn.ssl.SSLConnectionSocketFactory - Connecting socket to nodejs-qa-training.herokuapp.com/3.233.183.24:443 with timeout 30000
15:40:22.280 [ForkJoinPool-1-worker-2] DEBUG org.apache.http.conn.ssl.SSLConnectionSocketFactory - Secure session established
15:40:22.280 [ForkJoinPool-1-worker-2] DEBUG org.apache.http.conn.ssl.SSLConnectionSocketFactory -  negotiated protocol: TLSv1.2
15:40:22.280 [ForkJoinPool-1-worker-2] DEBUG org.apache.http.conn.ssl.SSLConnectionSocketFactory -  negotiated cipher suite: TLS_ECDHE_RSA_WITH_AES_128_GCM_SHA256
15:40:22.280 [ForkJoinPool-1-worker-2] DEBUG org.apache.http.conn.ssl.SSLConnectionSocketFactory -  peer principal: CN=*.herokuapp.com, O="Heroku, Inc.", L=San Francisco, ST=California, C=US
15:40:22.280 [ForkJoinPool-1-worker-2] DEBUG org.apache.http.conn.ssl.SSLConnectionSocketFactory -  peer alternative names: [*.herokuapp.com, herokuapp.com]
15:40:22.280 [ForkJoinPool-1-worker-2] DEBUG org.apache.http.conn.ssl.SSLConnectionSocketFactory -  issuer principal: CN=DigiCert SHA2 High Assurance Server CA, OU=www.digicert.com, O=DigiCert Inc, C=US
15:40:22.280 [ForkJoinPool-1-worker-2] DEBUG org.apache.http.impl.conn.DefaultHttpClientConnectionOperator - Connection established 192.168.0.10:57477<->3.233.183.24:443
15:40:22.280 [ForkJoinPool-1-worker-2] DEBUG org.apache.http.impl.conn.DefaultManagedHttpClientConnection - http-outgoing-17: set socket timeout to 30000
15:40:22.280 [ForkJoinPool-1-worker-2] DEBUG org.apache.http.impl.execchain.MainClientExec - Executing request GET /users/146/albums HTTP/1.1
15:40:22.280 [ForkJoinPool-1-worker-2] DEBUG org.apache.http.impl.execchain.MainClientExec - Proxy auth state: UNCHALLENGED
15:40:22.280 [ForkJoinPool-1-worker-2] DEBUG org.apache.http.headers - http-outgoing-17 >> GET /users/146/albums HTTP/1.1
15:40:22.281 [ForkJoinPool-1-worker-2] DEBUG org.apache.http.headers - http-outgoing-17 >> Authorization: eyJ0eXAiOiJKV1QiLCJhbGciOiJIUzI1NiJ9.eyJ1c2VySWQiOjE0Niwicm9sZSI6ImFkbWluIiwiaWF0IjoxNjAwMDI5NjIzLjIxNCwiZXhwIjoxNjAwMDMxNDIzLjIxNH0.mbPjWWAIxkjUCMa5IgHELHl5qs_eakecJaTZNhzug8U
15:40:22.281 [ForkJoinPool-1-worker-2] DEBUG org.apache.http.headers - http-outgoing-17 >> Host: nodejs-qa-training.herokuapp.com
15:40:22.281 [ForkJoinPool-1-worker-2] DEBUG org.apache.http.headers - http-outgoing-17 >> Connection: Keep-Alive
15:40:22.281 [ForkJoinPool-1-worker-2] DEBUG org.apache.http.headers - http-outgoing-17 >> User-Agent: Apache-HttpClient/4.5.5 (Java/1.8.0_191)
15:40:22.281 [ForkJoinPool-1-worker-2] DEBUG org.apache.http.headers - http-outgoing-17 >> Accept-Encoding: gzip,deflate
15:40:22.281 [ForkJoinPool-1-worker-2] DEBUG org.apache.http.wire - http-outgoing-17 >> "GET /users/146/albums HTTP/1.1[\r][\n]"
15:40:22.281 [ForkJoinPool-1-worker-2] DEBUG org.apache.http.wire - http-outgoing-17 >> "Authorization: eyJ0eXAiOiJKV1QiLCJhbGciOiJIUzI1NiJ9.eyJ1c2VySWQiOjE0Niwicm9sZSI6ImFkbWluIiwiaWF0IjoxNjAwMDI5NjIzLjIxNCwiZXhwIjoxNjAwMDMxNDIzLjIxNH0.mbPjWWAIxkjUCMa5IgHELHl5qs_eakecJaTZNhzug8U[\r][\n]"
15:40:22.281 [ForkJoinPool-1-worker-2] DEBUG org.apache.http.wire - http-outgoing-17 >> "Host: nodejs-qa-training.herokuapp.com[\r][\n]"
15:40:22.281 [ForkJoinPool-1-worker-2] DEBUG org.apache.http.wire - http-outgoing-17 >> "Connection: Keep-Alive[\r][\n]"
15:40:22.281 [ForkJoinPool-1-worker-2] DEBUG org.apache.http.wire - http-outgoing-17 >> "User-Agent: Apache-HttpClient/4.5.5 (Java/1.8.0_191)[\r][\n]"
15:40:22.281 [ForkJoinPool-1-worker-2] DEBUG org.apache.http.wire - http-outgoing-17 >> "Accept-Encoding: gzip,deflate[\r][\n]"
15:40:22.281 [ForkJoinPool-1-worker-2] DEBUG org.apache.http.wire - http-outgoing-17 >> "[\r][\n]"
15:40:22.282 [ForkJoinPool-1-worker-1] DEBUG org.apache.http.conn.ssl.SSLConnectionSocketFactory - Enabled protocols: [TLSv1, TLSv1.1, TLSv1.2]
15:40:22.282 [ForkJoinPool-1-worker-1] DEBUG org.apache.http.conn.ssl.SSLConnectionSocketFactory - Enabled cipher suites:[TLS_ECDHE_ECDSA_WITH_AES_256_CBC_SHA384, TLS_ECDHE_RSA_WITH_AES_256_CBC_SHA384, TLS_RSA_WITH_AES_256_CBC_SHA256, TLS_ECDH_ECDSA_WITH_AES_256_CBC_SHA384, TLS_ECDH_RSA_WITH_AES_256_CBC_SHA384, TLS_DHE_RSA_WITH_AES_256_CBC_SHA256, TLS_DHE_DSS_WITH_AES_256_CBC_SHA256, TLS_ECDHE_ECDSA_WITH_AES_256_CBC_SHA, TLS_ECDHE_RSA_WITH_AES_256_CBC_SHA, TLS_RSA_WITH_AES_256_CBC_SHA, TLS_ECDH_ECDSA_WITH_AES_256_CBC_SHA, TLS_ECDH_RSA_WITH_AES_256_CBC_SHA, TLS_DHE_RSA_WITH_AES_256_CBC_SHA, TLS_DHE_DSS_WITH_AES_256_CBC_SHA, TLS_ECDHE_ECDSA_WITH_AES_128_CBC_SHA256, TLS_ECDHE_RSA_WITH_AES_128_CBC_SHA256, TLS_RSA_WITH_AES_128_CBC_SHA256, TLS_ECDH_ECDSA_WITH_AES_128_CBC_SHA256, TLS_ECDH_RSA_WITH_AES_128_CBC_SHA256, TLS_DHE_RSA_WITH_AES_128_CBC_SHA256, TLS_DHE_DSS_WITH_AES_128_CBC_SHA256, TLS_ECDHE_ECDSA_WITH_AES_128_CBC_SHA, TLS_ECDHE_RSA_WITH_AES_128_CBC_SHA, TLS_RSA_WITH_AES_128_CBC_SHA, TLS_ECDH_ECDSA_WITH_AES_128_CBC_SHA, TLS_ECDH_RSA_WITH_AES_128_CBC_SHA, TLS_DHE_RSA_WITH_AES_128_CBC_SHA, TLS_DHE_DSS_WITH_AES_128_CBC_SHA, TLS_ECDHE_ECDSA_WITH_AES_256_GCM_SHA384, TLS_ECDHE_ECDSA_WITH_AES_128_GCM_SHA256, TLS_ECDHE_RSA_WITH_AES_256_GCM_SHA384, TLS_RSA_WITH_AES_256_GCM_SHA384, TLS_ECDH_ECDSA_WITH_AES_256_GCM_SHA384, TLS_ECDH_RSA_WITH_AES_256_GCM_SHA384, TLS_DHE_RSA_WITH_AES_256_GCM_SHA384, TLS_DHE_DSS_WITH_AES_256_GCM_SHA384, TLS_ECDHE_RSA_WITH_AES_128_GCM_SHA256, TLS_RSA_WITH_AES_128_GCM_SHA256, TLS_ECDH_ECDSA_WITH_AES_128_GCM_SHA256, TLS_ECDH_RSA_WITH_AES_128_GCM_SHA256, TLS_DHE_RSA_WITH_AES_128_GCM_SHA256, TLS_DHE_DSS_WITH_AES_128_GCM_SHA256, TLS_EMPTY_RENEGOTIATION_INFO_SCSV]
15:40:22.282 [ForkJoinPool-1-worker-1] DEBUG org.apache.http.conn.ssl.SSLConnectionSocketFactory - Starting handshake
15:40:22.311 [ForkJoinPool-1-worker-3] DEBUG org.apache.http.conn.ssl.SSLConnectionSocketFactory - Secure session established
15:40:22.311 [ForkJoinPool-1-worker-3] DEBUG org.apache.http.conn.ssl.SSLConnectionSocketFactory -  negotiated protocol: TLSv1.2
15:40:22.311 [ForkJoinPool-1-worker-3] DEBUG org.apache.http.conn.ssl.SSLConnectionSocketFactory -  negotiated cipher suite: TLS_ECDHE_RSA_WITH_AES_128_GCM_SHA256
15:40:22.311 [ForkJoinPool-1-worker-3] DEBUG org.apache.http.conn.ssl.SSLConnectionSocketFactory -  peer principal: CN=*.herokuapp.com, O="Heroku, Inc.", L=San Francisco, ST=California, C=US
15:40:22.312 [ForkJoinPool-1-worker-3] DEBUG org.apache.http.conn.ssl.SSLConnectionSocketFactory -  peer alternative names: [*.herokuapp.com, herokuapp.com]
15:40:22.312 [ForkJoinPool-1-worker-3] DEBUG org.apache.http.conn.ssl.SSLConnectionSocketFactory -  issuer principal: CN=DigiCert SHA2 High Assurance Server CA, OU=www.digicert.com, O=DigiCert Inc, C=US
15:40:22.312 [ForkJoinPool-1-worker-3] DEBUG org.apache.http.impl.conn.DefaultHttpClientConnectionOperator - Connection established 192.168.0.10:57478<->3.233.183.24:443
15:40:22.312 [ForkJoinPool-1-worker-3] DEBUG org.apache.http.impl.conn.DefaultManagedHttpClientConnection - http-outgoing-18: set socket timeout to 30000
15:40:22.312 [ForkJoinPool-1-worker-3] DEBUG org.apache.http.impl.execchain.MainClientExec - Executing request POST /users/sessions HTTP/1.1
15:40:22.312 [ForkJoinPool-1-worker-3] DEBUG org.apache.http.impl.execchain.MainClientExec - Target auth state: UNCHALLENGED
15:40:22.312 [ForkJoinPool-1-worker-3] DEBUG org.apache.http.impl.execchain.MainClientExec - Proxy auth state: UNCHALLENGED
15:40:22.312 [ForkJoinPool-1-worker-3] DEBUG org.apache.http.headers - http-outgoing-18 >> POST /users/sessions HTTP/1.1
15:40:22.312 [ForkJoinPool-1-worker-3] DEBUG org.apache.http.headers - http-outgoing-18 >> Content-Type: application/json; charset=UTF-8
15:40:22.312 [ForkJoinPool-1-worker-3] DEBUG org.apache.http.headers - http-outgoing-18 >> Content-Length: 62
15:40:22.312 [ForkJoinPool-1-worker-3] DEBUG org.apache.http.headers - http-outgoing-18 >> Host: nodejs-qa-training.herokuapp.com
15:40:22.312 [ForkJoinPool-1-worker-3] DEBUG org.apache.http.headers - http-outgoing-18 >> Connection: Keep-Alive
15:40:22.312 [ForkJoinPool-1-worker-3] DEBUG org.apache.http.headers - http-outgoing-18 >> User-Agent: Apache-HttpClient/4.5.5 (Java/1.8.0_191)
15:40:22.312 [ForkJoinPool-1-worker-3] DEBUG org.apache.http.headers - http-outgoing-18 >> Accept-Encoding: gzip,deflate
15:40:22.312 [ForkJoinPool-1-worker-3] DEBUG org.apache.http.wire - http-outgoing-18 >> "POST /users/sessions HTTP/1.1[\r][\n]"
15:40:22.312 [ForkJoinPool-1-worker-3] DEBUG org.apache.http.wire - http-outgoing-18 >> "Content-Type: application/json; charset=UTF-8[\r][\n]"
15:40:22.312 [ForkJoinPool-1-worker-3] DEBUG org.apache.http.wire - http-outgoing-18 >> "Content-Length: 62[\r][\n]"
15:40:22.312 [ForkJoinPool-1-worker-3] DEBUG org.apache.http.wire - http-outgoing-18 >> "Host: nodejs-qa-training.herokuapp.com[\r][\n]"
15:40:22.312 [ForkJoinPool-1-worker-3] DEBUG org.apache.http.wire - http-outgoing-18 >> "Connection: Keep-Alive[\r][\n]"
15:40:22.312 [ForkJoinPool-1-worker-3] DEBUG org.apache.http.wire - http-outgoing-18 >> "User-Agent: Apache-HttpClient/4.5.5 (Java/1.8.0_191)[\r][\n]"
15:40:22.312 [ForkJoinPool-1-worker-3] DEBUG org.apache.http.wire - http-outgoing-18 >> "Accept-Encoding: gzip,deflate[\r][\n]"
15:40:22.313 [ForkJoinPool-1-worker-3] DEBUG org.apache.http.wire - http-outgoing-18 >> "[\r][\n]"
15:40:22.313 [ForkJoinPool-1-worker-3] DEBUG org.apache.http.wire - http-outgoing-18 >> "{"email":"admin@wolox.com.ar","password":"candidatoWolox2020"}"
15:40:22.477 [ForkJoinPool-1-worker-1] DEBUG org.apache.http.conn.ssl.SSLConnectionSocketFactory - Secure session established
15:40:22.478 [ForkJoinPool-1-worker-1] DEBUG org.apache.http.conn.ssl.SSLConnectionSocketFactory -  negotiated protocol: TLSv1.2
15:40:22.478 [ForkJoinPool-1-worker-1] DEBUG org.apache.http.conn.ssl.SSLConnectionSocketFactory -  negotiated cipher suite: TLS_ECDHE_RSA_WITH_AES_128_GCM_SHA256
15:40:22.478 [ForkJoinPool-1-worker-1] DEBUG org.apache.http.conn.ssl.SSLConnectionSocketFactory -  peer principal: CN=*.herokuapp.com, O="Heroku, Inc.", L=San Francisco, ST=California, C=US
15:40:22.478 [ForkJoinPool-1-worker-1] DEBUG org.apache.http.conn.ssl.SSLConnectionSocketFactory -  peer alternative names: [*.herokuapp.com, herokuapp.com]
15:40:22.478 [ForkJoinPool-1-worker-1] DEBUG org.apache.http.conn.ssl.SSLConnectionSocketFactory -  issuer principal: CN=DigiCert SHA2 High Assurance Server CA, OU=www.digicert.com, O=DigiCert Inc, C=US
15:40:22.478 [ForkJoinPool-1-worker-1] DEBUG org.apache.http.impl.conn.DefaultHttpClientConnectionOperator - Connection established 192.168.0.10:57479<->3.233.183.24:443
15:40:22.478 [ForkJoinPool-1-worker-1] DEBUG org.apache.http.impl.conn.DefaultManagedHttpClientConnection - http-outgoing-19: set socket timeout to 30000
15:40:22.478 [ForkJoinPool-1-worker-1] DEBUG org.apache.http.impl.execchain.MainClientExec - Executing request GET /albums HTTP/1.1
15:40:22.478 [ForkJoinPool-1-worker-1] DEBUG org.apache.http.impl.execchain.MainClientExec - Proxy auth state: UNCHALLENGED
15:40:22.478 [ForkJoinPool-1-worker-1] DEBUG org.apache.http.headers - http-outgoing-19 >> GET /albums HTTP/1.1
15:40:22.478 [ForkJoinPool-1-worker-1] DEBUG org.apache.http.headers - http-outgoing-19 >> Authorization: eyJ0eXAiOiJKV1QiLCJhbGciOiJIUzI1NiJ9.eyJ1c2VySWQiOjE0Niwicm9sZSI6ImFkbWluIiwiaWF0IjoxNjAwMDI5NjIzLjQwNCwiZXhwIjoxNjAwMDMxNDIzLjQwNH0.dOWgqFKqTXk7tvkhb5_y07QL4QqgIq9pbNriR-yqVrI
15:40:22.478 [ForkJoinPool-1-worker-1] DEBUG org.apache.http.headers - http-outgoing-19 >> Host: nodejs-qa-training.herokuapp.com
15:40:22.478 [ForkJoinPool-1-worker-1] DEBUG org.apache.http.headers - http-outgoing-19 >> Connection: Keep-Alive
15:40:22.478 [ForkJoinPool-1-worker-1] DEBUG org.apache.http.headers - http-outgoing-19 >> User-Agent: Apache-HttpClient/4.5.5 (Java/1.8.0_191)
15:40:22.478 [ForkJoinPool-1-worker-1] DEBUG org.apache.http.headers - http-outgoing-19 >> Accept-Encoding: gzip,deflate
15:40:22.478 [ForkJoinPool-1-worker-1] DEBUG org.apache.http.wire - http-outgoing-19 >> "GET /albums HTTP/1.1[\r][\n]"
15:40:22.478 [ForkJoinPool-1-worker-1] DEBUG org.apache.http.wire - http-outgoing-19 >> "Authorization: eyJ0eXAiOiJKV1QiLCJhbGciOiJIUzI1NiJ9.eyJ1c2VySWQiOjE0Niwicm9sZSI6ImFkbWluIiwiaWF0IjoxNjAwMDI5NjIzLjQwNCwiZXhwIjoxNjAwMDMxNDIzLjQwNH0.dOWgqFKqTXk7tvkhb5_y07QL4QqgIq9pbNriR-yqVrI[\r][\n]"
15:40:22.478 [ForkJoinPool-1-worker-1] DEBUG org.apache.http.wire - http-outgoing-19 >> "Host: nodejs-qa-training.herokuapp.com[\r][\n]"
15:40:22.478 [ForkJoinPool-1-worker-1] DEBUG org.apache.http.wire - http-outgoing-19 >> "Connection: Keep-Alive[\r][\n]"
15:40:22.478 [ForkJoinPool-1-worker-1] DEBUG org.apache.http.wire - http-outgoing-19 >> "User-Agent: Apache-HttpClient/4.5.5 (Java/1.8.0_191)[\r][\n]"
15:40:22.478 [ForkJoinPool-1-worker-1] DEBUG org.apache.http.wire - http-outgoing-19 >> "Accept-Encoding: gzip,deflate[\r][\n]"
15:40:22.478 [ForkJoinPool-1-worker-1] DEBUG org.apache.http.wire - http-outgoing-19 >> "[\r][\n]"
15:40:22.581 [ForkJoinPool-1-worker-3] DEBUG org.apache.http.wire - http-outgoing-18 << "HTTP/1.1 200 OK[\r][\n]"
15:40:22.581 [ForkJoinPool-1-worker-3] DEBUG org.apache.http.wire - http-outgoing-18 << "Server: Cowboy[\r][\n]"
15:40:22.581 [ForkJoinPool-1-worker-3] DEBUG org.apache.http.wire - http-outgoing-18 << "Connection: keep-alive[\r][\n]"
15:40:22.581 [ForkJoinPool-1-worker-3] DEBUG org.apache.http.wire - http-outgoing-18 << "X-Powered-By: Express[\r][\n]"
15:40:22.581 [ForkJoinPool-1-worker-3] DEBUG org.apache.http.wire - http-outgoing-18 << "Authorization: eyJ0eXAiOiJKV1QiLCJhbGciOiJIUzI1NiJ9.eyJ1c2VySWQiOjE0Niwicm9sZSI6ImFkbWluIiwiaWF0IjoxNjAwMDI5NjIzLjc5NCwiZXhwIjoxNjAwMDMxNDIzLjc5NH0.k33ZsVn6I6dfPpfNWbF5LbpRNKN0PZU2_w0n-xhSo8o[\r][\n]"
15:40:22.581 [ForkJoinPool-1-worker-3] DEBUG org.apache.http.wire - http-outgoing-18 << "Content-Type: application/json; charset=utf-8[\r][\n]"
15:40:22.581 [ForkJoinPool-1-worker-3] DEBUG org.apache.http.wire - http-outgoing-18 << "Content-Length: 51[\r][\n]"
15:40:22.581 [ForkJoinPool-1-worker-3] DEBUG org.apache.http.wire - http-outgoing-18 << "Etag: W/"33-VRMM34SozERPaXYgyz3Fp0FGYTQ"[\r][\n]"
15:40:22.581 [ForkJoinPool-1-worker-3] DEBUG org.apache.http.wire - http-outgoing-18 << "Date: Sun, 13 Sep 2020 20:40:23 GMT[\r][\n]"
15:40:22.581 [ForkJoinPool-1-worker-3] DEBUG org.apache.http.wire - http-outgoing-18 << "Via: 1.1 vegur[\r][\n]"
15:40:22.581 [ForkJoinPool-1-worker-3] DEBUG org.apache.http.wire - http-outgoing-18 << "[\r][\n]"
15:40:22.581 [ForkJoinPool-1-worker-3] DEBUG org.apache.http.wire - http-outgoing-18 << "{"user_id":146,"token_expires_at":"1600031423.794"}"
15:40:22.581 [ForkJoinPool-1-worker-3] DEBUG org.apache.http.headers - http-outgoing-18 << HTTP/1.1 200 OK
15:40:22.582 [ForkJoinPool-1-worker-3] DEBUG org.apache.http.headers - http-outgoing-18 << Server: Cowboy
15:40:22.582 [ForkJoinPool-1-worker-3] DEBUG org.apache.http.headers - http-outgoing-18 << Connection: keep-alive
15:40:22.582 [ForkJoinPool-1-worker-3] DEBUG org.apache.http.headers - http-outgoing-18 << X-Powered-By: Express
15:40:22.582 [ForkJoinPool-1-worker-3] DEBUG org.apache.http.headers - http-outgoing-18 << Authorization: eyJ0eXAiOiJKV1QiLCJhbGciOiJIUzI1NiJ9.eyJ1c2VySWQiOjE0Niwicm9sZSI6ImFkbWluIiwiaWF0IjoxNjAwMDI5NjIzLjc5NCwiZXhwIjoxNjAwMDMxNDIzLjc5NH0.k33ZsVn6I6dfPpfNWbF5LbpRNKN0PZU2_w0n-xhSo8o
15:40:22.582 [ForkJoinPool-1-worker-3] DEBUG org.apache.http.headers - http-outgoing-18 << Content-Type: application/json; charset=utf-8
15:40:22.582 [ForkJoinPool-1-worker-3] DEBUG org.apache.http.headers - http-outgoing-18 << Content-Length: 51
15:40:22.582 [ForkJoinPool-1-worker-3] DEBUG org.apache.http.headers - http-outgoing-18 << Etag: W/"33-VRMM34SozERPaXYgyz3Fp0FGYTQ"
15:40:22.582 [ForkJoinPool-1-worker-3] DEBUG org.apache.http.headers - http-outgoing-18 << Date: Sun, 13 Sep 2020 20:40:23 GMT
15:40:22.582 [ForkJoinPool-1-worker-3] DEBUG org.apache.http.headers - http-outgoing-18 << Via: 1.1 vegur
15:40:22.582 [ForkJoinPool-1-worker-3] DEBUG org.apache.http.impl.execchain.MainClientExec - Connection can be kept alive indefinitely
15:40:22.582 [ForkJoinPool-1-worker-3] DEBUG org.apache.http.impl.conn.PoolingHttpClientConnectionManager - Connection [id: 18][route: {s}->https://nodejs-qa-training.herokuapp.com:443] can be kept alive indefinitely
15:40:22.582 [ForkJoinPool-1-worker-3] DEBUG org.apache.http.impl.conn.DefaultManagedHttpClientConnection - http-outgoing-18: set socket timeout to 0
15:40:22.582 [ForkJoinPool-1-worker-3] DEBUG org.apache.http.impl.conn.PoolingHttpClientConnectionManager - Connection released: [id: 18][route: {s}->https://nodejs-qa-training.herokuapp.com:443][total kept alive: 1; route allocated: 1 of 5; total allocated: 1 of 10]
15:40:22.582 [ForkJoinPool-1-worker-3] DEBUG com.intuit.karate - response time in milliseconds: 524,21
1 < 200
1 < Authorization: eyJ0eXAiOiJKV1QiLCJhbGciOiJIUzI1NiJ9.eyJ1c2VySWQiOjE0Niwicm9sZSI6ImFkbWluIiwiaWF0IjoxNjAwMDI5NjIzLjc5NCwiZXhwIjoxNjAwMDMxNDIzLjc5NH0.k33ZsVn6I6dfPpfNWbF5LbpRNKN0PZU2_w0n-xhSo8o
1 < Connection: keep-alive
1 < Content-Length: 51
1 < Content-Type: application/json; charset=utf-8
1 < Date: Sun, 13 Sep 2020 20:40:23 GMT
1 < Etag: W/"33-VRMM34SozERPaXYgyz3Fp0FGYTQ"
1 < Server: Cowboy
1 < Via: 1.1 vegur
1 < X-Powered-By: Express
{"user_id":146,"token_expires_at":"1600031423.794"}

15:40:22.584 [ForkJoinPool-1-worker-2] DEBUG org.apache.http.wire - http-outgoing-17 << "HTTP/1.1 200 OK[\r][\n]"
15:40:22.584 [ForkJoinPool-1-worker-2] DEBUG org.apache.http.wire - http-outgoing-17 << "Server: Cowboy[\r][\n]"
15:40:22.584 [ForkJoinPool-1-worker-3] DEBUG com.jayway.jsonpath.internal.path.CompiledPath - Evaluating path: $
15:40:22.584 [ForkJoinPool-1-worker-2] DEBUG org.apache.http.wire - http-outgoing-17 << "Connection: keep-alive[\r][\n]"
15:40:22.584 [ForkJoinPool-1-worker-2] DEBUG org.apache.http.wire - http-outgoing-17 << "X-Powered-By: Express[\r][\n]"
15:40:22.584 [ForkJoinPool-1-worker-2] DEBUG org.apache.http.wire - http-outgoing-17 << "Content-Type: application/json; charset=utf-8[\r][\n]"
15:40:22.584 [ForkJoinPool-1-worker-2] DEBUG org.apache.http.wire - http-outgoing-17 << "Content-Length: 1651[\r][\n]"
15:40:22.584 [ForkJoinPool-1-worker-3] DEBUG com.jayway.jsonpath.internal.path.CompiledPath - Evaluating path: $
15:40:22.584 [ForkJoinPool-1-worker-2] DEBUG org.apache.http.wire - http-outgoing-17 << "Etag: W/"673-sc1AD3MMbfyX2Z5iYLmsp2rMc8I"[\r][\n]"
15:40:22.584 [ForkJoinPool-1-worker-2] DEBUG org.apache.http.wire - http-outgoing-17 << "Date: Sun, 13 Sep 2020 20:40:23 GMT[\r][\n]"
15:40:22.584 [ForkJoinPool-1-worker-2] DEBUG org.apache.http.wire - http-outgoing-17 << "Via: 1.1 vegur[\r][\n]"
15:40:22.584 [ForkJoinPool-1-worker-2] DEBUG org.apache.http.wire - http-outgoing-17 << "[\r][\n]"
15:40:22.584 [ForkJoinPool-1-worker-3] DEBUG com.jayway.jsonpath.internal.path.CompiledPath - Evaluating path: $
15:40:22.585 [ForkJoinPool-1-worker-2] DEBUG org.apache.http.wire - http-outgoing-17 << "[{"album":{"user_id":1,"id":1,"title":"quidem molestiae enim"},"user_id":146,"created_at":"2020-09-09T19:06:40.214Z"},{"album":{"user_id":1,"id":3,"title":"omnis laborum odio"},"user_id":146,"created_at":"2020-09-09T20:08:06.287Z"},{"album":{"user_id":1,"id":10,"title":"distinctio laborum qui"},"user_id":146,"created_at":"2020-09-10T02:06:32.196Z"},{"album":{"user_id":1,"id":5,"title":"eaque aut omnis a"},"user_id":146,"created_at":"2020-09-10T02:07:15.423Z"},{"album":{"user_id":1,"id":6,"title":"natus impedit quibusdam illo est"},"user_id":146,"created_at":"2020-09-10T02:27:19.210Z"},{"album":{"user_id":1,"id":7,"title":"quibusdam autem aliquid et et quia"},"user_id":146,"created_at":"2020-09-10T02:29:29.219Z"},{"album":{"user_id":1,"id":8,"title":"qui fuga est a eum"},"user_id":146,"created_at":"2020-09-10T04:24:07.731Z"},{"album":{"user_id":1,"id":9,"title":"saepe unde necessitatibus rem"},"user_id":146,"created_at":"2020-09-10T04:25:23.862Z"},{"album":{"user_id":2,"id":15,"title":"ut pariatur rerum ipsum natus repellendus praesentium"},"user_id":146,"created_at":"2020-09-13T18:50:33.845Z"},{"album":{"user_id":2,"id":14,"title":"ducimus molestias eos animi atque nihil"},"user_id":146,"created_at":"2020-09-13T18:56:48.079Z"},{"album":{"user_id":2,"id":19,"title":"velit pariatur quaerat similique libero omnis quia"},"user_id":146,"created_at":"2020-09-13T19:02:58.106Z"},{"album":{"user_id":3,"id":22,"title":"et rem non provident vel ut"},"user_id":146,"created_at":"2020-09-13T20:39:17.783Z"},{"album":{"user_id":3,"id":23,"title":"incidunt quisquam hic adipisci sequi"},"user_id":146,"created_at":"2020-09-13T20:40:21.622Z"}]"
15:40:22.585 [ForkJoinPool-1-worker-2] DEBUG org.apache.http.headers - http-outgoing-17 << HTTP/1.1 200 OK
15:40:22.585 [ForkJoinPool-1-worker-2] DEBUG org.apache.http.headers - http-outgoing-17 << Server: Cowboy
15:40:22.585 [ForkJoinPool-1-worker-2] DEBUG org.apache.http.headers - http-outgoing-17 << Connection: keep-alive
15:40:22.585 [ForkJoinPool-1-worker-2] DEBUG org.apache.http.headers - http-outgoing-17 << X-Powered-By: Express
15:40:22.585 [ForkJoinPool-1-worker-2] DEBUG org.apache.http.headers - http-outgoing-17 << Content-Type: application/json; charset=utf-8
15:40:22.585 [ForkJoinPool-1-worker-2] DEBUG org.apache.http.headers - http-outgoing-17 << Content-Length: 1651
15:40:22.585 [ForkJoinPool-1-worker-2] DEBUG org.apache.http.headers - http-outgoing-17 << Etag: W/"673-sc1AD3MMbfyX2Z5iYLmsp2rMc8I"
15:40:22.585 [ForkJoinPool-1-worker-2] DEBUG org.apache.http.headers - http-outgoing-17 << Date: Sun, 13 Sep 2020 20:40:23 GMT
15:40:22.585 [ForkJoinPool-1-worker-2] DEBUG org.apache.http.headers - http-outgoing-17 << Via: 1.1 vegur
15:40:22.585 [ForkJoinPool-1-worker-2] DEBUG org.apache.http.impl.execchain.MainClientExec - Connection can be kept alive indefinitely
15:40:22.585 [ForkJoinPool-1-worker-2] DEBUG org.apache.http.impl.conn.PoolingHttpClientConnectionManager - Connection [id: 17][route: {s}->https://nodejs-qa-training.herokuapp.com:443] can be kept alive indefinitely
15:40:22.585 [ForkJoinPool-1-worker-2] DEBUG org.apache.http.impl.conn.DefaultManagedHttpClientConnection - http-outgoing-17: set socket timeout to 0
15:40:22.585 [ForkJoinPool-1-worker-2] DEBUG org.apache.http.impl.conn.PoolingHttpClientConnectionManager - Connection released: [id: 17][route: {s}->https://nodejs-qa-training.herokuapp.com:443][total kept alive: 1; route allocated: 1 of 5; total allocated: 1 of 10]
15:40:22.586 [ForkJoinPool-1-worker-2] DEBUG com.intuit.karate - response time in milliseconds: 567,10
1 < 200
1 < Connection: keep-alive
1 < Content-Length: 1651
1 < Content-Type: application/json; charset=utf-8
1 < Date: Sun, 13 Sep 2020 20:40:23 GMT
1 < Etag: W/"673-sc1AD3MMbfyX2Z5iYLmsp2rMc8I"
1 < Server: Cowboy
1 < Via: 1.1 vegur
1 < X-Powered-By: Express
[{"album":{"user_id":1,"id":1,"title":"quidem molestiae enim"},"user_id":146,"created_at":"2020-09-09T19:06:40.214Z"},{"album":{"user_id":1,"id":3,"title":"omnis laborum odio"},"user_id":146,"created_at":"2020-09-09T20:08:06.287Z"},{"album":{"user_id":1,"id":10,"title":"distinctio laborum qui"},"user_id":146,"created_at":"2020-09-10T02:06:32.196Z"},{"album":{"user_id":1,"id":5,"title":"eaque aut omnis a"},"user_id":146,"created_at":"2020-09-10T02:07:15.423Z"},{"album":{"user_id":1,"id":6,"title":"natus impedit quibusdam illo est"},"user_id":146,"created_at":"2020-09-10T02:27:19.210Z"},{"album":{"user_id":1,"id":7,"title":"quibusdam autem aliquid et et quia"},"user_id":146,"created_at":"2020-09-10T02:29:29.219Z"},{"album":{"user_id":1,"id":8,"title":"qui fuga est a eum"},"user_id":146,"created_at":"2020-09-10T04:24:07.731Z"},{"album":{"user_id":1,"id":9,"title":"saepe unde necessitatibus rem"},"user_id":146,"created_at":"2020-09-10T04:25:23.862Z"},{"album":{"user_id":2,"id":15,"title":"ut pariatur rerum ipsum natus repellendus praesentium"},"user_id":146,"created_at":"2020-09-13T18:50:33.845Z"},{"album":{"user_id":2,"id":14,"title":"ducimus molestias eos animi atque nihil"},"user_id":146,"created_at":"2020-09-13T18:56:48.079Z"},{"album":{"user_id":2,"id":19,"title":"velit pariatur quaerat similique libero omnis quia"},"user_id":146,"created_at":"2020-09-13T19:02:58.106Z"},{"album":{"user_id":3,"id":22,"title":"et rem non provident vel ut"},"user_id":146,"created_at":"2020-09-13T20:39:17.783Z"},{"album":{"user_id":3,"id":23,"title":"incidunt quisquam hic adipisci sequi"},"user_id":146,"created_at":"2020-09-13T20:40:21.622Z"}]

15:40:22.586 [ForkJoinPool-1-worker-3] DEBUG com.jayway.jsonpath.internal.path.CompiledPath - Evaluating path: $
15:40:22.586 [ForkJoinPool-1-worker-3] DEBUG com.jayway.jsonpath.internal.path.CompiledPath - Evaluating path: $
15:40:22.587 [ForkJoinPool-1-worker-3] DEBUG com.jayway.jsonpath.internal.path.CompiledPath - Evaluating path: $
15:40:22.587 [ForkJoinPool-1-worker-3] DEBUG com.jayway.jsonpath.internal.path.CompiledPath - Evaluating path: $
15:40:22.587 [ForkJoinPool-1-worker-3] INFO com.intuit.karate - [print] {
  "user_id": 146,
  "token_expires_at": "1600031423.794"
}

15:40:22.591 [ForkJoinPool-1-worker-2] DEBUG com.jayway.jsonpath.internal.path.CompiledPath - Evaluating path: $
15:40:22.591 [ForkJoinPool-1-worker-2] DEBUG com.jayway.jsonpath.internal.path.CompiledPath - Evaluating path: $
15:40:22.592 [ForkJoinPool-1-worker-2] DEBUG com.jayway.jsonpath.internal.path.CompiledPath - Evaluating path: $
15:40:22.592 [ForkJoinPool-1-worker-3] DEBUG org.apache.http.client.protocol.RequestAddCookies - CookieSpec selected: karate
15:40:22.592 [ForkJoinPool-1-worker-3] DEBUG org.apache.http.client.protocol.RequestAuthCache - Auth cache not set in the context
15:40:22.592 [ForkJoinPool-1-worker-3] DEBUG com.intuit.karate - request:
1 > GET https://nodejs-qa-training.herokuapp.com/albums
1 > Accept-Encoding: gzip,deflate
1 > Authorization: eyJ0eXAiOiJKV1QiLCJhbGciOiJIUzI1NiJ9.eyJ1c2VySWQiOjE0Niwicm9sZSI6ImFkbWluIiwiaWF0IjoxNjAwMDI5NjIzLjc5NCwiZXhwIjoxNjAwMDMxNDIzLjc5NH0.k33ZsVn6I6dfPpfNWbF5LbpRNKN0PZU2_w0n-xhSo8o
1 > Connection: Keep-Alive
1 > Host: nodejs-qa-training.herokuapp.com
1 > User-Agent: Apache-HttpClient/4.5.5 (Java/1.8.0_191)

15:40:22.592 [ForkJoinPool-1-worker-2] DEBUG com.jayway.jsonpath.internal.path.CompiledPath - Evaluating path: $
15:40:22.592 [ForkJoinPool-1-worker-3] DEBUG org.apache.http.impl.conn.PoolingHttpClientConnectionManager - Connection request: [route: {s}->https://nodejs-qa-training.herokuapp.com:443][total kept alive: 0; route allocated: 0 of 5; total allocated: 0 of 10]
15:40:22.593 [ForkJoinPool-1-worker-3] DEBUG org.apache.http.impl.conn.PoolingHttpClientConnectionManager - Connection leased: [id: 20][route: {s}->https://nodejs-qa-training.herokuapp.com:443][total kept alive: 0; route allocated: 1 of 5; total allocated: 1 of 10]
15:40:22.593 [ForkJoinPool-1-worker-3] DEBUG org.apache.http.impl.execchain.MainClientExec - Opening connection {s}->https://nodejs-qa-training.herokuapp.com:443
15:40:22.593 [ForkJoinPool-1-worker-3] DEBUG org.apache.http.impl.conn.DefaultHttpClientConnectionOperator - Connecting to nodejs-qa-training.herokuapp.com/3.233.183.24:443
15:40:22.593 [ForkJoinPool-1-worker-3] DEBUG org.apache.http.conn.ssl.SSLConnectionSocketFactory - Connecting socket to nodejs-qa-training.herokuapp.com/3.233.183.24:443 with timeout 30000
15:40:22.593 [ForkJoinPool-1-worker-2] INFO com.intuit.karate - [print] [
  {
    "album": {
      "user_id": 1,
      "id": 1,
      "title": "quidem molestiae enim"
    },
    "user_id": 146,
    "created_at": "2020-09-09T19:06:40.214Z"
  },
  {
    "album": {
      "user_id": 1,
      "id": 3,
      "title": "omnis laborum odio"
    },
    "user_id": 146,
    "created_at": "2020-09-09T20:08:06.287Z"
  },
  {
    "album": {
      "user_id": 1,
      "id": 10,
      "title": "distinctio laborum qui"
    },
    "user_id": 146,
    "created_at": "2020-09-10T02:06:32.196Z"
  },
  {
    "album": {
      "user_id": 1,
      "id": 5,
      "title": "eaque aut omnis a"
    },
    "user_id": 146,
    "created_at": "2020-09-10T02:07:15.423Z"
  },
  {
    "album": {
      "user_id": 1,
      "id": 6,
      "title": "natus impedit quibusdam illo est"
    },
    "user_id": 146,
    "created_at": "2020-09-10T02:27:19.210Z"
  },
  {
    "album": {
      "user_id": 1,
      "id": 7,
      "title": "quibusdam autem aliquid et et quia"
    },
    "user_id": 146,
    "created_at": "2020-09-10T02:29:29.219Z"
  },
  {
    "album": {
      "user_id": 1,
      "id": 8,
      "title": "qui fuga est a eum"
    },
    "user_id": 146,
    "created_at": "2020-09-10T04:24:07.731Z"
  },
  {
    "album": {
      "user_id": 1,
      "id": 9,
      "title": "saepe unde necessitatibus rem"
    },
    "user_id": 146,
    "created_at": "2020-09-10T04:25:23.862Z"
  },
  {
    "album": {
      "user_id": 2,
      "id": 15,
      "title": "ut pariatur rerum ipsum natus repellendus praesentium"
    },
    "user_id": 146,
    "created_at": "2020-09-13T18:50:33.845Z"
  },
  {
    "album": {
      "user_id": 2,
      "id": 14,
      "title": "ducimus molestias eos animi atque nihil"
    },
    "user_id": 146,
    "created_at": "2020-09-13T18:56:48.079Z"
  },
  {
    "album": {
      "user_id": 2,
      "id": 19,
      "title": "velit pariatur quaerat similique libero omnis quia"
    },
    "user_id": 146,
    "created_at": "2020-09-13T19:02:58.106Z"
  },
  {
    "album": {
      "user_id": 3,
      "id": 22,
      "title": "et rem non provident vel ut"
    },
    "user_id": 146,
    "created_at": "2020-09-13T20:39:17.783Z"
  },
  {
    "album": {
      "user_id": 3,
      "id": 23,
      "title": "incidunt quisquam hic adipisci sequi"
    },
    "user_id": 146,
    "created_at": "2020-09-13T20:40:21.622Z"
  }
]

15:40:22.600 [pool-1-thread-3] INFO com.intuit.karate.Runner - <<pass>> feature 6 of 8: src/test/resources/features/ListaAlbumesComprados.feature
---------------------------------------------------------
feature: src/test/resources/features/ListaAlbumesComprados.feature
report: target\surefire-reports\src.test.resources.features.ListaAlbumesComprados.json
scenarios:  1 | passed:  1 | failed:  0 | time: 1,1003
---------------------------------------------------------
15:40:22.608 [ForkJoinPool-1-worker-2] WARN com.intuit.karate - skipping bootstrap configuration: could not find or read file: classpath:karate-config.js
15:40:22.619 [ForkJoinPool-1-worker-2] INFO com.intuit.karate - scenario called at line: 8 by tag: @FlujoExitoso
15:40:22.622 [ForkJoinPool-1-worker-2] DEBUG com.jayway.jsonpath.internal.path.CompiledPath - Evaluating path: $
15:40:22.625 [ForkJoinPool-1-worker-2] DEBUG org.apache.http.client.protocol.RequestAddCookies - CookieSpec selected: karate
15:40:22.625 [ForkJoinPool-1-worker-2] DEBUG org.apache.http.client.protocol.RequestAuthCache - Auth cache not set in the context
15:40:22.625 [ForkJoinPool-1-worker-2] DEBUG com.intuit.karate - request:
1 > POST https://nodejs-qa-training.herokuapp.com/users/sessions
1 > Accept-Encoding: gzip,deflate
1 > Connection: Keep-Alive
1 > Content-Length: 62
1 > Content-Type: application/json; charset=UTF-8
1 > Host: nodejs-qa-training.herokuapp.com
1 > User-Agent: Apache-HttpClient/4.5.5 (Java/1.8.0_191)
{"email":"admin@wolox.com.ar","password":"candidatoWolox2020"}

15:40:22.625 [ForkJoinPool-1-worker-2] DEBUG org.apache.http.impl.conn.PoolingHttpClientConnectionManager - Connection request: [route: {s}->https://nodejs-qa-training.herokuapp.com:443][total kept alive: 0; route allocated: 0 of 5; total allocated: 0 of 10]
15:40:22.625 [ForkJoinPool-1-worker-2] DEBUG org.apache.http.impl.conn.PoolingHttpClientConnectionManager - Connection leased: [id: 21][route: {s}->https://nodejs-qa-training.herokuapp.com:443][total kept alive: 0; route allocated: 1 of 5; total allocated: 1 of 10]
15:40:22.625 [ForkJoinPool-1-worker-2] DEBUG org.apache.http.impl.execchain.MainClientExec - Opening connection {s}->https://nodejs-qa-training.herokuapp.com:443
15:40:22.626 [ForkJoinPool-1-worker-2] DEBUG org.apache.http.impl.conn.DefaultHttpClientConnectionOperator - Connecting to nodejs-qa-training.herokuapp.com/3.233.183.24:443
15:40:22.626 [ForkJoinPool-1-worker-2] DEBUG org.apache.http.conn.ssl.SSLConnectionSocketFactory - Connecting socket to nodejs-qa-training.herokuapp.com/3.233.183.24:443 with timeout 30000
15:40:22.626 [ForkJoinPool-1-worker-1] DEBUG org.apache.http.wire - http-outgoing-19 << "HTTP/1.1 200 OK[\r][\n]"
15:40:22.626 [ForkJoinPool-1-worker-1] DEBUG org.apache.http.wire - http-outgoing-19 << "Server: Cowboy[\r][\n]"
15:40:22.626 [ForkJoinPool-1-worker-1] DEBUG org.apache.http.wire - http-outgoing-19 << "Connection: keep-alive[\r][\n]"
15:40:22.626 [ForkJoinPool-1-worker-1] DEBUG org.apache.http.wire - http-outgoing-19 << "X-Powered-By: Express[\r][\n]"
15:40:22.626 [ForkJoinPool-1-worker-1] DEBUG org.apache.http.wire - http-outgoing-19 << "Content-Type: application/json; charset=utf-8[\r][\n]"
15:40:22.626 [ForkJoinPool-1-worker-1] DEBUG org.apache.http.wire - http-outgoing-19 << "Content-Length: 7032[\r][\n]"
15:40:22.626 [ForkJoinPool-1-worker-1] DEBUG org.apache.http.wire - http-outgoing-19 << "Etag: W/"1b78-QLaE6RpZ5E8d2hLg+o5PqJk5Zw8"[\r][\n]"
15:40:22.626 [ForkJoinPool-1-worker-1] DEBUG org.apache.http.wire - http-outgoing-19 << "Date: Sun, 13 Sep 2020 20:40:23 GMT[\r][\n]"
15:40:22.626 [ForkJoinPool-1-worker-1] DEBUG org.apache.http.wire - http-outgoing-19 << "Via: 1.1 vegur[\r][\n]"
15:40:22.626 [ForkJoinPool-1-worker-1] DEBUG org.apache.http.wire - http-outgoing-19 << "[\r][\n]"
15:40:22.627 [ForkJoinPool-1-worker-1] DEBUG org.apache.http.wire - http-outgoing-19 << "[{"user_id":1,"id":1,"title":"quidem molestiae enim"},{"user_id":1,"id":2,"title":"sunt qui excepturi placeat culpa"},{"user_id":1,"id":3,"title":"omnis laborum odio"},{"user_id":1,"id":4,"title":"non esse culpa molestiae omnis sed optio"},{"user_id":1,"id":5,"title":"eaque aut omnis a"},{"user_id":1,"id":6,"title":"natus impedit quibusdam illo est"},{"user_id":1,"id":7,"title":"quibusdam autem aliquid et et quia"},{"user_id":1,"id":8,"title":"qui fuga est a eum"},{"user_id":1,"id":9,"title":"saepe unde necessitatibus rem"},{"user_id":1,"id":10,"title":"distinctio laborum qui"},{"user_id":2,"id":11,"title":"quam nostrum impedit mollitia quod et dolor"},{"user_id":2,"id":12,"title":"consequatur autem doloribus natus consectetur"},{"user_id":2,"id":13,"title":"ab rerum non rerum consequatur ut ea unde"},{"user_id":2,"id":14,"title":"ducimus molestias eos animi atque nihil"},{"user_id":2,"id":15,"title":"ut pariatur rerum ipsum natus repellendus praesentium"},{"user_id":2,"id":16,"title":"voluptatem aut maxime inventore autem magnam atque repellat"},{"user_id":2,"id":17,"title":"aut minima voluptatem ut velit"},{"user_id":2,"id":18,"title":"nesciunt quia et doloremque"},{"user_id":2,"id":19,"title":"velit pariatur quaerat similique libero omnis quia"},{"user_id":2,"id":20,"title":"voluptas rerum iure ut enim"},{"user_id":3,"id":21,"title":"repudiandae voluptatem optio est consequatur rem in temporibus et"},{"user_id":3,"id":22,"title":"et rem non provident vel ut"},{"user_id":3,"id":23,"title":"incidunt quisquam hic adipisci sequi"},{"user_id":3,"id":24,"title":"dolores ut et facere placeat"},{"user_id":3,"id":25,"title":"vero maxime id possimus sunt neque et consequatur"},{"user_id":3,"id":26,"title":"quibusdam saepe ipsa vel harum"},{"user_id":3,"id":27,"title":"id non nostrum expedita"},{"user_id":3,"id":28,"title":"omnis neque exercitationem sed dolor atque maxime aut cum"},{"user_id":3,"id":29,"title":"inventore ut quasi magnam itaque est fugit"},{"user_id":3,"id":30,"title":"tempora assumenda et similique odit distinctio error"},{"user_id":4,"id":31,"title":"adipisci laborum fuga laboriosam"},{"user_id":4,"id":32,"title":"reiciendis dolores a ut qui debitis non quo labore"},{"user_id":4,"id":33,"title":"iste eos nostrum"},{"user_id":4,"id":34,"title":"cumque voluptatibus rerum architecto blanditiis"},{"user_id":4,"id":35,"title":"et impedit nisi quae magni necessitatibus sed aut pariatur"},{"user_id":4,"id":36,"title":"nihil cupiditate voluptate neque"},{"user_id":4,"id":37,"title":"est placeat dicta ut nisi rerum iste"},{"user_id":4,"id":38,"title":"unde a sequi id"},{"user_id":4,"id":39,"title":"ratione porro illum labore eum aperiam sed"},{"user_id":4,"id":40,"title":"voluptas neque et sint aut quo odit"},{"user_id":5,"id":41,"title":"ea voluptates maiores eos accusantium officiis tempore mollitia consequatur"},{"user_id":5,"id":42,"title":"tenetur explicabo ea"},{"user_id":5,"id":43,"title":"aperiam doloremque nihil"},{"user_id":5,"id":44,"title":"sapiente cum numquam officia consequatur vel natus quos suscipit"},{"user_id":5,"id":45,"title":"tenetur quos ea unde est enim corrupti qui"},{"user_id":5,"id":46,"title":"molestiae voluptate non"},{"user_id":5,"id":47,"title":"temporibus molestiae aut"},{"user_id":5,"id":48,"title":"modi consequatur culpa aut quam soluta alias perspiciatis laudantium"},{"user_id":5,"id":49,"title":"ut aut vero repudiandae voluptas ullam voluptas at consequatur"},{"user_id":5,"id":50,"title":"sed qui sed quas sit ducimus dolor"},{"user_id":6,"id":51,"title":"odit laboriosam sint quia cupiditate animi quis"},{"user_id":6,"id":52,"title":"necessitatibus quas et sunt at voluptatem"},{"user_id":6,"id":53,"title":"est vel sequi voluptatem nemo quam molestiae modi enim"},{"user_id":6,"id":54,"title":"aut non illo amet perferendis"},{"user_id":6,"id":55,"title":"qui culpa itaque omnis in nesciunt architecto error"},{"user_id":6,"id":56,"title":"omnis qui maiores tempora officiis omnis rerum sed repellat"},{"user_id":6,"id":57,"title":"libero excepturi voluptatem est architecto quae voluptatum officia tempora"},{"user_id":6,"id":58,"title":"nulla illo consequatur aspernatur veritatis aut error delectus et"},{"user_id":6,"id":59,"title":"eligendi similique provident nihil"},{"user_id":6,"id":60,"title":"omnis mollitia sunt aliquid eum consequatur fugit minus laudantium"},{"user_id":7,"id":61,"title":"delectus iusto et"},{"user_id":7,"id":62,"title":"eos ea non recusandae iste ut quasi"},{"user_id":7,"id":63,"title":"velit est quam"},{"user_id":7,"id":64,"title":"autem voluptatem amet iure quae"},{"user_id":7,"id":65,"title":"voluptates delectus iure iste qui"},{"user_id":7,"id":66,"title":"velit sed quia dolor dolores delectus"},{"user_id":7,"id":67,"title":"ad voluptas nostrum et nihil"},{"user_id":7,"id":68,"title":"qui quasi nihil aut voluptatum sit dolore minima"},{"user_id":7,"id":69,"title":"qui aut est"},{"user_id":7,"id":70,"title":"et deleniti unde"},{"user_id":8,"id":71,"title":"et vel corporis"},{"user_id":8,"id":72,"title":"unde exercitationem ut"},{"user_id":8,"id":73,"title":"quos omnis officia"},{"user_id":8,"id":74,"title":"quia est eius vitae dolor"},{"user_id":8,"id":75,"title":"aut quia expedita non"},{"user_id":8,"id":76,"title":"dolorem magnam facere itaque ut reprehenderit tenetur corrupti"},{"user_id":8,"id":77,"title":"cupiditate sapiente maiores iusto ducimus cum excepturi veritatis quia"},{"user_id":8,"id":78,"title":"est minima eius possimus ea ratione velit et"},{"user_id":8,"id":79,"title":"ipsa quae voluptas natus ut suscipit soluta quia quidem"},{"user_id":8,"id":80,"title":"id nihil reprehenderit"},{"user_id":9,"id":81,"title":"quibusdam sapiente et"},{"user_id":9,"id":82,"title":"recusandae consequatur vel amet unde"},{"user_id":9,"id":83,"title":"aperiam odio fugiat"},{"user_id":9,"id":84,"title":"est et at eos expedita"},{"user_id":9,"id":85,"title":"qui voluptatem consequatur aut ab quis temporibus praesentium"},{"user_id":9,"id":86,"title":"eligendi mollitia alias aspernatur vel ut iusto"},{"user_id":9,"id":87,"title":"aut aut architecto"},{"user_id":9,"id":88,"title":"quas perspiciatis optio"},{"user_id":9,"id":89,"title":"sit optio id voluptatem est eum et"},{"user_id":9,"id":90,"title":"est vel dignissimos"},{"user_id":10,"id":91,"title":"repellendus praesentium debitis officiis"},{"user_id":10,"id":92,"title":"incidunt et et eligendi assumenda soluta quia recusandae"},{"user_id":10,"id":93,"title":"nisi qui dolores perspiciatis"},{"user_id":10,"id":94,"title":"quisquam a dolores et earum vitae"},{"user_id":10,"id":95,"title":"consectetur vel rerum qui aperiam modi eos aspernatur ipsa"},{"user_id":10,"id":96,"title":"unde et ut molestiae est molestias voluptatem sint"},{"user_id":10,"id":97,"title":"est quod aut"},{"user_id":10,"id":98,"title":"omnis quia possimus nesciunt deleniti assumenda sed autem"},{"user_id":10,"id":99,"title":"consectetur ut id impedit dolores sit ad ex aut"},{"user_id":10,"id":100,"title":"enim repellat iste"}]"
15:40:22.627 [ForkJoinPool-1-worker-1] DEBUG org.apache.http.headers - http-outgoing-19 << HTTP/1.1 200 OK
15:40:22.627 [ForkJoinPool-1-worker-1] DEBUG org.apache.http.headers - http-outgoing-19 << Server: Cowboy
15:40:22.627 [ForkJoinPool-1-worker-1] DEBUG org.apache.http.headers - http-outgoing-19 << Connection: keep-alive
15:40:22.627 [ForkJoinPool-1-worker-1] DEBUG org.apache.http.headers - http-outgoing-19 << X-Powered-By: Express
15:40:22.627 [ForkJoinPool-1-worker-1] DEBUG org.apache.http.headers - http-outgoing-19 << Content-Type: application/json; charset=utf-8
15:40:22.627 [ForkJoinPool-1-worker-1] DEBUG org.apache.http.headers - http-outgoing-19 << Content-Length: 7032
15:40:22.627 [ForkJoinPool-1-worker-1] DEBUG org.apache.http.headers - http-outgoing-19 << Etag: W/"1b78-QLaE6RpZ5E8d2hLg+o5PqJk5Zw8"
15:40:22.627 [ForkJoinPool-1-worker-1] DEBUG org.apache.http.headers - http-outgoing-19 << Date: Sun, 13 Sep 2020 20:40:23 GMT
15:40:22.627 [ForkJoinPool-1-worker-1] DEBUG org.apache.http.headers - http-outgoing-19 << Via: 1.1 vegur
15:40:22.628 [ForkJoinPool-1-worker-1] DEBUG org.apache.http.impl.execchain.MainClientExec - Connection can be kept alive indefinitely
15:40:22.628 [ForkJoinPool-1-worker-1] DEBUG org.apache.http.impl.conn.PoolingHttpClientConnectionManager - Connection [id: 19][route: {s}->https://nodejs-qa-training.herokuapp.com:443] can be kept alive indefinitely
15:40:22.628 [ForkJoinPool-1-worker-1] DEBUG org.apache.http.impl.conn.DefaultManagedHttpClientConnection - http-outgoing-19: set socket timeout to 0
15:40:22.628 [ForkJoinPool-1-worker-1] DEBUG org.apache.http.impl.conn.PoolingHttpClientConnectionManager - Connection released: [id: 19][route: {s}->https://nodejs-qa-training.herokuapp.com:443][total kept alive: 1; route allocated: 1 of 5; total allocated: 1 of 10]
15:40:22.628 [ForkJoinPool-1-worker-1] DEBUG com.intuit.karate - response time in milliseconds: 420,50
1 < 200
1 < Connection: keep-alive
1 < Content-Length: 7032
1 < Content-Type: application/json; charset=utf-8
1 < Date: Sun, 13 Sep 2020 20:40:23 GMT
1 < Etag: W/"1b78-QLaE6RpZ5E8d2hLg+o5PqJk5Zw8"
1 < Server: Cowboy
1 < Via: 1.1 vegur
1 < X-Powered-By: Express
[{"user_id":1,"id":1,"title":"quidem molestiae enim"},{"user_id":1,"id":2,"title":"sunt qui excepturi placeat culpa"},{"user_id":1,"id":3,"title":"omnis laborum odio"},{"user_id":1,"id":4,"title":"non esse culpa molestiae omnis sed optio"},{"user_id":1,"id":5,"title":"eaque aut omnis a"},{"user_id":1,"id":6,"title":"natus impedit quibusdam illo est"},{"user_id":1,"id":7,"title":"quibusdam autem aliquid et et quia"},{"user_id":1,"id":8,"title":"qui fuga est a eum"},{"user_id":1,"id":9,"title":"saepe unde necessitatibus rem"},{"user_id":1,"id":10,"title":"distinctio laborum qui"},{"user_id":2,"id":11,"title":"quam nostrum impedit mollitia quod et dolor"},{"user_id":2,"id":12,"title":"consequatur autem doloribus natus consectetur"},{"user_id":2,"id":13,"title":"ab rerum non rerum consequatur ut ea unde"},{"user_id":2,"id":14,"title":"ducimus molestias eos animi atque nihil"},{"user_id":2,"id":15,"title":"ut pariatur rerum ipsum natus repellendus praesentium"},{"user_id":2,"id":16,"title":"voluptatem aut maxime inventore autem magnam atque repellat"},{"user_id":2,"id":17,"title":"aut minima voluptatem ut velit"},{"user_id":2,"id":18,"title":"nesciunt quia et doloremque"},{"user_id":2,"id":19,"title":"velit pariatur quaerat similique libero omnis quia"},{"user_id":2,"id":20,"title":"voluptas rerum iure ut enim"},{"user_id":3,"id":21,"title":"repudiandae voluptatem optio est consequatur rem in temporibus et"},{"user_id":3,"id":22,"title":"et rem non provident vel ut"},{"user_id":3,"id":23,"title":"incidunt quisquam hic adipisci sequi"},{"user_id":3,"id":24,"title":"dolores ut et facere placeat"},{"user_id":3,"id":25,"title":"vero maxime id possimus sunt neque et consequatur"},{"user_id":3,"id":26,"title":"quibusdam saepe ipsa vel harum"},{"user_id":3,"id":27,"title":"id non nostrum expedita"},{"user_id":3,"id":28,"title":"omnis neque exercitationem sed dolor atque maxime aut cum"},{"user_id":3,"id":29,"title":"inventore ut quasi magnam itaque est fugit"},{"user_id":3,"id":30,"title":"tempora assumenda et similique odit distinctio error"},{"user_id":4,"id":31,"title":"adipisci laborum fuga laboriosam"},{"user_id":4,"id":32,"title":"reiciendis dolores a ut qui debitis non quo labore"},{"user_id":4,"id":33,"title":"iste eos nostrum"},{"user_id":4,"id":34,"title":"cumque voluptatibus rerum architecto blanditiis"},{"user_id":4,"id":35,"title":"et impedit nisi quae magni necessitatibus sed aut pariatur"},{"user_id":4,"id":36,"title":"nihil cupiditate voluptate neque"},{"user_id":4,"id":37,"title":"est placeat dicta ut nisi rerum iste"},{"user_id":4,"id":38,"title":"unde a sequi id"},{"user_id":4,"id":39,"title":"ratione porro illum labore eum aperiam sed"},{"user_id":4,"id":40,"title":"voluptas neque et sint aut quo odit"},{"user_id":5,"id":41,"title":"ea voluptates maiores eos accusantium officiis tempore mollitia consequatur"},{"user_id":5,"id":42,"title":"tenetur explicabo ea"},{"user_id":5,"id":43,"title":"aperiam doloremque nihil"},{"user_id":5,"id":44,"title":"sapiente cum numquam officia consequatur vel natus quos suscipit"},{"user_id":5,"id":45,"title":"tenetur quos ea unde est enim corrupti qui"},{"user_id":5,"id":46,"title":"molestiae voluptate non"},{"user_id":5,"id":47,"title":"temporibus molestiae aut"},{"user_id":5,"id":48,"title":"modi consequatur culpa aut quam soluta alias perspiciatis laudantium"},{"user_id":5,"id":49,"title":"ut aut vero repudiandae voluptas ullam voluptas at consequatur"},{"user_id":5,"id":50,"title":"sed qui sed quas sit ducimus dolor"},{"user_id":6,"id":51,"title":"odit laboriosam sint quia cupiditate animi quis"},{"user_id":6,"id":52,"title":"necessitatibus quas et sunt at voluptatem"},{"user_id":6,"id":53,"title":"est vel sequi voluptatem nemo quam molestiae modi enim"},{"user_id":6,"id":54,"title":"aut non illo amet perferendis"},{"user_id":6,"id":55,"title":"qui culpa itaque omnis in nesciunt architecto error"},{"user_id":6,"id":56,"title":"omnis qui maiores tempora officiis omnis rerum sed repellat"},{"user_id":6,"id":57,"title":"libero excepturi voluptatem est architecto quae voluptatum officia tempora"},{"user_id":6,"id":58,"title":"nulla illo consequatur aspernatur veritatis aut error delectus et"},{"user_id":6,"id":59,"title":"eligendi similique provident nihil"},{"user_id":6,"id":60,"title":"omnis mollitia sunt aliquid eum consequatur fugit minus laudantium"},{"user_id":7,"id":61,"title":"delectus iusto et"},{"user_id":7,"id":62,"title":"eos ea non recusandae iste ut quasi"},{"user_id":7,"id":63,"title":"velit est quam"},{"user_id":7,"id":64,"title":"autem voluptatem amet iure quae"},{"user_id":7,"id":65,"title":"voluptates delectus iure iste qui"},{"user_id":7,"id":66,"title":"velit sed quia dolor dolores delectus"},{"user_id":7,"id":67,"title":"ad voluptas nostrum et nihil"},{"user_id":7,"id":68,"title":"qui quasi nihil aut voluptatum sit dolore minima"},{"user_id":7,"id":69,"title":"qui aut est"},{"user_id":7,"id":70,"title":"et deleniti unde"},{"user_id":8,"id":71,"title":"et vel corporis"},{"user_id":8,"id":72,"title":"unde exercitationem ut"},{"user_id":8,"id":73,"title":"quos omnis officia"},{"user_id":8,"id":74,"title":"quia est eius vitae dolor"},{"user_id":8,"id":75,"title":"aut quia expedita non"},{"user_id":8,"id":76,"title":"dolorem magnam facere itaque ut reprehenderit tenetur corrupti"},{"user_id":8,"id":77,"title":"cupiditate sapiente maiores iusto ducimus cum excepturi veritatis quia"},{"user_id":8,"id":78,"title":"est minima eius possimus ea ratione velit et"},{"user_id":8,"id":79,"title":"ipsa quae voluptas natus ut suscipit soluta quia quidem"},{"user_id":8,"id":80,"title":"id nihil reprehenderit"},{"user_id":9,"id":81,"title":"quibusdam sapiente et"},{"user_id":9,"id":82,"title":"recusandae consequatur vel amet unde"},{"user_id":9,"id":83,"title":"aperiam odio fugiat"},{"user_id":9,"id":84,"title":"est et at eos expedita"},{"user_id":9,"id":85,"title":"qui voluptatem consequatur aut ab quis temporibus praesentium"},{"user_id":9,"id":86,"title":"eligendi mollitia alias aspernatur vel ut iusto"},{"user_id":9,"id":87,"title":"aut aut architecto"},{"user_id":9,"id":88,"title":"quas perspiciatis optio"},{"user_id":9,"id":89,"title":"sit optio id voluptatem est eum et"},{"user_id":9,"id":90,"title":"est vel dignissimos"},{"user_id":10,"id":91,"title":"repellendus praesentium debitis officiis"},{"user_id":10,"id":92,"title":"incidunt et et eligendi assumenda soluta quia recusandae"},{"user_id":10,"id":93,"title":"nisi qui dolores perspiciatis"},{"user_id":10,"id":94,"title":"quisquam a dolores et earum vitae"},{"user_id":10,"id":95,"title":"consectetur vel rerum qui aperiam modi eos aspernatur ipsa"},{"user_id":10,"id":96,"title":"unde et ut molestiae est molestias voluptatem sint"},{"user_id":10,"id":97,"title":"est quod aut"},{"user_id":10,"id":98,"title":"omnis quia possimus nesciunt deleniti assumenda sed autem"},{"user_id":10,"id":99,"title":"consectetur ut id impedit dolores sit ad ex aut"},{"user_id":10,"id":100,"title":"enim repellat iste"}]

15:40:22.634 [ForkJoinPool-1-worker-1] DEBUG com.jayway.jsonpath.internal.path.CompiledPath - Evaluating path: $
15:40:22.634 [ForkJoinPool-1-worker-1] DEBUG com.jayway.jsonpath.internal.path.CompiledPath - Evaluating path: $
15:40:22.635 [ForkJoinPool-1-worker-1] DEBUG com.jayway.jsonpath.internal.path.CompiledPath - Evaluating path: $
15:40:22.636 [ForkJoinPool-1-worker-1] DEBUG com.jayway.jsonpath.internal.path.CompiledPath - Evaluating path: $
15:40:22.639 [ForkJoinPool-1-worker-1] INFO com.intuit.karate - [print] [
  {
    "user_id": 1,
    "id": 1,
    "title": "quidem molestiae enim"
  },
  {
    "user_id": 1,
    "id": 2,
    "title": "sunt qui excepturi placeat culpa"
  },
  {
    "user_id": 1,
    "id": 3,
    "title": "omnis laborum odio"
  },
  {
    "user_id": 1,
    "id": 4,
    "title": "non esse culpa molestiae omnis sed optio"
  },
  {
    "user_id": 1,
    "id": 5,
    "title": "eaque aut omnis a"
  },
  {
    "user_id": 1,
    "id": 6,
    "title": "natus impedit quibusdam illo est"
  },
  {
    "user_id": 1,
    "id": 7,
    "title": "quibusdam autem aliquid et et quia"
  },
  {
    "user_id": 1,
    "id": 8,
    "title": "qui fuga est a eum"
  },
  {
    "user_id": 1,
    "id": 9,
    "title": "saepe unde necessitatibus rem"
  },
  {
    "user_id": 1,
    "id": 10,
    "title": "distinctio laborum qui"
  },
  {
    "user_id": 2,
    "id": 11,
    "title": "quam nostrum impedit mollitia quod et dolor"
  },
  {
    "user_id": 2,
    "id": 12,
    "title": "consequatur autem doloribus natus consectetur"
  },
  {
    "user_id": 2,
    "id": 13,
    "title": "ab rerum non rerum consequatur ut ea unde"
  },
  {
    "user_id": 2,
    "id": 14,
    "title": "ducimus molestias eos animi atque nihil"
  },
  {
    "user_id": 2,
    "id": 15,
    "title": "ut pariatur rerum ipsum natus repellendus praesentium"
  },
  {
    "user_id": 2,
    "id": 16,
    "title": "voluptatem aut maxime inventore autem magnam atque repellat"
  },
  {
    "user_id": 2,
    "id": 17,
    "title": "aut minima voluptatem ut velit"
  },
  {
    "user_id": 2,
    "id": 18,
    "title": "nesciunt quia et doloremque"
  },
  {
    "user_id": 2,
    "id": 19,
    "title": "velit pariatur quaerat similique libero omnis quia"
  },
  {
    "user_id": 2,
    "id": 20,
    "title": "voluptas rerum iure ut enim"
  },
  {
    "user_id": 3,
    "id": 21,
    "title": "repudiandae voluptatem optio est consequatur rem in temporibus et"
  },
  {
    "user_id": 3,
    "id": 22,
    "title": "et rem non provident vel ut"
  },
  {
    "user_id": 3,
    "id": 23,
    "title": "incidunt quisquam hic adipisci sequi"
  },
  {
    "user_id": 3,
    "id": 24,
    "title": "dolores ut et facere placeat"
  },
  {
    "user_id": 3,
    "id": 25,
    "title": "vero maxime id possimus sunt neque et consequatur"
  },
  {
    "user_id": 3,
    "id": 26,
    "title": "quibusdam saepe ipsa vel harum"
  },
  {
    "user_id": 3,
    "id": 27,
    "title": "id non nostrum expedita"
  },
  {
    "user_id": 3,
    "id": 28,
    "title": "omnis neque exercitationem sed dolor atque maxime aut cum"
  },
  {
    "user_id": 3,
    "id": 29,
    "title": "inventore ut quasi magnam itaque est fugit"
  },
  {
    "user_id": 3,
    "id": 30,
    "title": "tempora assumenda et similique odit distinctio error"
  },
  {
    "user_id": 4,
    "id": 31,
    "title": "adipisci laborum fuga laboriosam"
  },
  {
    "user_id": 4,
    "id": 32,
    "title": "reiciendis dolores a ut qui debitis non quo labore"
  },
  {
    "user_id": 4,
    "id": 33,
    "title": "iste eos nostrum"
  },
  {
    "user_id": 4,
    "id": 34,
    "title": "cumque voluptatibus rerum architecto blanditiis"
  },
  {
    "user_id": 4,
    "id": 35,
    "title": "et impedit nisi quae magni necessitatibus sed aut pariatur"
  },
  {
    "user_id": 4,
    "id": 36,
    "title": "nihil cupiditate voluptate neque"
  },
  {
    "user_id": 4,
    "id": 37,
    "title": "est placeat dicta ut nisi rerum iste"
  },
  {
    "user_id": 4,
    "id": 38,
    "title": "unde a sequi id"
  },
  {
    "user_id": 4,
    "id": 39,
    "title": "ratione porro illum labore eum aperiam sed"
  },
  {
    "user_id": 4,
    "id": 40,
    "title": "voluptas neque et sint aut quo odit"
  },
  {
    "user_id": 5,
    "id": 41,
    "title": "ea voluptates maiores eos accusantium officiis tempore mollitia consequatur"
  },
  {
    "user_id": 5,
    "id": 42,
    "title": "tenetur explicabo ea"
  },
  {
    "user_id": 5,
    "id": 43,
    "title": "aperiam doloremque nihil"
  },
  {
    "user_id": 5,
    "id": 44,
    "title": "sapiente cum numquam officia consequatur vel natus quos suscipit"
  },
  {
    "user_id": 5,
    "id": 45,
    "title": "tenetur quos ea unde est enim corrupti qui"
  },
  {
    "user_id": 5,
    "id": 46,
    "title": "molestiae voluptate non"
  },
  {
    "user_id": 5,
    "id": 47,
    "title": "temporibus molestiae aut"
  },
  {
    "user_id": 5,
    "id": 48,
    "title": "modi consequatur culpa aut quam soluta alias perspiciatis laudantium"
  },
  {
    "user_id": 5,
    "id": 49,
    "title": "ut aut vero repudiandae voluptas ullam voluptas at consequatur"
  },
  {
    "user_id": 5,
    "id": 50,
    "title": "sed qui sed quas sit ducimus dolor"
  },
  {
    "user_id": 6,
    "id": 51,
    "title": "odit laboriosam sint quia cupiditate animi quis"
  },
  {
    "user_id": 6,
    "id": 52,
    "title": "necessitatibus quas et sunt at voluptatem"
  },
  {
    "user_id": 6,
    "id": 53,
    "title": "est vel sequi voluptatem nemo quam molestiae modi enim"
  },
  {
    "user_id": 6,
    "id": 54,
    "title": "aut non illo amet perferendis"
  },
  {
    "user_id": 6,
    "id": 55,
    "title": "qui culpa itaque omnis in nesciunt architecto error"
  },
  {
    "user_id": 6,
    "id": 56,
    "title": "omnis qui maiores tempora officiis omnis rerum sed repellat"
  },
  {
    "user_id": 6,
    "id": 57,
    "title": "libero excepturi voluptatem est architecto quae voluptatum officia tempora"
  },
  {
    "user_id": 6,
    "id": 58,
    "title": "nulla illo consequatur aspernatur veritatis aut error delectus et"
  },
  {
    "user_id": 6,
    "id": 59,
    "title": "eligendi similique provident nihil"
  },
  {
    "user_id": 6,
    "id": 60,
    "title": "omnis mollitia sunt aliquid eum consequatur fugit minus laudantium"
  },
  {
    "user_id": 7,
    "id": 61,
    "title": "delectus iusto et"
  },
  {
    "user_id": 7,
    "id": 62,
    "title": "eos ea non recusandae iste ut quasi"
  },
  {
    "user_id": 7,
    "id": 63,
    "title": "velit est quam"
  },
  {
    "user_id": 7,
    "id": 64,
    "title": "autem voluptatem amet iure quae"
  },
  {
    "user_id": 7,
    "id": 65,
    "title": "voluptates delectus iure iste qui"
  },
  {
    "user_id": 7,
    "id": 66,
    "title": "velit sed quia dolor dolores delectus"
  },
  {
    "user_id": 7,
    "id": 67,
    "title": "ad voluptas nostrum et nihil"
  },
  {
    "user_id": 7,
    "id": 68,
    "title": "qui quasi nihil aut voluptatum sit dolore minima"
  },
  {
    "user_id": 7,
    "id": 69,
    "title": "qui aut est"
  },
  {
    "user_id": 7,
    "id": 70,
    "title": "et deleniti unde"
  },
  {
    "user_id": 8,
    "id": 71,
    "title": "et vel corporis"
  },
  {
    "user_id": 8,
    "id": 72,
    "title": "unde exercitationem ut"
  },
  {
    "user_id": 8,
    "id": 73,
    "title": "quos omnis officia"
  },
  {
    "user_id": 8,
    "id": 74,
    "title": "quia est eius vitae dolor"
  },
  {
    "user_id": 8,
    "id": 75,
    "title": "aut quia expedita non"
  },
  {
    "user_id": 8,
    "id": 76,
    "title": "dolorem magnam facere itaque ut reprehenderit tenetur corrupti"
  },
  {
    "user_id": 8,
    "id": 77,
    "title": "cupiditate sapiente maiores iusto ducimus cum excepturi veritatis quia"
  },
  {
    "user_id": 8,
    "id": 78,
    "title": "est minima eius possimus ea ratione velit et"
  },
  {
    "user_id": 8,
    "id": 79,
    "title": "ipsa quae voluptas natus ut suscipit soluta quia quidem"
  },
  {
    "user_id": 8,
    "id": 80,
    "title": "id nihil reprehenderit"
  },
  {
    "user_id": 9,
    "id": 81,
    "title": "quibusdam sapiente et"
  },
  {
    "user_id": 9,
    "id": 82,
    "title": "recusandae consequatur vel amet unde"
  },
  {
    "user_id": 9,
    "id": 83,
    "title": "aperiam odio fugiat"
  },
  {
    "user_id": 9,
    "id": 84,
    "title": "est et at eos expedita"
  },
  {
    "user_id": 9,
    "id": 85,
    "title": "qui voluptatem consequatur aut ab quis temporibus praesentium"
  },
  {
    "user_id": 9,
    "id": 86,
    "title": "eligendi mollitia alias aspernatur vel ut iusto"
  },
  {
    "user_id": 9,
    "id": 87,
    "title": "aut aut architecto"
  },
  {
    "user_id": 9,
    "id": 88,
    "title": "quas perspiciatis optio"
  },
  {
    "user_id": 9,
    "id": 89,
    "title": "sit optio id voluptatem est eum et"
  },
  {
    "user_id": 9,
    "id": 90,
    "title": "est vel dignissimos"
  },
  {
    "user_id": 10,
    "id": 91,
    "title": "repellendus praesentium debitis officiis"
  },
  {
    "user_id": 10,
    "id": 92,
    "title": "incidunt et et eligendi assumenda soluta quia recusandae"
  },
  {
    "user_id": 10,
    "id": 93,
    "title": "nisi qui dolores perspiciatis"
  },
  {
    "user_id": 10,
    "id": 94,
    "title": "quisquam a dolores et earum vitae"
  },
  {
    "user_id": 10,
    "id": 95,
    "title": "consectetur vel rerum qui aperiam modi eos aspernatur ipsa"
  },
  {
    "user_id": 10,
    "id": 96,
    "title": "unde et ut molestiae est molestias voluptatem sint"
  },
  {
    "user_id": 10,
    "id": 97,
    "title": "est quod aut"
  },
  {
    "user_id": 10,
    "id": 98,
    "title": "omnis quia possimus nesciunt deleniti assumenda sed autem"
  },
  {
    "user_id": 10,
    "id": 99,
    "title": "consectetur ut id impedit dolores sit ad ex aut"
  },
  {
    "user_id": 10,
    "id": 100,
    "title": "enim repellat iste"
  }
]

15:40:22.646 [ForkJoinPool-1-worker-1] DEBUG org.apache.http.client.protocol.RequestAddCookies - CookieSpec selected: karate
15:40:22.646 [ForkJoinPool-1-worker-1] DEBUG org.apache.http.client.protocol.RequestAuthCache - Auth cache not set in the context
15:40:22.646 [ForkJoinPool-1-worker-1] DEBUG com.intuit.karate - request:
1 > GET https://nodejs-qa-training.herokuapp.com/albums/getResponseListaAlbumes.response%5B3%5D.id/photos
1 > Accept-Encoding: gzip,deflate
1 > Authorization: eyJ0eXAiOiJKV1QiLCJhbGciOiJIUzI1NiJ9.eyJ1c2VySWQiOjE0Niwicm9sZSI6ImFkbWluIiwiaWF0IjoxNjAwMDI5NjIyLjg2LCJleHAiOjE2MDAwMzE0MjIuODZ9.x8LAoFXAV-dbL1AGZunSTbdD10g7zuBmcPpz4huDIxQ
1 > Connection: Keep-Alive
1 > Host: nodejs-qa-training.herokuapp.com
1 > User-Agent: Apache-HttpClient/4.5.5 (Java/1.8.0_191)

15:40:22.646 [ForkJoinPool-1-worker-1] DEBUG org.apache.http.impl.conn.PoolingHttpClientConnectionManager - Connection request: [route: {s}->https://nodejs-qa-training.herokuapp.com:443][total kept alive: 0; route allocated: 0 of 5; total allocated: 0 of 10]
15:40:22.646 [ForkJoinPool-1-worker-1] DEBUG org.apache.http.impl.conn.PoolingHttpClientConnectionManager - Connection leased: [id: 22][route: {s}->https://nodejs-qa-training.herokuapp.com:443][total kept alive: 0; route allocated: 1 of 5; total allocated: 1 of 10]
15:40:22.646 [ForkJoinPool-1-worker-1] DEBUG org.apache.http.impl.execchain.MainClientExec - Opening connection {s}->https://nodejs-qa-training.herokuapp.com:443
15:40:22.647 [ForkJoinPool-1-worker-1] DEBUG org.apache.http.impl.conn.DefaultHttpClientConnectionOperator - Connecting to nodejs-qa-training.herokuapp.com/3.233.183.24:443
15:40:22.647 [ForkJoinPool-1-worker-1] DEBUG org.apache.http.conn.ssl.SSLConnectionSocketFactory - Connecting socket to nodejs-qa-training.herokuapp.com/3.233.183.24:443 with timeout 30000
15:40:22.672 [ForkJoinPool-1-worker-3] DEBUG org.apache.http.conn.ssl.SSLConnectionSocketFactory - Enabled protocols: [TLSv1, TLSv1.1, TLSv1.2]
15:40:22.672 [ForkJoinPool-1-worker-3] DEBUG org.apache.http.conn.ssl.SSLConnectionSocketFactory - Enabled cipher suites:[TLS_ECDHE_ECDSA_WITH_AES_256_CBC_SHA384, TLS_ECDHE_RSA_WITH_AES_256_CBC_SHA384, TLS_RSA_WITH_AES_256_CBC_SHA256, TLS_ECDH_ECDSA_WITH_AES_256_CBC_SHA384, TLS_ECDH_RSA_WITH_AES_256_CBC_SHA384, TLS_DHE_RSA_WITH_AES_256_CBC_SHA256, TLS_DHE_DSS_WITH_AES_256_CBC_SHA256, TLS_ECDHE_ECDSA_WITH_AES_256_CBC_SHA, TLS_ECDHE_RSA_WITH_AES_256_CBC_SHA, TLS_RSA_WITH_AES_256_CBC_SHA, TLS_ECDH_ECDSA_WITH_AES_256_CBC_SHA, TLS_ECDH_RSA_WITH_AES_256_CBC_SHA, TLS_DHE_RSA_WITH_AES_256_CBC_SHA, TLS_DHE_DSS_WITH_AES_256_CBC_SHA, TLS_ECDHE_ECDSA_WITH_AES_128_CBC_SHA256, TLS_ECDHE_RSA_WITH_AES_128_CBC_SHA256, TLS_RSA_WITH_AES_128_CBC_SHA256, TLS_ECDH_ECDSA_WITH_AES_128_CBC_SHA256, TLS_ECDH_RSA_WITH_AES_128_CBC_SHA256, TLS_DHE_RSA_WITH_AES_128_CBC_SHA256, TLS_DHE_DSS_WITH_AES_128_CBC_SHA256, TLS_ECDHE_ECDSA_WITH_AES_128_CBC_SHA, TLS_ECDHE_RSA_WITH_AES_128_CBC_SHA, TLS_RSA_WITH_AES_128_CBC_SHA, TLS_ECDH_ECDSA_WITH_AES_128_CBC_SHA, TLS_ECDH_RSA_WITH_AES_128_CBC_SHA, TLS_DHE_RSA_WITH_AES_128_CBC_SHA, TLS_DHE_DSS_WITH_AES_128_CBC_SHA, TLS_ECDHE_ECDSA_WITH_AES_256_GCM_SHA384, TLS_ECDHE_ECDSA_WITH_AES_128_GCM_SHA256, TLS_ECDHE_RSA_WITH_AES_256_GCM_SHA384, TLS_RSA_WITH_AES_256_GCM_SHA384, TLS_ECDH_ECDSA_WITH_AES_256_GCM_SHA384, TLS_ECDH_RSA_WITH_AES_256_GCM_SHA384, TLS_DHE_RSA_WITH_AES_256_GCM_SHA384, TLS_DHE_DSS_WITH_AES_256_GCM_SHA384, TLS_ECDHE_RSA_WITH_AES_128_GCM_SHA256, TLS_RSA_WITH_AES_128_GCM_SHA256, TLS_ECDH_ECDSA_WITH_AES_128_GCM_SHA256, TLS_ECDH_RSA_WITH_AES_128_GCM_SHA256, TLS_DHE_RSA_WITH_AES_128_GCM_SHA256, TLS_DHE_DSS_WITH_AES_128_GCM_SHA256, TLS_EMPTY_RENEGOTIATION_INFO_SCSV]
15:40:22.672 [ForkJoinPool-1-worker-3] DEBUG org.apache.http.conn.ssl.SSLConnectionSocketFactory - Starting handshake
15:40:22.712 [ForkJoinPool-1-worker-2] DEBUG org.apache.http.conn.ssl.SSLConnectionSocketFactory - Enabled protocols: [TLSv1, TLSv1.1, TLSv1.2]
15:40:22.712 [ForkJoinPool-1-worker-2] DEBUG org.apache.http.conn.ssl.SSLConnectionSocketFactory - Enabled cipher suites:[TLS_ECDHE_ECDSA_WITH_AES_256_CBC_SHA384, TLS_ECDHE_RSA_WITH_AES_256_CBC_SHA384, TLS_RSA_WITH_AES_256_CBC_SHA256, TLS_ECDH_ECDSA_WITH_AES_256_CBC_SHA384, TLS_ECDH_RSA_WITH_AES_256_CBC_SHA384, TLS_DHE_RSA_WITH_AES_256_CBC_SHA256, TLS_DHE_DSS_WITH_AES_256_CBC_SHA256, TLS_ECDHE_ECDSA_WITH_AES_256_CBC_SHA, TLS_ECDHE_RSA_WITH_AES_256_CBC_SHA, TLS_RSA_WITH_AES_256_CBC_SHA, TLS_ECDH_ECDSA_WITH_AES_256_CBC_SHA, TLS_ECDH_RSA_WITH_AES_256_CBC_SHA, TLS_DHE_RSA_WITH_AES_256_CBC_SHA, TLS_DHE_DSS_WITH_AES_256_CBC_SHA, TLS_ECDHE_ECDSA_WITH_AES_128_CBC_SHA256, TLS_ECDHE_RSA_WITH_AES_128_CBC_SHA256, TLS_RSA_WITH_AES_128_CBC_SHA256, TLS_ECDH_ECDSA_WITH_AES_128_CBC_SHA256, TLS_ECDH_RSA_WITH_AES_128_CBC_SHA256, TLS_DHE_RSA_WITH_AES_128_CBC_SHA256, TLS_DHE_DSS_WITH_AES_128_CBC_SHA256, TLS_ECDHE_ECDSA_WITH_AES_128_CBC_SHA, TLS_ECDHE_RSA_WITH_AES_128_CBC_SHA, TLS_RSA_WITH_AES_128_CBC_SHA, TLS_ECDH_ECDSA_WITH_AES_128_CBC_SHA, TLS_ECDH_RSA_WITH_AES_128_CBC_SHA, TLS_DHE_RSA_WITH_AES_128_CBC_SHA, TLS_DHE_DSS_WITH_AES_128_CBC_SHA, TLS_ECDHE_ECDSA_WITH_AES_256_GCM_SHA384, TLS_ECDHE_ECDSA_WITH_AES_128_GCM_SHA256, TLS_ECDHE_RSA_WITH_AES_256_GCM_SHA384, TLS_RSA_WITH_AES_256_GCM_SHA384, TLS_ECDH_ECDSA_WITH_AES_256_GCM_SHA384, TLS_ECDH_RSA_WITH_AES_256_GCM_SHA384, TLS_DHE_RSA_WITH_AES_256_GCM_SHA384, TLS_DHE_DSS_WITH_AES_256_GCM_SHA384, TLS_ECDHE_RSA_WITH_AES_128_GCM_SHA256, TLS_RSA_WITH_AES_128_GCM_SHA256, TLS_ECDH_ECDSA_WITH_AES_128_GCM_SHA256, TLS_ECDH_RSA_WITH_AES_128_GCM_SHA256, TLS_DHE_RSA_WITH_AES_128_GCM_SHA256, TLS_DHE_DSS_WITH_AES_128_GCM_SHA256, TLS_EMPTY_RENEGOTIATION_INFO_SCSV]
15:40:22.712 [ForkJoinPool-1-worker-2] DEBUG org.apache.http.conn.ssl.SSLConnectionSocketFactory - Starting handshake
15:40:22.729 [ForkJoinPool-1-worker-1] DEBUG org.apache.http.conn.ssl.SSLConnectionSocketFactory - Enabled protocols: [TLSv1, TLSv1.1, TLSv1.2]
15:40:22.729 [ForkJoinPool-1-worker-1] DEBUG org.apache.http.conn.ssl.SSLConnectionSocketFactory - Enabled cipher suites:[TLS_ECDHE_ECDSA_WITH_AES_256_CBC_SHA384, TLS_ECDHE_RSA_WITH_AES_256_CBC_SHA384, TLS_RSA_WITH_AES_256_CBC_SHA256, TLS_ECDH_ECDSA_WITH_AES_256_CBC_SHA384, TLS_ECDH_RSA_WITH_AES_256_CBC_SHA384, TLS_DHE_RSA_WITH_AES_256_CBC_SHA256, TLS_DHE_DSS_WITH_AES_256_CBC_SHA256, TLS_ECDHE_ECDSA_WITH_AES_256_CBC_SHA, TLS_ECDHE_RSA_WITH_AES_256_CBC_SHA, TLS_RSA_WITH_AES_256_CBC_SHA, TLS_ECDH_ECDSA_WITH_AES_256_CBC_SHA, TLS_ECDH_RSA_WITH_AES_256_CBC_SHA, TLS_DHE_RSA_WITH_AES_256_CBC_SHA, TLS_DHE_DSS_WITH_AES_256_CBC_SHA, TLS_ECDHE_ECDSA_WITH_AES_128_CBC_SHA256, TLS_ECDHE_RSA_WITH_AES_128_CBC_SHA256, TLS_RSA_WITH_AES_128_CBC_SHA256, TLS_ECDH_ECDSA_WITH_AES_128_CBC_SHA256, TLS_ECDH_RSA_WITH_AES_128_CBC_SHA256, TLS_DHE_RSA_WITH_AES_128_CBC_SHA256, TLS_DHE_DSS_WITH_AES_128_CBC_SHA256, TLS_ECDHE_ECDSA_WITH_AES_128_CBC_SHA, TLS_ECDHE_RSA_WITH_AES_128_CBC_SHA, TLS_RSA_WITH_AES_128_CBC_SHA, TLS_ECDH_ECDSA_WITH_AES_128_CBC_SHA, TLS_ECDH_RSA_WITH_AES_128_CBC_SHA, TLS_DHE_RSA_WITH_AES_128_CBC_SHA, TLS_DHE_DSS_WITH_AES_128_CBC_SHA, TLS_ECDHE_ECDSA_WITH_AES_256_GCM_SHA384, TLS_ECDHE_ECDSA_WITH_AES_128_GCM_SHA256, TLS_ECDHE_RSA_WITH_AES_256_GCM_SHA384, TLS_RSA_WITH_AES_256_GCM_SHA384, TLS_ECDH_ECDSA_WITH_AES_256_GCM_SHA384, TLS_ECDH_RSA_WITH_AES_256_GCM_SHA384, TLS_DHE_RSA_WITH_AES_256_GCM_SHA384, TLS_DHE_DSS_WITH_AES_256_GCM_SHA384, TLS_ECDHE_RSA_WITH_AES_128_GCM_SHA256, TLS_RSA_WITH_AES_128_GCM_SHA256, TLS_ECDH_ECDSA_WITH_AES_128_GCM_SHA256, TLS_ECDH_RSA_WITH_AES_128_GCM_SHA256, TLS_DHE_RSA_WITH_AES_128_GCM_SHA256, TLS_DHE_DSS_WITH_AES_128_GCM_SHA256, TLS_EMPTY_RENEGOTIATION_INFO_SCSV]
15:40:22.730 [ForkJoinPool-1-worker-1] DEBUG org.apache.http.conn.ssl.SSLConnectionSocketFactory - Starting handshake
15:40:22.740 [Finalizer] DEBUG org.apache.http.impl.conn.PoolingHttpClientConnectionManager - Connection manager is shutting down
15:40:22.740 [Finalizer] DEBUG org.apache.http.impl.conn.DefaultManagedHttpClientConnection - http-outgoing-10: Close connection
15:40:22.740 [Finalizer] DEBUG org.apache.http.impl.conn.PoolingHttpClientConnectionManager - Connection manager shut down
15:40:22.743 [Finalizer] DEBUG org.apache.http.impl.conn.PoolingHttpClientConnectionManager - Connection manager is shutting down
15:40:22.743 [Finalizer] DEBUG org.apache.http.impl.conn.DefaultManagedHttpClientConnection - http-outgoing-9: Close connection
15:40:22.743 [Finalizer] DEBUG org.apache.http.impl.conn.PoolingHttpClientConnectionManager - Connection manager shut down
15:40:22.745 [Finalizer] DEBUG org.apache.http.impl.conn.PoolingHttpClientConnectionManager - Connection manager is shutting down
15:40:22.745 [Finalizer] DEBUG org.apache.http.impl.conn.DefaultManagedHttpClientConnection - http-outgoing-8: Close connection
15:40:22.745 [Finalizer] DEBUG org.apache.http.impl.conn.PoolingHttpClientConnectionManager - Connection manager shut down
15:40:22.745 [Finalizer] DEBUG org.apache.http.impl.conn.PoolingHttpClientConnectionManager - Connection manager is shutting down
15:40:22.745 [Finalizer] DEBUG org.apache.http.impl.conn.DefaultManagedHttpClientConnection - http-outgoing-7: Close connection
15:40:22.745 [Finalizer] DEBUG org.apache.http.impl.conn.PoolingHttpClientConnectionManager - Connection manager shut down
15:40:22.746 [Finalizer] DEBUG org.apache.http.impl.conn.PoolingHttpClientConnectionManager - Connection manager is shutting down
15:40:22.746 [Finalizer] DEBUG org.apache.http.impl.conn.DefaultManagedHttpClientConnection - http-outgoing-6: Close connection
15:40:22.746 [Finalizer] DEBUG org.apache.http.impl.conn.PoolingHttpClientConnectionManager - Connection manager shut down
15:40:22.746 [Finalizer] DEBUG org.apache.http.impl.conn.PoolingHttpClientConnectionManager - Connection manager is shutting down
15:40:22.747 [Finalizer] DEBUG org.apache.http.impl.conn.DefaultManagedHttpClientConnection - http-outgoing-5: Close connection
15:40:22.747 [Finalizer] DEBUG org.apache.http.impl.conn.PoolingHttpClientConnectionManager - Connection manager shut down
15:40:22.748 [Finalizer] DEBUG org.apache.http.impl.conn.PoolingHttpClientConnectionManager - Connection manager is shutting down
15:40:22.748 [Finalizer] DEBUG org.apache.http.impl.conn.DefaultManagedHttpClientConnection - http-outgoing-4: Close connection
15:40:22.748 [Finalizer] DEBUG org.apache.http.impl.conn.PoolingHttpClientConnectionManager - Connection manager shut down
15:40:22.748 [Finalizer] DEBUG org.apache.http.impl.conn.PoolingHttpClientConnectionManager - Connection manager is shutting down
15:40:22.748 [Finalizer] DEBUG org.apache.http.impl.conn.DefaultManagedHttpClientConnection - http-outgoing-3: Close connection
15:40:22.748 [Finalizer] DEBUG org.apache.http.impl.conn.PoolingHttpClientConnectionManager - Connection manager shut down
15:40:22.749 [Finalizer] DEBUG org.apache.http.impl.conn.PoolingHttpClientConnectionManager - Connection manager is shutting down
15:40:22.749 [Finalizer] DEBUG org.apache.http.impl.conn.DefaultManagedHttpClientConnection - http-outgoing-19: Close connection
15:40:22.749 [Finalizer] DEBUG org.apache.http.impl.conn.PoolingHttpClientConnectionManager - Connection manager shut down
15:40:22.751 [Finalizer] DEBUG org.apache.http.impl.conn.PoolingHttpClientConnectionManager - Connection manager is shutting down
15:40:22.751 [Finalizer] DEBUG org.apache.http.impl.conn.DefaultManagedHttpClientConnection - http-outgoing-18: Close connection
15:40:22.751 [Finalizer] DEBUG org.apache.http.impl.conn.PoolingHttpClientConnectionManager - Connection manager shut down
15:40:22.751 [Finalizer] DEBUG org.apache.http.impl.conn.PoolingHttpClientConnectionManager - Connection manager is shutting down
15:40:22.751 [Finalizer] DEBUG org.apache.http.impl.conn.DefaultManagedHttpClientConnection - http-outgoing-17: Close connection
15:40:22.751 [Finalizer] DEBUG org.apache.http.impl.conn.PoolingHttpClientConnectionManager - Connection manager shut down
15:40:22.752 [Finalizer] DEBUG org.apache.http.impl.conn.PoolingHttpClientConnectionManager - Connection manager is shutting down
15:40:22.752 [Finalizer] DEBUG org.apache.http.impl.conn.DefaultManagedHttpClientConnection - http-outgoing-16: Close connection
15:40:22.752 [Finalizer] DEBUG org.apache.http.impl.conn.PoolingHttpClientConnectionManager - Connection manager shut down
15:40:22.754 [Finalizer] DEBUG org.apache.http.impl.conn.PoolingHttpClientConnectionManager - Connection manager is shutting down
15:40:22.754 [Finalizer] DEBUG org.apache.http.impl.conn.DefaultManagedHttpClientConnection - http-outgoing-15: Close connection
15:40:22.754 [Finalizer] DEBUG org.apache.http.impl.conn.PoolingHttpClientConnectionManager - Connection manager shut down
15:40:22.754 [Finalizer] DEBUG org.apache.http.impl.conn.PoolingHttpClientConnectionManager - Connection manager is shutting down
15:40:22.754 [Finalizer] DEBUG org.apache.http.impl.conn.DefaultManagedHttpClientConnection - http-outgoing-14: Close connection
15:40:22.754 [Finalizer] DEBUG org.apache.http.impl.conn.PoolingHttpClientConnectionManager - Connection manager shut down
15:40:22.755 [Finalizer] DEBUG org.apache.http.impl.conn.PoolingHttpClientConnectionManager - Connection manager is shutting down
15:40:22.755 [Finalizer] DEBUG org.apache.http.impl.conn.DefaultManagedHttpClientConnection - http-outgoing-13: Close connection
15:40:22.755 [Finalizer] DEBUG org.apache.http.impl.conn.PoolingHttpClientConnectionManager - Connection manager shut down
15:40:22.757 [Finalizer] DEBUG org.apache.http.impl.conn.PoolingHttpClientConnectionManager - Connection manager is shutting down
15:40:22.757 [Finalizer] DEBUG org.apache.http.impl.conn.DefaultManagedHttpClientConnection - http-outgoing-12: Close connection
15:40:22.757 [Finalizer] DEBUG org.apache.http.impl.conn.PoolingHttpClientConnectionManager - Connection manager shut down
15:40:22.757 [Finalizer] DEBUG org.apache.http.impl.conn.PoolingHttpClientConnectionManager - Connection manager is shutting down
15:40:22.757 [Finalizer] DEBUG org.apache.http.impl.conn.DefaultManagedHttpClientConnection - http-outgoing-11: Close connection
15:40:22.757 [Finalizer] DEBUG org.apache.http.impl.conn.PoolingHttpClientConnectionManager - Connection manager shut down
15:40:22.844 [ForkJoinPool-1-worker-3] DEBUG org.apache.http.conn.ssl.SSLConnectionSocketFactory - Secure session established
15:40:22.844 [ForkJoinPool-1-worker-3] DEBUG org.apache.http.conn.ssl.SSLConnectionSocketFactory -  negotiated protocol: TLSv1.2
15:40:22.845 [ForkJoinPool-1-worker-3] DEBUG org.apache.http.conn.ssl.SSLConnectionSocketFactory -  negotiated cipher suite: TLS_ECDHE_RSA_WITH_AES_128_GCM_SHA256
15:40:22.845 [ForkJoinPool-1-worker-3] DEBUG org.apache.http.conn.ssl.SSLConnectionSocketFactory -  peer principal: CN=*.herokuapp.com, O="Heroku, Inc.", L=San Francisco, ST=California, C=US
15:40:22.845 [ForkJoinPool-1-worker-3] DEBUG org.apache.http.conn.ssl.SSLConnectionSocketFactory -  peer alternative names: [*.herokuapp.com, herokuapp.com]
15:40:22.845 [ForkJoinPool-1-worker-3] DEBUG org.apache.http.conn.ssl.SSLConnectionSocketFactory -  issuer principal: CN=DigiCert SHA2 High Assurance Server CA, OU=www.digicert.com, O=DigiCert Inc, C=US
15:40:22.845 [ForkJoinPool-1-worker-3] DEBUG org.apache.http.impl.conn.DefaultHttpClientConnectionOperator - Connection established 192.168.0.10:57481<->3.233.183.24:443
15:40:22.845 [ForkJoinPool-1-worker-3] DEBUG org.apache.http.impl.conn.DefaultManagedHttpClientConnection - http-outgoing-20: set socket timeout to 30000
15:40:22.845 [ForkJoinPool-1-worker-3] DEBUG org.apache.http.impl.execchain.MainClientExec - Executing request GET /albums HTTP/1.1
15:40:22.845 [ForkJoinPool-1-worker-3] DEBUG org.apache.http.impl.execchain.MainClientExec - Proxy auth state: UNCHALLENGED
15:40:22.845 [ForkJoinPool-1-worker-3] DEBUG org.apache.http.headers - http-outgoing-20 >> GET /albums HTTP/1.1
15:40:22.845 [ForkJoinPool-1-worker-3] DEBUG org.apache.http.headers - http-outgoing-20 >> Authorization: eyJ0eXAiOiJKV1QiLCJhbGciOiJIUzI1NiJ9.eyJ1c2VySWQiOjE0Niwicm9sZSI6ImFkbWluIiwiaWF0IjoxNjAwMDI5NjIzLjc5NCwiZXhwIjoxNjAwMDMxNDIzLjc5NH0.k33ZsVn6I6dfPpfNWbF5LbpRNKN0PZU2_w0n-xhSo8o
15:40:22.845 [ForkJoinPool-1-worker-3] DEBUG org.apache.http.headers - http-outgoing-20 >> Host: nodejs-qa-training.herokuapp.com
15:40:22.845 [ForkJoinPool-1-worker-3] DEBUG org.apache.http.headers - http-outgoing-20 >> Connection: Keep-Alive
15:40:22.845 [ForkJoinPool-1-worker-3] DEBUG org.apache.http.headers - http-outgoing-20 >> User-Agent: Apache-HttpClient/4.5.5 (Java/1.8.0_191)
15:40:22.845 [ForkJoinPool-1-worker-3] DEBUG org.apache.http.headers - http-outgoing-20 >> Accept-Encoding: gzip,deflate
15:40:22.845 [ForkJoinPool-1-worker-3] DEBUG org.apache.http.wire - http-outgoing-20 >> "GET /albums HTTP/1.1[\r][\n]"
15:40:22.845 [ForkJoinPool-1-worker-3] DEBUG org.apache.http.wire - http-outgoing-20 >> "Authorization: eyJ0eXAiOiJKV1QiLCJhbGciOiJIUzI1NiJ9.eyJ1c2VySWQiOjE0Niwicm9sZSI6ImFkbWluIiwiaWF0IjoxNjAwMDI5NjIzLjc5NCwiZXhwIjoxNjAwMDMxNDIzLjc5NH0.k33ZsVn6I6dfPpfNWbF5LbpRNKN0PZU2_w0n-xhSo8o[\r][\n]"
15:40:22.845 [ForkJoinPool-1-worker-3] DEBUG org.apache.http.wire - http-outgoing-20 >> "Host: nodejs-qa-training.herokuapp.com[\r][\n]"
15:40:22.845 [ForkJoinPool-1-worker-3] DEBUG org.apache.http.wire - http-outgoing-20 >> "Connection: Keep-Alive[\r][\n]"
15:40:22.845 [ForkJoinPool-1-worker-3] DEBUG org.apache.http.wire - http-outgoing-20 >> "User-Agent: Apache-HttpClient/4.5.5 (Java/1.8.0_191)[\r][\n]"
15:40:22.845 [ForkJoinPool-1-worker-3] DEBUG org.apache.http.wire - http-outgoing-20 >> "Accept-Encoding: gzip,deflate[\r][\n]"
15:40:22.845 [ForkJoinPool-1-worker-3] DEBUG org.apache.http.wire - http-outgoing-20 >> "[\r][\n]"
15:40:22.905 [ForkJoinPool-1-worker-2] DEBUG org.apache.http.conn.ssl.SSLConnectionSocketFactory - Secure session established
15:40:22.905 [ForkJoinPool-1-worker-2] DEBUG org.apache.http.conn.ssl.SSLConnectionSocketFactory -  negotiated protocol: TLSv1.2
15:40:22.905 [ForkJoinPool-1-worker-2] DEBUG org.apache.http.conn.ssl.SSLConnectionSocketFactory -  negotiated cipher suite: TLS_ECDHE_RSA_WITH_AES_128_GCM_SHA256
15:40:22.905 [ForkJoinPool-1-worker-2] DEBUG org.apache.http.conn.ssl.SSLConnectionSocketFactory -  peer principal: CN=*.herokuapp.com, O="Heroku, Inc.", L=San Francisco, ST=California, C=US
15:40:22.905 [ForkJoinPool-1-worker-2] DEBUG org.apache.http.conn.ssl.SSLConnectionSocketFactory -  peer alternative names: [*.herokuapp.com, herokuapp.com]
15:40:22.905 [ForkJoinPool-1-worker-2] DEBUG org.apache.http.conn.ssl.SSLConnectionSocketFactory -  issuer principal: CN=DigiCert SHA2 High Assurance Server CA, OU=www.digicert.com, O=DigiCert Inc, C=US
15:40:22.905 [ForkJoinPool-1-worker-2] DEBUG org.apache.http.impl.conn.DefaultHttpClientConnectionOperator - Connection established 192.168.0.10:57482<->3.233.183.24:443
15:40:22.905 [ForkJoinPool-1-worker-2] DEBUG org.apache.http.impl.conn.DefaultManagedHttpClientConnection - http-outgoing-21: set socket timeout to 30000
15:40:22.905 [ForkJoinPool-1-worker-2] DEBUG org.apache.http.impl.execchain.MainClientExec - Executing request POST /users/sessions HTTP/1.1
15:40:22.905 [ForkJoinPool-1-worker-2] DEBUG org.apache.http.impl.execchain.MainClientExec - Target auth state: UNCHALLENGED
15:40:22.905 [ForkJoinPool-1-worker-2] DEBUG org.apache.http.impl.execchain.MainClientExec - Proxy auth state: UNCHALLENGED
15:40:22.905 [ForkJoinPool-1-worker-2] DEBUG org.apache.http.headers - http-outgoing-21 >> POST /users/sessions HTTP/1.1
15:40:22.905 [ForkJoinPool-1-worker-2] DEBUG org.apache.http.headers - http-outgoing-21 >> Content-Type: application/json; charset=UTF-8
15:40:22.905 [ForkJoinPool-1-worker-2] DEBUG org.apache.http.headers - http-outgoing-21 >> Content-Length: 62
15:40:22.905 [ForkJoinPool-1-worker-2] DEBUG org.apache.http.headers - http-outgoing-21 >> Host: nodejs-qa-training.herokuapp.com
15:40:22.905 [ForkJoinPool-1-worker-2] DEBUG org.apache.http.headers - http-outgoing-21 >> Connection: Keep-Alive
15:40:22.905 [ForkJoinPool-1-worker-2] DEBUG org.apache.http.headers - http-outgoing-21 >> User-Agent: Apache-HttpClient/4.5.5 (Java/1.8.0_191)
15:40:22.905 [ForkJoinPool-1-worker-2] DEBUG org.apache.http.headers - http-outgoing-21 >> Accept-Encoding: gzip,deflate
15:40:22.905 [ForkJoinPool-1-worker-2] DEBUG org.apache.http.wire - http-outgoing-21 >> "POST /users/sessions HTTP/1.1[\r][\n]"
15:40:22.906 [ForkJoinPool-1-worker-2] DEBUG org.apache.http.wire - http-outgoing-21 >> "Content-Type: application/json; charset=UTF-8[\r][\n]"
15:40:22.906 [ForkJoinPool-1-worker-2] DEBUG org.apache.http.wire - http-outgoing-21 >> "Content-Length: 62[\r][\n]"
15:40:22.906 [ForkJoinPool-1-worker-2] DEBUG org.apache.http.wire - http-outgoing-21 >> "Host: nodejs-qa-training.herokuapp.com[\r][\n]"
15:40:22.906 [ForkJoinPool-1-worker-2] DEBUG org.apache.http.wire - http-outgoing-21 >> "Connection: Keep-Alive[\r][\n]"
15:40:22.906 [ForkJoinPool-1-worker-2] DEBUG org.apache.http.wire - http-outgoing-21 >> "User-Agent: Apache-HttpClient/4.5.5 (Java/1.8.0_191)[\r][\n]"
15:40:22.906 [ForkJoinPool-1-worker-2] DEBUG org.apache.http.wire - http-outgoing-21 >> "Accept-Encoding: gzip,deflate[\r][\n]"
15:40:22.906 [ForkJoinPool-1-worker-2] DEBUG org.apache.http.wire - http-outgoing-21 >> "[\r][\n]"
15:40:22.906 [ForkJoinPool-1-worker-2] DEBUG org.apache.http.wire - http-outgoing-21 >> "{"email":"admin@wolox.com.ar","password":"candidatoWolox2020"}"
15:40:22.926 [ForkJoinPool-1-worker-1] DEBUG org.apache.http.conn.ssl.SSLConnectionSocketFactory - Secure session established
15:40:22.926 [ForkJoinPool-1-worker-1] DEBUG org.apache.http.conn.ssl.SSLConnectionSocketFactory -  negotiated protocol: TLSv1.2
15:40:22.926 [ForkJoinPool-1-worker-1] DEBUG org.apache.http.conn.ssl.SSLConnectionSocketFactory -  negotiated cipher suite: TLS_ECDHE_RSA_WITH_AES_128_GCM_SHA256
15:40:22.926 [ForkJoinPool-1-worker-1] DEBUG org.apache.http.conn.ssl.SSLConnectionSocketFactory -  peer principal: CN=*.herokuapp.com, O="Heroku, Inc.", L=San Francisco, ST=California, C=US
15:40:22.926 [ForkJoinPool-1-worker-1] DEBUG org.apache.http.conn.ssl.SSLConnectionSocketFactory -  peer alternative names: [*.herokuapp.com, herokuapp.com]
15:40:22.926 [ForkJoinPool-1-worker-1] DEBUG org.apache.http.conn.ssl.SSLConnectionSocketFactory -  issuer principal: CN=DigiCert SHA2 High Assurance Server CA, OU=www.digicert.com, O=DigiCert Inc, C=US
15:40:22.926 [ForkJoinPool-1-worker-1] DEBUG org.apache.http.impl.conn.DefaultHttpClientConnectionOperator - Connection established 192.168.0.10:57483<->3.233.183.24:443
15:40:22.926 [ForkJoinPool-1-worker-1] DEBUG org.apache.http.impl.conn.DefaultManagedHttpClientConnection - http-outgoing-22: set socket timeout to 30000
15:40:22.926 [ForkJoinPool-1-worker-1] DEBUG org.apache.http.impl.execchain.MainClientExec - Executing request GET /albums/getResponseListaAlbumes.response%5B3%5D.id/photos HTTP/1.1
15:40:22.926 [ForkJoinPool-1-worker-1] DEBUG org.apache.http.impl.execchain.MainClientExec - Proxy auth state: UNCHALLENGED
15:40:22.926 [ForkJoinPool-1-worker-1] DEBUG org.apache.http.headers - http-outgoing-22 >> GET /albums/getResponseListaAlbumes.response%5B3%5D.id/photos HTTP/1.1
15:40:22.926 [ForkJoinPool-1-worker-1] DEBUG org.apache.http.headers - http-outgoing-22 >> Authorization: eyJ0eXAiOiJKV1QiLCJhbGciOiJIUzI1NiJ9.eyJ1c2VySWQiOjE0Niwicm9sZSI6ImFkbWluIiwiaWF0IjoxNjAwMDI5NjIyLjg2LCJleHAiOjE2MDAwMzE0MjIuODZ9.x8LAoFXAV-dbL1AGZunSTbdD10g7zuBmcPpz4huDIxQ
15:40:22.926 [ForkJoinPool-1-worker-1] DEBUG org.apache.http.headers - http-outgoing-22 >> Host: nodejs-qa-training.herokuapp.com
15:40:22.926 [ForkJoinPool-1-worker-1] DEBUG org.apache.http.headers - http-outgoing-22 >> Connection: Keep-Alive
15:40:22.926 [ForkJoinPool-1-worker-1] DEBUG org.apache.http.headers - http-outgoing-22 >> User-Agent: Apache-HttpClient/4.5.5 (Java/1.8.0_191)
15:40:22.926 [ForkJoinPool-1-worker-1] DEBUG org.apache.http.headers - http-outgoing-22 >> Accept-Encoding: gzip,deflate
15:40:22.926 [ForkJoinPool-1-worker-1] DEBUG org.apache.http.wire - http-outgoing-22 >> "GET /albums/getResponseListaAlbumes.response%5B3%5D.id/photos HTTP/1.1[\r][\n]"
15:40:22.927 [ForkJoinPool-1-worker-1] DEBUG org.apache.http.wire - http-outgoing-22 >> "Authorization: eyJ0eXAiOiJKV1QiLCJhbGciOiJIUzI1NiJ9.eyJ1c2VySWQiOjE0Niwicm9sZSI6ImFkbWluIiwiaWF0IjoxNjAwMDI5NjIyLjg2LCJleHAiOjE2MDAwMzE0MjIuODZ9.x8LAoFXAV-dbL1AGZunSTbdD10g7zuBmcPpz4huDIxQ[\r][\n]"
15:40:22.927 [ForkJoinPool-1-worker-1] DEBUG org.apache.http.wire - http-outgoing-22 >> "Host: nodejs-qa-training.herokuapp.com[\r][\n]"
15:40:22.927 [ForkJoinPool-1-worker-1] DEBUG org.apache.http.wire - http-outgoing-22 >> "Connection: Keep-Alive[\r][\n]"
15:40:22.927 [ForkJoinPool-1-worker-1] DEBUG org.apache.http.wire - http-outgoing-22 >> "User-Agent: Apache-HttpClient/4.5.5 (Java/1.8.0_191)[\r][\n]"
15:40:22.927 [ForkJoinPool-1-worker-1] DEBUG org.apache.http.wire - http-outgoing-22 >> "Accept-Encoding: gzip,deflate[\r][\n]"
15:40:22.927 [ForkJoinPool-1-worker-1] DEBUG org.apache.http.wire - http-outgoing-22 >> "[\r][\n]"
15:40:22.971 [ForkJoinPool-1-worker-3] DEBUG org.apache.http.wire - http-outgoing-20 << "HTTP/1.1 200 OK[\r][\n]"
15:40:22.971 [ForkJoinPool-1-worker-3] DEBUG org.apache.http.wire - http-outgoing-20 << "Server: Cowboy[\r][\n]"
15:40:22.971 [ForkJoinPool-1-worker-3] DEBUG org.apache.http.wire - http-outgoing-20 << "Connection: keep-alive[\r][\n]"
15:40:22.971 [ForkJoinPool-1-worker-3] DEBUG org.apache.http.wire - http-outgoing-20 << "X-Powered-By: Express[\r][\n]"
15:40:22.971 [ForkJoinPool-1-worker-3] DEBUG org.apache.http.wire - http-outgoing-20 << "Content-Type: application/json; charset=utf-8[\r][\n]"
15:40:22.971 [ForkJoinPool-1-worker-3] DEBUG org.apache.http.wire - http-outgoing-20 << "Content-Length: 7032[\r][\n]"
15:40:22.971 [ForkJoinPool-1-worker-3] DEBUG org.apache.http.wire - http-outgoing-20 << "Etag: W/"1b78-QLaE6RpZ5E8d2hLg+o5PqJk5Zw8"[\r][\n]"
15:40:22.971 [ForkJoinPool-1-worker-3] DEBUG org.apache.http.wire - http-outgoing-20 << "Date: Sun, 13 Sep 2020 20:40:24 GMT[\r][\n]"
15:40:22.971 [ForkJoinPool-1-worker-3] DEBUG org.apache.http.wire - http-outgoing-20 << "Via: 1.1 vegur[\r][\n]"
15:40:22.971 [ForkJoinPool-1-worker-3] DEBUG org.apache.http.wire - http-outgoing-20 << "[\r][\n]"
15:40:22.972 [ForkJoinPool-1-worker-3] DEBUG org.apache.http.wire - http-outgoing-20 << "[{"user_id":1,"id":1,"title":"quidem molestiae enim"},{"user_id":1,"id":2,"title":"sunt qui excepturi placeat culpa"},{"user_id":1,"id":3,"title":"omnis laborum odio"},{"user_id":1,"id":4,"title":"non esse culpa molestiae omnis sed optio"},{"user_id":1,"id":5,"title":"eaque aut omnis a"},{"user_id":1,"id":6,"title":"natus impedit quibusdam illo est"},{"user_id":1,"id":7,"title":"quibusdam autem aliquid et et quia"},{"user_id":1,"id":8,"title":"qui fuga est a eum"},{"user_id":1,"id":9,"title":"saepe unde necessitatibus rem"},{"user_id":1,"id":10,"title":"distinctio laborum qui"},{"user_id":2,"id":11,"title":"quam nostrum impedit mollitia quod et dolor"},{"user_id":2,"id":12,"title":"consequatur autem doloribus natus consectetur"},{"user_id":2,"id":13,"title":"ab rerum non rerum consequatur ut ea unde"},{"user_id":2,"id":14,"title":"ducimus molestias eos animi atque nihil"},{"user_id":2,"id":15,"title":"ut pariatur rerum ipsum natus repellendus praesentium"},{"user_id":2,"id":16,"title":"voluptatem aut maxime inventore autem magnam atque repellat"},{"user_id":2,"id":17,"title":"aut minima voluptatem ut velit"},{"user_id":2,"id":18,"title":"nesciunt quia et doloremque"},{"user_id":2,"id":19,"title":"velit pariatur quaerat similique libero omnis quia"},{"user_id":2,"id":20,"title":"voluptas rerum iure ut enim"},{"user_id":3,"id":21,"title":"repudiandae voluptatem optio est consequatur rem in temporibus et"},{"user_id":3,"id":22,"title":"et rem non provident vel ut"},{"user_id":3,"id":23,"title":"incidunt quisquam hic adipisci sequi"},{"user_id":3,"id":24,"title":"dolores ut et facere placeat"},{"user_id":3,"id":25,"title":"vero maxime id possimus sunt neque et consequatur"},{"user_id":3,"id":26,"title":"quibusdam saepe ipsa vel harum"},{"user_id":3,"id":27,"title":"id non nostrum expedita"},{"user_id":3,"id":28,"title":"omnis neque exercitationem sed dolor atque maxime aut cum"},{"user_id":3,"id":29,"title":"inventore ut quasi magnam itaque est fugit"},{"user_id":3,"id":30,"title":"tempora assumenda et similique odit distinctio error"},{"user_id":4,"id":31,"title":"adipisci laborum fuga laboriosam"},{"user_id":4,"id":32,"title":"reiciendis dolores a ut qui debitis non quo labore"},{"user_id":4,"id":33,"title":"iste eos nostrum"},{"user_id":4,"id":34,"title":"cumque voluptatibus rerum architecto blanditiis"},{"user_id":4,"id":35,"title":"et impedit nisi quae magni necessitatibus sed aut pariatur"},{"user_id":4,"id":36,"title":"nihil cupiditate voluptate neque"},{"user_id":4,"id":37,"title":"est placeat dicta ut nisi rerum iste"},{"user_id":4,"id":38,"title":"unde a sequi id"},{"user_id":4,"id":39,"title":"ratione porro illum labore eum aperiam sed"},{"user_id":4,"id":40,"title":"voluptas neque et sint aut quo odit"},{"user_id":5,"id":41,"title":"ea voluptates maiores eos accusantium officiis tempore mollitia consequatur"},{"user_id":5,"id":42,"title":"tenetur explicabo ea"},{"user_id":5,"id":43,"title":"aperiam doloremque nihil"},{"user_id":5,"id":44,"title":"sapiente cum numquam officia consequatur vel natus quos suscipit"},{"user_id":5,"id":45,"title":"tenetur quos ea unde est enim corrupti qui"},{"user_id":5,"id":46,"title":"molestiae voluptate non"},{"user_id":5,"id":47,"title":"temporibus molestiae aut"},{"user_id":5,"id":48,"title":"modi consequatur culpa aut quam soluta alias perspiciatis laudantium"},{"user_id":5,"id":49,"title":"ut aut vero repudiandae voluptas ullam voluptas at consequatur"},{"user_id":5,"id":50,"title":"sed qui sed quas sit ducimus dolor"},{"user_id":6,"id":51,"title":"odit laboriosam sint quia cupiditate animi quis"},{"user_id":6,"id":52,"title":"necessitatibus quas et sunt at voluptatem"},{"user_id":6,"id":53,"title":"est vel sequi voluptatem nemo quam molestiae modi enim"},{"user_id":6,"id":54,"title":"aut non illo amet perferendis"},{"user_id":6,"id":55,"title":"qui culpa itaque omnis in nesciunt architecto error"},{"user_id":6,"id":56,"title":"omnis qui maiores tempora officiis omnis rerum sed repellat"},{"user_id":6,"id":57,"title":"libero excepturi voluptatem est architecto quae voluptatum officia tempora"},{"user_id":6,"id":58,"title":"nulla illo consequatur aspernatur veritatis aut error delectus et"},{"user_id":6,"id":59,"title":"eligendi similique provident nihil"},{"user_id":6,"id":60,"title":"omnis mollitia sunt aliquid eum consequatur fugit minus laudantium"},{"user_id":7,"id":61,"title":"delectus iusto et"},{"user_id":7,"id":62,"title":"eos ea non recusandae iste ut quasi"},{"user_id":7,"id":63,"title":"velit est quam"},{"user_id":7,"id":64,"title":"autem voluptatem amet iure quae"},{"user_id":7,"id":65,"title":"voluptates delectus iure iste qui"},{"user_id":7,"id":66,"title":"velit sed quia dolor dolores delectus"},{"user_id":7,"id":67,"title":"ad voluptas nostrum et nihil"},{"user_id":7,"id":68,"title":"qui quasi nihil aut voluptatum sit dolore minima"},{"user_id":7,"id":69,"title":"qui aut est"},{"user_id":7,"id":70,"title":"et deleniti unde"},{"user_id":8,"id":71,"title":"et vel corporis"},{"user_id":8,"id":72,"title":"unde exercitationem ut"},{"user_id":8,"id":73,"title":"quos omnis officia"},{"user_id":8,"id":74,"title":"quia est eius vitae dolor"},{"user_id":8,"id":75,"title":"aut quia expedita non"},{"user_id":8,"id":76,"title":"dolorem magnam facere itaque ut reprehenderit tenetur corrupti"},{"user_id":8,"id":77,"title":"cupiditate sapiente maiores iusto ducimus cum excepturi veritatis quia"},{"user_id":8,"id":78,"title":"est minima eius possimus ea ratione velit et"},{"user_id":8,"id":79,"title":"ipsa quae voluptas natus ut suscipit soluta quia quidem"},{"user_id":8,"id":80,"title":"id nihil reprehenderit"},{"user_id":9,"id":81,"title":"quibusdam sapiente et"},{"user_id":9,"id":82,"title":"recusandae consequatur vel amet unde"},{"user_id":9,"id":83,"title":"aperiam odio fugiat"},{"user_id":9,"id":84,"title":"est et at eos expedita"},{"user_id":9,"id":85,"title":"qui voluptatem consequatur aut ab quis temporibus praesentium"},{"user_id":9,"id":86,"title":"eligendi mollitia alias aspernatur vel ut iusto"},{"user_id":9,"id":87,"title":"aut aut architecto"},{"user_id":9,"id":88,"title":"quas perspiciatis optio"},{"user_id":9,"id":89,"title":"sit optio id voluptatem est eum et"},{"user_id":9,"id":90,"title":"est vel dignissimos"},{"user_id":10,"id":91,"title":"repellendus praesentium debitis officiis"},{"user_id":10,"id":92,"title":"incidunt et et eligendi assumenda soluta quia recusandae"},{"user_id":10,"id":93,"title":"nisi qui dolores perspiciatis"},{"user_id":10,"id":94,"title":"quisquam a dolores et earum vitae"},{"user_id":10,"id":95,"title":"consectetur vel rerum qui aperiam modi eos aspernatur ipsa"},{"user_id":10,"id":96,"title":"unde et ut molestiae est molestias voluptatem sint"},{"user_id":10,"id":97,"title":"est quod aut"},{"user_id":10,"id":98,"title":"omnis quia possimus nesciunt deleniti assumenda sed autem"},{"user_id":10,"id":99,"title":"consectetur ut id impedit dolores sit ad ex aut"},{"user_id":10,"id":100,"title":"enim repellat iste"}]"
15:40:22.972 [ForkJoinPool-1-worker-3] DEBUG org.apache.http.headers - http-outgoing-20 << HTTP/1.1 200 OK
15:40:22.972 [ForkJoinPool-1-worker-3] DEBUG org.apache.http.headers - http-outgoing-20 << Server: Cowboy
15:40:22.972 [ForkJoinPool-1-worker-3] DEBUG org.apache.http.headers - http-outgoing-20 << Connection: keep-alive
15:40:22.972 [ForkJoinPool-1-worker-3] DEBUG org.apache.http.headers - http-outgoing-20 << X-Powered-By: Express
15:40:22.972 [ForkJoinPool-1-worker-3] DEBUG org.apache.http.headers - http-outgoing-20 << Content-Type: application/json; charset=utf-8
15:40:22.972 [ForkJoinPool-1-worker-3] DEBUG org.apache.http.headers - http-outgoing-20 << Content-Length: 7032
15:40:22.972 [ForkJoinPool-1-worker-3] DEBUG org.apache.http.headers - http-outgoing-20 << Etag: W/"1b78-QLaE6RpZ5E8d2hLg+o5PqJk5Zw8"
15:40:22.972 [ForkJoinPool-1-worker-3] DEBUG org.apache.http.headers - http-outgoing-20 << Date: Sun, 13 Sep 2020 20:40:24 GMT
15:40:22.972 [ForkJoinPool-1-worker-3] DEBUG org.apache.http.headers - http-outgoing-20 << Via: 1.1 vegur
15:40:22.972 [ForkJoinPool-1-worker-3] DEBUG org.apache.http.impl.execchain.MainClientExec - Connection can be kept alive indefinitely
15:40:22.972 [ForkJoinPool-1-worker-3] DEBUG org.apache.http.impl.conn.PoolingHttpClientConnectionManager - Connection [id: 20][route: {s}->https://nodejs-qa-training.herokuapp.com:443] can be kept alive indefinitely
15:40:22.972 [ForkJoinPool-1-worker-3] DEBUG org.apache.http.impl.conn.DefaultManagedHttpClientConnection - http-outgoing-20: set socket timeout to 0
15:40:22.972 [ForkJoinPool-1-worker-3] DEBUG org.apache.http.impl.conn.PoolingHttpClientConnectionManager - Connection released: [id: 20][route: {s}->https://nodejs-qa-training.herokuapp.com:443][total kept alive: 1; route allocated: 1 of 5; total allocated: 1 of 10]
15:40:22.972 [ForkJoinPool-1-worker-3] DEBUG com.intuit.karate - response time in milliseconds: 379,77
1 < 200
1 < Connection: keep-alive
1 < Content-Length: 7032
1 < Content-Type: application/json; charset=utf-8
1 < Date: Sun, 13 Sep 2020 20:40:24 GMT
1 < Etag: W/"1b78-QLaE6RpZ5E8d2hLg+o5PqJk5Zw8"
1 < Server: Cowboy
1 < Via: 1.1 vegur
1 < X-Powered-By: Express
[{"user_id":1,"id":1,"title":"quidem molestiae enim"},{"user_id":1,"id":2,"title":"sunt qui excepturi placeat culpa"},{"user_id":1,"id":3,"title":"omnis laborum odio"},{"user_id":1,"id":4,"title":"non esse culpa molestiae omnis sed optio"},{"user_id":1,"id":5,"title":"eaque aut omnis a"},{"user_id":1,"id":6,"title":"natus impedit quibusdam illo est"},{"user_id":1,"id":7,"title":"quibusdam autem aliquid et et quia"},{"user_id":1,"id":8,"title":"qui fuga est a eum"},{"user_id":1,"id":9,"title":"saepe unde necessitatibus rem"},{"user_id":1,"id":10,"title":"distinctio laborum qui"},{"user_id":2,"id":11,"title":"quam nostrum impedit mollitia quod et dolor"},{"user_id":2,"id":12,"title":"consequatur autem doloribus natus consectetur"},{"user_id":2,"id":13,"title":"ab rerum non rerum consequatur ut ea unde"},{"user_id":2,"id":14,"title":"ducimus molestias eos animi atque nihil"},{"user_id":2,"id":15,"title":"ut pariatur rerum ipsum natus repellendus praesentium"},{"user_id":2,"id":16,"title":"voluptatem aut maxime inventore autem magnam atque repellat"},{"user_id":2,"id":17,"title":"aut minima voluptatem ut velit"},{"user_id":2,"id":18,"title":"nesciunt quia et doloremque"},{"user_id":2,"id":19,"title":"velit pariatur quaerat similique libero omnis quia"},{"user_id":2,"id":20,"title":"voluptas rerum iure ut enim"},{"user_id":3,"id":21,"title":"repudiandae voluptatem optio est consequatur rem in temporibus et"},{"user_id":3,"id":22,"title":"et rem non provident vel ut"},{"user_id":3,"id":23,"title":"incidunt quisquam hic adipisci sequi"},{"user_id":3,"id":24,"title":"dolores ut et facere placeat"},{"user_id":3,"id":25,"title":"vero maxime id possimus sunt neque et consequatur"},{"user_id":3,"id":26,"title":"quibusdam saepe ipsa vel harum"},{"user_id":3,"id":27,"title":"id non nostrum expedita"},{"user_id":3,"id":28,"title":"omnis neque exercitationem sed dolor atque maxime aut cum"},{"user_id":3,"id":29,"title":"inventore ut quasi magnam itaque est fugit"},{"user_id":3,"id":30,"title":"tempora assumenda et similique odit distinctio error"},{"user_id":4,"id":31,"title":"adipisci laborum fuga laboriosam"},{"user_id":4,"id":32,"title":"reiciendis dolores a ut qui debitis non quo labore"},{"user_id":4,"id":33,"title":"iste eos nostrum"},{"user_id":4,"id":34,"title":"cumque voluptatibus rerum architecto blanditiis"},{"user_id":4,"id":35,"title":"et impedit nisi quae magni necessitatibus sed aut pariatur"},{"user_id":4,"id":36,"title":"nihil cupiditate voluptate neque"},{"user_id":4,"id":37,"title":"est placeat dicta ut nisi rerum iste"},{"user_id":4,"id":38,"title":"unde a sequi id"},{"user_id":4,"id":39,"title":"ratione porro illum labore eum aperiam sed"},{"user_id":4,"id":40,"title":"voluptas neque et sint aut quo odit"},{"user_id":5,"id":41,"title":"ea voluptates maiores eos accusantium officiis tempore mollitia consequatur"},{"user_id":5,"id":42,"title":"tenetur explicabo ea"},{"user_id":5,"id":43,"title":"aperiam doloremque nihil"},{"user_id":5,"id":44,"title":"sapiente cum numquam officia consequatur vel natus quos suscipit"},{"user_id":5,"id":45,"title":"tenetur quos ea unde est enim corrupti qui"},{"user_id":5,"id":46,"title":"molestiae voluptate non"},{"user_id":5,"id":47,"title":"temporibus molestiae aut"},{"user_id":5,"id":48,"title":"modi consequatur culpa aut quam soluta alias perspiciatis laudantium"},{"user_id":5,"id":49,"title":"ut aut vero repudiandae voluptas ullam voluptas at consequatur"},{"user_id":5,"id":50,"title":"sed qui sed quas sit ducimus dolor"},{"user_id":6,"id":51,"title":"odit laboriosam sint quia cupiditate animi quis"},{"user_id":6,"id":52,"title":"necessitatibus quas et sunt at voluptatem"},{"user_id":6,"id":53,"title":"est vel sequi voluptatem nemo quam molestiae modi enim"},{"user_id":6,"id":54,"title":"aut non illo amet perferendis"},{"user_id":6,"id":55,"title":"qui culpa itaque omnis in nesciunt architecto error"},{"user_id":6,"id":56,"title":"omnis qui maiores tempora officiis omnis rerum sed repellat"},{"user_id":6,"id":57,"title":"libero excepturi voluptatem est architecto quae voluptatum officia tempora"},{"user_id":6,"id":58,"title":"nulla illo consequatur aspernatur veritatis aut error delectus et"},{"user_id":6,"id":59,"title":"eligendi similique provident nihil"},{"user_id":6,"id":60,"title":"omnis mollitia sunt aliquid eum consequatur fugit minus laudantium"},{"user_id":7,"id":61,"title":"delectus iusto et"},{"user_id":7,"id":62,"title":"eos ea non recusandae iste ut quasi"},{"user_id":7,"id":63,"title":"velit est quam"},{"user_id":7,"id":64,"title":"autem voluptatem amet iure quae"},{"user_id":7,"id":65,"title":"voluptates delectus iure iste qui"},{"user_id":7,"id":66,"title":"velit sed quia dolor dolores delectus"},{"user_id":7,"id":67,"title":"ad voluptas nostrum et nihil"},{"user_id":7,"id":68,"title":"qui quasi nihil aut voluptatum sit dolore minima"},{"user_id":7,"id":69,"title":"qui aut est"},{"user_id":7,"id":70,"title":"et deleniti unde"},{"user_id":8,"id":71,"title":"et vel corporis"},{"user_id":8,"id":72,"title":"unde exercitationem ut"},{"user_id":8,"id":73,"title":"quos omnis officia"},{"user_id":8,"id":74,"title":"quia est eius vitae dolor"},{"user_id":8,"id":75,"title":"aut quia expedita non"},{"user_id":8,"id":76,"title":"dolorem magnam facere itaque ut reprehenderit tenetur corrupti"},{"user_id":8,"id":77,"title":"cupiditate sapiente maiores iusto ducimus cum excepturi veritatis quia"},{"user_id":8,"id":78,"title":"est minima eius possimus ea ratione velit et"},{"user_id":8,"id":79,"title":"ipsa quae voluptas natus ut suscipit soluta quia quidem"},{"user_id":8,"id":80,"title":"id nihil reprehenderit"},{"user_id":9,"id":81,"title":"quibusdam sapiente et"},{"user_id":9,"id":82,"title":"recusandae consequatur vel amet unde"},{"user_id":9,"id":83,"title":"aperiam odio fugiat"},{"user_id":9,"id":84,"title":"est et at eos expedita"},{"user_id":9,"id":85,"title":"qui voluptatem consequatur aut ab quis temporibus praesentium"},{"user_id":9,"id":86,"title":"eligendi mollitia alias aspernatur vel ut iusto"},{"user_id":9,"id":87,"title":"aut aut architecto"},{"user_id":9,"id":88,"title":"quas perspiciatis optio"},{"user_id":9,"id":89,"title":"sit optio id voluptatem est eum et"},{"user_id":9,"id":90,"title":"est vel dignissimos"},{"user_id":10,"id":91,"title":"repellendus praesentium debitis officiis"},{"user_id":10,"id":92,"title":"incidunt et et eligendi assumenda soluta quia recusandae"},{"user_id":10,"id":93,"title":"nisi qui dolores perspiciatis"},{"user_id":10,"id":94,"title":"quisquam a dolores et earum vitae"},{"user_id":10,"id":95,"title":"consectetur vel rerum qui aperiam modi eos aspernatur ipsa"},{"user_id":10,"id":96,"title":"unde et ut molestiae est molestias voluptatem sint"},{"user_id":10,"id":97,"title":"est quod aut"},{"user_id":10,"id":98,"title":"omnis quia possimus nesciunt deleniti assumenda sed autem"},{"user_id":10,"id":99,"title":"consectetur ut id impedit dolores sit ad ex aut"},{"user_id":10,"id":100,"title":"enim repellat iste"}]

15:40:22.975 [ForkJoinPool-1-worker-3] DEBUG com.jayway.jsonpath.internal.path.CompiledPath - Evaluating path: $
15:40:22.975 [ForkJoinPool-1-worker-3] DEBUG com.jayway.jsonpath.internal.path.CompiledPath - Evaluating path: $
15:40:22.975 [ForkJoinPool-1-worker-3] DEBUG com.jayway.jsonpath.internal.path.CompiledPath - Evaluating path: $
15:40:22.977 [ForkJoinPool-1-worker-3] DEBUG com.jayway.jsonpath.internal.path.CompiledPath - Evaluating path: $
15:40:22.979 [ForkJoinPool-1-worker-3] INFO com.intuit.karate - [print] [
  {
    "user_id": 1,
    "id": 1,
    "title": "quidem molestiae enim"
  },
  {
    "user_id": 1,
    "id": 2,
    "title": "sunt qui excepturi placeat culpa"
  },
  {
    "user_id": 1,
    "id": 3,
    "title": "omnis laborum odio"
  },
  {
    "user_id": 1,
    "id": 4,
    "title": "non esse culpa molestiae omnis sed optio"
  },
  {
    "user_id": 1,
    "id": 5,
    "title": "eaque aut omnis a"
  },
  {
    "user_id": 1,
    "id": 6,
    "title": "natus impedit quibusdam illo est"
  },
  {
    "user_id": 1,
    "id": 7,
    "title": "quibusdam autem aliquid et et quia"
  },
  {
    "user_id": 1,
    "id": 8,
    "title": "qui fuga est a eum"
  },
  {
    "user_id": 1,
    "id": 9,
    "title": "saepe unde necessitatibus rem"
  },
  {
    "user_id": 1,
    "id": 10,
    "title": "distinctio laborum qui"
  },
  {
    "user_id": 2,
    "id": 11,
    "title": "quam nostrum impedit mollitia quod et dolor"
  },
  {
    "user_id": 2,
    "id": 12,
    "title": "consequatur autem doloribus natus consectetur"
  },
  {
    "user_id": 2,
    "id": 13,
    "title": "ab rerum non rerum consequatur ut ea unde"
  },
  {
    "user_id": 2,
    "id": 14,
    "title": "ducimus molestias eos animi atque nihil"
  },
  {
    "user_id": 2,
    "id": 15,
    "title": "ut pariatur rerum ipsum natus repellendus praesentium"
  },
  {
    "user_id": 2,
    "id": 16,
    "title": "voluptatem aut maxime inventore autem magnam atque repellat"
  },
  {
    "user_id": 2,
    "id": 17,
    "title": "aut minima voluptatem ut velit"
  },
  {
    "user_id": 2,
    "id": 18,
    "title": "nesciunt quia et doloremque"
  },
  {
    "user_id": 2,
    "id": 19,
    "title": "velit pariatur quaerat similique libero omnis quia"
  },
  {
    "user_id": 2,
    "id": 20,
    "title": "voluptas rerum iure ut enim"
  },
  {
    "user_id": 3,
    "id": 21,
    "title": "repudiandae voluptatem optio est consequatur rem in temporibus et"
  },
  {
    "user_id": 3,
    "id": 22,
    "title": "et rem non provident vel ut"
  },
  {
    "user_id": 3,
    "id": 23,
    "title": "incidunt quisquam hic adipisci sequi"
  },
  {
    "user_id": 3,
    "id": 24,
    "title": "dolores ut et facere placeat"
  },
  {
    "user_id": 3,
    "id": 25,
    "title": "vero maxime id possimus sunt neque et consequatur"
  },
  {
    "user_id": 3,
    "id": 26,
    "title": "quibusdam saepe ipsa vel harum"
  },
  {
    "user_id": 3,
    "id": 27,
    "title": "id non nostrum expedita"
  },
  {
    "user_id": 3,
    "id": 28,
    "title": "omnis neque exercitationem sed dolor atque maxime aut cum"
  },
  {
    "user_id": 3,
    "id": 29,
    "title": "inventore ut quasi magnam itaque est fugit"
  },
  {
    "user_id": 3,
    "id": 30,
    "title": "tempora assumenda et similique odit distinctio error"
  },
  {
    "user_id": 4,
    "id": 31,
    "title": "adipisci laborum fuga laboriosam"
  },
  {
    "user_id": 4,
    "id": 32,
    "title": "reiciendis dolores a ut qui debitis non quo labore"
  },
  {
    "user_id": 4,
    "id": 33,
    "title": "iste eos nostrum"
  },
  {
    "user_id": 4,
    "id": 34,
    "title": "cumque voluptatibus rerum architecto blanditiis"
  },
  {
    "user_id": 4,
    "id": 35,
    "title": "et impedit nisi quae magni necessitatibus sed aut pariatur"
  },
  {
    "user_id": 4,
    "id": 36,
    "title": "nihil cupiditate voluptate neque"
  },
  {
    "user_id": 4,
    "id": 37,
    "title": "est placeat dicta ut nisi rerum iste"
  },
  {
    "user_id": 4,
    "id": 38,
    "title": "unde a sequi id"
  },
  {
    "user_id": 4,
    "id": 39,
    "title": "ratione porro illum labore eum aperiam sed"
  },
  {
    "user_id": 4,
    "id": 40,
    "title": "voluptas neque et sint aut quo odit"
  },
  {
    "user_id": 5,
    "id": 41,
    "title": "ea voluptates maiores eos accusantium officiis tempore mollitia consequatur"
  },
  {
    "user_id": 5,
    "id": 42,
    "title": "tenetur explicabo ea"
  },
  {
    "user_id": 5,
    "id": 43,
    "title": "aperiam doloremque nihil"
  },
  {
    "user_id": 5,
    "id": 44,
    "title": "sapiente cum numquam officia consequatur vel natus quos suscipit"
  },
  {
    "user_id": 5,
    "id": 45,
    "title": "tenetur quos ea unde est enim corrupti qui"
  },
  {
    "user_id": 5,
    "id": 46,
    "title": "molestiae voluptate non"
  },
  {
    "user_id": 5,
    "id": 47,
    "title": "temporibus molestiae aut"
  },
  {
    "user_id": 5,
    "id": 48,
    "title": "modi consequatur culpa aut quam soluta alias perspiciatis laudantium"
  },
  {
    "user_id": 5,
    "id": 49,
    "title": "ut aut vero repudiandae voluptas ullam voluptas at consequatur"
  },
  {
    "user_id": 5,
    "id": 50,
    "title": "sed qui sed quas sit ducimus dolor"
  },
  {
    "user_id": 6,
    "id": 51,
    "title": "odit laboriosam sint quia cupiditate animi quis"
  },
  {
    "user_id": 6,
    "id": 52,
    "title": "necessitatibus quas et sunt at voluptatem"
  },
  {
    "user_id": 6,
    "id": 53,
    "title": "est vel sequi voluptatem nemo quam molestiae modi enim"
  },
  {
    "user_id": 6,
    "id": 54,
    "title": "aut non illo amet perferendis"
  },
  {
    "user_id": 6,
    "id": 55,
    "title": "qui culpa itaque omnis in nesciunt architecto error"
  },
  {
    "user_id": 6,
    "id": 56,
    "title": "omnis qui maiores tempora officiis omnis rerum sed repellat"
  },
  {
    "user_id": 6,
    "id": 57,
    "title": "libero excepturi voluptatem est architecto quae voluptatum officia tempora"
  },
  {
    "user_id": 6,
    "id": 58,
    "title": "nulla illo consequatur aspernatur veritatis aut error delectus et"
  },
  {
    "user_id": 6,
    "id": 59,
    "title": "eligendi similique provident nihil"
  },
  {
    "user_id": 6,
    "id": 60,
    "title": "omnis mollitia sunt aliquid eum consequatur fugit minus laudantium"
  },
  {
    "user_id": 7,
    "id": 61,
    "title": "delectus iusto et"
  },
  {
    "user_id": 7,
    "id": 62,
    "title": "eos ea non recusandae iste ut quasi"
  },
  {
    "user_id": 7,
    "id": 63,
    "title": "velit est quam"
  },
  {
    "user_id": 7,
    "id": 64,
    "title": "autem voluptatem amet iure quae"
  },
  {
    "user_id": 7,
    "id": 65,
    "title": "voluptates delectus iure iste qui"
  },
  {
    "user_id": 7,
    "id": 66,
    "title": "velit sed quia dolor dolores delectus"
  },
  {
    "user_id": 7,
    "id": 67,
    "title": "ad voluptas nostrum et nihil"
  },
  {
    "user_id": 7,
    "id": 68,
    "title": "qui quasi nihil aut voluptatum sit dolore minima"
  },
  {
    "user_id": 7,
    "id": 69,
    "title": "qui aut est"
  },
  {
    "user_id": 7,
    "id": 70,
    "title": "et deleniti unde"
  },
  {
    "user_id": 8,
    "id": 71,
    "title": "et vel corporis"
  },
  {
    "user_id": 8,
    "id": 72,
    "title": "unde exercitationem ut"
  },
  {
    "user_id": 8,
    "id": 73,
    "title": "quos omnis officia"
  },
  {
    "user_id": 8,
    "id": 74,
    "title": "quia est eius vitae dolor"
  },
  {
    "user_id": 8,
    "id": 75,
    "title": "aut quia expedita non"
  },
  {
    "user_id": 8,
    "id": 76,
    "title": "dolorem magnam facere itaque ut reprehenderit tenetur corrupti"
  },
  {
    "user_id": 8,
    "id": 77,
    "title": "cupiditate sapiente maiores iusto ducimus cum excepturi veritatis quia"
  },
  {
    "user_id": 8,
    "id": 78,
    "title": "est minima eius possimus ea ratione velit et"
  },
  {
    "user_id": 8,
    "id": 79,
    "title": "ipsa quae voluptas natus ut suscipit soluta quia quidem"
  },
  {
    "user_id": 8,
    "id": 80,
    "title": "id nihil reprehenderit"
  },
  {
    "user_id": 9,
    "id": 81,
    "title": "quibusdam sapiente et"
  },
  {
    "user_id": 9,
    "id": 82,
    "title": "recusandae consequatur vel amet unde"
  },
  {
    "user_id": 9,
    "id": 83,
    "title": "aperiam odio fugiat"
  },
  {
    "user_id": 9,
    "id": 84,
    "title": "est et at eos expedita"
  },
  {
    "user_id": 9,
    "id": 85,
    "title": "qui voluptatem consequatur aut ab quis temporibus praesentium"
  },
  {
    "user_id": 9,
    "id": 86,
    "title": "eligendi mollitia alias aspernatur vel ut iusto"
  },
  {
    "user_id": 9,
    "id": 87,
    "title": "aut aut architecto"
  },
  {
    "user_id": 9,
    "id": 88,
    "title": "quas perspiciatis optio"
  },
  {
    "user_id": 9,
    "id": 89,
    "title": "sit optio id voluptatem est eum et"
  },
  {
    "user_id": 9,
    "id": 90,
    "title": "est vel dignissimos"
  },
  {
    "user_id": 10,
    "id": 91,
    "title": "repellendus praesentium debitis officiis"
  },
  {
    "user_id": 10,
    "id": 92,
    "title": "incidunt et et eligendi assumenda soluta quia recusandae"
  },
  {
    "user_id": 10,
    "id": 93,
    "title": "nisi qui dolores perspiciatis"
  },
  {
    "user_id": 10,
    "id": 94,
    "title": "quisquam a dolores et earum vitae"
  },
  {
    "user_id": 10,
    "id": 95,
    "title": "consectetur vel rerum qui aperiam modi eos aspernatur ipsa"
  },
  {
    "user_id": 10,
    "id": 96,
    "title": "unde et ut molestiae est molestias voluptatem sint"
  },
  {
    "user_id": 10,
    "id": 97,
    "title": "est quod aut"
  },
  {
    "user_id": 10,
    "id": 98,
    "title": "omnis quia possimus nesciunt deleniti assumenda sed autem"
  },
  {
    "user_id": 10,
    "id": 99,
    "title": "consectetur ut id impedit dolores sit ad ex aut"
  },
  {
    "user_id": 10,
    "id": 100,
    "title": "enim repellat iste"
  }
]

15:40:22.990 [pool-1-thread-2] INFO com.intuit.karate.Runner - <<pass>> feature 7 of 8: src/test/resources/features/ListaAlbumes.feature
---------------------------------------------------------
feature: src/test/resources/features/ListaAlbumes.feature
report: target\surefire-reports\src.test.resources.features.ListaAlbumes.json
scenarios:  1 | passed:  1 | failed:  0 | time: 0,9373
---------------------------------------------------------
15:40:23.136 [ForkJoinPool-1-worker-2] DEBUG org.apache.http.wire - http-outgoing-21 << "HTTP/1.1 200 OK[\r][\n]"
15:40:23.136 [ForkJoinPool-1-worker-2] DEBUG org.apache.http.wire - http-outgoing-21 << "Server: Cowboy[\r][\n]"
15:40:23.136 [ForkJoinPool-1-worker-2] DEBUG org.apache.http.wire - http-outgoing-21 << "Connection: keep-alive[\r][\n]"
15:40:23.136 [ForkJoinPool-1-worker-2] DEBUG org.apache.http.wire - http-outgoing-21 << "X-Powered-By: Express[\r][\n]"
15:40:23.136 [ForkJoinPool-1-worker-2] DEBUG org.apache.http.wire - http-outgoing-21 << "Authorization: eyJ0eXAiOiJKV1QiLCJhbGciOiJIUzI1NiJ9.eyJ1c2VySWQiOjE0Niwicm9sZSI6ImFkbWluIiwiaWF0IjoxNjAwMDI5NjI0LjM0OSwiZXhwIjoxNjAwMDMxNDI0LjM0OX0.7eqh9N3dZbBZLmorDQ93WaHWAwUx6Cq9p7NlrSkYihE[\r][\n]"
15:40:23.136 [ForkJoinPool-1-worker-2] DEBUG org.apache.http.wire - http-outgoing-21 << "Content-Type: application/json; charset=utf-8[\r][\n]"
15:40:23.136 [ForkJoinPool-1-worker-2] DEBUG org.apache.http.wire - http-outgoing-21 << "Content-Length: 51[\r][\n]"
15:40:23.136 [ForkJoinPool-1-worker-2] DEBUG org.apache.http.wire - http-outgoing-21 << "Etag: W/"33-BIfBTRsuOZdt/w3wEKJBDJVHhhs"[\r][\n]"
15:40:23.136 [ForkJoinPool-1-worker-2] DEBUG org.apache.http.wire - http-outgoing-21 << "Date: Sun, 13 Sep 2020 20:40:24 GMT[\r][\n]"
15:40:23.136 [ForkJoinPool-1-worker-2] DEBUG org.apache.http.wire - http-outgoing-21 << "Via: 1.1 vegur[\r][\n]"
15:40:23.136 [ForkJoinPool-1-worker-2] DEBUG org.apache.http.wire - http-outgoing-21 << "[\r][\n]"
15:40:23.136 [ForkJoinPool-1-worker-2] DEBUG org.apache.http.wire - http-outgoing-21 << "{"user_id":146,"token_expires_at":"1600031424.349"}"
15:40:23.136 [ForkJoinPool-1-worker-2] DEBUG org.apache.http.headers - http-outgoing-21 << HTTP/1.1 200 OK
15:40:23.136 [ForkJoinPool-1-worker-2] DEBUG org.apache.http.headers - http-outgoing-21 << Server: Cowboy
15:40:23.136 [ForkJoinPool-1-worker-2] DEBUG org.apache.http.headers - http-outgoing-21 << Connection: keep-alive
15:40:23.136 [ForkJoinPool-1-worker-2] DEBUG org.apache.http.headers - http-outgoing-21 << X-Powered-By: Express
15:40:23.136 [ForkJoinPool-1-worker-2] DEBUG org.apache.http.headers - http-outgoing-21 << Authorization: eyJ0eXAiOiJKV1QiLCJhbGciOiJIUzI1NiJ9.eyJ1c2VySWQiOjE0Niwicm9sZSI6ImFkbWluIiwiaWF0IjoxNjAwMDI5NjI0LjM0OSwiZXhwIjoxNjAwMDMxNDI0LjM0OX0.7eqh9N3dZbBZLmorDQ93WaHWAwUx6Cq9p7NlrSkYihE
15:40:23.136 [ForkJoinPool-1-worker-2] DEBUG org.apache.http.headers - http-outgoing-21 << Content-Type: application/json; charset=utf-8
15:40:23.136 [ForkJoinPool-1-worker-2] DEBUG org.apache.http.headers - http-outgoing-21 << Content-Length: 51
15:40:23.136 [ForkJoinPool-1-worker-2] DEBUG org.apache.http.headers - http-outgoing-21 << Etag: W/"33-BIfBTRsuOZdt/w3wEKJBDJVHhhs"
15:40:23.136 [ForkJoinPool-1-worker-2] DEBUG org.apache.http.headers - http-outgoing-21 << Date: Sun, 13 Sep 2020 20:40:24 GMT
15:40:23.136 [ForkJoinPool-1-worker-2] DEBUG org.apache.http.headers - http-outgoing-21 << Via: 1.1 vegur
15:40:23.136 [ForkJoinPool-1-worker-2] DEBUG org.apache.http.impl.execchain.MainClientExec - Connection can be kept alive indefinitely
15:40:23.136 [ForkJoinPool-1-worker-2] DEBUG org.apache.http.impl.conn.PoolingHttpClientConnectionManager - Connection [id: 21][route: {s}->https://nodejs-qa-training.herokuapp.com:443] can be kept alive indefinitely
15:40:23.136 [ForkJoinPool-1-worker-2] DEBUG org.apache.http.impl.conn.DefaultManagedHttpClientConnection - http-outgoing-21: set socket timeout to 0
15:40:23.136 [ForkJoinPool-1-worker-2] DEBUG org.apache.http.impl.conn.PoolingHttpClientConnectionManager - Connection released: [id: 21][route: {s}->https://nodejs-qa-training.herokuapp.com:443][total kept alive: 1; route allocated: 1 of 5; total allocated: 1 of 10]
15:40:23.136 [ForkJoinPool-1-worker-2] DEBUG com.intuit.karate - response time in milliseconds: 510,79
1 < 200
1 < Authorization: eyJ0eXAiOiJKV1QiLCJhbGciOiJIUzI1NiJ9.eyJ1c2VySWQiOjE0Niwicm9sZSI6ImFkbWluIiwiaWF0IjoxNjAwMDI5NjI0LjM0OSwiZXhwIjoxNjAwMDMxNDI0LjM0OX0.7eqh9N3dZbBZLmorDQ93WaHWAwUx6Cq9p7NlrSkYihE
1 < Connection: keep-alive
1 < Content-Length: 51
1 < Content-Type: application/json; charset=utf-8
1 < Date: Sun, 13 Sep 2020 20:40:24 GMT
1 < Etag: W/"33-BIfBTRsuOZdt/w3wEKJBDJVHhhs"
1 < Server: Cowboy
1 < Via: 1.1 vegur
1 < X-Powered-By: Express
{"user_id":146,"token_expires_at":"1600031424.349"}

15:40:23.138 [ForkJoinPool-1-worker-2] DEBUG com.jayway.jsonpath.internal.path.CompiledPath - Evaluating path: $
15:40:23.138 [ForkJoinPool-1-worker-2] DEBUG com.jayway.jsonpath.internal.path.CompiledPath - Evaluating path: $
15:40:23.139 [ForkJoinPool-1-worker-2] DEBUG com.jayway.jsonpath.internal.path.CompiledPath - Evaluating path: $
15:40:23.140 [ForkJoinPool-1-worker-2] DEBUG com.jayway.jsonpath.internal.path.CompiledPath - Evaluating path: $
15:40:23.140 [ForkJoinPool-1-worker-2] DEBUG com.jayway.jsonpath.internal.path.CompiledPath - Evaluating path: $
15:40:23.140 [ForkJoinPool-1-worker-2] DEBUG com.jayway.jsonpath.internal.path.CompiledPath - Evaluating path: $
15:40:23.141 [ForkJoinPool-1-worker-2] DEBUG com.jayway.jsonpath.internal.path.CompiledPath - Evaluating path: $
15:40:23.141 [ForkJoinPool-1-worker-2] INFO com.intuit.karate - [print] {
  "user_id": 146,
  "token_expires_at": "1600031424.349"
}

15:40:23.144 [ForkJoinPool-1-worker-2] DEBUG com.jayway.jsonpath.internal.path.CompiledPath - Evaluating path: $
15:40:23.146 [ForkJoinPool-1-worker-2] DEBUG org.apache.http.client.protocol.RequestAddCookies - CookieSpec selected: karate
15:40:23.146 [ForkJoinPool-1-worker-2] DEBUG org.apache.http.client.protocol.RequestAuthCache - Auth cache not set in the context
15:40:23.147 [ForkJoinPool-1-worker-2] DEBUG com.intuit.karate - request:
1 > POST https://nodejs-qa-training.herokuapp.com/users/sessions/invalidate_all
1 > Accept-Encoding: gzip,deflate
1 > Authorization: eyJ0eXAiOiJKV1QiLCJhbGciOiJIUzI1NiJ9.eyJ1c2VySWQiOjE0Niwicm9sZSI6ImFkbWluIiwiaWF0IjoxNjAwMDI5NjI0LjM0OSwiZXhwIjoxNjAwMDMxNDI0LjM0OX0.7eqh9N3dZbBZLmorDQ93WaHWAwUx6Cq9p7NlrSkYihE
1 > Connection: Keep-Alive
1 > Content-Length: 2
1 > Content-Type: application/json; charset=UTF-8
1 > Host: nodejs-qa-training.herokuapp.com
1 > User-Agent: Apache-HttpClient/4.5.5 (Java/1.8.0_191)
{}

15:40:23.147 [ForkJoinPool-1-worker-2] DEBUG org.apache.http.impl.conn.PoolingHttpClientConnectionManager - Connection request: [route: {s}->https://nodejs-qa-training.herokuapp.com:443][total kept alive: 0; route allocated: 0 of 5; total allocated: 0 of 10]
15:40:23.147 [ForkJoinPool-1-worker-2] DEBUG org.apache.http.impl.conn.PoolingHttpClientConnectionManager - Connection leased: [id: 23][route: {s}->https://nodejs-qa-training.herokuapp.com:443][total kept alive: 0; route allocated: 1 of 5; total allocated: 1 of 10]
15:40:23.147 [ForkJoinPool-1-worker-2] DEBUG org.apache.http.impl.execchain.MainClientExec - Opening connection {s}->https://nodejs-qa-training.herokuapp.com:443
15:40:23.147 [ForkJoinPool-1-worker-2] DEBUG org.apache.http.impl.conn.DefaultHttpClientConnectionOperator - Connecting to nodejs-qa-training.herokuapp.com/3.233.183.24:443
15:40:23.147 [ForkJoinPool-1-worker-2] DEBUG org.apache.http.conn.ssl.SSLConnectionSocketFactory - Connecting socket to nodejs-qa-training.herokuapp.com/3.233.183.24:443 with timeout 30000
15:40:23.156 [ForkJoinPool-1-worker-1] DEBUG org.apache.http.wire - http-outgoing-22 << "HTTP/1.1 200 OK[\r][\n]"
15:40:23.156 [ForkJoinPool-1-worker-1] DEBUG org.apache.http.wire - http-outgoing-22 << "Server: Cowboy[\r][\n]"
15:40:23.156 [ForkJoinPool-1-worker-1] DEBUG org.apache.http.wire - http-outgoing-22 << "Connection: keep-alive[\r][\n]"
15:40:23.156 [ForkJoinPool-1-worker-1] DEBUG org.apache.http.wire - http-outgoing-22 << "X-Powered-By: Express[\r][\n]"
15:40:23.156 [ForkJoinPool-1-worker-1] DEBUG org.apache.http.wire - http-outgoing-22 << "Content-Type: application/json; charset=utf-8[\r][\n]"
15:40:23.156 [ForkJoinPool-1-worker-1] DEBUG org.apache.http.wire - http-outgoing-22 << "Content-Length: 2[\r][\n]"
15:40:23.156 [ForkJoinPool-1-worker-1] DEBUG org.apache.http.wire - http-outgoing-22 << "Etag: W/"2-l9Fw4VUO7kr8CvBlt4zaMCqXZ0w"[\r][\n]"
15:40:23.156 [ForkJoinPool-1-worker-1] DEBUG org.apache.http.wire - http-outgoing-22 << "Date: Sun, 13 Sep 2020 20:40:24 GMT[\r][\n]"
15:40:23.156 [ForkJoinPool-1-worker-1] DEBUG org.apache.http.wire - http-outgoing-22 << "Via: 1.1 vegur[\r][\n]"
15:40:23.156 [ForkJoinPool-1-worker-1] DEBUG org.apache.http.wire - http-outgoing-22 << "[\r][\n]"
15:40:23.156 [ForkJoinPool-1-worker-1] DEBUG org.apache.http.wire - http-outgoing-22 << "[]"
15:40:23.156 [ForkJoinPool-1-worker-1] DEBUG org.apache.http.headers - http-outgoing-22 << HTTP/1.1 200 OK
15:40:23.156 [ForkJoinPool-1-worker-1] DEBUG org.apache.http.headers - http-outgoing-22 << Server: Cowboy
15:40:23.156 [ForkJoinPool-1-worker-1] DEBUG org.apache.http.headers - http-outgoing-22 << Connection: keep-alive
15:40:23.156 [ForkJoinPool-1-worker-1] DEBUG org.apache.http.headers - http-outgoing-22 << X-Powered-By: Express
15:40:23.156 [ForkJoinPool-1-worker-1] DEBUG org.apache.http.headers - http-outgoing-22 << Content-Type: application/json; charset=utf-8
15:40:23.156 [ForkJoinPool-1-worker-1] DEBUG org.apache.http.headers - http-outgoing-22 << Content-Length: 2
15:40:23.156 [ForkJoinPool-1-worker-1] DEBUG org.apache.http.headers - http-outgoing-22 << Etag: W/"2-l9Fw4VUO7kr8CvBlt4zaMCqXZ0w"
15:40:23.156 [ForkJoinPool-1-worker-1] DEBUG org.apache.http.headers - http-outgoing-22 << Date: Sun, 13 Sep 2020 20:40:24 GMT
15:40:23.156 [ForkJoinPool-1-worker-1] DEBUG org.apache.http.headers - http-outgoing-22 << Via: 1.1 vegur
15:40:23.156 [ForkJoinPool-1-worker-1] DEBUG org.apache.http.impl.execchain.MainClientExec - Connection can be kept alive indefinitely
15:40:23.156 [ForkJoinPool-1-worker-1] DEBUG org.apache.http.impl.conn.PoolingHttpClientConnectionManager - Connection [id: 22][route: {s}->https://nodejs-qa-training.herokuapp.com:443] can be kept alive indefinitely
15:40:23.156 [ForkJoinPool-1-worker-1] DEBUG org.apache.http.impl.conn.DefaultManagedHttpClientConnection - http-outgoing-22: set socket timeout to 0
15:40:23.156 [ForkJoinPool-1-worker-1] DEBUG org.apache.http.impl.conn.PoolingHttpClientConnectionManager - Connection released: [id: 22][route: {s}->https://nodejs-qa-training.herokuapp.com:443][total kept alive: 1; route allocated: 1 of 5; total allocated: 1 of 10]
15:40:23.157 [ForkJoinPool-1-worker-1] DEBUG com.intuit.karate - response time in milliseconds: 509,84
1 < 200
1 < Connection: keep-alive
1 < Content-Length: 2
1 < Content-Type: application/json; charset=utf-8
1 < Date: Sun, 13 Sep 2020 20:40:24 GMT
1 < Etag: W/"2-l9Fw4VUO7kr8CvBlt4zaMCqXZ0w"
1 < Server: Cowboy
1 < Via: 1.1 vegur
1 < X-Powered-By: Express
[]

15:40:23.161 [ForkJoinPool-1-worker-1] DEBUG com.jayway.jsonpath.internal.path.CompiledPath - Evaluating path: $
15:40:23.161 [ForkJoinPool-1-worker-1] DEBUG com.jayway.jsonpath.internal.path.CompiledPath - Evaluating path: $
15:40:23.161 [ForkJoinPool-1-worker-1] DEBUG com.jayway.jsonpath.internal.path.CompiledPath - Evaluating path: $
15:40:23.167 [pool-1-thread-1] INFO com.intuit.karate.Runner - <<pass>> feature 5 of 8: src/test/resources/features/ListaFotosAlbumes.feature
---------------------------------------------------------
feature: src/test/resources/features/ListaFotosAlbumes.feature
report: target\surefire-reports\src.test.resources.features.ListaFotosAlbumes.json
scenarios:  1 | passed:  1 | failed:  0 | time: 1,9887
---------------------------------------------------------
15:40:23.235 [ForkJoinPool-1-worker-2] DEBUG org.apache.http.conn.ssl.SSLConnectionSocketFactory - Enabled protocols: [TLSv1, TLSv1.1, TLSv1.2]
15:40:23.235 [ForkJoinPool-1-worker-2] DEBUG org.apache.http.conn.ssl.SSLConnectionSocketFactory - Enabled cipher suites:[TLS_ECDHE_ECDSA_WITH_AES_256_CBC_SHA384, TLS_ECDHE_RSA_WITH_AES_256_CBC_SHA384, TLS_RSA_WITH_AES_256_CBC_SHA256, TLS_ECDH_ECDSA_WITH_AES_256_CBC_SHA384, TLS_ECDH_RSA_WITH_AES_256_CBC_SHA384, TLS_DHE_RSA_WITH_AES_256_CBC_SHA256, TLS_DHE_DSS_WITH_AES_256_CBC_SHA256, TLS_ECDHE_ECDSA_WITH_AES_256_CBC_SHA, TLS_ECDHE_RSA_WITH_AES_256_CBC_SHA, TLS_RSA_WITH_AES_256_CBC_SHA, TLS_ECDH_ECDSA_WITH_AES_256_CBC_SHA, TLS_ECDH_RSA_WITH_AES_256_CBC_SHA, TLS_DHE_RSA_WITH_AES_256_CBC_SHA, TLS_DHE_DSS_WITH_AES_256_CBC_SHA, TLS_ECDHE_ECDSA_WITH_AES_128_CBC_SHA256, TLS_ECDHE_RSA_WITH_AES_128_CBC_SHA256, TLS_RSA_WITH_AES_128_CBC_SHA256, TLS_ECDH_ECDSA_WITH_AES_128_CBC_SHA256, TLS_ECDH_RSA_WITH_AES_128_CBC_SHA256, TLS_DHE_RSA_WITH_AES_128_CBC_SHA256, TLS_DHE_DSS_WITH_AES_128_CBC_SHA256, TLS_ECDHE_ECDSA_WITH_AES_128_CBC_SHA, TLS_ECDHE_RSA_WITH_AES_128_CBC_SHA, TLS_RSA_WITH_AES_128_CBC_SHA, TLS_ECDH_ECDSA_WITH_AES_128_CBC_SHA, TLS_ECDH_RSA_WITH_AES_128_CBC_SHA, TLS_DHE_RSA_WITH_AES_128_CBC_SHA, TLS_DHE_DSS_WITH_AES_128_CBC_SHA, TLS_ECDHE_ECDSA_WITH_AES_256_GCM_SHA384, TLS_ECDHE_ECDSA_WITH_AES_128_GCM_SHA256, TLS_ECDHE_RSA_WITH_AES_256_GCM_SHA384, TLS_RSA_WITH_AES_256_GCM_SHA384, TLS_ECDH_ECDSA_WITH_AES_256_GCM_SHA384, TLS_ECDH_RSA_WITH_AES_256_GCM_SHA384, TLS_DHE_RSA_WITH_AES_256_GCM_SHA384, TLS_DHE_DSS_WITH_AES_256_GCM_SHA384, TLS_ECDHE_RSA_WITH_AES_128_GCM_SHA256, TLS_RSA_WITH_AES_128_GCM_SHA256, TLS_ECDH_ECDSA_WITH_AES_128_GCM_SHA256, TLS_ECDH_RSA_WITH_AES_128_GCM_SHA256, TLS_DHE_RSA_WITH_AES_128_GCM_SHA256, TLS_DHE_DSS_WITH_AES_128_GCM_SHA256, TLS_EMPTY_RENEGOTIATION_INFO_SCSV]
15:40:23.235 [ForkJoinPool-1-worker-2] DEBUG org.apache.http.conn.ssl.SSLConnectionSocketFactory - Starting handshake
15:40:23.412 [ForkJoinPool-1-worker-2] DEBUG org.apache.http.conn.ssl.SSLConnectionSocketFactory - Secure session established
15:40:23.412 [ForkJoinPool-1-worker-2] DEBUG org.apache.http.conn.ssl.SSLConnectionSocketFactory -  negotiated protocol: TLSv1.2
15:40:23.412 [ForkJoinPool-1-worker-2] DEBUG org.apache.http.conn.ssl.SSLConnectionSocketFactory -  negotiated cipher suite: TLS_ECDHE_RSA_WITH_AES_128_GCM_SHA256
15:40:23.412 [ForkJoinPool-1-worker-2] DEBUG org.apache.http.conn.ssl.SSLConnectionSocketFactory -  peer principal: CN=*.herokuapp.com, O="Heroku, Inc.", L=San Francisco, ST=California, C=US
15:40:23.412 [ForkJoinPool-1-worker-2] DEBUG org.apache.http.conn.ssl.SSLConnectionSocketFactory -  peer alternative names: [*.herokuapp.com, herokuapp.com]
15:40:23.412 [ForkJoinPool-1-worker-2] DEBUG org.apache.http.conn.ssl.SSLConnectionSocketFactory -  issuer principal: CN=DigiCert SHA2 High Assurance Server CA, OU=www.digicert.com, O=DigiCert Inc, C=US
15:40:23.412 [ForkJoinPool-1-worker-2] DEBUG org.apache.http.impl.conn.DefaultHttpClientConnectionOperator - Connection established 192.168.0.10:57485<->3.233.183.24:443
15:40:23.412 [ForkJoinPool-1-worker-2] DEBUG org.apache.http.impl.conn.DefaultManagedHttpClientConnection - http-outgoing-23: set socket timeout to 30000
15:40:23.412 [ForkJoinPool-1-worker-2] DEBUG org.apache.http.impl.execchain.MainClientExec - Executing request POST /users/sessions/invalidate_all HTTP/1.1
15:40:23.412 [ForkJoinPool-1-worker-2] DEBUG org.apache.http.impl.execchain.MainClientExec - Proxy auth state: UNCHALLENGED
15:40:23.412 [ForkJoinPool-1-worker-2] DEBUG org.apache.http.headers - http-outgoing-23 >> POST /users/sessions/invalidate_all HTTP/1.1
15:40:23.412 [ForkJoinPool-1-worker-2] DEBUG org.apache.http.headers - http-outgoing-23 >> Authorization: eyJ0eXAiOiJKV1QiLCJhbGciOiJIUzI1NiJ9.eyJ1c2VySWQiOjE0Niwicm9sZSI6ImFkbWluIiwiaWF0IjoxNjAwMDI5NjI0LjM0OSwiZXhwIjoxNjAwMDMxNDI0LjM0OX0.7eqh9N3dZbBZLmorDQ93WaHWAwUx6Cq9p7NlrSkYihE
15:40:23.412 [ForkJoinPool-1-worker-2] DEBUG org.apache.http.headers - http-outgoing-23 >> Content-Type: application/json; charset=UTF-8
15:40:23.412 [ForkJoinPool-1-worker-2] DEBUG org.apache.http.headers - http-outgoing-23 >> Content-Length: 2
15:40:23.412 [ForkJoinPool-1-worker-2] DEBUG org.apache.http.headers - http-outgoing-23 >> Host: nodejs-qa-training.herokuapp.com
15:40:23.412 [ForkJoinPool-1-worker-2] DEBUG org.apache.http.headers - http-outgoing-23 >> Connection: Keep-Alive
15:40:23.412 [ForkJoinPool-1-worker-2] DEBUG org.apache.http.headers - http-outgoing-23 >> User-Agent: Apache-HttpClient/4.5.5 (Java/1.8.0_191)
15:40:23.412 [ForkJoinPool-1-worker-2] DEBUG org.apache.http.headers - http-outgoing-23 >> Accept-Encoding: gzip,deflate
15:40:23.412 [ForkJoinPool-1-worker-2] DEBUG org.apache.http.wire - http-outgoing-23 >> "POST /users/sessions/invalidate_all HTTP/1.1[\r][\n]"
15:40:23.413 [ForkJoinPool-1-worker-2] DEBUG org.apache.http.wire - http-outgoing-23 >> "Authorization: eyJ0eXAiOiJKV1QiLCJhbGciOiJIUzI1NiJ9.eyJ1c2VySWQiOjE0Niwicm9sZSI6ImFkbWluIiwiaWF0IjoxNjAwMDI5NjI0LjM0OSwiZXhwIjoxNjAwMDMxNDI0LjM0OX0.7eqh9N3dZbBZLmorDQ93WaHWAwUx6Cq9p7NlrSkYihE[\r][\n]"
15:40:23.413 [ForkJoinPool-1-worker-2] DEBUG org.apache.http.wire - http-outgoing-23 >> "Content-Type: application/json; charset=UTF-8[\r][\n]"
15:40:23.413 [ForkJoinPool-1-worker-2] DEBUG org.apache.http.wire - http-outgoing-23 >> "Content-Length: 2[\r][\n]"
15:40:23.413 [ForkJoinPool-1-worker-2] DEBUG org.apache.http.wire - http-outgoing-23 >> "Host: nodejs-qa-training.herokuapp.com[\r][\n]"
15:40:23.413 [ForkJoinPool-1-worker-2] DEBUG org.apache.http.wire - http-outgoing-23 >> "Connection: Keep-Alive[\r][\n]"
15:40:23.413 [ForkJoinPool-1-worker-2] DEBUG org.apache.http.wire - http-outgoing-23 >> "User-Agent: Apache-HttpClient/4.5.5 (Java/1.8.0_191)[\r][\n]"
15:40:23.413 [ForkJoinPool-1-worker-2] DEBUG org.apache.http.wire - http-outgoing-23 >> "Accept-Encoding: gzip,deflate[\r][\n]"
15:40:23.413 [ForkJoinPool-1-worker-2] DEBUG org.apache.http.wire - http-outgoing-23 >> "[\r][\n]"
15:40:23.413 [ForkJoinPool-1-worker-2] DEBUG org.apache.http.wire - http-outgoing-23 >> "{}"
15:40:23.520 [ForkJoinPool-1-worker-2] DEBUG org.apache.http.wire - http-outgoing-23 << "HTTP/1.1 200 OK[\r][\n]"
15:40:23.520 [ForkJoinPool-1-worker-2] DEBUG org.apache.http.wire - http-outgoing-23 << "Server: Cowboy[\r][\n]"
15:40:23.520 [ForkJoinPool-1-worker-2] DEBUG org.apache.http.wire - http-outgoing-23 << "Connection: keep-alive[\r][\n]"
15:40:23.520 [ForkJoinPool-1-worker-2] DEBUG org.apache.http.wire - http-outgoing-23 << "X-Powered-By: Express[\r][\n]"
15:40:23.520 [ForkJoinPool-1-worker-2] DEBUG org.apache.http.wire - http-outgoing-23 << "Date: Sun, 13 Sep 2020 20:40:24 GMT[\r][\n]"
15:40:23.520 [ForkJoinPool-1-worker-2] DEBUG org.apache.http.wire - http-outgoing-23 << "Content-Length: 0[\r][\n]"
15:40:23.520 [ForkJoinPool-1-worker-2] DEBUG org.apache.http.wire - http-outgoing-23 << "Via: 1.1 vegur[\r][\n]"
15:40:23.520 [ForkJoinPool-1-worker-2] DEBUG org.apache.http.wire - http-outgoing-23 << "[\r][\n]"
15:40:23.520 [ForkJoinPool-1-worker-2] DEBUG org.apache.http.headers - http-outgoing-23 << HTTP/1.1 200 OK
15:40:23.520 [ForkJoinPool-1-worker-2] DEBUG org.apache.http.headers - http-outgoing-23 << Server: Cowboy
15:40:23.520 [ForkJoinPool-1-worker-2] DEBUG org.apache.http.headers - http-outgoing-23 << Connection: keep-alive
15:40:23.520 [ForkJoinPool-1-worker-2] DEBUG org.apache.http.headers - http-outgoing-23 << X-Powered-By: Express
15:40:23.520 [ForkJoinPool-1-worker-2] DEBUG org.apache.http.headers - http-outgoing-23 << Date: Sun, 13 Sep 2020 20:40:24 GMT
15:40:23.520 [ForkJoinPool-1-worker-2] DEBUG org.apache.http.headers - http-outgoing-23 << Content-Length: 0
15:40:23.520 [ForkJoinPool-1-worker-2] DEBUG org.apache.http.headers - http-outgoing-23 << Via: 1.1 vegur
15:40:23.520 [ForkJoinPool-1-worker-2] DEBUG org.apache.http.impl.execchain.MainClientExec - Connection can be kept alive indefinitely
15:40:23.520 [ForkJoinPool-1-worker-2] DEBUG org.apache.http.impl.conn.PoolingHttpClientConnectionManager - Connection [id: 23][route: {s}->https://nodejs-qa-training.herokuapp.com:443] can be kept alive indefinitely
15:40:23.520 [ForkJoinPool-1-worker-2] DEBUG org.apache.http.impl.conn.DefaultManagedHttpClientConnection - http-outgoing-23: set socket timeout to 0
15:40:23.520 [ForkJoinPool-1-worker-2] DEBUG org.apache.http.impl.conn.PoolingHttpClientConnectionManager - Connection released: [id: 23][route: {s}->https://nodejs-qa-training.herokuapp.com:443][total kept alive: 1; route allocated: 1 of 5; total allocated: 1 of 10]
15:40:23.520 [ForkJoinPool-1-worker-2] DEBUG com.intuit.karate - response time in milliseconds: 373,60
1 < 200
1 < Connection: keep-alive
1 < Content-Length: 0
1 < Date: Sun, 13 Sep 2020 20:40:24 GMT
1 < Server: Cowboy
1 < Via: 1.1 vegur
1 < X-Powered-By: Express

15:40:23.521 [ForkJoinPool-1-worker-2] INFO com.intuit.karate - [print] 
15:40:23.525 [pool-1-thread-3] INFO com.intuit.karate.Runner - <<pass>> feature 8 of 8: src/test/resources/features/InvalidarSesion.feature
---------------------------------------------------------
feature: src/test/resources/features/InvalidarSesion.feature
report: target\surefire-reports\src.test.resources.features.InvalidarSesion.json
scenarios:  1 | passed:  1 | failed:  0 | time: 0,9115
---------------------------------------------------------
Karate version: 0.9.4
======================================================
elapsed:   6,02 | threads:    3 | thread time: 16,24 
features:     8 | ignored:    0 | efficiency: 0,90
scenarios:   14 | passed:    14 | failed: 0
======================================================

15:40:23.943 [Test worker] DEBUG org.apache.velocity - CommonsLogLogChute name is 'org.apache.velocity'
15:40:23.943 [Test worker] DEBUG org.apache.velocity - Initializing Velocity, Calling init()...
15:40:23.943 [Test worker] DEBUG org.apache.velocity - Starting Apache Velocity v1.7 (compiled: 2010-11-19 12:14:37)
15:40:23.943 [Test worker] DEBUG org.apache.velocity - Default Properties File: org\apache\velocity\runtime\defaults\velocity.properties
15:40:23.943 [Test worker] DEBUG org.apache.velocity - Trying to use logger class org.apache.velocity.runtime.log.AvalonLogChute
15:40:23.943 [Test worker] DEBUG org.apache.velocity - Target log system for org.apache.velocity.runtime.log.AvalonLogChute is not available (java.lang.NoClassDefFoundError: org/apache/log/format/Formatter).  Falling back to next log system...
15:40:23.943 [Test worker] DEBUG org.apache.velocity - Trying to use logger class org.apache.velocity.runtime.log.Log4JLogChute
15:40:23.943 [Test worker] DEBUG org.apache.velocity - Target log system for org.apache.velocity.runtime.log.Log4JLogChute is not available (java.lang.NoClassDefFoundError: org/apache/log4j/Layout).  Falling back to next log system...
15:40:23.944 [Test worker] DEBUG org.apache.velocity - Trying to use logger class org.apache.velocity.runtime.log.CommonsLogLogChute
15:40:23.944 [Test worker] DEBUG org.apache.velocity - Using logger class org.apache.velocity.runtime.log.CommonsLogLogChute
15:40:23.954 [Test worker] DEBUG org.apache.velocity - ResourceLoader instantiated: org.apache.velocity.runtime.resource.loader.ClasspathResourceLoader
15:40:23.972 [Test worker] DEBUG org.apache.velocity - ResourceCache: initialized (class org.apache.velocity.runtime.resource.ResourceCacheImpl) with class java.util.Collections$SynchronizedMap cache map.
15:40:23.974 [Test worker] DEBUG org.apache.velocity - Loaded System Directive: org.apache.velocity.runtime.directive.Stop
15:40:23.977 [Test worker] DEBUG org.apache.velocity - Loaded System Directive: org.apache.velocity.runtime.directive.Define
15:40:23.980 [Test worker] DEBUG org.apache.velocity - Loaded System Directive: org.apache.velocity.runtime.directive.Break
15:40:23.984 [Test worker] DEBUG org.apache.velocity - Loaded System Directive: org.apache.velocity.runtime.directive.Evaluate
15:40:23.987 [Test worker] DEBUG org.apache.velocity - Loaded System Directive: org.apache.velocity.runtime.directive.Literal
15:40:23.990 [Test worker] DEBUG org.apache.velocity - Loaded System Directive: org.apache.velocity.runtime.directive.Macro
15:40:23.994 [Test worker] DEBUG org.apache.velocity - Loaded System Directive: org.apache.velocity.runtime.directive.Parse
15:40:24.000 [Test worker] DEBUG org.apache.velocity - Loaded System Directive: org.apache.velocity.runtime.directive.Include
15:40:24.003 [Test worker] DEBUG org.apache.velocity - Loaded System Directive: org.apache.velocity.runtime.directive.Foreach
15:40:24.090 [Test worker] DEBUG org.apache.velocity - Created '20' parsers.
15:40:24.107 [Test worker] DEBUG org.apache.velocity - Velocimacro : "velocimacro.library" is not set.  Trying default library: VM_global_library.vm
15:40:24.108 [Test worker] DEBUG org.apache.velocity - Could not load resource 'VM_global_library.vm' from ResourceLoader org.apache.velocity.runtime.resource.loader.ClasspathResourceLoader: ClasspathResourceLoader Error: cannot find resource VM_global_library.vm
15:40:24.108 [Test worker] DEBUG org.apache.velocity - Velocimacro : Default library not found.
15:40:24.108 [Test worker] DEBUG org.apache.velocity - Velocimacro : allowInline = true : VMs can be defined inline in templates
15:40:24.108 [Test worker] DEBUG org.apache.velocity - Velocimacro : allowInlineToOverride = false : VMs defined inline may NOT replace previous VM definitions
15:40:24.108 [Test worker] DEBUG org.apache.velocity - Velocimacro : allowInlineLocal = false : VMs defined inline will be global in scope if allowed.
15:40:24.108 [Test worker] DEBUG org.apache.velocity - Velocimacro : autoload off : VM system will not automatically reload global library macros
15:40:24.358 [Test worker] DEBUG org.apache.velocity - ResourceManager : found templates/generators/overviewFeatures.vm with loader org.apache.velocity.runtime.resource.loader.ClasspathResourceLoader
15:40:24.366 [Test worker] DEBUG org.apache.velocity - ResourceManager : found /templates/headers.vm with loader org.apache.velocity.runtime.resource.loader.ClasspathResourceLoader
15:40:24.367 [Test worker] DEBUG org.apache.velocity - ResourceManager : found /templates/head.vm with loader org.apache.velocity.runtime.resource.loader.ClasspathResourceLoader
15:40:24.372 [Test worker] DEBUG org.apache.velocity - Velocimacro : added VM stringArray: source=/templates/macros/array.js.vm
15:40:24.373 [Test worker] DEBUG org.apache.velocity - Velocimacro : added VM numberArray: source=/templates/macros/array.js.vm
15:40:24.373 [Test worker] DEBUG org.apache.velocity - ResourceManager : found /templates/macros/array.js.vm with loader org.apache.velocity.runtime.resource.loader.ClasspathResourceLoader
15:40:24.375 [Test worker] DEBUG org.apache.velocity - Velocimacro : added VM includeBuildInfo: source=/templates/macros/page/buildinfo.vm
15:40:24.375 [Test worker] DEBUG org.apache.velocity - ResourceManager : found /templates/macros/page/buildinfo.vm with loader org.apache.velocity.runtime.resource.loader.ClasspathResourceLoader
15:40:24.379 [Test worker] DEBUG org.apache.velocity - Velocimacro : added VM includeClassifications: source=/templates/macros/page/classifications.vm
15:40:24.379 [Test worker] DEBUG org.apache.velocity - ResourceManager : found /templates/macros/page/classifications.vm with loader org.apache.velocity.runtime.resource.loader.ClasspathResourceLoader
15:40:24.381 [Test worker] DEBUG org.apache.velocity - Velocimacro : added VM includeLead: source=/templates/macros/page/lead.vm
15:40:24.381 [Test worker] DEBUG org.apache.velocity - ResourceManager : found /templates/macros/page/lead.vm with loader org.apache.velocity.runtime.resource.loader.ClasspathResourceLoader
15:40:24.386 [Test worker] DEBUG org.apache.velocity - Velocimacro : added VM includeNavigation: source=/templates/macros/page/navigation.vm
15:40:24.386 [Test worker] DEBUG org.apache.velocity - ResourceManager : found /templates/macros/page/navigation.vm with loader org.apache.velocity.runtime.resource.loader.ClasspathResourceLoader
15:40:24.389 [Test worker] DEBUG org.apache.velocity - Velocimacro : added VM includeReportInfo: source=/templates/macros/page/reportInfo.vm
15:40:24.389 [Test worker] DEBUG org.apache.velocity - ResourceManager : found /templates/macros/page/reportInfo.vm with loader org.apache.velocity.runtime.resource.loader.ClasspathResourceLoader
15:40:24.391 [Test worker] DEBUG org.apache.velocity - Velocimacro : added VM includeTitle: source=/templates/macros/page/title.vm
15:40:24.391 [Test worker] DEBUG org.apache.velocity - ResourceManager : found /templates/macros/page/title.vm with loader org.apache.velocity.runtime.resource.loader.ClasspathResourceLoader
15:40:24.393 [Test worker] DEBUG org.apache.velocity - Velocimacro : added VM includeExpandingButtons: source=/templates/macros/report/expandAllButtons.vm
15:40:24.393 [Test worker] DEBUG org.apache.velocity - ResourceManager : found /templates/macros/report/expandAllButtons.vm with loader org.apache.velocity.runtime.resource.loader.ClasspathResourceLoader
15:40:24.401 [Test worker] DEBUG org.apache.velocity - Velocimacro : added VM includeReportTable: source=/templates/macros/report/reportTable.vm
15:40:24.401 [Test worker] DEBUG org.apache.velocity - ResourceManager : found /templates/macros/report/reportTable.vm with loader org.apache.velocity.runtime.resource.loader.ClasspathResourceLoader
15:40:24.402 [Test worker] DEBUG org.apache.velocity - Velocimacro : added VM includeReportHeader: source=/templates/macros/report/reportHeader.vm
15:40:24.402 [Test worker] DEBUG org.apache.velocity - ResourceManager : found /templates/macros/report/reportHeader.vm with loader org.apache.velocity.runtime.resource.loader.ClasspathResourceLoader
15:40:24.406 [Test worker] DEBUG org.apache.velocity - Velocimacro : added VM includeStatsTable: source=/templates/macros/report/statsTable.vm
15:40:24.407 [Test worker] DEBUG org.apache.velocity - ResourceManager : found /templates/macros/report/statsTable.vm with loader org.apache.velocity.runtime.resource.loader.ClasspathResourceLoader
15:40:24.407 [Test worker] DEBUG org.apache.velocity - Velocimacro : added VM includeBrief: source=/templates/macros/json/brief.vm
15:40:24.408 [Test worker] DEBUG org.apache.velocity - ResourceManager : found /templates/macros/json/brief.vm with loader org.apache.velocity.runtime.resource.loader.ClasspathResourceLoader
15:40:24.408 [Test worker] DEBUG org.apache.velocity - Velocimacro : added VM includeDocString: source=/templates/macros/json/docstring.vm
15:40:24.408 [Test worker] DEBUG org.apache.velocity - ResourceManager : found /templates/macros/json/docstring.vm with loader org.apache.velocity.runtime.resource.loader.ClasspathResourceLoader
15:40:24.409 [Test worker] DEBUG org.apache.velocity - Velocimacro : added VM includeDuration: source=/templates/macros/json/duration.vm
15:40:24.409 [Test worker] DEBUG org.apache.velocity - ResourceManager : found /templates/macros/json/duration.vm with loader org.apache.velocity.runtime.resource.loader.ClasspathResourceLoader
15:40:24.412 [Test worker] DEBUG org.apache.velocity - Velocimacro : added VM includeElement: source=/templates/macros/json/element.vm
15:40:24.412 [Test worker] DEBUG org.apache.velocity - ResourceManager : found /templates/macros/json/element.vm with loader org.apache.velocity.runtime.resource.loader.ClasspathResourceLoader
15:40:24.424 [Test worker] DEBUG org.apache.velocity - Velocimacro : added VM includeEmbeddings: source=/templates/macros/json/embeddings.vm
15:40:24.425 [Test worker] DEBUG org.apache.velocity - Velocimacro : added VM includeHtmlEmbedding: source=/templates/macros/json/embeddings.vm
15:40:24.425 [Test worker] DEBUG org.apache.velocity - Velocimacro : added VM includeImageEmbedding: source=/templates/macros/json/embeddings.vm
15:40:24.425 [Test worker] DEBUG org.apache.velocity - Velocimacro : added VM includeImageReferenceEmbedding: source=/templates/macros/json/embeddings.vm
15:40:24.425 [Test worker] DEBUG org.apache.velocity - Velocimacro : added VM includeTextEmbedding: source=/templates/macros/json/embeddings.vm
15:40:24.426 [Test worker] DEBUG org.apache.velocity - Velocimacro : added VM includeUnknownEmbedding: source=/templates/macros/json/embeddings.vm
15:40:24.426 [Test worker] DEBUG org.apache.velocity - ResourceManager : found /templates/macros/json/embeddings.vm with loader org.apache.velocity.runtime.resource.loader.ClasspathResourceLoader
15:40:24.430 [Test worker] DEBUG org.apache.velocity - Velocimacro : added VM includeHooks: source=/templates/macros/json/hooks.vm
15:40:24.430 [Test worker] DEBUG org.apache.velocity - ResourceManager : found /templates/macros/json/hooks.vm with loader org.apache.velocity.runtime.resource.loader.ClasspathResourceLoader
15:40:24.433 [Test worker] DEBUG org.apache.velocity - Velocimacro : added VM includeOutput: source=/templates/macros/json/output.vm
15:40:24.433 [Test worker] DEBUG org.apache.velocity - ResourceManager : found /templates/macros/json/output.vm with loader org.apache.velocity.runtime.resource.loader.ClasspathResourceLoader
15:40:24.435 [Test worker] DEBUG org.apache.velocity - Velocimacro : added VM includeMessage: source=/templates/macros/json/message.vm
15:40:24.435 [Test worker] DEBUG org.apache.velocity - ResourceManager : found /templates/macros/json/message.vm with loader org.apache.velocity.runtime.resource.loader.ClasspathResourceLoader
15:40:24.438 [Test worker] DEBUG org.apache.velocity - Velocimacro : added VM includeSteps: source=/templates/macros/json/steps.vm
15:40:24.438 [Test worker] DEBUG org.apache.velocity - ResourceManager : found /templates/macros/json/steps.vm with loader org.apache.velocity.runtime.resource.loader.ClasspathResourceLoader
15:40:24.440 [Test worker] DEBUG org.apache.velocity - Velocimacro : added VM includeStepName: source=/templates/macros/json/stepName.vm
15:40:24.440 [Test worker] DEBUG org.apache.velocity - ResourceManager : found /templates/macros/json/stepName.vm with loader org.apache.velocity.runtime.resource.loader.ClasspathResourceLoader
15:40:24.441 [Test worker] DEBUG org.apache.velocity - Velocimacro : added VM includeTags: source=/templates/macros/json/tags.vm
15:40:24.441 [Test worker] DEBUG org.apache.velocity - ResourceManager : found /templates/macros/json/tags.vm with loader org.apache.velocity.runtime.resource.loader.ClasspathResourceLoader
15:40:24.455 [Test worker] DEBUG org.apache.velocity - ResourceManager : found /templates/js/steps-chart.js.vm with loader org.apache.velocity.runtime.resource.loader.ClasspathResourceLoader
15:40:24.466 [Test worker] DEBUG org.apache.velocity - ResourceManager : found /templates/js/scenarios-chart.js.vm with loader org.apache.velocity.runtime.resource.loader.ClasspathResourceLoader
15:40:24.467 [Test worker] DEBUG org.apache.velocity - ResourceManager : found /templates/js/features-chart.js.vm with loader org.apache.velocity.runtime.resource.loader.ClasspathResourceLoader
15:40:24.548 [Test worker] DEBUG org.apache.velocity - ResourceManager : found /templates/footer.vm with loader org.apache.velocity.runtime.resource.loader.ClasspathResourceLoader
15:40:24.552 [Test worker] DEBUG org.apache.velocity - CommonsLogLogChute name is 'org.apache.velocity'
15:40:24.552 [Test worker] DEBUG org.apache.velocity - Initializing Velocity, Calling init()...
15:40:24.552 [Test worker] DEBUG org.apache.velocity - Starting Apache Velocity v1.7 (compiled: 2010-11-19 12:14:37)
15:40:24.552 [Test worker] DEBUG org.apache.velocity - Default Properties File: org\apache\velocity\runtime\defaults\velocity.properties
15:40:24.552 [Test worker] DEBUG org.apache.velocity - Trying to use logger class org.apache.velocity.runtime.log.AvalonLogChute
15:40:24.552 [Test worker] DEBUG org.apache.velocity - Target log system for org.apache.velocity.runtime.log.AvalonLogChute is not available (java.lang.NoClassDefFoundError: org/apache/log/format/Formatter).  Falling back to next log system...
15:40:24.552 [Test worker] DEBUG org.apache.velocity - Trying to use logger class org.apache.velocity.runtime.log.Log4JLogChute
15:40:24.552 [Test worker] DEBUG org.apache.velocity - Target log system for org.apache.velocity.runtime.log.Log4JLogChute is not available (java.lang.NoClassDefFoundError: org/apache/log4j/Layout).  Falling back to next log system...
15:40:24.552 [Test worker] DEBUG org.apache.velocity - Trying to use logger class org.apache.velocity.runtime.log.CommonsLogLogChute
15:40:24.552 [Test worker] DEBUG org.apache.velocity - Using logger class org.apache.velocity.runtime.log.CommonsLogLogChute
15:40:24.552 [Test worker] DEBUG org.apache.velocity - ResourceLoader instantiated: org.apache.velocity.runtime.resource.loader.ClasspathResourceLoader
15:40:24.552 [Test worker] DEBUG org.apache.velocity - ResourceCache: initialized (class org.apache.velocity.runtime.resource.ResourceCacheImpl) with class java.util.Collections$SynchronizedMap cache map.
15:40:24.553 [Test worker] DEBUG org.apache.velocity - Loaded System Directive: org.apache.velocity.runtime.directive.Stop
15:40:24.553 [Test worker] DEBUG org.apache.velocity - Loaded System Directive: org.apache.velocity.runtime.directive.Define
15:40:24.553 [Test worker] DEBUG org.apache.velocity - Loaded System Directive: org.apache.velocity.runtime.directive.Break
15:40:24.553 [Test worker] DEBUG org.apache.velocity - Loaded System Directive: org.apache.velocity.runtime.directive.Evaluate
15:40:24.553 [Test worker] DEBUG org.apache.velocity - Loaded System Directive: org.apache.velocity.runtime.directive.Literal
15:40:24.553 [Test worker] DEBUG org.apache.velocity - Loaded System Directive: org.apache.velocity.runtime.directive.Macro
15:40:24.553 [Test worker] DEBUG org.apache.velocity - Loaded System Directive: org.apache.velocity.runtime.directive.Parse
15:40:24.553 [Test worker] DEBUG org.apache.velocity - Loaded System Directive: org.apache.velocity.runtime.directive.Include
15:40:24.553 [Test worker] DEBUG org.apache.velocity - Loaded System Directive: org.apache.velocity.runtime.directive.Foreach
15:40:24.553 [Test worker] DEBUG org.apache.velocity - Created '20' parsers.
15:40:24.554 [Test worker] DEBUG org.apache.velocity - Velocimacro : "velocimacro.library" is not set.  Trying default library: VM_global_library.vm
15:40:24.554 [Test worker] DEBUG org.apache.velocity - Could not load resource 'VM_global_library.vm' from ResourceLoader org.apache.velocity.runtime.resource.loader.ClasspathResourceLoader: ClasspathResourceLoader Error: cannot find resource VM_global_library.vm
15:40:24.554 [Test worker] DEBUG org.apache.velocity - Velocimacro : Default library not found.
15:40:24.554 [Test worker] DEBUG org.apache.velocity - Velocimacro : allowInline = true : VMs can be defined inline in templates
15:40:24.554 [Test worker] DEBUG org.apache.velocity - Velocimacro : allowInlineToOverride = false : VMs defined inline may NOT replace previous VM definitions
15:40:24.554 [Test worker] DEBUG org.apache.velocity - Velocimacro : allowInlineLocal = false : VMs defined inline will be global in scope if allowed.
15:40:24.554 [Test worker] DEBUG org.apache.velocity - Velocimacro : autoload off : VM system will not automatically reload global library macros
15:40:24.556 [Test worker] DEBUG org.apache.velocity - ResourceManager : found templates/generators/reportFeature.vm with loader org.apache.velocity.runtime.resource.loader.ClasspathResourceLoader
15:40:24.558 [Test worker] DEBUG org.apache.velocity - ResourceManager : found /templates/headers.vm with loader org.apache.velocity.runtime.resource.loader.ClasspathResourceLoader
15:40:24.558 [Test worker] DEBUG org.apache.velocity - ResourceManager : found /templates/head.vm with loader org.apache.velocity.runtime.resource.loader.ClasspathResourceLoader
15:40:24.559 [Test worker] DEBUG org.apache.velocity - Velocimacro : added VM stringArray: source=/templates/macros/array.js.vm
15:40:24.560 [Test worker] DEBUG org.apache.velocity - Velocimacro : added VM numberArray: source=/templates/macros/array.js.vm
15:40:24.560 [Test worker] DEBUG org.apache.velocity - ResourceManager : found /templates/macros/array.js.vm with loader org.apache.velocity.runtime.resource.loader.ClasspathResourceLoader
15:40:24.560 [Test worker] DEBUG org.apache.velocity - Velocimacro : added VM includeBuildInfo: source=/templates/macros/page/buildinfo.vm
15:40:24.560 [Test worker] DEBUG org.apache.velocity - ResourceManager : found /templates/macros/page/buildinfo.vm with loader org.apache.velocity.runtime.resource.loader.ClasspathResourceLoader
15:40:24.561 [Test worker] DEBUG org.apache.velocity - Velocimacro : added VM includeClassifications: source=/templates/macros/page/classifications.vm
15:40:24.561 [Test worker] DEBUG org.apache.velocity - ResourceManager : found /templates/macros/page/classifications.vm with loader org.apache.velocity.runtime.resource.loader.ClasspathResourceLoader
15:40:24.562 [Test worker] DEBUG org.apache.velocity - Velocimacro : added VM includeLead: source=/templates/macros/page/lead.vm
15:40:24.562 [Test worker] DEBUG org.apache.velocity - ResourceManager : found /templates/macros/page/lead.vm with loader org.apache.velocity.runtime.resource.loader.ClasspathResourceLoader
15:40:24.564 [Test worker] DEBUG org.apache.velocity - Velocimacro : added VM includeNavigation: source=/templates/macros/page/navigation.vm
15:40:24.564 [Test worker] DEBUG org.apache.velocity - ResourceManager : found /templates/macros/page/navigation.vm with loader org.apache.velocity.runtime.resource.loader.ClasspathResourceLoader
15:40:24.565 [Test worker] DEBUG org.apache.velocity - Velocimacro : added VM includeReportInfo: source=/templates/macros/page/reportInfo.vm
15:40:24.565 [Test worker] DEBUG org.apache.velocity - ResourceManager : found /templates/macros/page/reportInfo.vm with loader org.apache.velocity.runtime.resource.loader.ClasspathResourceLoader
15:40:24.566 [Test worker] DEBUG org.apache.velocity - Velocimacro : added VM includeTitle: source=/templates/macros/page/title.vm
15:40:24.566 [Test worker] DEBUG org.apache.velocity - ResourceManager : found /templates/macros/page/title.vm with loader org.apache.velocity.runtime.resource.loader.ClasspathResourceLoader
15:40:24.567 [Test worker] DEBUG org.apache.velocity - Velocimacro : added VM includeExpandingButtons: source=/templates/macros/report/expandAllButtons.vm
15:40:24.567 [Test worker] DEBUG org.apache.velocity - ResourceManager : found /templates/macros/report/expandAllButtons.vm with loader org.apache.velocity.runtime.resource.loader.ClasspathResourceLoader
15:40:24.568 [Test worker] DEBUG org.apache.velocity - Velocimacro : added VM includeReportTable: source=/templates/macros/report/reportTable.vm
15:40:24.568 [Test worker] DEBUG org.apache.velocity - ResourceManager : found /templates/macros/report/reportTable.vm with loader org.apache.velocity.runtime.resource.loader.ClasspathResourceLoader
15:40:24.569 [Test worker] DEBUG org.apache.velocity - Velocimacro : added VM includeReportHeader: source=/templates/macros/report/reportHeader.vm
15:40:24.569 [Test worker] DEBUG org.apache.velocity - ResourceManager : found /templates/macros/report/reportHeader.vm with loader org.apache.velocity.runtime.resource.loader.ClasspathResourceLoader
15:40:24.571 [Test worker] DEBUG org.apache.velocity - Velocimacro : added VM includeStatsTable: source=/templates/macros/report/statsTable.vm
15:40:24.571 [Test worker] DEBUG org.apache.velocity - ResourceManager : found /templates/macros/report/statsTable.vm with loader org.apache.velocity.runtime.resource.loader.ClasspathResourceLoader
15:40:24.572 [Test worker] DEBUG org.apache.velocity - Velocimacro : added VM includeBrief: source=/templates/macros/json/brief.vm
15:40:24.572 [Test worker] DEBUG org.apache.velocity - ResourceManager : found /templates/macros/json/brief.vm with loader org.apache.velocity.runtime.resource.loader.ClasspathResourceLoader
15:40:24.572 [Test worker] DEBUG org.apache.velocity - Velocimacro : added VM includeDocString: source=/templates/macros/json/docstring.vm
15:40:24.572 [Test worker] DEBUG org.apache.velocity - ResourceManager : found /templates/macros/json/docstring.vm with loader org.apache.velocity.runtime.resource.loader.ClasspathResourceLoader
15:40:24.573 [Test worker] DEBUG org.apache.velocity - Velocimacro : added VM includeDuration: source=/templates/macros/json/duration.vm
15:40:24.573 [Test worker] DEBUG org.apache.velocity - ResourceManager : found /templates/macros/json/duration.vm with loader org.apache.velocity.runtime.resource.loader.ClasspathResourceLoader
15:40:24.574 [Test worker] DEBUG org.apache.velocity - Velocimacro : added VM includeElement: source=/templates/macros/json/element.vm
15:40:24.574 [Test worker] DEBUG org.apache.velocity - ResourceManager : found /templates/macros/json/element.vm with loader org.apache.velocity.runtime.resource.loader.ClasspathResourceLoader
15:40:24.576 [Test worker] DEBUG org.apache.velocity - Velocimacro : added VM includeEmbeddings: source=/templates/macros/json/embeddings.vm
15:40:24.576 [Test worker] DEBUG org.apache.velocity - Velocimacro : added VM includeHtmlEmbedding: source=/templates/macros/json/embeddings.vm
15:40:24.576 [Test worker] DEBUG org.apache.velocity - Velocimacro : added VM includeImageEmbedding: source=/templates/macros/json/embeddings.vm
15:40:24.576 [Test worker] DEBUG org.apache.velocity - Velocimacro : added VM includeImageReferenceEmbedding: source=/templates/macros/json/embeddings.vm
15:40:24.576 [Test worker] DEBUG org.apache.velocity - Velocimacro : added VM includeTextEmbedding: source=/templates/macros/json/embeddings.vm
15:40:24.577 [Test worker] DEBUG org.apache.velocity - Velocimacro : added VM includeUnknownEmbedding: source=/templates/macros/json/embeddings.vm
15:40:24.577 [Test worker] DEBUG org.apache.velocity - ResourceManager : found /templates/macros/json/embeddings.vm with loader org.apache.velocity.runtime.resource.loader.ClasspathResourceLoader
15:40:24.578 [Test worker] DEBUG org.apache.velocity - Velocimacro : added VM includeHooks: source=/templates/macros/json/hooks.vm
15:40:24.578 [Test worker] DEBUG org.apache.velocity - ResourceManager : found /templates/macros/json/hooks.vm with loader org.apache.velocity.runtime.resource.loader.ClasspathResourceLoader
15:40:24.579 [Test worker] DEBUG org.apache.velocity - Velocimacro : added VM includeOutput: source=/templates/macros/json/output.vm
15:40:24.580 [Test worker] DEBUG org.apache.velocity - ResourceManager : found /templates/macros/json/output.vm with loader org.apache.velocity.runtime.resource.loader.ClasspathResourceLoader
15:40:24.581 [Test worker] DEBUG org.apache.velocity - Velocimacro : added VM includeMessage: source=/templates/macros/json/message.vm
15:40:24.581 [Test worker] DEBUG org.apache.velocity - ResourceManager : found /templates/macros/json/message.vm with loader org.apache.velocity.runtime.resource.loader.ClasspathResourceLoader
15:40:24.582 [Test worker] DEBUG org.apache.velocity - Velocimacro : added VM includeSteps: source=/templates/macros/json/steps.vm
15:40:24.582 [Test worker] DEBUG org.apache.velocity - ResourceManager : found /templates/macros/json/steps.vm with loader org.apache.velocity.runtime.resource.loader.ClasspathResourceLoader
15:40:24.584 [Test worker] DEBUG org.apache.velocity - Velocimacro : added VM includeStepName: source=/templates/macros/json/stepName.vm
15:40:24.584 [Test worker] DEBUG org.apache.velocity - ResourceManager : found /templates/macros/json/stepName.vm with loader org.apache.velocity.runtime.resource.loader.ClasspathResourceLoader
15:40:24.585 [Test worker] DEBUG org.apache.velocity - Velocimacro : added VM includeTags: source=/templates/macros/json/tags.vm
15:40:24.585 [Test worker] DEBUG org.apache.velocity - ResourceManager : found /templates/macros/json/tags.vm with loader org.apache.velocity.runtime.resource.loader.ClasspathResourceLoader
15:40:24.585 [Test worker] DEBUG org.apache.velocity - VM #includeNavigation: too few arguments to macro. Wanted 1 got 0
15:40:24.585 [Test worker] DEBUG org.apache.velocity - Left side ($active_tab) of '==' operation has null value. If it is a reference, it may not be in the context or its toString() returned null. /templates/macros/page/navigation.vm[line 14, column 51]
15:40:24.585 [Test worker] DEBUG org.apache.velocity - Left side ($active_tab) of '==' operation has null value. If it is a reference, it may not be in the context or its toString() returned null. /templates/macros/page/navigation.vm[line 15, column 51]
15:40:24.585 [Test worker] DEBUG org.apache.velocity - Left side ($active_tab) of '==' operation has null value. If it is a reference, it may not be in the context or its toString() returned null. /templates/macros/page/navigation.vm[line 16, column 51]
15:40:24.585 [Test worker] DEBUG org.apache.velocity - Left side ($active_tab) of '==' operation has null value. If it is a reference, it may not be in the context or its toString() returned null. /templates/macros/page/navigation.vm[line 20, column 51]
15:40:24.585 [Test worker] DEBUG org.apache.velocity - VM #includeLead: too few arguments to macro. Wanted 2 got 1
15:40:24.587 [Test worker] DEBUG org.apache.velocity - VM #includeBrief: too few arguments to macro. Wanted 5 got 3
15:40:24.588 [Test worker] DEBUG org.apache.velocity - VM #includeBrief: too few arguments to macro. Wanted 5 got 4
15:40:24.589 [Test worker] DEBUG org.apache.velocity - VM #includeBrief: too few arguments to macro. Wanted 5 got 4
15:40:24.601 [Test worker] DEBUG org.apache.velocity - VM #includeBrief: too few arguments to macro. Wanted 5 got 4
15:40:24.601 [Test worker] DEBUG org.apache.velocity - VM #includeBrief: too few arguments to macro. Wanted 5 got 4
15:40:24.604 [Test worker] DEBUG org.apache.velocity - VM #includeBrief: too few arguments to macro. Wanted 5 got 4
15:40:24.605 [Test worker] DEBUG org.apache.velocity - VM #includeBrief: too few arguments to macro. Wanted 5 got 4
15:40:24.610 [Test worker] DEBUG org.apache.velocity - VM #includeBrief: too few arguments to macro. Wanted 5 got 4
15:40:24.610 [Test worker] DEBUG org.apache.velocity - VM #includeBrief: too few arguments to macro. Wanted 5 got 4
15:40:24.614 [Test worker] DEBUG org.apache.velocity - VM #includeBrief: too few arguments to macro. Wanted 5 got 4
15:40:24.614 [Test worker] DEBUG org.apache.velocity - VM #includeBrief: too few arguments to macro. Wanted 5 got 4
15:40:24.620 [Test worker] DEBUG org.apache.velocity - VM #includeBrief: too few arguments to macro. Wanted 5 got 4
15:40:24.620 [Test worker] DEBUG org.apache.velocity - VM #includeBrief: too few arguments to macro. Wanted 5 got 4
15:40:24.623 [Test worker] DEBUG org.apache.velocity - ResourceManager : found /templates/footer.vm with loader org.apache.velocity.runtime.resource.loader.ClasspathResourceLoader
15:40:24.626 [Test worker] DEBUG org.apache.velocity - CommonsLogLogChute name is 'org.apache.velocity'
15:40:24.626 [Test worker] DEBUG org.apache.velocity - Initializing Velocity, Calling init()...
15:40:24.626 [Test worker] DEBUG org.apache.velocity - Starting Apache Velocity v1.7 (compiled: 2010-11-19 12:14:37)
15:40:24.626 [Test worker] DEBUG org.apache.velocity - Default Properties File: org\apache\velocity\runtime\defaults\velocity.properties
15:40:24.626 [Test worker] DEBUG org.apache.velocity - Trying to use logger class org.apache.velocity.runtime.log.AvalonLogChute
15:40:24.626 [Test worker] DEBUG org.apache.velocity - Target log system for org.apache.velocity.runtime.log.AvalonLogChute is not available (java.lang.NoClassDefFoundError: org/apache/log/format/Formatter).  Falling back to next log system...
15:40:24.626 [Test worker] DEBUG org.apache.velocity - Trying to use logger class org.apache.velocity.runtime.log.Log4JLogChute
15:40:24.626 [Test worker] DEBUG org.apache.velocity - Target log system for org.apache.velocity.runtime.log.Log4JLogChute is not available (java.lang.NoClassDefFoundError: org/apache/log4j/Layout).  Falling back to next log system...
15:40:24.626 [Test worker] DEBUG org.apache.velocity - Trying to use logger class org.apache.velocity.runtime.log.CommonsLogLogChute
15:40:24.626 [Test worker] DEBUG org.apache.velocity - Using logger class org.apache.velocity.runtime.log.CommonsLogLogChute
15:40:24.626 [Test worker] DEBUG org.apache.velocity - ResourceLoader instantiated: org.apache.velocity.runtime.resource.loader.ClasspathResourceLoader
15:40:24.627 [Test worker] DEBUG org.apache.velocity - ResourceCache: initialized (class org.apache.velocity.runtime.resource.ResourceCacheImpl) with class java.util.Collections$SynchronizedMap cache map.
15:40:24.627 [Test worker] DEBUG org.apache.velocity - Loaded System Directive: org.apache.velocity.runtime.directive.Stop
15:40:24.627 [Test worker] DEBUG org.apache.velocity - Loaded System Directive: org.apache.velocity.runtime.directive.Define
15:40:24.627 [Test worker] DEBUG org.apache.velocity - Loaded System Directive: org.apache.velocity.runtime.directive.Break
15:40:24.627 [Test worker] DEBUG org.apache.velocity - Loaded System Directive: org.apache.velocity.runtime.directive.Evaluate
15:40:24.627 [Test worker] DEBUG org.apache.velocity - Loaded System Directive: org.apache.velocity.runtime.directive.Literal
15:40:24.627 [Test worker] DEBUG org.apache.velocity - Loaded System Directive: org.apache.velocity.runtime.directive.Macro
15:40:24.627 [Test worker] DEBUG org.apache.velocity - Loaded System Directive: org.apache.velocity.runtime.directive.Parse
15:40:24.627 [Test worker] DEBUG org.apache.velocity - Loaded System Directive: org.apache.velocity.runtime.directive.Include
15:40:24.627 [Test worker] DEBUG org.apache.velocity - Loaded System Directive: org.apache.velocity.runtime.directive.Foreach
15:40:24.628 [Test worker] DEBUG org.apache.velocity - Created '20' parsers.
15:40:24.628 [Test worker] DEBUG org.apache.velocity - Velocimacro : "velocimacro.library" is not set.  Trying default library: VM_global_library.vm
15:40:24.629 [Test worker] DEBUG org.apache.velocity - Could not load resource 'VM_global_library.vm' from ResourceLoader org.apache.velocity.runtime.resource.loader.ClasspathResourceLoader: ClasspathResourceLoader Error: cannot find resource VM_global_library.vm
15:40:24.629 [Test worker] DEBUG org.apache.velocity - Velocimacro : Default library not found.
15:40:24.629 [Test worker] DEBUG org.apache.velocity - Velocimacro : allowInline = true : VMs can be defined inline in templates
15:40:24.629 [Test worker] DEBUG org.apache.velocity - Velocimacro : allowInlineToOverride = false : VMs defined inline may NOT replace previous VM definitions
15:40:24.629 [Test worker] DEBUG org.apache.velocity - Velocimacro : allowInlineLocal = false : VMs defined inline will be global in scope if allowed.
15:40:24.629 [Test worker] DEBUG org.apache.velocity - Velocimacro : autoload off : VM system will not automatically reload global library macros
15:40:24.630 [Test worker] DEBUG org.apache.velocity - ResourceManager : found templates/generators/reportFeature.vm with loader org.apache.velocity.runtime.resource.loader.ClasspathResourceLoader
15:40:24.632 [Test worker] DEBUG org.apache.velocity - ResourceManager : found /templates/headers.vm with loader org.apache.velocity.runtime.resource.loader.ClasspathResourceLoader
15:40:24.633 [Test worker] DEBUG org.apache.velocity - ResourceManager : found /templates/head.vm with loader org.apache.velocity.runtime.resource.loader.ClasspathResourceLoader
15:40:24.634 [Test worker] DEBUG org.apache.velocity - Velocimacro : added VM stringArray: source=/templates/macros/array.js.vm
15:40:24.634 [Test worker] DEBUG org.apache.velocity - Velocimacro : added VM numberArray: source=/templates/macros/array.js.vm
15:40:24.634 [Test worker] DEBUG org.apache.velocity - ResourceManager : found /templates/macros/array.js.vm with loader org.apache.velocity.runtime.resource.loader.ClasspathResourceLoader
15:40:24.634 [Test worker] DEBUG org.apache.velocity - Velocimacro : added VM includeBuildInfo: source=/templates/macros/page/buildinfo.vm
15:40:24.635 [Test worker] DEBUG org.apache.velocity - ResourceManager : found /templates/macros/page/buildinfo.vm with loader org.apache.velocity.runtime.resource.loader.ClasspathResourceLoader
15:40:24.636 [Test worker] DEBUG org.apache.velocity - Velocimacro : added VM includeClassifications: source=/templates/macros/page/classifications.vm
15:40:24.636 [Test worker] DEBUG org.apache.velocity - ResourceManager : found /templates/macros/page/classifications.vm with loader org.apache.velocity.runtime.resource.loader.ClasspathResourceLoader
15:40:24.636 [Test worker] DEBUG org.apache.velocity - Velocimacro : added VM includeLead: source=/templates/macros/page/lead.vm
15:40:24.636 [Test worker] DEBUG org.apache.velocity - ResourceManager : found /templates/macros/page/lead.vm with loader org.apache.velocity.runtime.resource.loader.ClasspathResourceLoader
15:40:24.637 [Test worker] DEBUG org.apache.velocity - Velocimacro : added VM includeNavigation: source=/templates/macros/page/navigation.vm
15:40:24.637 [Test worker] DEBUG org.apache.velocity - ResourceManager : found /templates/macros/page/navigation.vm with loader org.apache.velocity.runtime.resource.loader.ClasspathResourceLoader
15:40:24.638 [Test worker] DEBUG org.apache.velocity - Velocimacro : added VM includeReportInfo: source=/templates/macros/page/reportInfo.vm
15:40:24.638 [Test worker] DEBUG org.apache.velocity - ResourceManager : found /templates/macros/page/reportInfo.vm with loader org.apache.velocity.runtime.resource.loader.ClasspathResourceLoader
15:40:24.639 [Test worker] DEBUG org.apache.velocity - Velocimacro : added VM includeTitle: source=/templates/macros/page/title.vm
15:40:24.639 [Test worker] DEBUG org.apache.velocity - ResourceManager : found /templates/macros/page/title.vm with loader org.apache.velocity.runtime.resource.loader.ClasspathResourceLoader
15:40:24.640 [Test worker] DEBUG org.apache.velocity - Velocimacro : added VM includeExpandingButtons: source=/templates/macros/report/expandAllButtons.vm
15:40:24.640 [Test worker] DEBUG org.apache.velocity - ResourceManager : found /templates/macros/report/expandAllButtons.vm with loader org.apache.velocity.runtime.resource.loader.ClasspathResourceLoader
15:40:24.640 [Test worker] DEBUG org.apache.velocity - Velocimacro : added VM includeReportTable: source=/templates/macros/report/reportTable.vm
15:40:24.640 [Test worker] DEBUG org.apache.velocity - ResourceManager : found /templates/macros/report/reportTable.vm with loader org.apache.velocity.runtime.resource.loader.ClasspathResourceLoader
15:40:24.641 [Test worker] DEBUG org.apache.velocity - Velocimacro : added VM includeReportHeader: source=/templates/macros/report/reportHeader.vm
15:40:24.641 [Test worker] DEBUG org.apache.velocity - ResourceManager : found /templates/macros/report/reportHeader.vm with loader org.apache.velocity.runtime.resource.loader.ClasspathResourceLoader
15:40:24.643 [Test worker] DEBUG org.apache.velocity - Velocimacro : added VM includeStatsTable: source=/templates/macros/report/statsTable.vm
15:40:24.643 [Test worker] DEBUG org.apache.velocity - ResourceManager : found /templates/macros/report/statsTable.vm with loader org.apache.velocity.runtime.resource.loader.ClasspathResourceLoader
15:40:24.644 [Test worker] DEBUG org.apache.velocity - Velocimacro : added VM includeBrief: source=/templates/macros/json/brief.vm
15:40:24.644 [Test worker] DEBUG org.apache.velocity - ResourceManager : found /templates/macros/json/brief.vm with loader org.apache.velocity.runtime.resource.loader.ClasspathResourceLoader
15:40:24.645 [Test worker] DEBUG org.apache.velocity - Velocimacro : added VM includeDocString: source=/templates/macros/json/docstring.vm
15:40:24.645 [Test worker] DEBUG org.apache.velocity - ResourceManager : found /templates/macros/json/docstring.vm with loader org.apache.velocity.runtime.resource.loader.ClasspathResourceLoader
15:40:24.647 [Test worker] DEBUG org.apache.velocity - Velocimacro : added VM includeDuration: source=/templates/macros/json/duration.vm
15:40:24.647 [Test worker] DEBUG org.apache.velocity - ResourceManager : found /templates/macros/json/duration.vm with loader org.apache.velocity.runtime.resource.loader.ClasspathResourceLoader
15:40:24.649 [Test worker] DEBUG org.apache.velocity - Velocimacro : added VM includeElement: source=/templates/macros/json/element.vm
15:40:24.649 [Test worker] DEBUG org.apache.velocity - ResourceManager : found /templates/macros/json/element.vm with loader org.apache.velocity.runtime.resource.loader.ClasspathResourceLoader
15:40:24.651 [Test worker] DEBUG org.apache.velocity - Velocimacro : added VM includeEmbeddings: source=/templates/macros/json/embeddings.vm
15:40:24.651 [Test worker] DEBUG org.apache.velocity - Velocimacro : added VM includeHtmlEmbedding: source=/templates/macros/json/embeddings.vm
15:40:24.652 [Test worker] DEBUG org.apache.velocity - Velocimacro : added VM includeImageEmbedding: source=/templates/macros/json/embeddings.vm
15:40:24.652 [Test worker] DEBUG org.apache.velocity - Velocimacro : added VM includeImageReferenceEmbedding: source=/templates/macros/json/embeddings.vm
15:40:24.652 [Test worker] DEBUG org.apache.velocity - Velocimacro : added VM includeTextEmbedding: source=/templates/macros/json/embeddings.vm
15:40:24.652 [Test worker] DEBUG org.apache.velocity - Velocimacro : added VM includeUnknownEmbedding: source=/templates/macros/json/embeddings.vm
15:40:24.652 [Test worker] DEBUG org.apache.velocity - ResourceManager : found /templates/macros/json/embeddings.vm with loader org.apache.velocity.runtime.resource.loader.ClasspathResourceLoader
15:40:24.654 [Test worker] DEBUG org.apache.velocity - Velocimacro : added VM includeHooks: source=/templates/macros/json/hooks.vm
15:40:24.654 [Test worker] DEBUG org.apache.velocity - ResourceManager : found /templates/macros/json/hooks.vm with loader org.apache.velocity.runtime.resource.loader.ClasspathResourceLoader
15:40:24.655 [Test worker] DEBUG org.apache.velocity - Velocimacro : added VM includeOutput: source=/templates/macros/json/output.vm
15:40:24.655 [Test worker] DEBUG org.apache.velocity - ResourceManager : found /templates/macros/json/output.vm with loader org.apache.velocity.runtime.resource.loader.ClasspathResourceLoader
15:40:24.656 [Test worker] DEBUG org.apache.velocity - Velocimacro : added VM includeMessage: source=/templates/macros/json/message.vm
15:40:24.656 [Test worker] DEBUG org.apache.velocity - ResourceManager : found /templates/macros/json/message.vm with loader org.apache.velocity.runtime.resource.loader.ClasspathResourceLoader
15:40:24.658 [Test worker] DEBUG org.apache.velocity - Velocimacro : added VM includeSteps: source=/templates/macros/json/steps.vm
15:40:24.658 [Test worker] DEBUG org.apache.velocity - ResourceManager : found /templates/macros/json/steps.vm with loader org.apache.velocity.runtime.resource.loader.ClasspathResourceLoader
15:40:24.658 [Test worker] DEBUG org.apache.velocity - Velocimacro : added VM includeStepName: source=/templates/macros/json/stepName.vm
15:40:24.659 [Test worker] DEBUG org.apache.velocity - ResourceManager : found /templates/macros/json/stepName.vm with loader org.apache.velocity.runtime.resource.loader.ClasspathResourceLoader
15:40:24.660 [Test worker] DEBUG org.apache.velocity - Velocimacro : added VM includeTags: source=/templates/macros/json/tags.vm
15:40:24.660 [Test worker] DEBUG org.apache.velocity - ResourceManager : found /templates/macros/json/tags.vm with loader org.apache.velocity.runtime.resource.loader.ClasspathResourceLoader
15:40:24.660 [Test worker] DEBUG org.apache.velocity - VM #includeNavigation: too few arguments to macro. Wanted 1 got 0
15:40:24.660 [Test worker] DEBUG org.apache.velocity - Left side ($active_tab) of '==' operation has null value. If it is a reference, it may not be in the context or its toString() returned null. /templates/macros/page/navigation.vm[line 14, column 51]
15:40:24.660 [Test worker] DEBUG org.apache.velocity - Left side ($active_tab) of '==' operation has null value. If it is a reference, it may not be in the context or its toString() returned null. /templates/macros/page/navigation.vm[line 15, column 51]
15:40:24.660 [Test worker] DEBUG org.apache.velocity - Left side ($active_tab) of '==' operation has null value. If it is a reference, it may not be in the context or its toString() returned null. /templates/macros/page/navigation.vm[line 16, column 51]
15:40:24.660 [Test worker] DEBUG org.apache.velocity - Left side ($active_tab) of '==' operation has null value. If it is a reference, it may not be in the context or its toString() returned null. /templates/macros/page/navigation.vm[line 20, column 51]
15:40:24.660 [Test worker] DEBUG org.apache.velocity - VM #includeLead: too few arguments to macro. Wanted 2 got 1
15:40:24.661 [Test worker] DEBUG org.apache.velocity - VM #includeBrief: too few arguments to macro. Wanted 5 got 3
15:40:24.662 [Test worker] DEBUG org.apache.velocity - VM #includeBrief: too few arguments to macro. Wanted 5 got 4
15:40:24.662 [Test worker] DEBUG org.apache.velocity - VM #includeBrief: too few arguments to macro. Wanted 5 got 4
15:40:24.667 [Test worker] DEBUG org.apache.velocity - VM #includeBrief: too few arguments to macro. Wanted 5 got 4
15:40:24.667 [Test worker] DEBUG org.apache.velocity - VM #includeBrief: too few arguments to macro. Wanted 5 got 4
15:40:24.669 [Test worker] DEBUG org.apache.velocity - ResourceManager : found /templates/footer.vm with loader org.apache.velocity.runtime.resource.loader.ClasspathResourceLoader
15:40:24.672 [Test worker] DEBUG org.apache.velocity - CommonsLogLogChute name is 'org.apache.velocity'
15:40:24.672 [Test worker] DEBUG org.apache.velocity - Initializing Velocity, Calling init()...
15:40:24.672 [Test worker] DEBUG org.apache.velocity - Starting Apache Velocity v1.7 (compiled: 2010-11-19 12:14:37)
15:40:24.672 [Test worker] DEBUG org.apache.velocity - Default Properties File: org\apache\velocity\runtime\defaults\velocity.properties
15:40:24.672 [Test worker] DEBUG org.apache.velocity - Trying to use logger class org.apache.velocity.runtime.log.AvalonLogChute
15:40:24.672 [Test worker] DEBUG org.apache.velocity - Target log system for org.apache.velocity.runtime.log.AvalonLogChute is not available (java.lang.NoClassDefFoundError: org/apache/log/format/Formatter).  Falling back to next log system...
15:40:24.672 [Test worker] DEBUG org.apache.velocity - Trying to use logger class org.apache.velocity.runtime.log.Log4JLogChute
15:40:24.672 [Test worker] DEBUG org.apache.velocity - Target log system for org.apache.velocity.runtime.log.Log4JLogChute is not available (java.lang.NoClassDefFoundError: org/apache/log4j/Layout).  Falling back to next log system...
15:40:24.672 [Test worker] DEBUG org.apache.velocity - Trying to use logger class org.apache.velocity.runtime.log.CommonsLogLogChute
15:40:24.672 [Test worker] DEBUG org.apache.velocity - Using logger class org.apache.velocity.runtime.log.CommonsLogLogChute
15:40:24.672 [Test worker] DEBUG org.apache.velocity - ResourceLoader instantiated: org.apache.velocity.runtime.resource.loader.ClasspathResourceLoader
15:40:24.672 [Test worker] DEBUG org.apache.velocity - ResourceCache: initialized (class org.apache.velocity.runtime.resource.ResourceCacheImpl) with class java.util.Collections$SynchronizedMap cache map.
15:40:24.672 [Test worker] DEBUG org.apache.velocity - Loaded System Directive: org.apache.velocity.runtime.directive.Stop
15:40:24.672 [Test worker] DEBUG org.apache.velocity - Loaded System Directive: org.apache.velocity.runtime.directive.Define
15:40:24.672 [Test worker] DEBUG org.apache.velocity - Loaded System Directive: org.apache.velocity.runtime.directive.Break
15:40:24.672 [Test worker] DEBUG org.apache.velocity - Loaded System Directive: org.apache.velocity.runtime.directive.Evaluate
15:40:24.673 [Test worker] DEBUG org.apache.velocity - Loaded System Directive: org.apache.velocity.runtime.directive.Literal
15:40:24.673 [Test worker] DEBUG org.apache.velocity - Loaded System Directive: org.apache.velocity.runtime.directive.Macro
15:40:24.673 [Test worker] DEBUG org.apache.velocity - Loaded System Directive: org.apache.velocity.runtime.directive.Parse
15:40:24.673 [Test worker] DEBUG org.apache.velocity - Loaded System Directive: org.apache.velocity.runtime.directive.Include
15:40:24.673 [Test worker] DEBUG org.apache.velocity - Loaded System Directive: org.apache.velocity.runtime.directive.Foreach
15:40:24.673 [Test worker] DEBUG org.apache.velocity - Created '20' parsers.
15:40:24.673 [Test worker] DEBUG org.apache.velocity - Velocimacro : "velocimacro.library" is not set.  Trying default library: VM_global_library.vm
15:40:24.674 [Test worker] DEBUG org.apache.velocity - Could not load resource 'VM_global_library.vm' from ResourceLoader org.apache.velocity.runtime.resource.loader.ClasspathResourceLoader: ClasspathResourceLoader Error: cannot find resource VM_global_library.vm
15:40:24.674 [Test worker] DEBUG org.apache.velocity - Velocimacro : Default library not found.
15:40:24.674 [Test worker] DEBUG org.apache.velocity - Velocimacro : allowInline = true : VMs can be defined inline in templates
15:40:24.674 [Test worker] DEBUG org.apache.velocity - Velocimacro : allowInlineToOverride = false : VMs defined inline may NOT replace previous VM definitions
15:40:24.674 [Test worker] DEBUG org.apache.velocity - Velocimacro : allowInlineLocal = false : VMs defined inline will be global in scope if allowed.
15:40:24.674 [Test worker] DEBUG org.apache.velocity - Velocimacro : autoload off : VM system will not automatically reload global library macros
15:40:24.675 [Test worker] DEBUG org.apache.velocity - ResourceManager : found templates/generators/reportFeature.vm with loader org.apache.velocity.runtime.resource.loader.ClasspathResourceLoader
15:40:24.677 [Test worker] DEBUG org.apache.velocity - ResourceManager : found /templates/headers.vm with loader org.apache.velocity.runtime.resource.loader.ClasspathResourceLoader
15:40:24.678 [Test worker] DEBUG org.apache.velocity - ResourceManager : found /templates/head.vm with loader org.apache.velocity.runtime.resource.loader.ClasspathResourceLoader
15:40:24.679 [Test worker] DEBUG org.apache.velocity - Velocimacro : added VM stringArray: source=/templates/macros/array.js.vm
15:40:24.679 [Test worker] DEBUG org.apache.velocity - Velocimacro : added VM numberArray: source=/templates/macros/array.js.vm
15:40:24.679 [Test worker] DEBUG org.apache.velocity - ResourceManager : found /templates/macros/array.js.vm with loader org.apache.velocity.runtime.resource.loader.ClasspathResourceLoader
15:40:24.680 [Test worker] DEBUG org.apache.velocity - Velocimacro : added VM includeBuildInfo: source=/templates/macros/page/buildinfo.vm
15:40:24.680 [Test worker] DEBUG org.apache.velocity - ResourceManager : found /templates/macros/page/buildinfo.vm with loader org.apache.velocity.runtime.resource.loader.ClasspathResourceLoader
15:40:24.681 [Test worker] DEBUG org.apache.velocity - Velocimacro : added VM includeClassifications: source=/templates/macros/page/classifications.vm
15:40:24.681 [Test worker] DEBUG org.apache.velocity - ResourceManager : found /templates/macros/page/classifications.vm with loader org.apache.velocity.runtime.resource.loader.ClasspathResourceLoader
15:40:24.683 [Test worker] DEBUG org.apache.velocity - Velocimacro : added VM includeLead: source=/templates/macros/page/lead.vm
15:40:24.683 [Test worker] DEBUG org.apache.velocity - ResourceManager : found /templates/macros/page/lead.vm with loader org.apache.velocity.runtime.resource.loader.ClasspathResourceLoader
15:40:24.684 [Test worker] DEBUG org.apache.velocity - Velocimacro : added VM includeNavigation: source=/templates/macros/page/navigation.vm
15:40:24.684 [Test worker] DEBUG org.apache.velocity - ResourceManager : found /templates/macros/page/navigation.vm with loader org.apache.velocity.runtime.resource.loader.ClasspathResourceLoader
15:40:24.685 [Test worker] DEBUG org.apache.velocity - Velocimacro : added VM includeReportInfo: source=/templates/macros/page/reportInfo.vm
15:40:24.685 [Test worker] DEBUG org.apache.velocity - ResourceManager : found /templates/macros/page/reportInfo.vm with loader org.apache.velocity.runtime.resource.loader.ClasspathResourceLoader
15:40:24.686 [Test worker] DEBUG org.apache.velocity - Velocimacro : added VM includeTitle: source=/templates/macros/page/title.vm
15:40:24.686 [Test worker] DEBUG org.apache.velocity - ResourceManager : found /templates/macros/page/title.vm with loader org.apache.velocity.runtime.resource.loader.ClasspathResourceLoader
15:40:24.687 [Test worker] DEBUG org.apache.velocity - Velocimacro : added VM includeExpandingButtons: source=/templates/macros/report/expandAllButtons.vm
15:40:24.687 [Test worker] DEBUG org.apache.velocity - ResourceManager : found /templates/macros/report/expandAllButtons.vm with loader org.apache.velocity.runtime.resource.loader.ClasspathResourceLoader
15:40:24.688 [Test worker] DEBUG org.apache.velocity - Velocimacro : added VM includeReportTable: source=/templates/macros/report/reportTable.vm
15:40:24.689 [Test worker] DEBUG org.apache.velocity - ResourceManager : found /templates/macros/report/reportTable.vm with loader org.apache.velocity.runtime.resource.loader.ClasspathResourceLoader
15:40:24.690 [Test worker] DEBUG org.apache.velocity - Velocimacro : added VM includeReportHeader: source=/templates/macros/report/reportHeader.vm
15:40:24.690 [Test worker] DEBUG org.apache.velocity - ResourceManager : found /templates/macros/report/reportHeader.vm with loader org.apache.velocity.runtime.resource.loader.ClasspathResourceLoader
15:40:24.691 [Test worker] DEBUG org.apache.velocity - Velocimacro : added VM includeStatsTable: source=/templates/macros/report/statsTable.vm
15:40:24.692 [Test worker] DEBUG org.apache.velocity - ResourceManager : found /templates/macros/report/statsTable.vm with loader org.apache.velocity.runtime.resource.loader.ClasspathResourceLoader
15:40:24.693 [Test worker] DEBUG org.apache.velocity - Velocimacro : added VM includeBrief: source=/templates/macros/json/brief.vm
15:40:24.693 [Test worker] DEBUG org.apache.velocity - ResourceManager : found /templates/macros/json/brief.vm with loader org.apache.velocity.runtime.resource.loader.ClasspathResourceLoader
15:40:24.694 [Test worker] DEBUG org.apache.velocity - Velocimacro : added VM includeDocString: source=/templates/macros/json/docstring.vm
15:40:24.694 [Test worker] DEBUG org.apache.velocity - ResourceManager : found /templates/macros/json/docstring.vm with loader org.apache.velocity.runtime.resource.loader.ClasspathResourceLoader
15:40:24.695 [Test worker] DEBUG org.apache.velocity - Velocimacro : added VM includeDuration: source=/templates/macros/json/duration.vm
15:40:24.695 [Test worker] DEBUG org.apache.velocity - ResourceManager : found /templates/macros/json/duration.vm with loader org.apache.velocity.runtime.resource.loader.ClasspathResourceLoader
15:40:24.696 [Test worker] DEBUG org.apache.velocity - Velocimacro : added VM includeElement: source=/templates/macros/json/element.vm
15:40:24.696 [Test worker] DEBUG org.apache.velocity - ResourceManager : found /templates/macros/json/element.vm with loader org.apache.velocity.runtime.resource.loader.ClasspathResourceLoader
15:40:24.699 [Test worker] DEBUG org.apache.velocity - Velocimacro : added VM includeEmbeddings: source=/templates/macros/json/embeddings.vm
15:40:24.699 [Test worker] DEBUG org.apache.velocity - Velocimacro : added VM includeHtmlEmbedding: source=/templates/macros/json/embeddings.vm
15:40:24.699 [Test worker] DEBUG org.apache.velocity - Velocimacro : added VM includeImageEmbedding: source=/templates/macros/json/embeddings.vm
15:40:24.699 [Test worker] DEBUG org.apache.velocity - Velocimacro : added VM includeImageReferenceEmbedding: source=/templates/macros/json/embeddings.vm
15:40:24.699 [Test worker] DEBUG org.apache.velocity - Velocimacro : added VM includeTextEmbedding: source=/templates/macros/json/embeddings.vm
15:40:24.699 [Test worker] DEBUG org.apache.velocity - Velocimacro : added VM includeUnknownEmbedding: source=/templates/macros/json/embeddings.vm
15:40:24.699 [Test worker] DEBUG org.apache.velocity - ResourceManager : found /templates/macros/json/embeddings.vm with loader org.apache.velocity.runtime.resource.loader.ClasspathResourceLoader
15:40:24.701 [Test worker] DEBUG org.apache.velocity - Velocimacro : added VM includeHooks: source=/templates/macros/json/hooks.vm
15:40:24.701 [Test worker] DEBUG org.apache.velocity - ResourceManager : found /templates/macros/json/hooks.vm with loader org.apache.velocity.runtime.resource.loader.ClasspathResourceLoader
15:40:24.702 [Test worker] DEBUG org.apache.velocity - Velocimacro : added VM includeOutput: source=/templates/macros/json/output.vm
15:40:24.702 [Test worker] DEBUG org.apache.velocity - ResourceManager : found /templates/macros/json/output.vm with loader org.apache.velocity.runtime.resource.loader.ClasspathResourceLoader
15:40:24.703 [Test worker] DEBUG org.apache.velocity - Velocimacro : added VM includeMessage: source=/templates/macros/json/message.vm
15:40:24.703 [Test worker] DEBUG org.apache.velocity - ResourceManager : found /templates/macros/json/message.vm with loader org.apache.velocity.runtime.resource.loader.ClasspathResourceLoader
15:40:24.704 [Test worker] DEBUG org.apache.velocity - Velocimacro : added VM includeSteps: source=/templates/macros/json/steps.vm
15:40:24.704 [Test worker] DEBUG org.apache.velocity - ResourceManager : found /templates/macros/json/steps.vm with loader org.apache.velocity.runtime.resource.loader.ClasspathResourceLoader
15:40:24.705 [Test worker] DEBUG org.apache.velocity - Velocimacro : added VM includeStepName: source=/templates/macros/json/stepName.vm
15:40:24.705 [Test worker] DEBUG org.apache.velocity - ResourceManager : found /templates/macros/json/stepName.vm with loader org.apache.velocity.runtime.resource.loader.ClasspathResourceLoader
15:40:24.706 [Test worker] DEBUG org.apache.velocity - Velocimacro : added VM includeTags: source=/templates/macros/json/tags.vm
15:40:24.706 [Test worker] DEBUG org.apache.velocity - ResourceManager : found /templates/macros/json/tags.vm with loader org.apache.velocity.runtime.resource.loader.ClasspathResourceLoader
15:40:24.707 [Test worker] DEBUG org.apache.velocity - VM #includeNavigation: too few arguments to macro. Wanted 1 got 0
15:40:24.707 [Test worker] DEBUG org.apache.velocity - Left side ($active_tab) of '==' operation has null value. If it is a reference, it may not be in the context or its toString() returned null. /templates/macros/page/navigation.vm[line 14, column 51]
15:40:24.707 [Test worker] DEBUG org.apache.velocity - Left side ($active_tab) of '==' operation has null value. If it is a reference, it may not be in the context or its toString() returned null. /templates/macros/page/navigation.vm[line 15, column 51]
15:40:24.707 [Test worker] DEBUG org.apache.velocity - Left side ($active_tab) of '==' operation has null value. If it is a reference, it may not be in the context or its toString() returned null. /templates/macros/page/navigation.vm[line 16, column 51]
15:40:24.707 [Test worker] DEBUG org.apache.velocity - Left side ($active_tab) of '==' operation has null value. If it is a reference, it may not be in the context or its toString() returned null. /templates/macros/page/navigation.vm[line 20, column 51]
15:40:24.707 [Test worker] DEBUG org.apache.velocity - VM #includeLead: too few arguments to macro. Wanted 2 got 1
15:40:24.708 [Test worker] DEBUG org.apache.velocity - VM #includeBrief: too few arguments to macro. Wanted 5 got 3
15:40:24.709 [Test worker] DEBUG org.apache.velocity - VM #includeBrief: too few arguments to macro. Wanted 5 got 4
15:40:24.709 [Test worker] DEBUG org.apache.velocity - VM #includeBrief: too few arguments to macro. Wanted 5 got 4
15:40:24.713 [Test worker] DEBUG org.apache.velocity - VM #includeBrief: too few arguments to macro. Wanted 5 got 4
15:40:24.713 [Test worker] DEBUG org.apache.velocity - VM #includeBrief: too few arguments to macro. Wanted 5 got 4
15:40:24.717 [Test worker] DEBUG org.apache.velocity - ResourceManager : found /templates/footer.vm with loader org.apache.velocity.runtime.resource.loader.ClasspathResourceLoader
15:40:24.719 [Test worker] DEBUG org.apache.velocity - CommonsLogLogChute name is 'org.apache.velocity'
15:40:24.719 [Test worker] DEBUG org.apache.velocity - Initializing Velocity, Calling init()...
15:40:24.719 [Test worker] DEBUG org.apache.velocity - Starting Apache Velocity v1.7 (compiled: 2010-11-19 12:14:37)
15:40:24.719 [Test worker] DEBUG org.apache.velocity - Default Properties File: org\apache\velocity\runtime\defaults\velocity.properties
15:40:24.719 [Test worker] DEBUG org.apache.velocity - Trying to use logger class org.apache.velocity.runtime.log.AvalonLogChute
15:40:24.719 [Test worker] DEBUG org.apache.velocity - Target log system for org.apache.velocity.runtime.log.AvalonLogChute is not available (java.lang.NoClassDefFoundError: org/apache/log/format/Formatter).  Falling back to next log system...
15:40:24.719 [Test worker] DEBUG org.apache.velocity - Trying to use logger class org.apache.velocity.runtime.log.Log4JLogChute
15:40:24.719 [Test worker] DEBUG org.apache.velocity - Target log system for org.apache.velocity.runtime.log.Log4JLogChute is not available (java.lang.NoClassDefFoundError: org/apache/log4j/Layout).  Falling back to next log system...
15:40:24.719 [Test worker] DEBUG org.apache.velocity - Trying to use logger class org.apache.velocity.runtime.log.CommonsLogLogChute
15:40:24.719 [Test worker] DEBUG org.apache.velocity - Using logger class org.apache.velocity.runtime.log.CommonsLogLogChute
15:40:24.719 [Test worker] DEBUG org.apache.velocity - ResourceLoader instantiated: org.apache.velocity.runtime.resource.loader.ClasspathResourceLoader
15:40:24.720 [Test worker] DEBUG org.apache.velocity - ResourceCache: initialized (class org.apache.velocity.runtime.resource.ResourceCacheImpl) with class java.util.Collections$SynchronizedMap cache map.
15:40:24.720 [Test worker] DEBUG org.apache.velocity - Loaded System Directive: org.apache.velocity.runtime.directive.Stop
15:40:24.720 [Test worker] DEBUG org.apache.velocity - Loaded System Directive: org.apache.velocity.runtime.directive.Define
15:40:24.720 [Test worker] DEBUG org.apache.velocity - Loaded System Directive: org.apache.velocity.runtime.directive.Break
15:40:24.720 [Test worker] DEBUG org.apache.velocity - Loaded System Directive: org.apache.velocity.runtime.directive.Evaluate
15:40:24.720 [Test worker] DEBUG org.apache.velocity - Loaded System Directive: org.apache.velocity.runtime.directive.Literal
15:40:24.720 [Test worker] DEBUG org.apache.velocity - Loaded System Directive: org.apache.velocity.runtime.directive.Macro
15:40:24.720 [Test worker] DEBUG org.apache.velocity - Loaded System Directive: org.apache.velocity.runtime.directive.Parse
15:40:24.720 [Test worker] DEBUG org.apache.velocity - Loaded System Directive: org.apache.velocity.runtime.directive.Include
15:40:24.721 [Test worker] DEBUG org.apache.velocity - Loaded System Directive: org.apache.velocity.runtime.directive.Foreach
15:40:24.722 [Test worker] DEBUG org.apache.velocity - Created '20' parsers.
15:40:24.722 [Test worker] DEBUG org.apache.velocity - Velocimacro : "velocimacro.library" is not set.  Trying default library: VM_global_library.vm
15:40:24.722 [Test worker] DEBUG org.apache.velocity - Could not load resource 'VM_global_library.vm' from ResourceLoader org.apache.velocity.runtime.resource.loader.ClasspathResourceLoader: ClasspathResourceLoader Error: cannot find resource VM_global_library.vm
15:40:24.722 [Test worker] DEBUG org.apache.velocity - Velocimacro : Default library not found.
15:40:24.722 [Test worker] DEBUG org.apache.velocity - Velocimacro : allowInline = true : VMs can be defined inline in templates
15:40:24.722 [Test worker] DEBUG org.apache.velocity - Velocimacro : allowInlineToOverride = false : VMs defined inline may NOT replace previous VM definitions
15:40:24.722 [Test worker] DEBUG org.apache.velocity - Velocimacro : allowInlineLocal = false : VMs defined inline will be global in scope if allowed.
15:40:24.722 [Test worker] DEBUG org.apache.velocity - Velocimacro : autoload off : VM system will not automatically reload global library macros
15:40:24.724 [Test worker] DEBUG org.apache.velocity - ResourceManager : found templates/generators/reportFeature.vm with loader org.apache.velocity.runtime.resource.loader.ClasspathResourceLoader
15:40:24.725 [Test worker] DEBUG org.apache.velocity - ResourceManager : found /templates/headers.vm with loader org.apache.velocity.runtime.resource.loader.ClasspathResourceLoader
15:40:24.727 [Test worker] DEBUG org.apache.velocity - ResourceManager : found /templates/head.vm with loader org.apache.velocity.runtime.resource.loader.ClasspathResourceLoader
15:40:24.727 [Test worker] DEBUG org.apache.velocity - Velocimacro : added VM stringArray: source=/templates/macros/array.js.vm
15:40:24.728 [Test worker] DEBUG org.apache.velocity - Velocimacro : added VM numberArray: source=/templates/macros/array.js.vm
15:40:24.728 [Test worker] DEBUG org.apache.velocity - ResourceManager : found /templates/macros/array.js.vm with loader org.apache.velocity.runtime.resource.loader.ClasspathResourceLoader
15:40:24.729 [Test worker] DEBUG org.apache.velocity - Velocimacro : added VM includeBuildInfo: source=/templates/macros/page/buildinfo.vm
15:40:24.729 [Test worker] DEBUG org.apache.velocity - ResourceManager : found /templates/macros/page/buildinfo.vm with loader org.apache.velocity.runtime.resource.loader.ClasspathResourceLoader
15:40:24.730 [Test worker] DEBUG org.apache.velocity - Velocimacro : added VM includeClassifications: source=/templates/macros/page/classifications.vm
15:40:24.731 [Test worker] DEBUG org.apache.velocity - ResourceManager : found /templates/macros/page/classifications.vm with loader org.apache.velocity.runtime.resource.loader.ClasspathResourceLoader
15:40:24.732 [Test worker] DEBUG org.apache.velocity - Velocimacro : added VM includeLead: source=/templates/macros/page/lead.vm
15:40:24.732 [Test worker] DEBUG org.apache.velocity - ResourceManager : found /templates/macros/page/lead.vm with loader org.apache.velocity.runtime.resource.loader.ClasspathResourceLoader
15:40:24.734 [Test worker] DEBUG org.apache.velocity - Velocimacro : added VM includeNavigation: source=/templates/macros/page/navigation.vm
15:40:24.734 [Test worker] DEBUG org.apache.velocity - ResourceManager : found /templates/macros/page/navigation.vm with loader org.apache.velocity.runtime.resource.loader.ClasspathResourceLoader
15:40:24.735 [Test worker] DEBUG org.apache.velocity - Velocimacro : added VM includeReportInfo: source=/templates/macros/page/reportInfo.vm
15:40:24.735 [Test worker] DEBUG org.apache.velocity - ResourceManager : found /templates/macros/page/reportInfo.vm with loader org.apache.velocity.runtime.resource.loader.ClasspathResourceLoader
15:40:24.736 [Test worker] DEBUG org.apache.velocity - Velocimacro : added VM includeTitle: source=/templates/macros/page/title.vm
15:40:24.736 [Test worker] DEBUG org.apache.velocity - ResourceManager : found /templates/macros/page/title.vm with loader org.apache.velocity.runtime.resource.loader.ClasspathResourceLoader
15:40:24.736 [Test worker] DEBUG org.apache.velocity - Velocimacro : added VM includeExpandingButtons: source=/templates/macros/report/expandAllButtons.vm
15:40:24.736 [Test worker] DEBUG org.apache.velocity - ResourceManager : found /templates/macros/report/expandAllButtons.vm with loader org.apache.velocity.runtime.resource.loader.ClasspathResourceLoader
15:40:24.738 [Test worker] DEBUG org.apache.velocity - Velocimacro : added VM includeReportTable: source=/templates/macros/report/reportTable.vm
15:40:24.738 [Test worker] DEBUG org.apache.velocity - ResourceManager : found /templates/macros/report/reportTable.vm with loader org.apache.velocity.runtime.resource.loader.ClasspathResourceLoader
15:40:24.738 [Test worker] DEBUG org.apache.velocity - Velocimacro : added VM includeReportHeader: source=/templates/macros/report/reportHeader.vm
15:40:24.738 [Test worker] DEBUG org.apache.velocity - ResourceManager : found /templates/macros/report/reportHeader.vm with loader org.apache.velocity.runtime.resource.loader.ClasspathResourceLoader
15:40:24.740 [Test worker] DEBUG org.apache.velocity - Velocimacro : added VM includeStatsTable: source=/templates/macros/report/statsTable.vm
15:40:24.740 [Test worker] DEBUG org.apache.velocity - ResourceManager : found /templates/macros/report/statsTable.vm with loader org.apache.velocity.runtime.resource.loader.ClasspathResourceLoader
15:40:24.741 [Test worker] DEBUG org.apache.velocity - Velocimacro : added VM includeBrief: source=/templates/macros/json/brief.vm
15:40:24.741 [Test worker] DEBUG org.apache.velocity - ResourceManager : found /templates/macros/json/brief.vm with loader org.apache.velocity.runtime.resource.loader.ClasspathResourceLoader
15:40:24.742 [Test worker] DEBUG org.apache.velocity - Velocimacro : added VM includeDocString: source=/templates/macros/json/docstring.vm
15:40:24.742 [Test worker] DEBUG org.apache.velocity - ResourceManager : found /templates/macros/json/docstring.vm with loader org.apache.velocity.runtime.resource.loader.ClasspathResourceLoader
15:40:24.743 [Test worker] DEBUG org.apache.velocity - Velocimacro : added VM includeDuration: source=/templates/macros/json/duration.vm
15:40:24.743 [Test worker] DEBUG org.apache.velocity - ResourceManager : found /templates/macros/json/duration.vm with loader org.apache.velocity.runtime.resource.loader.ClasspathResourceLoader
15:40:24.744 [Test worker] DEBUG org.apache.velocity - Velocimacro : added VM includeElement: source=/templates/macros/json/element.vm
15:40:24.744 [Test worker] DEBUG org.apache.velocity - ResourceManager : found /templates/macros/json/element.vm with loader org.apache.velocity.runtime.resource.loader.ClasspathResourceLoader
15:40:24.747 [Test worker] DEBUG org.apache.velocity - Velocimacro : added VM includeEmbeddings: source=/templates/macros/json/embeddings.vm
15:40:24.747 [Test worker] DEBUG org.apache.velocity - Velocimacro : added VM includeHtmlEmbedding: source=/templates/macros/json/embeddings.vm
15:40:24.747 [Test worker] DEBUG org.apache.velocity - Velocimacro : added VM includeImageEmbedding: source=/templates/macros/json/embeddings.vm
15:40:24.748 [Test worker] DEBUG org.apache.velocity - Velocimacro : added VM includeImageReferenceEmbedding: source=/templates/macros/json/embeddings.vm
15:40:24.749 [Test worker] DEBUG org.apache.velocity - Velocimacro : added VM includeTextEmbedding: source=/templates/macros/json/embeddings.vm
15:40:24.749 [Test worker] DEBUG org.apache.velocity - Velocimacro : added VM includeUnknownEmbedding: source=/templates/macros/json/embeddings.vm
15:40:24.749 [Test worker] DEBUG org.apache.velocity - ResourceManager : found /templates/macros/json/embeddings.vm with loader org.apache.velocity.runtime.resource.loader.ClasspathResourceLoader
15:40:24.767 [Test worker] DEBUG org.apache.velocity - Velocimacro : added VM includeHooks: source=/templates/macros/json/hooks.vm
15:40:24.767 [Test worker] DEBUG org.apache.velocity - ResourceManager : found /templates/macros/json/hooks.vm with loader org.apache.velocity.runtime.resource.loader.ClasspathResourceLoader
15:40:24.771 [Test worker] DEBUG org.apache.velocity - Velocimacro : added VM includeOutput: source=/templates/macros/json/output.vm
15:40:24.771 [Finalizer] DEBUG org.apache.http.impl.conn.PoolingHttpClientConnectionManager - Connection manager is shutting down
15:40:24.771 [Test worker] DEBUG org.apache.velocity - ResourceManager : found /templates/macros/json/output.vm with loader org.apache.velocity.runtime.resource.loader.ClasspathResourceLoader
15:40:24.772 [Finalizer] DEBUG org.apache.http.impl.conn.DefaultManagedHttpClientConnection - http-outgoing-20: Close connection
15:40:24.772 [Finalizer] DEBUG org.apache.http.impl.conn.PoolingHttpClientConnectionManager - Connection manager shut down
15:40:24.773 [Finalizer] DEBUG org.apache.http.impl.conn.PoolingHttpClientConnectionManager - Connection manager is shutting down
15:40:24.773 [Finalizer] DEBUG org.apache.http.impl.conn.DefaultManagedHttpClientConnection - http-outgoing-21: Close connection
15:40:24.774 [Finalizer] DEBUG org.apache.http.impl.conn.PoolingHttpClientConnectionManager - Connection manager shut down
15:40:24.774 [Finalizer] DEBUG org.apache.http.impl.conn.PoolingHttpClientConnectionManager - Connection manager is shutting down
15:40:24.774 [Finalizer] DEBUG org.apache.http.impl.conn.DefaultManagedHttpClientConnection - http-outgoing-22: Close connection
15:40:24.774 [Test worker] DEBUG org.apache.velocity - Velocimacro : added VM includeMessage: source=/templates/macros/json/message.vm
15:40:24.774 [Test worker] DEBUG org.apache.velocity - ResourceManager : found /templates/macros/json/message.vm with loader org.apache.velocity.runtime.resource.loader.ClasspathResourceLoader
15:40:24.775 [Finalizer] DEBUG org.apache.http.impl.conn.PoolingHttpClientConnectionManager - Connection manager shut down
15:40:24.775 [Finalizer] DEBUG org.apache.http.impl.conn.PoolingHttpClientConnectionManager - Connection manager is shutting down
15:40:24.775 [Finalizer] DEBUG org.apache.http.impl.conn.DefaultManagedHttpClientConnection - http-outgoing-23: Close connection
15:40:24.777 [Finalizer] DEBUG org.apache.http.impl.conn.PoolingHttpClientConnectionManager - Connection manager shut down
15:40:24.778 [Test worker] DEBUG org.apache.velocity - Velocimacro : added VM includeSteps: source=/templates/macros/json/steps.vm
15:40:24.778 [Test worker] DEBUG org.apache.velocity - ResourceManager : found /templates/macros/json/steps.vm with loader org.apache.velocity.runtime.resource.loader.ClasspathResourceLoader
15:40:24.779 [Test worker] DEBUG org.apache.velocity - Velocimacro : added VM includeStepName: source=/templates/macros/json/stepName.vm
15:40:24.779 [Test worker] DEBUG org.apache.velocity - ResourceManager : found /templates/macros/json/stepName.vm with loader org.apache.velocity.runtime.resource.loader.ClasspathResourceLoader
15:40:24.780 [Test worker] DEBUG org.apache.velocity - Velocimacro : added VM includeTags: source=/templates/macros/json/tags.vm
15:40:24.780 [Test worker] DEBUG org.apache.velocity - ResourceManager : found /templates/macros/json/tags.vm with loader org.apache.velocity.runtime.resource.loader.ClasspathResourceLoader
15:40:24.780 [Test worker] DEBUG org.apache.velocity - VM #includeNavigation: too few arguments to macro. Wanted 1 got 0
15:40:24.781 [Test worker] DEBUG org.apache.velocity - Left side ($active_tab) of '==' operation has null value. If it is a reference, it may not be in the context or its toString() returned null. /templates/macros/page/navigation.vm[line 14, column 51]
15:40:24.781 [Test worker] DEBUG org.apache.velocity - Left side ($active_tab) of '==' operation has null value. If it is a reference, it may not be in the context or its toString() returned null. /templates/macros/page/navigation.vm[line 15, column 51]
15:40:24.781 [Test worker] DEBUG org.apache.velocity - Left side ($active_tab) of '==' operation has null value. If it is a reference, it may not be in the context or its toString() returned null. /templates/macros/page/navigation.vm[line 16, column 51]
15:40:24.781 [Test worker] DEBUG org.apache.velocity - Left side ($active_tab) of '==' operation has null value. If it is a reference, it may not be in the context or its toString() returned null. /templates/macros/page/navigation.vm[line 20, column 51]
15:40:24.781 [Test worker] DEBUG org.apache.velocity - VM #includeLead: too few arguments to macro. Wanted 2 got 1
15:40:24.782 [Test worker] DEBUG org.apache.velocity - VM #includeBrief: too few arguments to macro. Wanted 5 got 3
15:40:24.782 [Test worker] DEBUG org.apache.velocity - VM #includeBrief: too few arguments to macro. Wanted 5 got 4
15:40:24.783 [Test worker] DEBUG org.apache.velocity - VM #includeBrief: too few arguments to macro. Wanted 5 got 4
15:40:24.787 [Test worker] DEBUG org.apache.velocity - VM #includeBrief: too few arguments to macro. Wanted 5 got 4
15:40:24.788 [Test worker] DEBUG org.apache.velocity - VM #includeBrief: too few arguments to macro. Wanted 5 got 4
15:40:24.791 [Test worker] DEBUG org.apache.velocity - ResourceManager : found /templates/footer.vm with loader org.apache.velocity.runtime.resource.loader.ClasspathResourceLoader
15:40:24.793 [Test worker] DEBUG org.apache.velocity - CommonsLogLogChute name is 'org.apache.velocity'
15:40:24.793 [Test worker] DEBUG org.apache.velocity - Initializing Velocity, Calling init()...
15:40:24.793 [Test worker] DEBUG org.apache.velocity - Starting Apache Velocity v1.7 (compiled: 2010-11-19 12:14:37)
15:40:24.793 [Test worker] DEBUG org.apache.velocity - Default Properties File: org\apache\velocity\runtime\defaults\velocity.properties
15:40:24.794 [Test worker] DEBUG org.apache.velocity - Trying to use logger class org.apache.velocity.runtime.log.AvalonLogChute
15:40:24.794 [Test worker] DEBUG org.apache.velocity - Target log system for org.apache.velocity.runtime.log.AvalonLogChute is not available (java.lang.NoClassDefFoundError: org/apache/log/format/Formatter).  Falling back to next log system...
15:40:24.794 [Test worker] DEBUG org.apache.velocity - Trying to use logger class org.apache.velocity.runtime.log.Log4JLogChute
15:40:24.794 [Test worker] DEBUG org.apache.velocity - Target log system for org.apache.velocity.runtime.log.Log4JLogChute is not available (java.lang.NoClassDefFoundError: org/apache/log4j/Layout).  Falling back to next log system...
15:40:24.794 [Test worker] DEBUG org.apache.velocity - Trying to use logger class org.apache.velocity.runtime.log.CommonsLogLogChute
15:40:24.794 [Test worker] DEBUG org.apache.velocity - Using logger class org.apache.velocity.runtime.log.CommonsLogLogChute
15:40:24.794 [Test worker] DEBUG org.apache.velocity - ResourceLoader instantiated: org.apache.velocity.runtime.resource.loader.ClasspathResourceLoader
15:40:24.794 [Test worker] DEBUG org.apache.velocity - ResourceCache: initialized (class org.apache.velocity.runtime.resource.ResourceCacheImpl) with class java.util.Collections$SynchronizedMap cache map.
15:40:24.796 [Test worker] DEBUG org.apache.velocity - Loaded System Directive: org.apache.velocity.runtime.directive.Stop
15:40:24.796 [Test worker] DEBUG org.apache.velocity - Loaded System Directive: org.apache.velocity.runtime.directive.Define
15:40:24.796 [Test worker] DEBUG org.apache.velocity - Loaded System Directive: org.apache.velocity.runtime.directive.Break
15:40:24.796 [Test worker] DEBUG org.apache.velocity - Loaded System Directive: org.apache.velocity.runtime.directive.Evaluate
15:40:24.797 [Test worker] DEBUG org.apache.velocity - Loaded System Directive: org.apache.velocity.runtime.directive.Literal
15:40:24.797 [Test worker] DEBUG org.apache.velocity - Loaded System Directive: org.apache.velocity.runtime.directive.Macro
15:40:24.797 [Test worker] DEBUG org.apache.velocity - Loaded System Directive: org.apache.velocity.runtime.directive.Parse
15:40:24.797 [Test worker] DEBUG org.apache.velocity - Loaded System Directive: org.apache.velocity.runtime.directive.Include
15:40:24.797 [Test worker] DEBUG org.apache.velocity - Loaded System Directive: org.apache.velocity.runtime.directive.Foreach
15:40:24.799 [Test worker] DEBUG org.apache.velocity - Created '20' parsers.
15:40:24.799 [Test worker] DEBUG org.apache.velocity - Velocimacro : "velocimacro.library" is not set.  Trying default library: VM_global_library.vm
15:40:24.800 [Test worker] DEBUG org.apache.velocity - Could not load resource 'VM_global_library.vm' from ResourceLoader org.apache.velocity.runtime.resource.loader.ClasspathResourceLoader: ClasspathResourceLoader Error: cannot find resource VM_global_library.vm
15:40:24.800 [Test worker] DEBUG org.apache.velocity - Velocimacro : Default library not found.
15:40:24.800 [Test worker] DEBUG org.apache.velocity - Velocimacro : allowInline = true : VMs can be defined inline in templates
15:40:24.800 [Test worker] DEBUG org.apache.velocity - Velocimacro : allowInlineToOverride = false : VMs defined inline may NOT replace previous VM definitions
15:40:24.800 [Test worker] DEBUG org.apache.velocity - Velocimacro : allowInlineLocal = false : VMs defined inline will be global in scope if allowed.
15:40:24.800 [Test worker] DEBUG org.apache.velocity - Velocimacro : autoload off : VM system will not automatically reload global library macros
15:40:24.801 [Test worker] DEBUG org.apache.velocity - ResourceManager : found templates/generators/reportFeature.vm with loader org.apache.velocity.runtime.resource.loader.ClasspathResourceLoader
15:40:24.803 [Test worker] DEBUG org.apache.velocity - ResourceManager : found /templates/headers.vm with loader org.apache.velocity.runtime.resource.loader.ClasspathResourceLoader
15:40:24.803 [Test worker] DEBUG org.apache.velocity - ResourceManager : found /templates/head.vm with loader org.apache.velocity.runtime.resource.loader.ClasspathResourceLoader
15:40:24.804 [Test worker] DEBUG org.apache.velocity - Velocimacro : added VM stringArray: source=/templates/macros/array.js.vm
15:40:24.804 [Test worker] DEBUG org.apache.velocity - Velocimacro : added VM numberArray: source=/templates/macros/array.js.vm
15:40:24.804 [Test worker] DEBUG org.apache.velocity - ResourceManager : found /templates/macros/array.js.vm with loader org.apache.velocity.runtime.resource.loader.ClasspathResourceLoader
15:40:24.805 [Test worker] DEBUG org.apache.velocity - Velocimacro : added VM includeBuildInfo: source=/templates/macros/page/buildinfo.vm
15:40:24.805 [Test worker] DEBUG org.apache.velocity - ResourceManager : found /templates/macros/page/buildinfo.vm with loader org.apache.velocity.runtime.resource.loader.ClasspathResourceLoader
15:40:24.806 [Test worker] DEBUG org.apache.velocity - Velocimacro : added VM includeClassifications: source=/templates/macros/page/classifications.vm
15:40:24.806 [Test worker] DEBUG org.apache.velocity - ResourceManager : found /templates/macros/page/classifications.vm with loader org.apache.velocity.runtime.resource.loader.ClasspathResourceLoader
15:40:24.807 [Test worker] DEBUG org.apache.velocity - Velocimacro : added VM includeLead: source=/templates/macros/page/lead.vm
15:40:24.807 [Test worker] DEBUG org.apache.velocity - ResourceManager : found /templates/macros/page/lead.vm with loader org.apache.velocity.runtime.resource.loader.ClasspathResourceLoader
15:40:24.808 [Test worker] DEBUG org.apache.velocity - Velocimacro : added VM includeNavigation: source=/templates/macros/page/navigation.vm
15:40:24.808 [Test worker] DEBUG org.apache.velocity - ResourceManager : found /templates/macros/page/navigation.vm with loader org.apache.velocity.runtime.resource.loader.ClasspathResourceLoader
15:40:24.809 [Test worker] DEBUG org.apache.velocity - Velocimacro : added VM includeReportInfo: source=/templates/macros/page/reportInfo.vm
15:40:24.809 [Test worker] DEBUG org.apache.velocity - ResourceManager : found /templates/macros/page/reportInfo.vm with loader org.apache.velocity.runtime.resource.loader.ClasspathResourceLoader
15:40:24.810 [Test worker] DEBUG org.apache.velocity - Velocimacro : added VM includeTitle: source=/templates/macros/page/title.vm
15:40:24.810 [Test worker] DEBUG org.apache.velocity - ResourceManager : found /templates/macros/page/title.vm with loader org.apache.velocity.runtime.resource.loader.ClasspathResourceLoader
15:40:24.810 [Test worker] DEBUG org.apache.velocity - Velocimacro : added VM includeExpandingButtons: source=/templates/macros/report/expandAllButtons.vm
15:40:24.810 [Test worker] DEBUG org.apache.velocity - ResourceManager : found /templates/macros/report/expandAllButtons.vm with loader org.apache.velocity.runtime.resource.loader.ClasspathResourceLoader
15:40:24.812 [Test worker] DEBUG org.apache.velocity - Velocimacro : added VM includeReportTable: source=/templates/macros/report/reportTable.vm
15:40:24.812 [Test worker] DEBUG org.apache.velocity - ResourceManager : found /templates/macros/report/reportTable.vm with loader org.apache.velocity.runtime.resource.loader.ClasspathResourceLoader
15:40:24.813 [Test worker] DEBUG org.apache.velocity - Velocimacro : added VM includeReportHeader: source=/templates/macros/report/reportHeader.vm
15:40:24.813 [Test worker] DEBUG org.apache.velocity - ResourceManager : found /templates/macros/report/reportHeader.vm with loader org.apache.velocity.runtime.resource.loader.ClasspathResourceLoader
15:40:24.815 [Test worker] DEBUG org.apache.velocity - Velocimacro : added VM includeStatsTable: source=/templates/macros/report/statsTable.vm
15:40:24.815 [Test worker] DEBUG org.apache.velocity - ResourceManager : found /templates/macros/report/statsTable.vm with loader org.apache.velocity.runtime.resource.loader.ClasspathResourceLoader
15:40:24.816 [Test worker] DEBUG org.apache.velocity - Velocimacro : added VM includeBrief: source=/templates/macros/json/brief.vm
15:40:24.816 [Test worker] DEBUG org.apache.velocity - ResourceManager : found /templates/macros/json/brief.vm with loader org.apache.velocity.runtime.resource.loader.ClasspathResourceLoader
15:40:24.817 [Test worker] DEBUG org.apache.velocity - Velocimacro : added VM includeDocString: source=/templates/macros/json/docstring.vm
15:40:24.817 [Test worker] DEBUG org.apache.velocity - ResourceManager : found /templates/macros/json/docstring.vm with loader org.apache.velocity.runtime.resource.loader.ClasspathResourceLoader
15:40:24.818 [Test worker] DEBUG org.apache.velocity - Velocimacro : added VM includeDuration: source=/templates/macros/json/duration.vm
15:40:24.818 [Test worker] DEBUG org.apache.velocity - ResourceManager : found /templates/macros/json/duration.vm with loader org.apache.velocity.runtime.resource.loader.ClasspathResourceLoader
15:40:24.819 [Test worker] DEBUG org.apache.velocity - Velocimacro : added VM includeElement: source=/templates/macros/json/element.vm
15:40:24.819 [Test worker] DEBUG org.apache.velocity - ResourceManager : found /templates/macros/json/element.vm with loader org.apache.velocity.runtime.resource.loader.ClasspathResourceLoader
15:40:24.820 [Test worker] DEBUG org.apache.velocity - Velocimacro : added VM includeEmbeddings: source=/templates/macros/json/embeddings.vm
15:40:24.820 [Test worker] DEBUG org.apache.velocity - Velocimacro : added VM includeHtmlEmbedding: source=/templates/macros/json/embeddings.vm
15:40:24.820 [Test worker] DEBUG org.apache.velocity - Velocimacro : added VM includeImageEmbedding: source=/templates/macros/json/embeddings.vm
15:40:24.821 [Test worker] DEBUG org.apache.velocity - Velocimacro : added VM includeImageReferenceEmbedding: source=/templates/macros/json/embeddings.vm
15:40:24.821 [Test worker] DEBUG org.apache.velocity - Velocimacro : added VM includeTextEmbedding: source=/templates/macros/json/embeddings.vm
15:40:24.821 [Test worker] DEBUG org.apache.velocity - Velocimacro : added VM includeUnknownEmbedding: source=/templates/macros/json/embeddings.vm
15:40:24.821 [Test worker] DEBUG org.apache.velocity - ResourceManager : found /templates/macros/json/embeddings.vm with loader org.apache.velocity.runtime.resource.loader.ClasspathResourceLoader
15:40:24.822 [Test worker] DEBUG org.apache.velocity - Velocimacro : added VM includeHooks: source=/templates/macros/json/hooks.vm
15:40:24.822 [Test worker] DEBUG org.apache.velocity - ResourceManager : found /templates/macros/json/hooks.vm with loader org.apache.velocity.runtime.resource.loader.ClasspathResourceLoader
15:40:24.823 [Test worker] DEBUG org.apache.velocity - Velocimacro : added VM includeOutput: source=/templates/macros/json/output.vm
15:40:24.823 [Test worker] DEBUG org.apache.velocity - ResourceManager : found /templates/macros/json/output.vm with loader org.apache.velocity.runtime.resource.loader.ClasspathResourceLoader
15:40:24.824 [Test worker] DEBUG org.apache.velocity - Velocimacro : added VM includeMessage: source=/templates/macros/json/message.vm
15:40:24.824 [Test worker] DEBUG org.apache.velocity - ResourceManager : found /templates/macros/json/message.vm with loader org.apache.velocity.runtime.resource.loader.ClasspathResourceLoader
15:40:24.825 [Test worker] DEBUG org.apache.velocity - Velocimacro : added VM includeSteps: source=/templates/macros/json/steps.vm
15:40:24.825 [Test worker] DEBUG org.apache.velocity - ResourceManager : found /templates/macros/json/steps.vm with loader org.apache.velocity.runtime.resource.loader.ClasspathResourceLoader
15:40:24.825 [Test worker] DEBUG org.apache.velocity - Velocimacro : added VM includeStepName: source=/templates/macros/json/stepName.vm
15:40:24.825 [Test worker] DEBUG org.apache.velocity - ResourceManager : found /templates/macros/json/stepName.vm with loader org.apache.velocity.runtime.resource.loader.ClasspathResourceLoader
15:40:24.826 [Test worker] DEBUG org.apache.velocity - Velocimacro : added VM includeTags: source=/templates/macros/json/tags.vm
15:40:24.826 [Test worker] DEBUG org.apache.velocity - ResourceManager : found /templates/macros/json/tags.vm with loader org.apache.velocity.runtime.resource.loader.ClasspathResourceLoader
15:40:24.827 [Test worker] DEBUG org.apache.velocity - VM #includeNavigation: too few arguments to macro. Wanted 1 got 0
15:40:24.827 [Test worker] DEBUG org.apache.velocity - Left side ($active_tab) of '==' operation has null value. If it is a reference, it may not be in the context or its toString() returned null. /templates/macros/page/navigation.vm[line 14, column 51]
15:40:24.827 [Test worker] DEBUG org.apache.velocity - Left side ($active_tab) of '==' operation has null value. If it is a reference, it may not be in the context or its toString() returned null. /templates/macros/page/navigation.vm[line 15, column 51]
15:40:24.827 [Test worker] DEBUG org.apache.velocity - Left side ($active_tab) of '==' operation has null value. If it is a reference, it may not be in the context or its toString() returned null. /templates/macros/page/navigation.vm[line 16, column 51]
15:40:24.827 [Test worker] DEBUG org.apache.velocity - Left side ($active_tab) of '==' operation has null value. If it is a reference, it may not be in the context or its toString() returned null. /templates/macros/page/navigation.vm[line 20, column 51]
15:40:24.827 [Test worker] DEBUG org.apache.velocity - VM #includeLead: too few arguments to macro. Wanted 2 got 1
15:40:24.828 [Test worker] DEBUG org.apache.velocity - VM #includeBrief: too few arguments to macro. Wanted 5 got 3
15:40:24.828 [Test worker] DEBUG org.apache.velocity - VM #includeBrief: too few arguments to macro. Wanted 5 got 4
15:40:24.829 [Test worker] DEBUG org.apache.velocity - VM #includeBrief: too few arguments to macro. Wanted 5 got 4
15:40:24.834 [Test worker] DEBUG org.apache.velocity - VM #includeBrief: too few arguments to macro. Wanted 5 got 4
15:40:24.835 [Test worker] DEBUG org.apache.velocity - VM #includeBrief: too few arguments to macro. Wanted 5 got 4
15:40:24.836 [Test worker] DEBUG org.apache.velocity - ResourceManager : found /templates/footer.vm with loader org.apache.velocity.runtime.resource.loader.ClasspathResourceLoader
15:40:24.839 [Test worker] DEBUG org.apache.velocity - CommonsLogLogChute name is 'org.apache.velocity'
15:40:24.839 [Test worker] DEBUG org.apache.velocity - Initializing Velocity, Calling init()...
15:40:24.839 [Test worker] DEBUG org.apache.velocity - Starting Apache Velocity v1.7 (compiled: 2010-11-19 12:14:37)
15:40:24.839 [Test worker] DEBUG org.apache.velocity - Default Properties File: org\apache\velocity\runtime\defaults\velocity.properties
15:40:24.839 [Test worker] DEBUG org.apache.velocity - Trying to use logger class org.apache.velocity.runtime.log.AvalonLogChute
15:40:24.839 [Test worker] DEBUG org.apache.velocity - Target log system for org.apache.velocity.runtime.log.AvalonLogChute is not available (java.lang.NoClassDefFoundError: org/apache/log/format/Formatter).  Falling back to next log system...
15:40:24.839 [Test worker] DEBUG org.apache.velocity - Trying to use logger class org.apache.velocity.runtime.log.Log4JLogChute
15:40:24.839 [Test worker] DEBUG org.apache.velocity - Target log system for org.apache.velocity.runtime.log.Log4JLogChute is not available (java.lang.NoClassDefFoundError: org/apache/log4j/Layout).  Falling back to next log system...
15:40:24.839 [Test worker] DEBUG org.apache.velocity - Trying to use logger class org.apache.velocity.runtime.log.CommonsLogLogChute
15:40:24.839 [Test worker] DEBUG org.apache.velocity - Using logger class org.apache.velocity.runtime.log.CommonsLogLogChute
15:40:24.839 [Test worker] DEBUG org.apache.velocity - ResourceLoader instantiated: org.apache.velocity.runtime.resource.loader.ClasspathResourceLoader
15:40:24.839 [Test worker] DEBUG org.apache.velocity - ResourceCache: initialized (class org.apache.velocity.runtime.resource.ResourceCacheImpl) with class java.util.Collections$SynchronizedMap cache map.
15:40:24.839 [Test worker] DEBUG org.apache.velocity - Loaded System Directive: org.apache.velocity.runtime.directive.Stop
15:40:24.839 [Test worker] DEBUG org.apache.velocity - Loaded System Directive: org.apache.velocity.runtime.directive.Define
15:40:24.839 [Test worker] DEBUG org.apache.velocity - Loaded System Directive: org.apache.velocity.runtime.directive.Break
15:40:24.839 [Test worker] DEBUG org.apache.velocity - Loaded System Directive: org.apache.velocity.runtime.directive.Evaluate
15:40:24.839 [Test worker] DEBUG org.apache.velocity - Loaded System Directive: org.apache.velocity.runtime.directive.Literal
15:40:24.839 [Test worker] DEBUG org.apache.velocity - Loaded System Directive: org.apache.velocity.runtime.directive.Macro
15:40:24.839 [Test worker] DEBUG org.apache.velocity - Loaded System Directive: org.apache.velocity.runtime.directive.Parse
15:40:24.839 [Test worker] DEBUG org.apache.velocity - Loaded System Directive: org.apache.velocity.runtime.directive.Include
15:40:24.840 [Test worker] DEBUG org.apache.velocity - Loaded System Directive: org.apache.velocity.runtime.directive.Foreach
15:40:24.840 [Test worker] DEBUG org.apache.velocity - Created '20' parsers.
15:40:24.841 [Test worker] DEBUG org.apache.velocity - Velocimacro : "velocimacro.library" is not set.  Trying default library: VM_global_library.vm
15:40:24.841 [Test worker] DEBUG org.apache.velocity - Could not load resource 'VM_global_library.vm' from ResourceLoader org.apache.velocity.runtime.resource.loader.ClasspathResourceLoader: ClasspathResourceLoader Error: cannot find resource VM_global_library.vm
15:40:24.841 [Test worker] DEBUG org.apache.velocity - Velocimacro : Default library not found.
15:40:24.841 [Test worker] DEBUG org.apache.velocity - Velocimacro : allowInline = true : VMs can be defined inline in templates
15:40:24.841 [Test worker] DEBUG org.apache.velocity - Velocimacro : allowInlineToOverride = false : VMs defined inline may NOT replace previous VM definitions
15:40:24.841 [Test worker] DEBUG org.apache.velocity - Velocimacro : allowInlineLocal = false : VMs defined inline will be global in scope if allowed.
15:40:24.841 [Test worker] DEBUG org.apache.velocity - Velocimacro : autoload off : VM system will not automatically reload global library macros
15:40:24.842 [Test worker] DEBUG org.apache.velocity - ResourceManager : found templates/generators/reportFeature.vm with loader org.apache.velocity.runtime.resource.loader.ClasspathResourceLoader
15:40:24.844 [Test worker] DEBUG org.apache.velocity - ResourceManager : found /templates/headers.vm with loader org.apache.velocity.runtime.resource.loader.ClasspathResourceLoader
15:40:24.845 [Test worker] DEBUG org.apache.velocity - ResourceManager : found /templates/head.vm with loader org.apache.velocity.runtime.resource.loader.ClasspathResourceLoader
15:40:24.845 [Test worker] DEBUG org.apache.velocity - Velocimacro : added VM stringArray: source=/templates/macros/array.js.vm
15:40:24.845 [Test worker] DEBUG org.apache.velocity - Velocimacro : added VM numberArray: source=/templates/macros/array.js.vm
15:40:24.845 [Test worker] DEBUG org.apache.velocity - ResourceManager : found /templates/macros/array.js.vm with loader org.apache.velocity.runtime.resource.loader.ClasspathResourceLoader
15:40:24.846 [Test worker] DEBUG org.apache.velocity - Velocimacro : added VM includeBuildInfo: source=/templates/macros/page/buildinfo.vm
15:40:24.846 [Test worker] DEBUG org.apache.velocity - ResourceManager : found /templates/macros/page/buildinfo.vm with loader org.apache.velocity.runtime.resource.loader.ClasspathResourceLoader
15:40:24.847 [Test worker] DEBUG org.apache.velocity - Velocimacro : added VM includeClassifications: source=/templates/macros/page/classifications.vm
15:40:24.847 [Test worker] DEBUG org.apache.velocity - ResourceManager : found /templates/macros/page/classifications.vm with loader org.apache.velocity.runtime.resource.loader.ClasspathResourceLoader
15:40:24.848 [Test worker] DEBUG org.apache.velocity - Velocimacro : added VM includeLead: source=/templates/macros/page/lead.vm
15:40:24.848 [Test worker] DEBUG org.apache.velocity - ResourceManager : found /templates/macros/page/lead.vm with loader org.apache.velocity.runtime.resource.loader.ClasspathResourceLoader
15:40:24.849 [Test worker] DEBUG org.apache.velocity - Velocimacro : added VM includeNavigation: source=/templates/macros/page/navigation.vm
15:40:24.849 [Test worker] DEBUG org.apache.velocity - ResourceManager : found /templates/macros/page/navigation.vm with loader org.apache.velocity.runtime.resource.loader.ClasspathResourceLoader
15:40:24.850 [Test worker] DEBUG org.apache.velocity - Velocimacro : added VM includeReportInfo: source=/templates/macros/page/reportInfo.vm
15:40:24.850 [Test worker] DEBUG org.apache.velocity - ResourceManager : found /templates/macros/page/reportInfo.vm with loader org.apache.velocity.runtime.resource.loader.ClasspathResourceLoader
15:40:24.851 [Test worker] DEBUG org.apache.velocity - Velocimacro : added VM includeTitle: source=/templates/macros/page/title.vm
15:40:24.851 [Test worker] DEBUG org.apache.velocity - ResourceManager : found /templates/macros/page/title.vm with loader org.apache.velocity.runtime.resource.loader.ClasspathResourceLoader
15:40:24.852 [Test worker] DEBUG org.apache.velocity - Velocimacro : added VM includeExpandingButtons: source=/templates/macros/report/expandAllButtons.vm
15:40:24.852 [Test worker] DEBUG org.apache.velocity - ResourceManager : found /templates/macros/report/expandAllButtons.vm with loader org.apache.velocity.runtime.resource.loader.ClasspathResourceLoader
15:40:24.852 [Test worker] DEBUG org.apache.velocity - Velocimacro : added VM includeReportTable: source=/templates/macros/report/reportTable.vm
15:40:24.853 [Test worker] DEBUG org.apache.velocity - ResourceManager : found /templates/macros/report/reportTable.vm with loader org.apache.velocity.runtime.resource.loader.ClasspathResourceLoader
15:40:24.853 [Test worker] DEBUG org.apache.velocity - Velocimacro : added VM includeReportHeader: source=/templates/macros/report/reportHeader.vm
15:40:24.853 [Test worker] DEBUG org.apache.velocity - ResourceManager : found /templates/macros/report/reportHeader.vm with loader org.apache.velocity.runtime.resource.loader.ClasspathResourceLoader
15:40:24.854 [Test worker] DEBUG org.apache.velocity - Velocimacro : added VM includeStatsTable: source=/templates/macros/report/statsTable.vm
15:40:24.855 [Test worker] DEBUG org.apache.velocity - ResourceManager : found /templates/macros/report/statsTable.vm with loader org.apache.velocity.runtime.resource.loader.ClasspathResourceLoader
15:40:24.855 [Test worker] DEBUG org.apache.velocity - Velocimacro : added VM includeBrief: source=/templates/macros/json/brief.vm
15:40:24.855 [Test worker] DEBUG org.apache.velocity - ResourceManager : found /templates/macros/json/brief.vm with loader org.apache.velocity.runtime.resource.loader.ClasspathResourceLoader
15:40:24.856 [Test worker] DEBUG org.apache.velocity - Velocimacro : added VM includeDocString: source=/templates/macros/json/docstring.vm
15:40:24.856 [Test worker] DEBUG org.apache.velocity - ResourceManager : found /templates/macros/json/docstring.vm with loader org.apache.velocity.runtime.resource.loader.ClasspathResourceLoader
15:40:24.857 [Test worker] DEBUG org.apache.velocity - Velocimacro : added VM includeDuration: source=/templates/macros/json/duration.vm
15:40:24.857 [Test worker] DEBUG org.apache.velocity - ResourceManager : found /templates/macros/json/duration.vm with loader org.apache.velocity.runtime.resource.loader.ClasspathResourceLoader
15:40:24.858 [Test worker] DEBUG org.apache.velocity - Velocimacro : added VM includeElement: source=/templates/macros/json/element.vm
15:40:24.858 [Test worker] DEBUG org.apache.velocity - ResourceManager : found /templates/macros/json/element.vm with loader org.apache.velocity.runtime.resource.loader.ClasspathResourceLoader
15:40:24.860 [Test worker] DEBUG org.apache.velocity - Velocimacro : added VM includeEmbeddings: source=/templates/macros/json/embeddings.vm
15:40:24.860 [Test worker] DEBUG org.apache.velocity - Velocimacro : added VM includeHtmlEmbedding: source=/templates/macros/json/embeddings.vm
15:40:24.860 [Test worker] DEBUG org.apache.velocity - Velocimacro : added VM includeImageEmbedding: source=/templates/macros/json/embeddings.vm
15:40:24.860 [Test worker] DEBUG org.apache.velocity - Velocimacro : added VM includeImageReferenceEmbedding: source=/templates/macros/json/embeddings.vm
15:40:24.860 [Test worker] DEBUG org.apache.velocity - Velocimacro : added VM includeTextEmbedding: source=/templates/macros/json/embeddings.vm
15:40:24.860 [Test worker] DEBUG org.apache.velocity - Velocimacro : added VM includeUnknownEmbedding: source=/templates/macros/json/embeddings.vm
15:40:24.860 [Test worker] DEBUG org.apache.velocity - ResourceManager : found /templates/macros/json/embeddings.vm with loader org.apache.velocity.runtime.resource.loader.ClasspathResourceLoader
15:40:24.861 [Test worker] DEBUG org.apache.velocity - Velocimacro : added VM includeHooks: source=/templates/macros/json/hooks.vm
15:40:24.861 [Test worker] DEBUG org.apache.velocity - ResourceManager : found /templates/macros/json/hooks.vm with loader org.apache.velocity.runtime.resource.loader.ClasspathResourceLoader
15:40:24.862 [Test worker] DEBUG org.apache.velocity - Velocimacro : added VM includeOutput: source=/templates/macros/json/output.vm
15:40:24.862 [Test worker] DEBUG org.apache.velocity - ResourceManager : found /templates/macros/json/output.vm with loader org.apache.velocity.runtime.resource.loader.ClasspathResourceLoader
15:40:24.863 [Test worker] DEBUG org.apache.velocity - Velocimacro : added VM includeMessage: source=/templates/macros/json/message.vm
15:40:24.863 [Test worker] DEBUG org.apache.velocity - ResourceManager : found /templates/macros/json/message.vm with loader org.apache.velocity.runtime.resource.loader.ClasspathResourceLoader
15:40:24.864 [Test worker] DEBUG org.apache.velocity - Velocimacro : added VM includeSteps: source=/templates/macros/json/steps.vm
15:40:24.864 [Test worker] DEBUG org.apache.velocity - ResourceManager : found /templates/macros/json/steps.vm with loader org.apache.velocity.runtime.resource.loader.ClasspathResourceLoader
15:40:24.865 [Test worker] DEBUG org.apache.velocity - Velocimacro : added VM includeStepName: source=/templates/macros/json/stepName.vm
15:40:24.865 [Test worker] DEBUG org.apache.velocity - ResourceManager : found /templates/macros/json/stepName.vm with loader org.apache.velocity.runtime.resource.loader.ClasspathResourceLoader
15:40:24.866 [Test worker] DEBUG org.apache.velocity - Velocimacro : added VM includeTags: source=/templates/macros/json/tags.vm
15:40:24.866 [Test worker] DEBUG org.apache.velocity - ResourceManager : found /templates/macros/json/tags.vm with loader org.apache.velocity.runtime.resource.loader.ClasspathResourceLoader
15:40:24.866 [Test worker] DEBUG org.apache.velocity - VM #includeNavigation: too few arguments to macro. Wanted 1 got 0
15:40:24.867 [Test worker] DEBUG org.apache.velocity - Left side ($active_tab) of '==' operation has null value. If it is a reference, it may not be in the context or its toString() returned null. /templates/macros/page/navigation.vm[line 14, column 51]
15:40:24.867 [Test worker] DEBUG org.apache.velocity - Left side ($active_tab) of '==' operation has null value. If it is a reference, it may not be in the context or its toString() returned null. /templates/macros/page/navigation.vm[line 15, column 51]
15:40:24.867 [Test worker] DEBUG org.apache.velocity - Left side ($active_tab) of '==' operation has null value. If it is a reference, it may not be in the context or its toString() returned null. /templates/macros/page/navigation.vm[line 16, column 51]
15:40:24.867 [Test worker] DEBUG org.apache.velocity - Left side ($active_tab) of '==' operation has null value. If it is a reference, it may not be in the context or its toString() returned null. /templates/macros/page/navigation.vm[line 20, column 51]
15:40:24.867 [Test worker] DEBUG org.apache.velocity - VM #includeLead: too few arguments to macro. Wanted 2 got 1
15:40:24.867 [Test worker] DEBUG org.apache.velocity - VM #includeBrief: too few arguments to macro. Wanted 5 got 3
15:40:24.868 [Test worker] DEBUG org.apache.velocity - VM #includeBrief: too few arguments to macro. Wanted 5 got 4
15:40:24.868 [Test worker] DEBUG org.apache.velocity - VM #includeBrief: too few arguments to macro. Wanted 5 got 4
15:40:24.870 [Test worker] DEBUG org.apache.velocity - VM #includeBrief: too few arguments to macro. Wanted 5 got 4
15:40:24.871 [Test worker] DEBUG org.apache.velocity - VM #includeBrief: too few arguments to macro. Wanted 5 got 4
15:40:24.875 [Test worker] DEBUG org.apache.velocity - ResourceManager : found /templates/footer.vm with loader org.apache.velocity.runtime.resource.loader.ClasspathResourceLoader
15:40:24.877 [Test worker] DEBUG org.apache.velocity - CommonsLogLogChute name is 'org.apache.velocity'
15:40:24.877 [Test worker] DEBUG org.apache.velocity - Initializing Velocity, Calling init()...
15:40:24.877 [Test worker] DEBUG org.apache.velocity - Starting Apache Velocity v1.7 (compiled: 2010-11-19 12:14:37)
15:40:24.877 [Test worker] DEBUG org.apache.velocity - Default Properties File: org\apache\velocity\runtime\defaults\velocity.properties
15:40:24.877 [Test worker] DEBUG org.apache.velocity - Trying to use logger class org.apache.velocity.runtime.log.AvalonLogChute
15:40:24.877 [Test worker] DEBUG org.apache.velocity - Target log system for org.apache.velocity.runtime.log.AvalonLogChute is not available (java.lang.NoClassDefFoundError: org/apache/log/format/Formatter).  Falling back to next log system...
15:40:24.877 [Test worker] DEBUG org.apache.velocity - Trying to use logger class org.apache.velocity.runtime.log.Log4JLogChute
15:40:24.877 [Test worker] DEBUG org.apache.velocity - Target log system for org.apache.velocity.runtime.log.Log4JLogChute is not available (java.lang.NoClassDefFoundError: org/apache/log4j/Layout).  Falling back to next log system...
15:40:24.877 [Test worker] DEBUG org.apache.velocity - Trying to use logger class org.apache.velocity.runtime.log.CommonsLogLogChute
15:40:24.877 [Test worker] DEBUG org.apache.velocity - Using logger class org.apache.velocity.runtime.log.CommonsLogLogChute
15:40:24.877 [Test worker] DEBUG org.apache.velocity - ResourceLoader instantiated: org.apache.velocity.runtime.resource.loader.ClasspathResourceLoader
15:40:24.877 [Test worker] DEBUG org.apache.velocity - ResourceCache: initialized (class org.apache.velocity.runtime.resource.ResourceCacheImpl) with class java.util.Collections$SynchronizedMap cache map.
15:40:24.878 [Test worker] DEBUG org.apache.velocity - Loaded System Directive: org.apache.velocity.runtime.directive.Stop
15:40:24.878 [Test worker] DEBUG org.apache.velocity - Loaded System Directive: org.apache.velocity.runtime.directive.Define
15:40:24.878 [Test worker] DEBUG org.apache.velocity - Loaded System Directive: org.apache.velocity.runtime.directive.Break
15:40:24.878 [Test worker] DEBUG org.apache.velocity - Loaded System Directive: org.apache.velocity.runtime.directive.Evaluate
15:40:24.878 [Test worker] DEBUG org.apache.velocity - Loaded System Directive: org.apache.velocity.runtime.directive.Literal
15:40:24.878 [Test worker] DEBUG org.apache.velocity - Loaded System Directive: org.apache.velocity.runtime.directive.Macro
15:40:24.878 [Test worker] DEBUG org.apache.velocity - Loaded System Directive: org.apache.velocity.runtime.directive.Parse
15:40:24.878 [Test worker] DEBUG org.apache.velocity - Loaded System Directive: org.apache.velocity.runtime.directive.Include
15:40:24.878 [Test worker] DEBUG org.apache.velocity - Loaded System Directive: org.apache.velocity.runtime.directive.Foreach
15:40:24.879 [Test worker] DEBUG org.apache.velocity - Created '20' parsers.
15:40:24.879 [Test worker] DEBUG org.apache.velocity - Velocimacro : "velocimacro.library" is not set.  Trying default library: VM_global_library.vm
15:40:24.879 [Test worker] DEBUG org.apache.velocity - Could not load resource 'VM_global_library.vm' from ResourceLoader org.apache.velocity.runtime.resource.loader.ClasspathResourceLoader: ClasspathResourceLoader Error: cannot find resource VM_global_library.vm
15:40:24.879 [Test worker] DEBUG org.apache.velocity - Velocimacro : Default library not found.
15:40:24.879 [Test worker] DEBUG org.apache.velocity - Velocimacro : allowInline = true : VMs can be defined inline in templates
15:40:24.879 [Test worker] DEBUG org.apache.velocity - Velocimacro : allowInlineToOverride = false : VMs defined inline may NOT replace previous VM definitions
15:40:24.879 [Test worker] DEBUG org.apache.velocity - Velocimacro : allowInlineLocal = false : VMs defined inline will be global in scope if allowed.
15:40:24.879 [Test worker] DEBUG org.apache.velocity - Velocimacro : autoload off : VM system will not automatically reload global library macros
15:40:24.880 [Test worker] DEBUG org.apache.velocity - ResourceManager : found templates/generators/reportFeature.vm with loader org.apache.velocity.runtime.resource.loader.ClasspathResourceLoader
15:40:24.882 [Test worker] DEBUG org.apache.velocity - ResourceManager : found /templates/headers.vm with loader org.apache.velocity.runtime.resource.loader.ClasspathResourceLoader
15:40:24.883 [Test worker] DEBUG org.apache.velocity - ResourceManager : found /templates/head.vm with loader org.apache.velocity.runtime.resource.loader.ClasspathResourceLoader
15:40:24.884 [Test worker] DEBUG org.apache.velocity - Velocimacro : added VM stringArray: source=/templates/macros/array.js.vm
15:40:24.884 [Test worker] DEBUG org.apache.velocity - Velocimacro : added VM numberArray: source=/templates/macros/array.js.vm
15:40:24.884 [Test worker] DEBUG org.apache.velocity - ResourceManager : found /templates/macros/array.js.vm with loader org.apache.velocity.runtime.resource.loader.ClasspathResourceLoader
15:40:24.885 [Test worker] DEBUG org.apache.velocity - Velocimacro : added VM includeBuildInfo: source=/templates/macros/page/buildinfo.vm
15:40:24.885 [Test worker] DEBUG org.apache.velocity - ResourceManager : found /templates/macros/page/buildinfo.vm with loader org.apache.velocity.runtime.resource.loader.ClasspathResourceLoader
15:40:24.886 [Test worker] DEBUG org.apache.velocity - Velocimacro : added VM includeClassifications: source=/templates/macros/page/classifications.vm
15:40:24.886 [Test worker] DEBUG org.apache.velocity - ResourceManager : found /templates/macros/page/classifications.vm with loader org.apache.velocity.runtime.resource.loader.ClasspathResourceLoader
15:40:24.887 [Test worker] DEBUG org.apache.velocity - Velocimacro : added VM includeLead: source=/templates/macros/page/lead.vm
15:40:24.887 [Test worker] DEBUG org.apache.velocity - ResourceManager : found /templates/macros/page/lead.vm with loader org.apache.velocity.runtime.resource.loader.ClasspathResourceLoader
15:40:24.887 [Test worker] DEBUG org.apache.velocity - Velocimacro : added VM includeNavigation: source=/templates/macros/page/navigation.vm
15:40:24.888 [Test worker] DEBUG org.apache.velocity - ResourceManager : found /templates/macros/page/navigation.vm with loader org.apache.velocity.runtime.resource.loader.ClasspathResourceLoader
15:40:24.888 [Test worker] DEBUG org.apache.velocity - Velocimacro : added VM includeReportInfo: source=/templates/macros/page/reportInfo.vm
15:40:24.888 [Test worker] DEBUG org.apache.velocity - ResourceManager : found /templates/macros/page/reportInfo.vm with loader org.apache.velocity.runtime.resource.loader.ClasspathResourceLoader
15:40:24.889 [Test worker] DEBUG org.apache.velocity - Velocimacro : added VM includeTitle: source=/templates/macros/page/title.vm
15:40:24.889 [Test worker] DEBUG org.apache.velocity - ResourceManager : found /templates/macros/page/title.vm with loader org.apache.velocity.runtime.resource.loader.ClasspathResourceLoader
15:40:24.890 [Test worker] DEBUG org.apache.velocity - Velocimacro : added VM includeExpandingButtons: source=/templates/macros/report/expandAllButtons.vm
15:40:24.890 [Test worker] DEBUG org.apache.velocity - ResourceManager : found /templates/macros/report/expandAllButtons.vm with loader org.apache.velocity.runtime.resource.loader.ClasspathResourceLoader
15:40:24.891 [Test worker] DEBUG org.apache.velocity - Velocimacro : added VM includeReportTable: source=/templates/macros/report/reportTable.vm
15:40:24.891 [Test worker] DEBUG org.apache.velocity - ResourceManager : found /templates/macros/report/reportTable.vm with loader org.apache.velocity.runtime.resource.loader.ClasspathResourceLoader
15:40:24.892 [Test worker] DEBUG org.apache.velocity - Velocimacro : added VM includeReportHeader: source=/templates/macros/report/reportHeader.vm
15:40:24.892 [Test worker] DEBUG org.apache.velocity - ResourceManager : found /templates/macros/report/reportHeader.vm with loader org.apache.velocity.runtime.resource.loader.ClasspathResourceLoader
15:40:24.893 [Test worker] DEBUG org.apache.velocity - Velocimacro : added VM includeStatsTable: source=/templates/macros/report/statsTable.vm
15:40:24.893 [Test worker] DEBUG org.apache.velocity - ResourceManager : found /templates/macros/report/statsTable.vm with loader org.apache.velocity.runtime.resource.loader.ClasspathResourceLoader
15:40:24.894 [Test worker] DEBUG org.apache.velocity - Velocimacro : added VM includeBrief: source=/templates/macros/json/brief.vm
15:40:24.894 [Test worker] DEBUG org.apache.velocity - ResourceManager : found /templates/macros/json/brief.vm with loader org.apache.velocity.runtime.resource.loader.ClasspathResourceLoader
15:40:24.895 [Test worker] DEBUG org.apache.velocity - Velocimacro : added VM includeDocString: source=/templates/macros/json/docstring.vm
15:40:24.895 [Test worker] DEBUG org.apache.velocity - ResourceManager : found /templates/macros/json/docstring.vm with loader org.apache.velocity.runtime.resource.loader.ClasspathResourceLoader
15:40:24.896 [Test worker] DEBUG org.apache.velocity - Velocimacro : added VM includeDuration: source=/templates/macros/json/duration.vm
15:40:24.896 [Test worker] DEBUG org.apache.velocity - ResourceManager : found /templates/macros/json/duration.vm with loader org.apache.velocity.runtime.resource.loader.ClasspathResourceLoader
15:40:24.897 [Test worker] DEBUG org.apache.velocity - Velocimacro : added VM includeElement: source=/templates/macros/json/element.vm
15:40:24.897 [Test worker] DEBUG org.apache.velocity - ResourceManager : found /templates/macros/json/element.vm with loader org.apache.velocity.runtime.resource.loader.ClasspathResourceLoader
15:40:24.899 [Test worker] DEBUG org.apache.velocity - Velocimacro : added VM includeEmbeddings: source=/templates/macros/json/embeddings.vm
15:40:24.899 [Test worker] DEBUG org.apache.velocity - Velocimacro : added VM includeHtmlEmbedding: source=/templates/macros/json/embeddings.vm
15:40:24.900 [Test worker] DEBUG org.apache.velocity - Velocimacro : added VM includeImageEmbedding: source=/templates/macros/json/embeddings.vm
15:40:24.900 [Test worker] DEBUG org.apache.velocity - Velocimacro : added VM includeImageReferenceEmbedding: source=/templates/macros/json/embeddings.vm
15:40:24.900 [Test worker] DEBUG org.apache.velocity - Velocimacro : added VM includeTextEmbedding: source=/templates/macros/json/embeddings.vm
15:40:24.900 [Test worker] DEBUG org.apache.velocity - Velocimacro : added VM includeUnknownEmbedding: source=/templates/macros/json/embeddings.vm
15:40:24.900 [Test worker] DEBUG org.apache.velocity - ResourceManager : found /templates/macros/json/embeddings.vm with loader org.apache.velocity.runtime.resource.loader.ClasspathResourceLoader
15:40:24.901 [Test worker] DEBUG org.apache.velocity - Velocimacro : added VM includeHooks: source=/templates/macros/json/hooks.vm
15:40:24.901 [Test worker] DEBUG org.apache.velocity - ResourceManager : found /templates/macros/json/hooks.vm with loader org.apache.velocity.runtime.resource.loader.ClasspathResourceLoader
15:40:24.902 [Test worker] DEBUG org.apache.velocity - Velocimacro : added VM includeOutput: source=/templates/macros/json/output.vm
15:40:24.902 [Test worker] DEBUG org.apache.velocity - ResourceManager : found /templates/macros/json/output.vm with loader org.apache.velocity.runtime.resource.loader.ClasspathResourceLoader
15:40:24.902 [Test worker] DEBUG org.apache.velocity - Velocimacro : added VM includeMessage: source=/templates/macros/json/message.vm
15:40:24.902 [Test worker] DEBUG org.apache.velocity - ResourceManager : found /templates/macros/json/message.vm with loader org.apache.velocity.runtime.resource.loader.ClasspathResourceLoader
15:40:24.903 [Test worker] DEBUG org.apache.velocity - Velocimacro : added VM includeSteps: source=/templates/macros/json/steps.vm
15:40:24.904 [Test worker] DEBUG org.apache.velocity - ResourceManager : found /templates/macros/json/steps.vm with loader org.apache.velocity.runtime.resource.loader.ClasspathResourceLoader
15:40:24.904 [Test worker] DEBUG org.apache.velocity - Velocimacro : added VM includeStepName: source=/templates/macros/json/stepName.vm
15:40:24.905 [Test worker] DEBUG org.apache.velocity - ResourceManager : found /templates/macros/json/stepName.vm with loader org.apache.velocity.runtime.resource.loader.ClasspathResourceLoader
15:40:24.905 [Test worker] DEBUG org.apache.velocity - Velocimacro : added VM includeTags: source=/templates/macros/json/tags.vm
15:40:24.905 [Test worker] DEBUG org.apache.velocity - ResourceManager : found /templates/macros/json/tags.vm with loader org.apache.velocity.runtime.resource.loader.ClasspathResourceLoader
15:40:24.906 [Test worker] DEBUG org.apache.velocity - VM #includeNavigation: too few arguments to macro. Wanted 1 got 0
15:40:24.906 [Test worker] DEBUG org.apache.velocity - Left side ($active_tab) of '==' operation has null value. If it is a reference, it may not be in the context or its toString() returned null. /templates/macros/page/navigation.vm[line 14, column 51]
15:40:24.906 [Test worker] DEBUG org.apache.velocity - Left side ($active_tab) of '==' operation has null value. If it is a reference, it may not be in the context or its toString() returned null. /templates/macros/page/navigation.vm[line 15, column 51]
15:40:24.906 [Test worker] DEBUG org.apache.velocity - Left side ($active_tab) of '==' operation has null value. If it is a reference, it may not be in the context or its toString() returned null. /templates/macros/page/navigation.vm[line 16, column 51]
15:40:24.906 [Test worker] DEBUG org.apache.velocity - Left side ($active_tab) of '==' operation has null value. If it is a reference, it may not be in the context or its toString() returned null. /templates/macros/page/navigation.vm[line 20, column 51]
15:40:24.906 [Test worker] DEBUG org.apache.velocity - VM #includeLead: too few arguments to macro. Wanted 2 got 1
15:40:24.906 [Test worker] DEBUG org.apache.velocity - VM #includeBrief: too few arguments to macro. Wanted 5 got 3
15:40:24.907 [Test worker] DEBUG org.apache.velocity - VM #includeBrief: too few arguments to macro. Wanted 5 got 4
15:40:24.907 [Test worker] DEBUG org.apache.velocity - VM #includeBrief: too few arguments to macro. Wanted 5 got 4
15:40:24.908 [Test worker] DEBUG org.apache.velocity - VM #includeBrief: too few arguments to macro. Wanted 5 got 4
15:40:24.908 [Test worker] DEBUG org.apache.velocity - VM #includeBrief: too few arguments to macro. Wanted 5 got 4
15:40:24.912 [Test worker] DEBUG org.apache.velocity - VM #includeBrief: too few arguments to macro. Wanted 5 got 4
15:40:24.912 [Test worker] DEBUG org.apache.velocity - VM #includeBrief: too few arguments to macro. Wanted 5 got 4
15:40:24.913 [Test worker] DEBUG org.apache.velocity - VM #includeBrief: too few arguments to macro. Wanted 5 got 4
15:40:24.913 [Test worker] DEBUG org.apache.velocity - VM #includeBrief: too few arguments to macro. Wanted 5 got 4
15:40:24.915 [Test worker] DEBUG org.apache.velocity - ResourceManager : found /templates/footer.vm with loader org.apache.velocity.runtime.resource.loader.ClasspathResourceLoader
15:40:24.918 [Test worker] DEBUG org.apache.velocity - CommonsLogLogChute name is 'org.apache.velocity'
15:40:24.918 [Test worker] DEBUG org.apache.velocity - Initializing Velocity, Calling init()...
15:40:24.918 [Test worker] DEBUG org.apache.velocity - Starting Apache Velocity v1.7 (compiled: 2010-11-19 12:14:37)
15:40:24.918 [Test worker] DEBUG org.apache.velocity - Default Properties File: org\apache\velocity\runtime\defaults\velocity.properties
15:40:24.919 [Test worker] DEBUG org.apache.velocity - Trying to use logger class org.apache.velocity.runtime.log.AvalonLogChute
15:40:24.919 [Test worker] DEBUG org.apache.velocity - Target log system for org.apache.velocity.runtime.log.AvalonLogChute is not available (java.lang.NoClassDefFoundError: org/apache/log/format/Formatter).  Falling back to next log system...
15:40:24.919 [Test worker] DEBUG org.apache.velocity - Trying to use logger class org.apache.velocity.runtime.log.Log4JLogChute
15:40:24.919 [Test worker] DEBUG org.apache.velocity - Target log system for org.apache.velocity.runtime.log.Log4JLogChute is not available (java.lang.NoClassDefFoundError: org/apache/log4j/Layout).  Falling back to next log system...
15:40:24.919 [Test worker] DEBUG org.apache.velocity - Trying to use logger class org.apache.velocity.runtime.log.CommonsLogLogChute
15:40:24.919 [Test worker] DEBUG org.apache.velocity - Using logger class org.apache.velocity.runtime.log.CommonsLogLogChute
15:40:24.919 [Test worker] DEBUG org.apache.velocity - ResourceLoader instantiated: org.apache.velocity.runtime.resource.loader.ClasspathResourceLoader
15:40:24.919 [Test worker] DEBUG org.apache.velocity - ResourceCache: initialized (class org.apache.velocity.runtime.resource.ResourceCacheImpl) with class java.util.Collections$SynchronizedMap cache map.
15:40:24.919 [Test worker] DEBUG org.apache.velocity - Loaded System Directive: org.apache.velocity.runtime.directive.Stop
15:40:24.919 [Test worker] DEBUG org.apache.velocity - Loaded System Directive: org.apache.velocity.runtime.directive.Define
15:40:24.919 [Test worker] DEBUG org.apache.velocity - Loaded System Directive: org.apache.velocity.runtime.directive.Break
15:40:24.919 [Test worker] DEBUG org.apache.velocity - Loaded System Directive: org.apache.velocity.runtime.directive.Evaluate
15:40:24.919 [Test worker] DEBUG org.apache.velocity - Loaded System Directive: org.apache.velocity.runtime.directive.Literal
15:40:24.920 [Test worker] DEBUG org.apache.velocity - Loaded System Directive: org.apache.velocity.runtime.directive.Macro
15:40:24.920 [Test worker] DEBUG org.apache.velocity - Loaded System Directive: org.apache.velocity.runtime.directive.Parse
15:40:24.920 [Test worker] DEBUG org.apache.velocity - Loaded System Directive: org.apache.velocity.runtime.directive.Include
15:40:24.920 [Test worker] DEBUG org.apache.velocity - Loaded System Directive: org.apache.velocity.runtime.directive.Foreach
15:40:24.920 [Test worker] DEBUG org.apache.velocity - Created '20' parsers.
15:40:24.920 [Test worker] DEBUG org.apache.velocity - Velocimacro : "velocimacro.library" is not set.  Trying default library: VM_global_library.vm
15:40:24.921 [Test worker] DEBUG org.apache.velocity - Could not load resource 'VM_global_library.vm' from ResourceLoader org.apache.velocity.runtime.resource.loader.ClasspathResourceLoader: ClasspathResourceLoader Error: cannot find resource VM_global_library.vm
15:40:24.921 [Test worker] DEBUG org.apache.velocity - Velocimacro : Default library not found.
15:40:24.921 [Test worker] DEBUG org.apache.velocity - Velocimacro : allowInline = true : VMs can be defined inline in templates
15:40:24.921 [Test worker] DEBUG org.apache.velocity - Velocimacro : allowInlineToOverride = false : VMs defined inline may NOT replace previous VM definitions
15:40:24.921 [Test worker] DEBUG org.apache.velocity - Velocimacro : allowInlineLocal = false : VMs defined inline will be global in scope if allowed.
15:40:24.921 [Test worker] DEBUG org.apache.velocity - Velocimacro : autoload off : VM system will not automatically reload global library macros
15:40:24.922 [Test worker] DEBUG org.apache.velocity - ResourceManager : found templates/generators/reportFeature.vm with loader org.apache.velocity.runtime.resource.loader.ClasspathResourceLoader
15:40:24.924 [Test worker] DEBUG org.apache.velocity - ResourceManager : found /templates/headers.vm with loader org.apache.velocity.runtime.resource.loader.ClasspathResourceLoader
15:40:24.924 [Test worker] DEBUG org.apache.velocity - ResourceManager : found /templates/head.vm with loader org.apache.velocity.runtime.resource.loader.ClasspathResourceLoader
15:40:24.925 [Test worker] DEBUG org.apache.velocity - Velocimacro : added VM stringArray: source=/templates/macros/array.js.vm
15:40:24.925 [Test worker] DEBUG org.apache.velocity - Velocimacro : added VM numberArray: source=/templates/macros/array.js.vm
15:40:24.925 [Test worker] DEBUG org.apache.velocity - ResourceManager : found /templates/macros/array.js.vm with loader org.apache.velocity.runtime.resource.loader.ClasspathResourceLoader
15:40:24.925 [Test worker] DEBUG org.apache.velocity - Velocimacro : added VM includeBuildInfo: source=/templates/macros/page/buildinfo.vm
15:40:24.926 [Test worker] DEBUG org.apache.velocity - ResourceManager : found /templates/macros/page/buildinfo.vm with loader org.apache.velocity.runtime.resource.loader.ClasspathResourceLoader
15:40:24.926 [Test worker] DEBUG org.apache.velocity - Velocimacro : added VM includeClassifications: source=/templates/macros/page/classifications.vm
15:40:24.926 [Test worker] DEBUG org.apache.velocity - ResourceManager : found /templates/macros/page/classifications.vm with loader org.apache.velocity.runtime.resource.loader.ClasspathResourceLoader
15:40:24.927 [Test worker] DEBUG org.apache.velocity - Velocimacro : added VM includeLead: source=/templates/macros/page/lead.vm
15:40:24.927 [Test worker] DEBUG org.apache.velocity - ResourceManager : found /templates/macros/page/lead.vm with loader org.apache.velocity.runtime.resource.loader.ClasspathResourceLoader
15:40:24.928 [Test worker] DEBUG org.apache.velocity - Velocimacro : added VM includeNavigation: source=/templates/macros/page/navigation.vm
15:40:24.928 [Test worker] DEBUG org.apache.velocity - ResourceManager : found /templates/macros/page/navigation.vm with loader org.apache.velocity.runtime.resource.loader.ClasspathResourceLoader
15:40:24.929 [Test worker] DEBUG org.apache.velocity - Velocimacro : added VM includeReportInfo: source=/templates/macros/page/reportInfo.vm
15:40:24.929 [Test worker] DEBUG org.apache.velocity - ResourceManager : found /templates/macros/page/reportInfo.vm with loader org.apache.velocity.runtime.resource.loader.ClasspathResourceLoader
15:40:24.931 [Test worker] DEBUG org.apache.velocity - Velocimacro : added VM includeTitle: source=/templates/macros/page/title.vm
15:40:24.931 [Test worker] DEBUG org.apache.velocity - ResourceManager : found /templates/macros/page/title.vm with loader org.apache.velocity.runtime.resource.loader.ClasspathResourceLoader
15:40:24.933 [Test worker] DEBUG org.apache.velocity - Velocimacro : added VM includeExpandingButtons: source=/templates/macros/report/expandAllButtons.vm
15:40:24.933 [Test worker] DEBUG org.apache.velocity - ResourceManager : found /templates/macros/report/expandAllButtons.vm with loader org.apache.velocity.runtime.resource.loader.ClasspathResourceLoader
15:40:24.934 [Test worker] DEBUG org.apache.velocity - Velocimacro : added VM includeReportTable: source=/templates/macros/report/reportTable.vm
15:40:24.934 [Test worker] DEBUG org.apache.velocity - ResourceManager : found /templates/macros/report/reportTable.vm with loader org.apache.velocity.runtime.resource.loader.ClasspathResourceLoader
15:40:24.935 [Test worker] DEBUG org.apache.velocity - Velocimacro : added VM includeReportHeader: source=/templates/macros/report/reportHeader.vm
15:40:24.935 [Test worker] DEBUG org.apache.velocity - ResourceManager : found /templates/macros/report/reportHeader.vm with loader org.apache.velocity.runtime.resource.loader.ClasspathResourceLoader
15:40:24.936 [Test worker] DEBUG org.apache.velocity - Velocimacro : added VM includeStatsTable: source=/templates/macros/report/statsTable.vm
15:40:24.936 [Test worker] DEBUG org.apache.velocity - ResourceManager : found /templates/macros/report/statsTable.vm with loader org.apache.velocity.runtime.resource.loader.ClasspathResourceLoader
15:40:24.937 [Test worker] DEBUG org.apache.velocity - Velocimacro : added VM includeBrief: source=/templates/macros/json/brief.vm
15:40:24.937 [Test worker] DEBUG org.apache.velocity - ResourceManager : found /templates/macros/json/brief.vm with loader org.apache.velocity.runtime.resource.loader.ClasspathResourceLoader
15:40:24.938 [Test worker] DEBUG org.apache.velocity - Velocimacro : added VM includeDocString: source=/templates/macros/json/docstring.vm
15:40:24.938 [Test worker] DEBUG org.apache.velocity - ResourceManager : found /templates/macros/json/docstring.vm with loader org.apache.velocity.runtime.resource.loader.ClasspathResourceLoader
15:40:24.939 [Test worker] DEBUG org.apache.velocity - Velocimacro : added VM includeDuration: source=/templates/macros/json/duration.vm
15:40:24.939 [Test worker] DEBUG org.apache.velocity - ResourceManager : found /templates/macros/json/duration.vm with loader org.apache.velocity.runtime.resource.loader.ClasspathResourceLoader
15:40:24.940 [Test worker] DEBUG org.apache.velocity - Velocimacro : added VM includeElement: source=/templates/macros/json/element.vm
15:40:24.940 [Test worker] DEBUG org.apache.velocity - ResourceManager : found /templates/macros/json/element.vm with loader org.apache.velocity.runtime.resource.loader.ClasspathResourceLoader
15:40:24.941 [Test worker] DEBUG org.apache.velocity - Velocimacro : added VM includeEmbeddings: source=/templates/macros/json/embeddings.vm
15:40:24.941 [Test worker] DEBUG org.apache.velocity - Velocimacro : added VM includeHtmlEmbedding: source=/templates/macros/json/embeddings.vm
15:40:24.941 [Test worker] DEBUG org.apache.velocity - Velocimacro : added VM includeImageEmbedding: source=/templates/macros/json/embeddings.vm
15:40:24.942 [Test worker] DEBUG org.apache.velocity - Velocimacro : added VM includeImageReferenceEmbedding: source=/templates/macros/json/embeddings.vm
15:40:24.942 [Test worker] DEBUG org.apache.velocity - Velocimacro : added VM includeTextEmbedding: source=/templates/macros/json/embeddings.vm
15:40:24.942 [Test worker] DEBUG org.apache.velocity - Velocimacro : added VM includeUnknownEmbedding: source=/templates/macros/json/embeddings.vm
15:40:24.942 [Test worker] DEBUG org.apache.velocity - ResourceManager : found /templates/macros/json/embeddings.vm with loader org.apache.velocity.runtime.resource.loader.ClasspathResourceLoader
15:40:24.942 [Test worker] DEBUG org.apache.velocity - Velocimacro : added VM includeHooks: source=/templates/macros/json/hooks.vm
15:40:24.943 [Test worker] DEBUG org.apache.velocity - ResourceManager : found /templates/macros/json/hooks.vm with loader org.apache.velocity.runtime.resource.loader.ClasspathResourceLoader
15:40:24.943 [Test worker] DEBUG org.apache.velocity - Velocimacro : added VM includeOutput: source=/templates/macros/json/output.vm
15:40:24.944 [Test worker] DEBUG org.apache.velocity - ResourceManager : found /templates/macros/json/output.vm with loader org.apache.velocity.runtime.resource.loader.ClasspathResourceLoader
15:40:24.945 [Test worker] DEBUG org.apache.velocity - Velocimacro : added VM includeMessage: source=/templates/macros/json/message.vm
15:40:24.945 [Test worker] DEBUG org.apache.velocity - ResourceManager : found /templates/macros/json/message.vm with loader org.apache.velocity.runtime.resource.loader.ClasspathResourceLoader
15:40:24.946 [Test worker] DEBUG org.apache.velocity - Velocimacro : added VM includeSteps: source=/templates/macros/json/steps.vm
15:40:24.946 [Test worker] DEBUG org.apache.velocity - ResourceManager : found /templates/macros/json/steps.vm with loader org.apache.velocity.runtime.resource.loader.ClasspathResourceLoader
15:40:24.948 [Test worker] DEBUG org.apache.velocity - Velocimacro : added VM includeStepName: source=/templates/macros/json/stepName.vm
15:40:24.948 [Test worker] DEBUG org.apache.velocity - ResourceManager : found /templates/macros/json/stepName.vm with loader org.apache.velocity.runtime.resource.loader.ClasspathResourceLoader
15:40:24.949 [Test worker] DEBUG org.apache.velocity - Velocimacro : added VM includeTags: source=/templates/macros/json/tags.vm
15:40:24.949 [Test worker] DEBUG org.apache.velocity - ResourceManager : found /templates/macros/json/tags.vm with loader org.apache.velocity.runtime.resource.loader.ClasspathResourceLoader
15:40:24.949 [Test worker] DEBUG org.apache.velocity - VM #includeNavigation: too few arguments to macro. Wanted 1 got 0
15:40:24.949 [Test worker] DEBUG org.apache.velocity - Left side ($active_tab) of '==' operation has null value. If it is a reference, it may not be in the context or its toString() returned null. /templates/macros/page/navigation.vm[line 14, column 51]
15:40:24.949 [Test worker] DEBUG org.apache.velocity - Left side ($active_tab) of '==' operation has null value. If it is a reference, it may not be in the context or its toString() returned null. /templates/macros/page/navigation.vm[line 15, column 51]
15:40:24.949 [Test worker] DEBUG org.apache.velocity - Left side ($active_tab) of '==' operation has null value. If it is a reference, it may not be in the context or its toString() returned null. /templates/macros/page/navigation.vm[line 16, column 51]
15:40:24.949 [Test worker] DEBUG org.apache.velocity - Left side ($active_tab) of '==' operation has null value. If it is a reference, it may not be in the context or its toString() returned null. /templates/macros/page/navigation.vm[line 20, column 51]
15:40:24.950 [Test worker] DEBUG org.apache.velocity - VM #includeLead: too few arguments to macro. Wanted 2 got 1
15:40:24.951 [Test worker] DEBUG org.apache.velocity - VM #includeBrief: too few arguments to macro. Wanted 5 got 3
15:40:24.952 [Test worker] DEBUG org.apache.velocity - VM #includeBrief: too few arguments to macro. Wanted 5 got 4
15:40:24.952 [Test worker] DEBUG org.apache.velocity - VM #includeBrief: too few arguments to macro. Wanted 5 got 4
15:40:24.953 [Test worker] DEBUG org.apache.velocity - VM #includeBrief: too few arguments to macro. Wanted 5 got 4
15:40:24.953 [Test worker] DEBUG org.apache.velocity - VM #includeBrief: too few arguments to macro. Wanted 5 got 4
15:40:24.954 [Test worker] DEBUG org.apache.velocity - VM #includeBrief: too few arguments to macro. Wanted 5 got 4
15:40:24.954 [Test worker] DEBUG org.apache.velocity - VM #includeBrief: too few arguments to macro. Wanted 5 got 4
15:40:24.955 [Test worker] DEBUG org.apache.velocity - VM #includeBrief: too few arguments to macro. Wanted 5 got 4
15:40:24.955 [Test worker] DEBUG org.apache.velocity - VM #includeBrief: too few arguments to macro. Wanted 5 got 4
15:40:24.957 [Test worker] DEBUG org.apache.velocity - VM #includeBrief: too few arguments to macro. Wanted 5 got 4
15:40:24.957 [Test worker] DEBUG org.apache.velocity - VM #includeBrief: too few arguments to macro. Wanted 5 got 4
15:40:24.957 [Test worker] DEBUG org.apache.velocity - VM #includeBrief: too few arguments to macro. Wanted 5 got 4
15:40:24.958 [Test worker] DEBUG org.apache.velocity - VM #includeBrief: too few arguments to macro. Wanted 5 got 4
15:40:24.959 [Test worker] DEBUG org.apache.velocity - VM #includeBrief: too few arguments to macro. Wanted 5 got 4
15:40:24.959 [Test worker] DEBUG org.apache.velocity - VM #includeBrief: too few arguments to macro. Wanted 5 got 4
15:40:24.962 [Test worker] DEBUG org.apache.velocity - VM #includeBrief: too few arguments to macro. Wanted 5 got 4
15:40:24.962 [Test worker] DEBUG org.apache.velocity - VM #includeBrief: too few arguments to macro. Wanted 5 got 4
15:40:24.965 [Test worker] DEBUG org.apache.velocity - ResourceManager : found /templates/footer.vm with loader org.apache.velocity.runtime.resource.loader.ClasspathResourceLoader
15:40:24.968 [Test worker] DEBUG org.apache.velocity - CommonsLogLogChute name is 'org.apache.velocity'
15:40:24.968 [Test worker] DEBUG org.apache.velocity - Initializing Velocity, Calling init()...
15:40:24.968 [Test worker] DEBUG org.apache.velocity - Starting Apache Velocity v1.7 (compiled: 2010-11-19 12:14:37)
15:40:24.968 [Test worker] DEBUG org.apache.velocity - Default Properties File: org\apache\velocity\runtime\defaults\velocity.properties
15:40:24.968 [Test worker] DEBUG org.apache.velocity - Trying to use logger class org.apache.velocity.runtime.log.AvalonLogChute
15:40:24.968 [Test worker] DEBUG org.apache.velocity - Target log system for org.apache.velocity.runtime.log.AvalonLogChute is not available (java.lang.NoClassDefFoundError: org/apache/log/format/Formatter).  Falling back to next log system...
15:40:24.968 [Test worker] DEBUG org.apache.velocity - Trying to use logger class org.apache.velocity.runtime.log.Log4JLogChute
15:40:24.968 [Test worker] DEBUG org.apache.velocity - Target log system for org.apache.velocity.runtime.log.Log4JLogChute is not available (java.lang.NoClassDefFoundError: org/apache/log4j/Layout).  Falling back to next log system...
15:40:24.968 [Test worker] DEBUG org.apache.velocity - Trying to use logger class org.apache.velocity.runtime.log.CommonsLogLogChute
15:40:24.968 [Test worker] DEBUG org.apache.velocity - Using logger class org.apache.velocity.runtime.log.CommonsLogLogChute
15:40:24.968 [Test worker] DEBUG org.apache.velocity - ResourceLoader instantiated: org.apache.velocity.runtime.resource.loader.ClasspathResourceLoader
15:40:24.968 [Test worker] DEBUG org.apache.velocity - ResourceCache: initialized (class org.apache.velocity.runtime.resource.ResourceCacheImpl) with class java.util.Collections$SynchronizedMap cache map.
15:40:24.968 [Test worker] DEBUG org.apache.velocity - Loaded System Directive: org.apache.velocity.runtime.directive.Stop
15:40:24.969 [Test worker] DEBUG org.apache.velocity - Loaded System Directive: org.apache.velocity.runtime.directive.Define
15:40:24.969 [Test worker] DEBUG org.apache.velocity - Loaded System Directive: org.apache.velocity.runtime.directive.Break
15:40:24.969 [Test worker] DEBUG org.apache.velocity - Loaded System Directive: org.apache.velocity.runtime.directive.Evaluate
15:40:24.969 [Test worker] DEBUG org.apache.velocity - Loaded System Directive: org.apache.velocity.runtime.directive.Literal
15:40:24.969 [Test worker] DEBUG org.apache.velocity - Loaded System Directive: org.apache.velocity.runtime.directive.Macro
15:40:24.969 [Test worker] DEBUG org.apache.velocity - Loaded System Directive: org.apache.velocity.runtime.directive.Parse
15:40:24.969 [Test worker] DEBUG org.apache.velocity - Loaded System Directive: org.apache.velocity.runtime.directive.Include
15:40:24.969 [Test worker] DEBUG org.apache.velocity - Loaded System Directive: org.apache.velocity.runtime.directive.Foreach
15:40:24.969 [Test worker] DEBUG org.apache.velocity - Created '20' parsers.
15:40:24.969 [Test worker] DEBUG org.apache.velocity - Velocimacro : "velocimacro.library" is not set.  Trying default library: VM_global_library.vm
15:40:24.970 [Test worker] DEBUG org.apache.velocity - Could not load resource 'VM_global_library.vm' from ResourceLoader org.apache.velocity.runtime.resource.loader.ClasspathResourceLoader: ClasspathResourceLoader Error: cannot find resource VM_global_library.vm
15:40:24.970 [Test worker] DEBUG org.apache.velocity - Velocimacro : Default library not found.
15:40:24.970 [Test worker] DEBUG org.apache.velocity - Velocimacro : allowInline = true : VMs can be defined inline in templates
15:40:24.970 [Test worker] DEBUG org.apache.velocity - Velocimacro : allowInlineToOverride = false : VMs defined inline may NOT replace previous VM definitions
15:40:24.970 [Test worker] DEBUG org.apache.velocity - Velocimacro : allowInlineLocal = false : VMs defined inline will be global in scope if allowed.
15:40:24.970 [Test worker] DEBUG org.apache.velocity - Velocimacro : autoload off : VM system will not automatically reload global library macros
15:40:24.973 [Test worker] DEBUG org.apache.velocity - ResourceManager : found templates/generators/overviewTags.vm with loader org.apache.velocity.runtime.resource.loader.ClasspathResourceLoader
15:40:24.974 [Test worker] DEBUG org.apache.velocity - ResourceManager : found /templates/headers.vm with loader org.apache.velocity.runtime.resource.loader.ClasspathResourceLoader
15:40:24.975 [Test worker] DEBUG org.apache.velocity - ResourceManager : found /templates/head.vm with loader org.apache.velocity.runtime.resource.loader.ClasspathResourceLoader
15:40:24.976 [Test worker] DEBUG org.apache.velocity - Velocimacro : added VM stringArray: source=/templates/macros/array.js.vm
15:40:24.976 [Test worker] DEBUG org.apache.velocity - Velocimacro : added VM numberArray: source=/templates/macros/array.js.vm
15:40:24.976 [Test worker] DEBUG org.apache.velocity - ResourceManager : found /templates/macros/array.js.vm with loader org.apache.velocity.runtime.resource.loader.ClasspathResourceLoader
15:40:24.977 [Test worker] DEBUG org.apache.velocity - Velocimacro : added VM includeBuildInfo: source=/templates/macros/page/buildinfo.vm
15:40:24.977 [Test worker] DEBUG org.apache.velocity - ResourceManager : found /templates/macros/page/buildinfo.vm with loader org.apache.velocity.runtime.resource.loader.ClasspathResourceLoader
15:40:24.978 [Test worker] DEBUG org.apache.velocity - Velocimacro : added VM includeClassifications: source=/templates/macros/page/classifications.vm
15:40:24.978 [Test worker] DEBUG org.apache.velocity - ResourceManager : found /templates/macros/page/classifications.vm with loader org.apache.velocity.runtime.resource.loader.ClasspathResourceLoader
15:40:24.979 [Test worker] DEBUG org.apache.velocity - Velocimacro : added VM includeLead: source=/templates/macros/page/lead.vm
15:40:24.979 [Test worker] DEBUG org.apache.velocity - ResourceManager : found /templates/macros/page/lead.vm with loader org.apache.velocity.runtime.resource.loader.ClasspathResourceLoader
15:40:24.980 [Test worker] DEBUG org.apache.velocity - Velocimacro : added VM includeNavigation: source=/templates/macros/page/navigation.vm
15:40:24.980 [Test worker] DEBUG org.apache.velocity - ResourceManager : found /templates/macros/page/navigation.vm with loader org.apache.velocity.runtime.resource.loader.ClasspathResourceLoader
15:40:24.982 [Test worker] DEBUG org.apache.velocity - Velocimacro : added VM includeReportInfo: source=/templates/macros/page/reportInfo.vm
15:40:24.982 [Test worker] DEBUG org.apache.velocity - ResourceManager : found /templates/macros/page/reportInfo.vm with loader org.apache.velocity.runtime.resource.loader.ClasspathResourceLoader
15:40:24.983 [Test worker] DEBUG org.apache.velocity - Velocimacro : added VM includeTitle: source=/templates/macros/page/title.vm
15:40:24.983 [Test worker] DEBUG org.apache.velocity - ResourceManager : found /templates/macros/page/title.vm with loader org.apache.velocity.runtime.resource.loader.ClasspathResourceLoader
15:40:24.983 [Test worker] DEBUG org.apache.velocity - Velocimacro : added VM includeExpandingButtons: source=/templates/macros/report/expandAllButtons.vm
15:40:24.983 [Test worker] DEBUG org.apache.velocity - ResourceManager : found /templates/macros/report/expandAllButtons.vm with loader org.apache.velocity.runtime.resource.loader.ClasspathResourceLoader
15:40:24.984 [Test worker] DEBUG org.apache.velocity - Velocimacro : added VM includeReportTable: source=/templates/macros/report/reportTable.vm
15:40:24.985 [Test worker] DEBUG org.apache.velocity - ResourceManager : found /templates/macros/report/reportTable.vm with loader org.apache.velocity.runtime.resource.loader.ClasspathResourceLoader
15:40:24.986 [Test worker] DEBUG org.apache.velocity - Velocimacro : added VM includeReportHeader: source=/templates/macros/report/reportHeader.vm
15:40:24.986 [Test worker] DEBUG org.apache.velocity - ResourceManager : found /templates/macros/report/reportHeader.vm with loader org.apache.velocity.runtime.resource.loader.ClasspathResourceLoader
15:40:24.987 [Test worker] DEBUG org.apache.velocity - Velocimacro : added VM includeStatsTable: source=/templates/macros/report/statsTable.vm
15:40:24.988 [Test worker] DEBUG org.apache.velocity - ResourceManager : found /templates/macros/report/statsTable.vm with loader org.apache.velocity.runtime.resource.loader.ClasspathResourceLoader
15:40:24.988 [Test worker] DEBUG org.apache.velocity - Velocimacro : added VM includeBrief: source=/templates/macros/json/brief.vm
15:40:24.988 [Test worker] DEBUG org.apache.velocity - ResourceManager : found /templates/macros/json/brief.vm with loader org.apache.velocity.runtime.resource.loader.ClasspathResourceLoader
15:40:24.989 [Test worker] DEBUG org.apache.velocity - Velocimacro : added VM includeDocString: source=/templates/macros/json/docstring.vm
15:40:24.989 [Test worker] DEBUG org.apache.velocity - ResourceManager : found /templates/macros/json/docstring.vm with loader org.apache.velocity.runtime.resource.loader.ClasspathResourceLoader
15:40:24.990 [Test worker] DEBUG org.apache.velocity - Velocimacro : added VM includeDuration: source=/templates/macros/json/duration.vm
15:40:24.990 [Test worker] DEBUG org.apache.velocity - ResourceManager : found /templates/macros/json/duration.vm with loader org.apache.velocity.runtime.resource.loader.ClasspathResourceLoader
15:40:24.991 [Test worker] DEBUG org.apache.velocity - Velocimacro : added VM includeElement: source=/templates/macros/json/element.vm
15:40:24.991 [Test worker] DEBUG org.apache.velocity - ResourceManager : found /templates/macros/json/element.vm with loader org.apache.velocity.runtime.resource.loader.ClasspathResourceLoader
15:40:24.993 [Test worker] DEBUG org.apache.velocity - Velocimacro : added VM includeEmbeddings: source=/templates/macros/json/embeddings.vm
15:40:24.993 [Test worker] DEBUG org.apache.velocity - Velocimacro : added VM includeHtmlEmbedding: source=/templates/macros/json/embeddings.vm
15:40:24.993 [Test worker] DEBUG org.apache.velocity - Velocimacro : added VM includeImageEmbedding: source=/templates/macros/json/embeddings.vm
15:40:24.993 [Test worker] DEBUG org.apache.velocity - Velocimacro : added VM includeImageReferenceEmbedding: source=/templates/macros/json/embeddings.vm
15:40:24.993 [Test worker] DEBUG org.apache.velocity - Velocimacro : added VM includeTextEmbedding: source=/templates/macros/json/embeddings.vm
15:40:24.993 [Test worker] DEBUG org.apache.velocity - Velocimacro : added VM includeUnknownEmbedding: source=/templates/macros/json/embeddings.vm
15:40:24.993 [Test worker] DEBUG org.apache.velocity - ResourceManager : found /templates/macros/json/embeddings.vm with loader org.apache.velocity.runtime.resource.loader.ClasspathResourceLoader
15:40:24.996 [Test worker] DEBUG org.apache.velocity - Velocimacro : added VM includeHooks: source=/templates/macros/json/hooks.vm
15:40:24.996 [Test worker] DEBUG org.apache.velocity - ResourceManager : found /templates/macros/json/hooks.vm with loader org.apache.velocity.runtime.resource.loader.ClasspathResourceLoader
15:40:24.998 [Test worker] DEBUG org.apache.velocity - Velocimacro : added VM includeOutput: source=/templates/macros/json/output.vm
15:40:24.998 [Test worker] DEBUG org.apache.velocity - ResourceManager : found /templates/macros/json/output.vm with loader org.apache.velocity.runtime.resource.loader.ClasspathResourceLoader
15:40:24.999 [Test worker] DEBUG org.apache.velocity - Velocimacro : added VM includeMessage: source=/templates/macros/json/message.vm
15:40:24.999 [Test worker] DEBUG org.apache.velocity - ResourceManager : found /templates/macros/json/message.vm with loader org.apache.velocity.runtime.resource.loader.ClasspathResourceLoader
15:40:25.000 [Test worker] DEBUG org.apache.velocity - Velocimacro : added VM includeSteps: source=/templates/macros/json/steps.vm
15:40:25.000 [Test worker] DEBUG org.apache.velocity - ResourceManager : found /templates/macros/json/steps.vm with loader org.apache.velocity.runtime.resource.loader.ClasspathResourceLoader
15:40:25.001 [Test worker] DEBUG org.apache.velocity - Velocimacro : added VM includeStepName: source=/templates/macros/json/stepName.vm
15:40:25.001 [Test worker] DEBUG org.apache.velocity - ResourceManager : found /templates/macros/json/stepName.vm with loader org.apache.velocity.runtime.resource.loader.ClasspathResourceLoader
15:40:25.002 [Test worker] DEBUG org.apache.velocity - Velocimacro : added VM includeTags: source=/templates/macros/json/tags.vm
15:40:25.002 [Test worker] DEBUG org.apache.velocity - ResourceManager : found /templates/macros/json/tags.vm with loader org.apache.velocity.runtime.resource.loader.ClasspathResourceLoader
15:40:25.003 [Test worker] DEBUG org.apache.velocity - ResourceManager : found /templates/js/tags-chart.js.vm with loader org.apache.velocity.runtime.resource.loader.ClasspathResourceLoader
15:40:25.006 [Test worker] DEBUG org.apache.velocity - ResourceManager : found /templates/footer.vm with loader org.apache.velocity.runtime.resource.loader.ClasspathResourceLoader
15:40:25.010 [Test worker] DEBUG org.apache.velocity - CommonsLogLogChute name is 'org.apache.velocity'
15:40:25.010 [Test worker] DEBUG org.apache.velocity - Initializing Velocity, Calling init()...
15:40:25.010 [Test worker] DEBUG org.apache.velocity - Starting Apache Velocity v1.7 (compiled: 2010-11-19 12:14:37)
15:40:25.010 [Test worker] DEBUG org.apache.velocity - Default Properties File: org\apache\velocity\runtime\defaults\velocity.properties
15:40:25.010 [Test worker] DEBUG org.apache.velocity - Trying to use logger class org.apache.velocity.runtime.log.AvalonLogChute
15:40:25.010 [Test worker] DEBUG org.apache.velocity - Target log system for org.apache.velocity.runtime.log.AvalonLogChute is not available (java.lang.NoClassDefFoundError: org/apache/log/format/Formatter).  Falling back to next log system...
15:40:25.010 [Test worker] DEBUG org.apache.velocity - Trying to use logger class org.apache.velocity.runtime.log.Log4JLogChute
15:40:25.010 [Test worker] DEBUG org.apache.velocity - Target log system for org.apache.velocity.runtime.log.Log4JLogChute is not available (java.lang.NoClassDefFoundError: org/apache/log4j/Layout).  Falling back to next log system...
15:40:25.010 [Test worker] DEBUG org.apache.velocity - Trying to use logger class org.apache.velocity.runtime.log.CommonsLogLogChute
15:40:25.010 [Test worker] DEBUG org.apache.velocity - Using logger class org.apache.velocity.runtime.log.CommonsLogLogChute
15:40:25.010 [Test worker] DEBUG org.apache.velocity - ResourceLoader instantiated: org.apache.velocity.runtime.resource.loader.ClasspathResourceLoader
15:40:25.010 [Test worker] DEBUG org.apache.velocity - ResourceCache: initialized (class org.apache.velocity.runtime.resource.ResourceCacheImpl) with class java.util.Collections$SynchronizedMap cache map.
15:40:25.011 [Test worker] DEBUG org.apache.velocity - Loaded System Directive: org.apache.velocity.runtime.directive.Stop
15:40:25.011 [Test worker] DEBUG org.apache.velocity - Loaded System Directive: org.apache.velocity.runtime.directive.Define
15:40:25.011 [Test worker] DEBUG org.apache.velocity - Loaded System Directive: org.apache.velocity.runtime.directive.Break
15:40:25.011 [Test worker] DEBUG org.apache.velocity - Loaded System Directive: org.apache.velocity.runtime.directive.Evaluate
15:40:25.011 [Test worker] DEBUG org.apache.velocity - Loaded System Directive: org.apache.velocity.runtime.directive.Literal
15:40:25.011 [Test worker] DEBUG org.apache.velocity - Loaded System Directive: org.apache.velocity.runtime.directive.Macro
15:40:25.011 [Test worker] DEBUG org.apache.velocity - Loaded System Directive: org.apache.velocity.runtime.directive.Parse
15:40:25.011 [Test worker] DEBUG org.apache.velocity - Loaded System Directive: org.apache.velocity.runtime.directive.Include
15:40:25.011 [Test worker] DEBUG org.apache.velocity - Loaded System Directive: org.apache.velocity.runtime.directive.Foreach
15:40:25.012 [Test worker] DEBUG org.apache.velocity - Created '20' parsers.
15:40:25.012 [Test worker] DEBUG org.apache.velocity - Velocimacro : "velocimacro.library" is not set.  Trying default library: VM_global_library.vm
15:40:25.013 [Test worker] DEBUG org.apache.velocity - Could not load resource 'VM_global_library.vm' from ResourceLoader org.apache.velocity.runtime.resource.loader.ClasspathResourceLoader: ClasspathResourceLoader Error: cannot find resource VM_global_library.vm
15:40:25.013 [Test worker] DEBUG org.apache.velocity - Velocimacro : Default library not found.
15:40:25.013 [Test worker] DEBUG org.apache.velocity - Velocimacro : allowInline = true : VMs can be defined inline in templates
15:40:25.013 [Test worker] DEBUG org.apache.velocity - Velocimacro : allowInlineToOverride = false : VMs defined inline may NOT replace previous VM definitions
15:40:25.013 [Test worker] DEBUG org.apache.velocity - Velocimacro : allowInlineLocal = false : VMs defined inline will be global in scope if allowed.
15:40:25.013 [Test worker] DEBUG org.apache.velocity - Velocimacro : autoload off : VM system will not automatically reload global library macros
15:40:25.015 [Test worker] DEBUG org.apache.velocity - ResourceManager : found templates/generators/reportTag.vm with loader org.apache.velocity.runtime.resource.loader.ClasspathResourceLoader
15:40:25.016 [Test worker] DEBUG org.apache.velocity - ResourceManager : found /templates/headers.vm with loader org.apache.velocity.runtime.resource.loader.ClasspathResourceLoader
15:40:25.017 [Test worker] DEBUG org.apache.velocity - ResourceManager : found /templates/head.vm with loader org.apache.velocity.runtime.resource.loader.ClasspathResourceLoader
15:40:25.018 [Test worker] DEBUG org.apache.velocity - Velocimacro : added VM stringArray: source=/templates/macros/array.js.vm
15:40:25.018 [Test worker] DEBUG org.apache.velocity - Velocimacro : added VM numberArray: source=/templates/macros/array.js.vm
15:40:25.018 [Test worker] DEBUG org.apache.velocity - ResourceManager : found /templates/macros/array.js.vm with loader org.apache.velocity.runtime.resource.loader.ClasspathResourceLoader
15:40:25.018 [Test worker] DEBUG org.apache.velocity - Velocimacro : added VM includeBuildInfo: source=/templates/macros/page/buildinfo.vm
15:40:25.018 [Test worker] DEBUG org.apache.velocity - ResourceManager : found /templates/macros/page/buildinfo.vm with loader org.apache.velocity.runtime.resource.loader.ClasspathResourceLoader
15:40:25.019 [Test worker] DEBUG org.apache.velocity - Velocimacro : added VM includeClassifications: source=/templates/macros/page/classifications.vm
15:40:25.019 [Test worker] DEBUG org.apache.velocity - ResourceManager : found /templates/macros/page/classifications.vm with loader org.apache.velocity.runtime.resource.loader.ClasspathResourceLoader
15:40:25.020 [Test worker] DEBUG org.apache.velocity - Velocimacro : added VM includeLead: source=/templates/macros/page/lead.vm
15:40:25.020 [Test worker] DEBUG org.apache.velocity - ResourceManager : found /templates/macros/page/lead.vm with loader org.apache.velocity.runtime.resource.loader.ClasspathResourceLoader
15:40:25.021 [Test worker] DEBUG org.apache.velocity - Velocimacro : added VM includeNavigation: source=/templates/macros/page/navigation.vm
15:40:25.021 [Test worker] DEBUG org.apache.velocity - ResourceManager : found /templates/macros/page/navigation.vm with loader org.apache.velocity.runtime.resource.loader.ClasspathResourceLoader
15:40:25.022 [Test worker] DEBUG org.apache.velocity - Velocimacro : added VM includeReportInfo: source=/templates/macros/page/reportInfo.vm
15:40:25.022 [Test worker] DEBUG org.apache.velocity - ResourceManager : found /templates/macros/page/reportInfo.vm with loader org.apache.velocity.runtime.resource.loader.ClasspathResourceLoader
15:40:25.022 [Test worker] DEBUG org.apache.velocity - Velocimacro : added VM includeTitle: source=/templates/macros/page/title.vm
15:40:25.022 [Test worker] DEBUG org.apache.velocity - ResourceManager : found /templates/macros/page/title.vm with loader org.apache.velocity.runtime.resource.loader.ClasspathResourceLoader
15:40:25.023 [Test worker] DEBUG org.apache.velocity - Velocimacro : added VM includeExpandingButtons: source=/templates/macros/report/expandAllButtons.vm
15:40:25.023 [Test worker] DEBUG org.apache.velocity - ResourceManager : found /templates/macros/report/expandAllButtons.vm with loader org.apache.velocity.runtime.resource.loader.ClasspathResourceLoader
15:40:25.024 [Test worker] DEBUG org.apache.velocity - Velocimacro : added VM includeReportTable: source=/templates/macros/report/reportTable.vm
15:40:25.024 [Test worker] DEBUG org.apache.velocity - ResourceManager : found /templates/macros/report/reportTable.vm with loader org.apache.velocity.runtime.resource.loader.ClasspathResourceLoader
15:40:25.025 [Test worker] DEBUG org.apache.velocity - Velocimacro : added VM includeReportHeader: source=/templates/macros/report/reportHeader.vm
15:40:25.025 [Test worker] DEBUG org.apache.velocity - ResourceManager : found /templates/macros/report/reportHeader.vm with loader org.apache.velocity.runtime.resource.loader.ClasspathResourceLoader
15:40:25.026 [Test worker] DEBUG org.apache.velocity - Velocimacro : added VM includeStatsTable: source=/templates/macros/report/statsTable.vm
15:40:25.026 [Test worker] DEBUG org.apache.velocity - ResourceManager : found /templates/macros/report/statsTable.vm with loader org.apache.velocity.runtime.resource.loader.ClasspathResourceLoader
15:40:25.027 [Test worker] DEBUG org.apache.velocity - Velocimacro : added VM includeBrief: source=/templates/macros/json/brief.vm
15:40:25.027 [Test worker] DEBUG org.apache.velocity - ResourceManager : found /templates/macros/json/brief.vm with loader org.apache.velocity.runtime.resource.loader.ClasspathResourceLoader
15:40:25.028 [Test worker] DEBUG org.apache.velocity - Velocimacro : added VM includeDocString: source=/templates/macros/json/docstring.vm
15:40:25.028 [Test worker] DEBUG org.apache.velocity - ResourceManager : found /templates/macros/json/docstring.vm with loader org.apache.velocity.runtime.resource.loader.ClasspathResourceLoader
15:40:25.029 [Test worker] DEBUG org.apache.velocity - Velocimacro : added VM includeDuration: source=/templates/macros/json/duration.vm
15:40:25.029 [Test worker] DEBUG org.apache.velocity - ResourceManager : found /templates/macros/json/duration.vm with loader org.apache.velocity.runtime.resource.loader.ClasspathResourceLoader
15:40:25.030 [Test worker] DEBUG org.apache.velocity - Velocimacro : added VM includeElement: source=/templates/macros/json/element.vm
15:40:25.030 [Test worker] DEBUG org.apache.velocity - ResourceManager : found /templates/macros/json/element.vm with loader org.apache.velocity.runtime.resource.loader.ClasspathResourceLoader
15:40:25.033 [Test worker] DEBUG org.apache.velocity - Velocimacro : added VM includeEmbeddings: source=/templates/macros/json/embeddings.vm
15:40:25.033 [Test worker] DEBUG org.apache.velocity - Velocimacro : added VM includeHtmlEmbedding: source=/templates/macros/json/embeddings.vm
15:40:25.033 [Test worker] DEBUG org.apache.velocity - Velocimacro : added VM includeImageEmbedding: source=/templates/macros/json/embeddings.vm
15:40:25.033 [Test worker] DEBUG org.apache.velocity - Velocimacro : added VM includeImageReferenceEmbedding: source=/templates/macros/json/embeddings.vm
15:40:25.033 [Test worker] DEBUG org.apache.velocity - Velocimacro : added VM includeTextEmbedding: source=/templates/macros/json/embeddings.vm
15:40:25.033 [Test worker] DEBUG org.apache.velocity - Velocimacro : added VM includeUnknownEmbedding: source=/templates/macros/json/embeddings.vm
15:40:25.033 [Test worker] DEBUG org.apache.velocity - ResourceManager : found /templates/macros/json/embeddings.vm with loader org.apache.velocity.runtime.resource.loader.ClasspathResourceLoader
15:40:25.034 [Test worker] DEBUG org.apache.velocity - Velocimacro : added VM includeHooks: source=/templates/macros/json/hooks.vm
15:40:25.034 [Test worker] DEBUG org.apache.velocity - ResourceManager : found /templates/macros/json/hooks.vm with loader org.apache.velocity.runtime.resource.loader.ClasspathResourceLoader
15:40:25.035 [Test worker] DEBUG org.apache.velocity - Velocimacro : added VM includeOutput: source=/templates/macros/json/output.vm
15:40:25.035 [Test worker] DEBUG org.apache.velocity - ResourceManager : found /templates/macros/json/output.vm with loader org.apache.velocity.runtime.resource.loader.ClasspathResourceLoader
15:40:25.036 [Test worker] DEBUG org.apache.velocity - Velocimacro : added VM includeMessage: source=/templates/macros/json/message.vm
15:40:25.036 [Test worker] DEBUG org.apache.velocity - ResourceManager : found /templates/macros/json/message.vm with loader org.apache.velocity.runtime.resource.loader.ClasspathResourceLoader
15:40:25.037 [Test worker] DEBUG org.apache.velocity - Velocimacro : added VM includeSteps: source=/templates/macros/json/steps.vm
15:40:25.037 [Test worker] DEBUG org.apache.velocity - ResourceManager : found /templates/macros/json/steps.vm with loader org.apache.velocity.runtime.resource.loader.ClasspathResourceLoader
15:40:25.038 [Test worker] DEBUG org.apache.velocity - Velocimacro : added VM includeStepName: source=/templates/macros/json/stepName.vm
15:40:25.038 [Test worker] DEBUG org.apache.velocity - ResourceManager : found /templates/macros/json/stepName.vm with loader org.apache.velocity.runtime.resource.loader.ClasspathResourceLoader
15:40:25.039 [Test worker] DEBUG org.apache.velocity - Velocimacro : added VM includeTags: source=/templates/macros/json/tags.vm
15:40:25.039 [Test worker] DEBUG org.apache.velocity - ResourceManager : found /templates/macros/json/tags.vm with loader org.apache.velocity.runtime.resource.loader.ClasspathResourceLoader
15:40:25.039 [Test worker] DEBUG org.apache.velocity - VM #includeNavigation: too few arguments to macro. Wanted 1 got 0
15:40:25.039 [Test worker] DEBUG org.apache.velocity - Left side ($active_tab) of '==' operation has null value. If it is a reference, it may not be in the context or its toString() returned null. /templates/macros/page/navigation.vm[line 14, column 51]
15:40:25.039 [Test worker] DEBUG org.apache.velocity - Left side ($active_tab) of '==' operation has null value. If it is a reference, it may not be in the context or its toString() returned null. /templates/macros/page/navigation.vm[line 15, column 51]
15:40:25.039 [Test worker] DEBUG org.apache.velocity - Left side ($active_tab) of '==' operation has null value. If it is a reference, it may not be in the context or its toString() returned null. /templates/macros/page/navigation.vm[line 16, column 51]
15:40:25.039 [Test worker] DEBUG org.apache.velocity - Left side ($active_tab) of '==' operation has null value. If it is a reference, it may not be in the context or its toString() returned null. /templates/macros/page/navigation.vm[line 20, column 51]
15:40:25.039 [Test worker] DEBUG org.apache.velocity - VM #includeLead: too few arguments to macro. Wanted 2 got 1
15:40:25.040 [Test worker] DEBUG org.apache.velocity - VM #includeBrief: too few arguments to macro. Wanted 5 got 4
15:40:25.040 [Test worker] DEBUG org.apache.velocity - VM #includeBrief: too few arguments to macro. Wanted 5 got 4
15:40:25.042 [Test worker] DEBUG org.apache.velocity - VM #includeBrief: too few arguments to macro. Wanted 5 got 4
15:40:25.042 [Test worker] DEBUG org.apache.velocity - VM #includeBrief: too few arguments to macro. Wanted 5 got 4
15:40:25.043 [Test worker] DEBUG org.apache.velocity - ResourceManager : found /templates/footer.vm with loader org.apache.velocity.runtime.resource.loader.ClasspathResourceLoader
15:40:25.046 [Test worker] DEBUG org.apache.velocity - CommonsLogLogChute name is 'org.apache.velocity'
15:40:25.046 [Test worker] DEBUG org.apache.velocity - Initializing Velocity, Calling init()...
15:40:25.046 [Test worker] DEBUG org.apache.velocity - Starting Apache Velocity v1.7 (compiled: 2010-11-19 12:14:37)
15:40:25.046 [Test worker] DEBUG org.apache.velocity - Default Properties File: org\apache\velocity\runtime\defaults\velocity.properties
15:40:25.046 [Test worker] DEBUG org.apache.velocity - Trying to use logger class org.apache.velocity.runtime.log.AvalonLogChute
15:40:25.046 [Test worker] DEBUG org.apache.velocity - Target log system for org.apache.velocity.runtime.log.AvalonLogChute is not available (java.lang.NoClassDefFoundError: org/apache/log/format/Formatter).  Falling back to next log system...
15:40:25.046 [Test worker] DEBUG org.apache.velocity - Trying to use logger class org.apache.velocity.runtime.log.Log4JLogChute
15:40:25.046 [Test worker] DEBUG org.apache.velocity - Target log system for org.apache.velocity.runtime.log.Log4JLogChute is not available (java.lang.NoClassDefFoundError: org/apache/log4j/Layout).  Falling back to next log system...
15:40:25.046 [Test worker] DEBUG org.apache.velocity - Trying to use logger class org.apache.velocity.runtime.log.CommonsLogLogChute
15:40:25.046 [Test worker] DEBUG org.apache.velocity - Using logger class org.apache.velocity.runtime.log.CommonsLogLogChute
15:40:25.046 [Test worker] DEBUG org.apache.velocity - ResourceLoader instantiated: org.apache.velocity.runtime.resource.loader.ClasspathResourceLoader
15:40:25.046 [Test worker] DEBUG org.apache.velocity - ResourceCache: initialized (class org.apache.velocity.runtime.resource.ResourceCacheImpl) with class java.util.Collections$SynchronizedMap cache map.
15:40:25.047 [Test worker] DEBUG org.apache.velocity - Loaded System Directive: org.apache.velocity.runtime.directive.Stop
15:40:25.047 [Test worker] DEBUG org.apache.velocity - Loaded System Directive: org.apache.velocity.runtime.directive.Define
15:40:25.047 [Test worker] DEBUG org.apache.velocity - Loaded System Directive: org.apache.velocity.runtime.directive.Break
15:40:25.047 [Test worker] DEBUG org.apache.velocity - Loaded System Directive: org.apache.velocity.runtime.directive.Evaluate
15:40:25.047 [Test worker] DEBUG org.apache.velocity - Loaded System Directive: org.apache.velocity.runtime.directive.Literal
15:40:25.047 [Test worker] DEBUG org.apache.velocity - Loaded System Directive: org.apache.velocity.runtime.directive.Macro
15:40:25.047 [Test worker] DEBUG org.apache.velocity - Loaded System Directive: org.apache.velocity.runtime.directive.Parse
15:40:25.047 [Test worker] DEBUG org.apache.velocity - Loaded System Directive: org.apache.velocity.runtime.directive.Include
15:40:25.047 [Test worker] DEBUG org.apache.velocity - Loaded System Directive: org.apache.velocity.runtime.directive.Foreach
15:40:25.048 [Test worker] DEBUG org.apache.velocity - Created '20' parsers.
15:40:25.048 [Test worker] DEBUG org.apache.velocity - Velocimacro : "velocimacro.library" is not set.  Trying default library: VM_global_library.vm
15:40:25.049 [Test worker] DEBUG org.apache.velocity - Could not load resource 'VM_global_library.vm' from ResourceLoader org.apache.velocity.runtime.resource.loader.ClasspathResourceLoader: ClasspathResourceLoader Error: cannot find resource VM_global_library.vm
15:40:25.049 [Test worker] DEBUG org.apache.velocity - Velocimacro : Default library not found.
15:40:25.049 [Test worker] DEBUG org.apache.velocity - Velocimacro : allowInline = true : VMs can be defined inline in templates
15:40:25.049 [Test worker] DEBUG org.apache.velocity - Velocimacro : allowInlineToOverride = false : VMs defined inline may NOT replace previous VM definitions
15:40:25.049 [Test worker] DEBUG org.apache.velocity - Velocimacro : allowInlineLocal = false : VMs defined inline will be global in scope if allowed.
15:40:25.049 [Test worker] DEBUG org.apache.velocity - Velocimacro : autoload off : VM system will not automatically reload global library macros
15:40:25.050 [Test worker] DEBUG org.apache.velocity - ResourceManager : found templates/generators/reportTag.vm with loader org.apache.velocity.runtime.resource.loader.ClasspathResourceLoader
15:40:25.051 [Test worker] DEBUG org.apache.velocity - ResourceManager : found /templates/headers.vm with loader org.apache.velocity.runtime.resource.loader.ClasspathResourceLoader
15:40:25.052 [Test worker] DEBUG org.apache.velocity - ResourceManager : found /templates/head.vm with loader org.apache.velocity.runtime.resource.loader.ClasspathResourceLoader
15:40:25.053 [Test worker] DEBUG org.apache.velocity - Velocimacro : added VM stringArray: source=/templates/macros/array.js.vm
15:40:25.053 [Test worker] DEBUG org.apache.velocity - Velocimacro : added VM numberArray: source=/templates/macros/array.js.vm
15:40:25.053 [Test worker] DEBUG org.apache.velocity - ResourceManager : found /templates/macros/array.js.vm with loader org.apache.velocity.runtime.resource.loader.ClasspathResourceLoader
15:40:25.054 [Test worker] DEBUG org.apache.velocity - Velocimacro : added VM includeBuildInfo: source=/templates/macros/page/buildinfo.vm
15:40:25.054 [Test worker] DEBUG org.apache.velocity - ResourceManager : found /templates/macros/page/buildinfo.vm with loader org.apache.velocity.runtime.resource.loader.ClasspathResourceLoader
15:40:25.054 [Test worker] DEBUG org.apache.velocity - Velocimacro : added VM includeClassifications: source=/templates/macros/page/classifications.vm
15:40:25.054 [Test worker] DEBUG org.apache.velocity - ResourceManager : found /templates/macros/page/classifications.vm with loader org.apache.velocity.runtime.resource.loader.ClasspathResourceLoader
15:40:25.055 [Test worker] DEBUG org.apache.velocity - Velocimacro : added VM includeLead: source=/templates/macros/page/lead.vm
15:40:25.055 [Test worker] DEBUG org.apache.velocity - ResourceManager : found /templates/macros/page/lead.vm with loader org.apache.velocity.runtime.resource.loader.ClasspathResourceLoader
15:40:25.056 [Test worker] DEBUG org.apache.velocity - Velocimacro : added VM includeNavigation: source=/templates/macros/page/navigation.vm
15:40:25.056 [Test worker] DEBUG org.apache.velocity - ResourceManager : found /templates/macros/page/navigation.vm with loader org.apache.velocity.runtime.resource.loader.ClasspathResourceLoader
15:40:25.056 [Test worker] DEBUG org.apache.velocity - Velocimacro : added VM includeReportInfo: source=/templates/macros/page/reportInfo.vm
15:40:25.056 [Test worker] DEBUG org.apache.velocity - ResourceManager : found /templates/macros/page/reportInfo.vm with loader org.apache.velocity.runtime.resource.loader.ClasspathResourceLoader
15:40:25.057 [Test worker] DEBUG org.apache.velocity - Velocimacro : added VM includeTitle: source=/templates/macros/page/title.vm
15:40:25.057 [Test worker] DEBUG org.apache.velocity - ResourceManager : found /templates/macros/page/title.vm with loader org.apache.velocity.runtime.resource.loader.ClasspathResourceLoader
15:40:25.058 [Test worker] DEBUG org.apache.velocity - Velocimacro : added VM includeExpandingButtons: source=/templates/macros/report/expandAllButtons.vm
15:40:25.058 [Test worker] DEBUG org.apache.velocity - ResourceManager : found /templates/macros/report/expandAllButtons.vm with loader org.apache.velocity.runtime.resource.loader.ClasspathResourceLoader
15:40:25.059 [Test worker] DEBUG org.apache.velocity - Velocimacro : added VM includeReportTable: source=/templates/macros/report/reportTable.vm
15:40:25.059 [Test worker] DEBUG org.apache.velocity - ResourceManager : found /templates/macros/report/reportTable.vm with loader org.apache.velocity.runtime.resource.loader.ClasspathResourceLoader
15:40:25.059 [Test worker] DEBUG org.apache.velocity - Velocimacro : added VM includeReportHeader: source=/templates/macros/report/reportHeader.vm
15:40:25.059 [Test worker] DEBUG org.apache.velocity - ResourceManager : found /templates/macros/report/reportHeader.vm with loader org.apache.velocity.runtime.resource.loader.ClasspathResourceLoader
15:40:25.061 [Test worker] DEBUG org.apache.velocity - Velocimacro : added VM includeStatsTable: source=/templates/macros/report/statsTable.vm
15:40:25.061 [Test worker] DEBUG org.apache.velocity - ResourceManager : found /templates/macros/report/statsTable.vm with loader org.apache.velocity.runtime.resource.loader.ClasspathResourceLoader
15:40:25.061 [Test worker] DEBUG org.apache.velocity - Velocimacro : added VM includeBrief: source=/templates/macros/json/brief.vm
15:40:25.061 [Test worker] DEBUG org.apache.velocity - ResourceManager : found /templates/macros/json/brief.vm with loader org.apache.velocity.runtime.resource.loader.ClasspathResourceLoader
15:40:25.062 [Test worker] DEBUG org.apache.velocity - Velocimacro : added VM includeDocString: source=/templates/macros/json/docstring.vm
15:40:25.062 [Test worker] DEBUG org.apache.velocity - ResourceManager : found /templates/macros/json/docstring.vm with loader org.apache.velocity.runtime.resource.loader.ClasspathResourceLoader
15:40:25.063 [Test worker] DEBUG org.apache.velocity - Velocimacro : added VM includeDuration: source=/templates/macros/json/duration.vm
15:40:25.063 [Test worker] DEBUG org.apache.velocity - ResourceManager : found /templates/macros/json/duration.vm with loader org.apache.velocity.runtime.resource.loader.ClasspathResourceLoader
15:40:25.064 [Test worker] DEBUG org.apache.velocity - Velocimacro : added VM includeElement: source=/templates/macros/json/element.vm
15:40:25.064 [Test worker] DEBUG org.apache.velocity - ResourceManager : found /templates/macros/json/element.vm with loader org.apache.velocity.runtime.resource.loader.ClasspathResourceLoader
15:40:25.066 [Test worker] DEBUG org.apache.velocity - Velocimacro : added VM includeEmbeddings: source=/templates/macros/json/embeddings.vm
15:40:25.066 [Test worker] DEBUG org.apache.velocity - Velocimacro : added VM includeHtmlEmbedding: source=/templates/macros/json/embeddings.vm
15:40:25.066 [Test worker] DEBUG org.apache.velocity - Velocimacro : added VM includeImageEmbedding: source=/templates/macros/json/embeddings.vm
15:40:25.066 [Test worker] DEBUG org.apache.velocity - Velocimacro : added VM includeImageReferenceEmbedding: source=/templates/macros/json/embeddings.vm
15:40:25.066 [Test worker] DEBUG org.apache.velocity - Velocimacro : added VM includeTextEmbedding: source=/templates/macros/json/embeddings.vm
15:40:25.066 [Test worker] DEBUG org.apache.velocity - Velocimacro : added VM includeUnknownEmbedding: source=/templates/macros/json/embeddings.vm
15:40:25.066 [Test worker] DEBUG org.apache.velocity - ResourceManager : found /templates/macros/json/embeddings.vm with loader org.apache.velocity.runtime.resource.loader.ClasspathResourceLoader
15:40:25.067 [Test worker] DEBUG org.apache.velocity - Velocimacro : added VM includeHooks: source=/templates/macros/json/hooks.vm
15:40:25.067 [Test worker] DEBUG org.apache.velocity - ResourceManager : found /templates/macros/json/hooks.vm with loader org.apache.velocity.runtime.resource.loader.ClasspathResourceLoader
15:40:25.068 [Test worker] DEBUG org.apache.velocity - Velocimacro : added VM includeOutput: source=/templates/macros/json/output.vm
15:40:25.068 [Test worker] DEBUG org.apache.velocity - ResourceManager : found /templates/macros/json/output.vm with loader org.apache.velocity.runtime.resource.loader.ClasspathResourceLoader
15:40:25.069 [Test worker] DEBUG org.apache.velocity - Velocimacro : added VM includeMessage: source=/templates/macros/json/message.vm
15:40:25.069 [Test worker] DEBUG org.apache.velocity - ResourceManager : found /templates/macros/json/message.vm with loader org.apache.velocity.runtime.resource.loader.ClasspathResourceLoader
15:40:25.070 [Test worker] DEBUG org.apache.velocity - Velocimacro : added VM includeSteps: source=/templates/macros/json/steps.vm
15:40:25.070 [Test worker] DEBUG org.apache.velocity - ResourceManager : found /templates/macros/json/steps.vm with loader org.apache.velocity.runtime.resource.loader.ClasspathResourceLoader
15:40:25.071 [Test worker] DEBUG org.apache.velocity - Velocimacro : added VM includeStepName: source=/templates/macros/json/stepName.vm
15:40:25.071 [Test worker] DEBUG org.apache.velocity - ResourceManager : found /templates/macros/json/stepName.vm with loader org.apache.velocity.runtime.resource.loader.ClasspathResourceLoader
15:40:25.071 [Test worker] DEBUG org.apache.velocity - Velocimacro : added VM includeTags: source=/templates/macros/json/tags.vm
15:40:25.072 [Test worker] DEBUG org.apache.velocity - ResourceManager : found /templates/macros/json/tags.vm with loader org.apache.velocity.runtime.resource.loader.ClasspathResourceLoader
15:40:25.072 [Test worker] DEBUG org.apache.velocity - VM #includeNavigation: too few arguments to macro. Wanted 1 got 0
15:40:25.072 [Test worker] DEBUG org.apache.velocity - Left side ($active_tab) of '==' operation has null value. If it is a reference, it may not be in the context or its toString() returned null. /templates/macros/page/navigation.vm[line 14, column 51]
15:40:25.072 [Test worker] DEBUG org.apache.velocity - Left side ($active_tab) of '==' operation has null value. If it is a reference, it may not be in the context or its toString() returned null. /templates/macros/page/navigation.vm[line 15, column 51]
15:40:25.072 [Test worker] DEBUG org.apache.velocity - Left side ($active_tab) of '==' operation has null value. If it is a reference, it may not be in the context or its toString() returned null. /templates/macros/page/navigation.vm[line 16, column 51]
15:40:25.072 [Test worker] DEBUG org.apache.velocity - Left side ($active_tab) of '==' operation has null value. If it is a reference, it may not be in the context or its toString() returned null. /templates/macros/page/navigation.vm[line 20, column 51]
15:40:25.072 [Test worker] DEBUG org.apache.velocity - VM #includeLead: too few arguments to macro. Wanted 2 got 1
15:40:25.073 [Test worker] DEBUG org.apache.velocity - VM #includeBrief: too few arguments to macro. Wanted 5 got 4
15:40:25.073 [Test worker] DEBUG org.apache.velocity - VM #includeBrief: too few arguments to macro. Wanted 5 got 4
15:40:25.074 [Test worker] DEBUG org.apache.velocity - VM #includeBrief: too few arguments to macro. Wanted 5 got 4
15:40:25.075 [Test worker] DEBUG org.apache.velocity - VM #includeBrief: too few arguments to macro. Wanted 5 got 4
15:40:25.076 [Test worker] DEBUG org.apache.velocity - VM #includeBrief: too few arguments to macro. Wanted 5 got 4
15:40:25.076 [Test worker] DEBUG org.apache.velocity - VM #includeBrief: too few arguments to macro. Wanted 5 got 4
15:40:25.078 [Test worker] DEBUG org.apache.velocity - VM #includeBrief: too few arguments to macro. Wanted 5 got 4
15:40:25.078 [Test worker] DEBUG org.apache.velocity - VM #includeBrief: too few arguments to macro. Wanted 5 got 4
15:40:25.080 [Test worker] DEBUG org.apache.velocity - ResourceManager : found /templates/footer.vm with loader org.apache.velocity.runtime.resource.loader.ClasspathResourceLoader
15:40:25.082 [Test worker] DEBUG org.apache.velocity - CommonsLogLogChute name is 'org.apache.velocity'
15:40:25.082 [Test worker] DEBUG org.apache.velocity - Initializing Velocity, Calling init()...
15:40:25.083 [Test worker] DEBUG org.apache.velocity - Starting Apache Velocity v1.7 (compiled: 2010-11-19 12:14:37)
15:40:25.083 [Test worker] DEBUG org.apache.velocity - Default Properties File: org\apache\velocity\runtime\defaults\velocity.properties
15:40:25.083 [Test worker] DEBUG org.apache.velocity - Trying to use logger class org.apache.velocity.runtime.log.AvalonLogChute
15:40:25.083 [Test worker] DEBUG org.apache.velocity - Target log system for org.apache.velocity.runtime.log.AvalonLogChute is not available (java.lang.NoClassDefFoundError: org/apache/log/format/Formatter).  Falling back to next log system...
15:40:25.083 [Test worker] DEBUG org.apache.velocity - Trying to use logger class org.apache.velocity.runtime.log.Log4JLogChute
15:40:25.083 [Test worker] DEBUG org.apache.velocity - Target log system for org.apache.velocity.runtime.log.Log4JLogChute is not available (java.lang.NoClassDefFoundError: org/apache/log4j/Layout).  Falling back to next log system...
15:40:25.083 [Test worker] DEBUG org.apache.velocity - Trying to use logger class org.apache.velocity.runtime.log.CommonsLogLogChute
15:40:25.083 [Test worker] DEBUG org.apache.velocity - Using logger class org.apache.velocity.runtime.log.CommonsLogLogChute
15:40:25.083 [Test worker] DEBUG org.apache.velocity - ResourceLoader instantiated: org.apache.velocity.runtime.resource.loader.ClasspathResourceLoader
15:40:25.083 [Test worker] DEBUG org.apache.velocity - ResourceCache: initialized (class org.apache.velocity.runtime.resource.ResourceCacheImpl) with class java.util.Collections$SynchronizedMap cache map.
15:40:25.083 [Test worker] DEBUG org.apache.velocity - Loaded System Directive: org.apache.velocity.runtime.directive.Stop
15:40:25.083 [Test worker] DEBUG org.apache.velocity - Loaded System Directive: org.apache.velocity.runtime.directive.Define
15:40:25.083 [Test worker] DEBUG org.apache.velocity - Loaded System Directive: org.apache.velocity.runtime.directive.Break
15:40:25.083 [Test worker] DEBUG org.apache.velocity - Loaded System Directive: org.apache.velocity.runtime.directive.Evaluate
15:40:25.083 [Test worker] DEBUG org.apache.velocity - Loaded System Directive: org.apache.velocity.runtime.directive.Literal
15:40:25.083 [Test worker] DEBUG org.apache.velocity - Loaded System Directive: org.apache.velocity.runtime.directive.Macro
15:40:25.083 [Test worker] DEBUG org.apache.velocity - Loaded System Directive: org.apache.velocity.runtime.directive.Parse
15:40:25.083 [Test worker] DEBUG org.apache.velocity - Loaded System Directive: org.apache.velocity.runtime.directive.Include
15:40:25.083 [Test worker] DEBUG org.apache.velocity - Loaded System Directive: org.apache.velocity.runtime.directive.Foreach
15:40:25.084 [Test worker] DEBUG org.apache.velocity - Created '20' parsers.
15:40:25.084 [Test worker] DEBUG org.apache.velocity - Velocimacro : "velocimacro.library" is not set.  Trying default library: VM_global_library.vm
15:40:25.085 [Test worker] DEBUG org.apache.velocity - Could not load resource 'VM_global_library.vm' from ResourceLoader org.apache.velocity.runtime.resource.loader.ClasspathResourceLoader: ClasspathResourceLoader Error: cannot find resource VM_global_library.vm
15:40:25.085 [Test worker] DEBUG org.apache.velocity - Velocimacro : Default library not found.
15:40:25.085 [Test worker] DEBUG org.apache.velocity - Velocimacro : allowInline = true : VMs can be defined inline in templates
15:40:25.085 [Test worker] DEBUG org.apache.velocity - Velocimacro : allowInlineToOverride = false : VMs defined inline may NOT replace previous VM definitions
15:40:25.085 [Test worker] DEBUG org.apache.velocity - Velocimacro : allowInlineLocal = false : VMs defined inline will be global in scope if allowed.
15:40:25.085 [Test worker] DEBUG org.apache.velocity - Velocimacro : autoload off : VM system will not automatically reload global library macros
15:40:25.086 [Test worker] DEBUG org.apache.velocity - ResourceManager : found templates/generators/overviewSteps.vm with loader org.apache.velocity.runtime.resource.loader.ClasspathResourceLoader
15:40:25.087 [Test worker] DEBUG org.apache.velocity - ResourceManager : found /templates/headers.vm with loader org.apache.velocity.runtime.resource.loader.ClasspathResourceLoader
15:40:25.088 [Test worker] DEBUG org.apache.velocity - ResourceManager : found /templates/head.vm with loader org.apache.velocity.runtime.resource.loader.ClasspathResourceLoader
15:40:25.089 [Test worker] DEBUG org.apache.velocity - Velocimacro : added VM stringArray: source=/templates/macros/array.js.vm
15:40:25.089 [Test worker] DEBUG org.apache.velocity - Velocimacro : added VM numberArray: source=/templates/macros/array.js.vm
15:40:25.089 [Test worker] DEBUG org.apache.velocity - ResourceManager : found /templates/macros/array.js.vm with loader org.apache.velocity.runtime.resource.loader.ClasspathResourceLoader
15:40:25.089 [Test worker] DEBUG org.apache.velocity - Velocimacro : added VM includeBuildInfo: source=/templates/macros/page/buildinfo.vm
15:40:25.089 [Test worker] DEBUG org.apache.velocity - ResourceManager : found /templates/macros/page/buildinfo.vm with loader org.apache.velocity.runtime.resource.loader.ClasspathResourceLoader
15:40:25.090 [Test worker] DEBUG org.apache.velocity - Velocimacro : added VM includeClassifications: source=/templates/macros/page/classifications.vm
15:40:25.090 [Test worker] DEBUG org.apache.velocity - ResourceManager : found /templates/macros/page/classifications.vm with loader org.apache.velocity.runtime.resource.loader.ClasspathResourceLoader
15:40:25.091 [Test worker] DEBUG org.apache.velocity - Velocimacro : added VM includeLead: source=/templates/macros/page/lead.vm
15:40:25.091 [Test worker] DEBUG org.apache.velocity - ResourceManager : found /templates/macros/page/lead.vm with loader org.apache.velocity.runtime.resource.loader.ClasspathResourceLoader
15:40:25.091 [Test worker] DEBUG org.apache.velocity - Velocimacro : added VM includeNavigation: source=/templates/macros/page/navigation.vm
15:40:25.091 [Test worker] DEBUG org.apache.velocity - ResourceManager : found /templates/macros/page/navigation.vm with loader org.apache.velocity.runtime.resource.loader.ClasspathResourceLoader
15:40:25.092 [Test worker] DEBUG org.apache.velocity - Velocimacro : added VM includeReportInfo: source=/templates/macros/page/reportInfo.vm
15:40:25.092 [Test worker] DEBUG org.apache.velocity - ResourceManager : found /templates/macros/page/reportInfo.vm with loader org.apache.velocity.runtime.resource.loader.ClasspathResourceLoader
15:40:25.093 [Test worker] DEBUG org.apache.velocity - Velocimacro : added VM includeTitle: source=/templates/macros/page/title.vm
15:40:25.093 [Test worker] DEBUG org.apache.velocity - ResourceManager : found /templates/macros/page/title.vm with loader org.apache.velocity.runtime.resource.loader.ClasspathResourceLoader
15:40:25.094 [Test worker] DEBUG org.apache.velocity - Velocimacro : added VM includeExpandingButtons: source=/templates/macros/report/expandAllButtons.vm
15:40:25.094 [Test worker] DEBUG org.apache.velocity - ResourceManager : found /templates/macros/report/expandAllButtons.vm with loader org.apache.velocity.runtime.resource.loader.ClasspathResourceLoader
15:40:25.095 [Test worker] DEBUG org.apache.velocity - Velocimacro : added VM includeReportTable: source=/templates/macros/report/reportTable.vm
15:40:25.095 [Test worker] DEBUG org.apache.velocity - ResourceManager : found /templates/macros/report/reportTable.vm with loader org.apache.velocity.runtime.resource.loader.ClasspathResourceLoader
15:40:25.096 [Test worker] DEBUG org.apache.velocity - Velocimacro : added VM includeReportHeader: source=/templates/macros/report/reportHeader.vm
15:40:25.096 [Test worker] DEBUG org.apache.velocity - ResourceManager : found /templates/macros/report/reportHeader.vm with loader org.apache.velocity.runtime.resource.loader.ClasspathResourceLoader
15:40:25.097 [Test worker] DEBUG org.apache.velocity - Velocimacro : added VM includeStatsTable: source=/templates/macros/report/statsTable.vm
15:40:25.097 [Test worker] DEBUG org.apache.velocity - ResourceManager : found /templates/macros/report/statsTable.vm with loader org.apache.velocity.runtime.resource.loader.ClasspathResourceLoader
15:40:25.098 [Test worker] DEBUG org.apache.velocity - Velocimacro : added VM includeBrief: source=/templates/macros/json/brief.vm
15:40:25.098 [Test worker] DEBUG org.apache.velocity - ResourceManager : found /templates/macros/json/brief.vm with loader org.apache.velocity.runtime.resource.loader.ClasspathResourceLoader
15:40:25.099 [Test worker] DEBUG org.apache.velocity - Velocimacro : added VM includeDocString: source=/templates/macros/json/docstring.vm
15:40:25.099 [Test worker] DEBUG org.apache.velocity - ResourceManager : found /templates/macros/json/docstring.vm with loader org.apache.velocity.runtime.resource.loader.ClasspathResourceLoader
15:40:25.099 [Test worker] DEBUG org.apache.velocity - Velocimacro : added VM includeDuration: source=/templates/macros/json/duration.vm
15:40:25.099 [Test worker] DEBUG org.apache.velocity - ResourceManager : found /templates/macros/json/duration.vm with loader org.apache.velocity.runtime.resource.loader.ClasspathResourceLoader
15:40:25.100 [Test worker] DEBUG org.apache.velocity - Velocimacro : added VM includeElement: source=/templates/macros/json/element.vm
15:40:25.100 [Test worker] DEBUG org.apache.velocity - ResourceManager : found /templates/macros/json/element.vm with loader org.apache.velocity.runtime.resource.loader.ClasspathResourceLoader
15:40:25.102 [Test worker] DEBUG org.apache.velocity - Velocimacro : added VM includeEmbeddings: source=/templates/macros/json/embeddings.vm
15:40:25.102 [Test worker] DEBUG org.apache.velocity - Velocimacro : added VM includeHtmlEmbedding: source=/templates/macros/json/embeddings.vm
15:40:25.102 [Test worker] DEBUG org.apache.velocity - Velocimacro : added VM includeImageEmbedding: source=/templates/macros/json/embeddings.vm
15:40:25.102 [Test worker] DEBUG org.apache.velocity - Velocimacro : added VM includeImageReferenceEmbedding: source=/templates/macros/json/embeddings.vm
15:40:25.102 [Test worker] DEBUG org.apache.velocity - Velocimacro : added VM includeTextEmbedding: source=/templates/macros/json/embeddings.vm
15:40:25.102 [Test worker] DEBUG org.apache.velocity - Velocimacro : added VM includeUnknownEmbedding: source=/templates/macros/json/embeddings.vm
15:40:25.102 [Test worker] DEBUG org.apache.velocity - ResourceManager : found /templates/macros/json/embeddings.vm with loader org.apache.velocity.runtime.resource.loader.ClasspathResourceLoader
15:40:25.103 [Test worker] DEBUG org.apache.velocity - Velocimacro : added VM includeHooks: source=/templates/macros/json/hooks.vm
15:40:25.103 [Test worker] DEBUG org.apache.velocity - ResourceManager : found /templates/macros/json/hooks.vm with loader org.apache.velocity.runtime.resource.loader.ClasspathResourceLoader
15:40:25.104 [Test worker] DEBUG org.apache.velocity - Velocimacro : added VM includeOutput: source=/templates/macros/json/output.vm
15:40:25.104 [Test worker] DEBUG org.apache.velocity - ResourceManager : found /templates/macros/json/output.vm with loader org.apache.velocity.runtime.resource.loader.ClasspathResourceLoader
15:40:25.105 [Test worker] DEBUG org.apache.velocity - Velocimacro : added VM includeMessage: source=/templates/macros/json/message.vm
15:40:25.105 [Test worker] DEBUG org.apache.velocity - ResourceManager : found /templates/macros/json/message.vm with loader org.apache.velocity.runtime.resource.loader.ClasspathResourceLoader
15:40:25.106 [Test worker] DEBUG org.apache.velocity - Velocimacro : added VM includeSteps: source=/templates/macros/json/steps.vm
15:40:25.106 [Test worker] DEBUG org.apache.velocity - ResourceManager : found /templates/macros/json/steps.vm with loader org.apache.velocity.runtime.resource.loader.ClasspathResourceLoader
15:40:25.107 [Test worker] DEBUG org.apache.velocity - Velocimacro : added VM includeStepName: source=/templates/macros/json/stepName.vm
15:40:25.107 [Test worker] DEBUG org.apache.velocity - ResourceManager : found /templates/macros/json/stepName.vm with loader org.apache.velocity.runtime.resource.loader.ClasspathResourceLoader
15:40:25.108 [Test worker] DEBUG org.apache.velocity - Velocimacro : added VM includeTags: source=/templates/macros/json/tags.vm
15:40:25.108 [Test worker] DEBUG org.apache.velocity - ResourceManager : found /templates/macros/json/tags.vm with loader org.apache.velocity.runtime.resource.loader.ClasspathResourceLoader
15:40:25.109 [Test worker] DEBUG org.apache.velocity - ResourceManager : found /templates/footer.vm with loader org.apache.velocity.runtime.resource.loader.ClasspathResourceLoader
15:40:25.112 [Test worker] DEBUG org.apache.velocity - CommonsLogLogChute name is 'org.apache.velocity'
15:40:25.112 [Test worker] DEBUG org.apache.velocity - Initializing Velocity, Calling init()...
15:40:25.112 [Test worker] DEBUG org.apache.velocity - Starting Apache Velocity v1.7 (compiled: 2010-11-19 12:14:37)
15:40:25.112 [Test worker] DEBUG org.apache.velocity - Default Properties File: org\apache\velocity\runtime\defaults\velocity.properties
15:40:25.112 [Test worker] DEBUG org.apache.velocity - Trying to use logger class org.apache.velocity.runtime.log.AvalonLogChute
15:40:25.112 [Test worker] DEBUG org.apache.velocity - Target log system for org.apache.velocity.runtime.log.AvalonLogChute is not available (java.lang.NoClassDefFoundError: org/apache/log/format/Formatter).  Falling back to next log system...
15:40:25.112 [Test worker] DEBUG org.apache.velocity - Trying to use logger class org.apache.velocity.runtime.log.Log4JLogChute
15:40:25.112 [Test worker] DEBUG org.apache.velocity - Target log system for org.apache.velocity.runtime.log.Log4JLogChute is not available (java.lang.NoClassDefFoundError: org/apache/log4j/Layout).  Falling back to next log system...
15:40:25.112 [Test worker] DEBUG org.apache.velocity - Trying to use logger class org.apache.velocity.runtime.log.CommonsLogLogChute
15:40:25.112 [Test worker] DEBUG org.apache.velocity - Using logger class org.apache.velocity.runtime.log.CommonsLogLogChute
15:40:25.112 [Test worker] DEBUG org.apache.velocity - ResourceLoader instantiated: org.apache.velocity.runtime.resource.loader.ClasspathResourceLoader
15:40:25.112 [Test worker] DEBUG org.apache.velocity - ResourceCache: initialized (class org.apache.velocity.runtime.resource.ResourceCacheImpl) with class java.util.Collections$SynchronizedMap cache map.
15:40:25.113 [Test worker] DEBUG org.apache.velocity - Loaded System Directive: org.apache.velocity.runtime.directive.Stop
15:40:25.113 [Test worker] DEBUG org.apache.velocity - Loaded System Directive: org.apache.velocity.runtime.directive.Define
15:40:25.113 [Test worker] DEBUG org.apache.velocity - Loaded System Directive: org.apache.velocity.runtime.directive.Break
15:40:25.113 [Test worker] DEBUG org.apache.velocity - Loaded System Directive: org.apache.velocity.runtime.directive.Evaluate
15:40:25.113 [Test worker] DEBUG org.apache.velocity - Loaded System Directive: org.apache.velocity.runtime.directive.Literal
15:40:25.113 [Test worker] DEBUG org.apache.velocity - Loaded System Directive: org.apache.velocity.runtime.directive.Macro
15:40:25.113 [Test worker] DEBUG org.apache.velocity - Loaded System Directive: org.apache.velocity.runtime.directive.Parse
15:40:25.113 [Test worker] DEBUG org.apache.velocity - Loaded System Directive: org.apache.velocity.runtime.directive.Include
15:40:25.113 [Test worker] DEBUG org.apache.velocity - Loaded System Directive: org.apache.velocity.runtime.directive.Foreach
15:40:25.114 [Test worker] DEBUG org.apache.velocity - Created '20' parsers.
15:40:25.114 [Test worker] DEBUG org.apache.velocity - Velocimacro : "velocimacro.library" is not set.  Trying default library: VM_global_library.vm
15:40:25.114 [Test worker] DEBUG org.apache.velocity - Could not load resource 'VM_global_library.vm' from ResourceLoader org.apache.velocity.runtime.resource.loader.ClasspathResourceLoader: ClasspathResourceLoader Error: cannot find resource VM_global_library.vm
15:40:25.114 [Test worker] DEBUG org.apache.velocity - Velocimacro : Default library not found.
15:40:25.114 [Test worker] DEBUG org.apache.velocity - Velocimacro : allowInline = true : VMs can be defined inline in templates
15:40:25.114 [Test worker] DEBUG org.apache.velocity - Velocimacro : allowInlineToOverride = false : VMs defined inline may NOT replace previous VM definitions
15:40:25.114 [Test worker] DEBUG org.apache.velocity - Velocimacro : allowInlineLocal = false : VMs defined inline will be global in scope if allowed.
15:40:25.114 [Test worker] DEBUG org.apache.velocity - Velocimacro : autoload off : VM system will not automatically reload global library macros
15:40:25.116 [Test worker] DEBUG org.apache.velocity - ResourceManager : found templates/generators/overviewFailures.vm with loader org.apache.velocity.runtime.resource.loader.ClasspathResourceLoader
15:40:25.117 [Test worker] DEBUG org.apache.velocity - ResourceManager : found /templates/headers.vm with loader org.apache.velocity.runtime.resource.loader.ClasspathResourceLoader
15:40:25.117 [Test worker] DEBUG org.apache.velocity - ResourceManager : found /templates/head.vm with loader org.apache.velocity.runtime.resource.loader.ClasspathResourceLoader
15:40:25.118 [Test worker] DEBUG org.apache.velocity - Velocimacro : added VM stringArray: source=/templates/macros/array.js.vm
15:40:25.118 [Test worker] DEBUG org.apache.velocity - Velocimacro : added VM numberArray: source=/templates/macros/array.js.vm
15:40:25.118 [Test worker] DEBUG org.apache.velocity - ResourceManager : found /templates/macros/array.js.vm with loader org.apache.velocity.runtime.resource.loader.ClasspathResourceLoader
15:40:25.119 [Test worker] DEBUG org.apache.velocity - Velocimacro : added VM includeBuildInfo: source=/templates/macros/page/buildinfo.vm
15:40:25.119 [Test worker] DEBUG org.apache.velocity - ResourceManager : found /templates/macros/page/buildinfo.vm with loader org.apache.velocity.runtime.resource.loader.ClasspathResourceLoader
15:40:25.119 [Test worker] DEBUG org.apache.velocity - Velocimacro : added VM includeClassifications: source=/templates/macros/page/classifications.vm
15:40:25.119 [Test worker] DEBUG org.apache.velocity - ResourceManager : found /templates/macros/page/classifications.vm with loader org.apache.velocity.runtime.resource.loader.ClasspathResourceLoader
15:40:25.120 [Test worker] DEBUG org.apache.velocity - Velocimacro : added VM includeLead: source=/templates/macros/page/lead.vm
15:40:25.120 [Test worker] DEBUG org.apache.velocity - ResourceManager : found /templates/macros/page/lead.vm with loader org.apache.velocity.runtime.resource.loader.ClasspathResourceLoader
15:40:25.121 [Test worker] DEBUG org.apache.velocity - Velocimacro : added VM includeNavigation: source=/templates/macros/page/navigation.vm
15:40:25.121 [Test worker] DEBUG org.apache.velocity - ResourceManager : found /templates/macros/page/navigation.vm with loader org.apache.velocity.runtime.resource.loader.ClasspathResourceLoader
15:40:25.121 [Test worker] DEBUG org.apache.velocity - Velocimacro : added VM includeReportInfo: source=/templates/macros/page/reportInfo.vm
15:40:25.121 [Test worker] DEBUG org.apache.velocity - ResourceManager : found /templates/macros/page/reportInfo.vm with loader org.apache.velocity.runtime.resource.loader.ClasspathResourceLoader
15:40:25.122 [Test worker] DEBUG org.apache.velocity - Velocimacro : added VM includeTitle: source=/templates/macros/page/title.vm
15:40:25.122 [Test worker] DEBUG org.apache.velocity - ResourceManager : found /templates/macros/page/title.vm with loader org.apache.velocity.runtime.resource.loader.ClasspathResourceLoader
15:40:25.122 [Test worker] DEBUG org.apache.velocity - Velocimacro : added VM includeExpandingButtons: source=/templates/macros/report/expandAllButtons.vm
15:40:25.122 [Test worker] DEBUG org.apache.velocity - ResourceManager : found /templates/macros/report/expandAllButtons.vm with loader org.apache.velocity.runtime.resource.loader.ClasspathResourceLoader
15:40:25.124 [Test worker] DEBUG org.apache.velocity - Velocimacro : added VM includeReportTable: source=/templates/macros/report/reportTable.vm
15:40:25.124 [Test worker] DEBUG org.apache.velocity - ResourceManager : found /templates/macros/report/reportTable.vm with loader org.apache.velocity.runtime.resource.loader.ClasspathResourceLoader
15:40:25.124 [Test worker] DEBUG org.apache.velocity - Velocimacro : added VM includeReportHeader: source=/templates/macros/report/reportHeader.vm
15:40:25.125 [Test worker] DEBUG org.apache.velocity - ResourceManager : found /templates/macros/report/reportHeader.vm with loader org.apache.velocity.runtime.resource.loader.ClasspathResourceLoader
15:40:25.126 [Test worker] DEBUG org.apache.velocity - Velocimacro : added VM includeStatsTable: source=/templates/macros/report/statsTable.vm
15:40:25.126 [Test worker] DEBUG org.apache.velocity - ResourceManager : found /templates/macros/report/statsTable.vm with loader org.apache.velocity.runtime.resource.loader.ClasspathResourceLoader
15:40:25.126 [Test worker] DEBUG org.apache.velocity - Velocimacro : added VM includeBrief: source=/templates/macros/json/brief.vm
15:40:25.127 [Test worker] DEBUG org.apache.velocity - ResourceManager : found /templates/macros/json/brief.vm with loader org.apache.velocity.runtime.resource.loader.ClasspathResourceLoader
15:40:25.127 [Test worker] DEBUG org.apache.velocity - Velocimacro : added VM includeDocString: source=/templates/macros/json/docstring.vm
15:40:25.127 [Test worker] DEBUG org.apache.velocity - ResourceManager : found /templates/macros/json/docstring.vm with loader org.apache.velocity.runtime.resource.loader.ClasspathResourceLoader
15:40:25.128 [Test worker] DEBUG org.apache.velocity - Velocimacro : added VM includeDuration: source=/templates/macros/json/duration.vm
15:40:25.128 [Test worker] DEBUG org.apache.velocity - ResourceManager : found /templates/macros/json/duration.vm with loader org.apache.velocity.runtime.resource.loader.ClasspathResourceLoader
15:40:25.129 [Test worker] DEBUG org.apache.velocity - Velocimacro : added VM includeElement: source=/templates/macros/json/element.vm
15:40:25.130 [Test worker] DEBUG org.apache.velocity - ResourceManager : found /templates/macros/json/element.vm with loader org.apache.velocity.runtime.resource.loader.ClasspathResourceLoader
15:40:25.131 [Test worker] DEBUG org.apache.velocity - Velocimacro : added VM includeEmbeddings: source=/templates/macros/json/embeddings.vm
15:40:25.131 [Test worker] DEBUG org.apache.velocity - Velocimacro : added VM includeHtmlEmbedding: source=/templates/macros/json/embeddings.vm
15:40:25.132 [Test worker] DEBUG org.apache.velocity - Velocimacro : added VM includeImageEmbedding: source=/templates/macros/json/embeddings.vm
15:40:25.132 [Test worker] DEBUG org.apache.velocity - Velocimacro : added VM includeImageReferenceEmbedding: source=/templates/macros/json/embeddings.vm
15:40:25.132 [Test worker] DEBUG org.apache.velocity - Velocimacro : added VM includeTextEmbedding: source=/templates/macros/json/embeddings.vm
15:40:25.132 [Test worker] DEBUG org.apache.velocity - Velocimacro : added VM includeUnknownEmbedding: source=/templates/macros/json/embeddings.vm
15:40:25.132 [Test worker] DEBUG org.apache.velocity - ResourceManager : found /templates/macros/json/embeddings.vm with loader org.apache.velocity.runtime.resource.loader.ClasspathResourceLoader
15:40:25.133 [Test worker] DEBUG org.apache.velocity - Velocimacro : added VM includeHooks: source=/templates/macros/json/hooks.vm
15:40:25.133 [Test worker] DEBUG org.apache.velocity - ResourceManager : found /templates/macros/json/hooks.vm with loader org.apache.velocity.runtime.resource.loader.ClasspathResourceLoader
15:40:25.134 [Test worker] DEBUG org.apache.velocity - Velocimacro : added VM includeOutput: source=/templates/macros/json/output.vm
15:40:25.134 [Test worker] DEBUG org.apache.velocity - ResourceManager : found /templates/macros/json/output.vm with loader org.apache.velocity.runtime.resource.loader.ClasspathResourceLoader
15:40:25.135 [Test worker] DEBUG org.apache.velocity - Velocimacro : added VM includeMessage: source=/templates/macros/json/message.vm
15:40:25.135 [Test worker] DEBUG org.apache.velocity - ResourceManager : found /templates/macros/json/message.vm with loader org.apache.velocity.runtime.resource.loader.ClasspathResourceLoader
15:40:25.137 [Test worker] DEBUG org.apache.velocity - Velocimacro : added VM includeSteps: source=/templates/macros/json/steps.vm
15:40:25.137 [Test worker] DEBUG org.apache.velocity - ResourceManager : found /templates/macros/json/steps.vm with loader org.apache.velocity.runtime.resource.loader.ClasspathResourceLoader
15:40:25.138 [Test worker] DEBUG org.apache.velocity - Velocimacro : added VM includeStepName: source=/templates/macros/json/stepName.vm
15:40:25.138 [Test worker] DEBUG org.apache.velocity - ResourceManager : found /templates/macros/json/stepName.vm with loader org.apache.velocity.runtime.resource.loader.ClasspathResourceLoader
15:40:25.139 [Test worker] DEBUG org.apache.velocity - Velocimacro : added VM includeTags: source=/templates/macros/json/tags.vm
15:40:25.139 [Test worker] DEBUG org.apache.velocity - ResourceManager : found /templates/macros/json/tags.vm with loader org.apache.velocity.runtime.resource.loader.ClasspathResourceLoader
15:40:25.139 [Test worker] DEBUG org.apache.velocity - ResourceManager : found /templates/footer.vm with loader org.apache.velocity.runtime.resource.loader.ClasspathResourceLoader
]]></system-out>
  <system-err><![CDATA[Sep 13, 2020 3:40:23 PM net.masterthought.cucumber.ReportParser parseJsonFiles
INFO: File 'C:\Users\SOPORTETI\Desktop\AutomatizacionServicios\target\surefire-reports\src.test.resources.features.ComprarAlbum.json' contains 1 features
Sep 13, 2020 3:40:23 PM net.masterthought.cucumber.ReportParser parseJsonFiles
INFO: File 'C:\Users\SOPORTETI\Desktop\AutomatizacionServicios\target\surefire-reports\src.test.resources.features.InvalidarSesion.json' contains 1 features
Sep 13, 2020 3:40:23 PM net.masterthought.cucumber.ReportParser parseJsonFiles
INFO: File 'C:\Users\SOPORTETI\Desktop\AutomatizacionServicios\target\surefire-reports\src.test.resources.features.ListaAlbumes.json' contains 1 features
Sep 13, 2020 3:40:23 PM net.masterthought.cucumber.ReportParser parseJsonFiles
INFO: File 'C:\Users\SOPORTETI\Desktop\AutomatizacionServicios\target\surefire-reports\src.test.resources.features.ListaAlbumesComprados.json' contains 1 features
Sep 13, 2020 3:40:23 PM net.masterthought.cucumber.ReportParser parseJsonFiles
INFO: File 'C:\Users\SOPORTETI\Desktop\AutomatizacionServicios\target\surefire-reports\src.test.resources.features.ListaFotosAlbumes.json' contains 1 features
Sep 13, 2020 3:40:23 PM net.masterthought.cucumber.ReportParser parseJsonFiles
INFO: File 'C:\Users\SOPORTETI\Desktop\AutomatizacionServicios\target\surefire-reports\src.test.resources.features.ListaUsuario.json' contains 1 features
Sep 13, 2020 3:40:23 PM net.masterthought.cucumber.ReportParser parseJsonFiles
INFO: File 'C:\Users\SOPORTETI\Desktop\AutomatizacionServicios\target\surefire-reports\src.test.resources.features.Login.json' contains 1 features
Sep 13, 2020 3:40:23 PM net.masterthought.cucumber.ReportParser parseJsonFiles
INFO: File 'C:\Users\SOPORTETI\Desktop\AutomatizacionServicios\target\surefire-reports\src.test.resources.features.Registro.json' contains 1 features
]]></system-err>
</testsuite>
