<?xml version="1.0" encoding="UTF-8"?>
<testsuite name="[InvalidarSesion]" tests="1" skipped="0" failures="0" errors="0" timestamp="2020-09-10T06:26:12" hostname="SQA-1949" time="1.882">
  <properties/>
  <testcase name="[1:8] Invalidar sesion" classname="[InvalidarSesion]" time="1.882"/>
  <system-out><![CDATA[01:26:12.941 [Test worker] INFO com.intuit.karate - scenario called at line: 8 by tag: @FlujoExitoso
01:26:13.000 [Test worker] DEBUG com.jayway.jsonpath.internal.path.CompiledPath - Evaluating path: $
01:26:13.590 [Test worker] DEBUG org.apache.http.client.protocol.RequestAddCookies - CookieSpec selected: karate
01:26:13.599 [Test worker] DEBUG org.apache.http.client.protocol.RequestAuthCache - Auth cache not set in the context
01:26:13.601 [Test worker] DEBUG com.intuit.karate - request:
1 > POST https://nodejs-qa-training.herokuapp.com/users/sessions
1 > Accept-Encoding: gzip,deflate
1 > Connection: Keep-Alive
1 > Content-Length: 62
1 > Content-Type: application/json; charset=UTF-8
1 > Host: nodejs-qa-training.herokuapp.com
1 > User-Agent: Apache-HttpClient/4.5.5 (Java/1.8.0_191)
{"email":"admin@wolox.com.ar","password":"candidatoWolox2020"}

01:26:13.603 [Test worker] DEBUG org.apache.http.impl.conn.PoolingHttpClientConnectionManager - Connection request: [route: {s}->https://nodejs-qa-training.herokuapp.com:443][total kept alive: 0; route allocated: 0 of 5; total allocated: 0 of 10]
01:26:13.618 [Test worker] DEBUG org.apache.http.impl.conn.PoolingHttpClientConnectionManager - Connection leased: [id: 0][route: {s}->https://nodejs-qa-training.herokuapp.com:443][total kept alive: 0; route allocated: 1 of 5; total allocated: 1 of 10]
01:26:13.619 [Test worker] DEBUG org.apache.http.impl.execchain.MainClientExec - Opening connection {s}->https://nodejs-qa-training.herokuapp.com:443
01:26:13.688 [Test worker] DEBUG org.apache.http.impl.conn.DefaultHttpClientConnectionOperator - Connecting to nodejs-qa-training.herokuapp.com/54.211.44.226:443
01:26:13.688 [Test worker] DEBUG org.apache.http.conn.ssl.SSLConnectionSocketFactory - Connecting socket to nodejs-qa-training.herokuapp.com/54.211.44.226:443 with timeout 30000
01:26:13.816 [Test worker] DEBUG org.apache.http.conn.ssl.SSLConnectionSocketFactory - Enabled protocols: [TLSv1, TLSv1.1, TLSv1.2]
01:26:13.816 [Test worker] DEBUG org.apache.http.conn.ssl.SSLConnectionSocketFactory - Enabled cipher suites:[TLS_ECDHE_ECDSA_WITH_AES_256_CBC_SHA384, TLS_ECDHE_RSA_WITH_AES_256_CBC_SHA384, TLS_RSA_WITH_AES_256_CBC_SHA256, TLS_ECDH_ECDSA_WITH_AES_256_CBC_SHA384, TLS_ECDH_RSA_WITH_AES_256_CBC_SHA384, TLS_DHE_RSA_WITH_AES_256_CBC_SHA256, TLS_DHE_DSS_WITH_AES_256_CBC_SHA256, TLS_ECDHE_ECDSA_WITH_AES_256_CBC_SHA, TLS_ECDHE_RSA_WITH_AES_256_CBC_SHA, TLS_RSA_WITH_AES_256_CBC_SHA, TLS_ECDH_ECDSA_WITH_AES_256_CBC_SHA, TLS_ECDH_RSA_WITH_AES_256_CBC_SHA, TLS_DHE_RSA_WITH_AES_256_CBC_SHA, TLS_DHE_DSS_WITH_AES_256_CBC_SHA, TLS_ECDHE_ECDSA_WITH_AES_128_CBC_SHA256, TLS_ECDHE_RSA_WITH_AES_128_CBC_SHA256, TLS_RSA_WITH_AES_128_CBC_SHA256, TLS_ECDH_ECDSA_WITH_AES_128_CBC_SHA256, TLS_ECDH_RSA_WITH_AES_128_CBC_SHA256, TLS_DHE_RSA_WITH_AES_128_CBC_SHA256, TLS_DHE_DSS_WITH_AES_128_CBC_SHA256, TLS_ECDHE_ECDSA_WITH_AES_128_CBC_SHA, TLS_ECDHE_RSA_WITH_AES_128_CBC_SHA, TLS_RSA_WITH_AES_128_CBC_SHA, TLS_ECDH_ECDSA_WITH_AES_128_CBC_SHA, TLS_ECDH_RSA_WITH_AES_128_CBC_SHA, TLS_DHE_RSA_WITH_AES_128_CBC_SHA, TLS_DHE_DSS_WITH_AES_128_CBC_SHA, TLS_ECDHE_ECDSA_WITH_AES_256_GCM_SHA384, TLS_ECDHE_ECDSA_WITH_AES_128_GCM_SHA256, TLS_ECDHE_RSA_WITH_AES_256_GCM_SHA384, TLS_RSA_WITH_AES_256_GCM_SHA384, TLS_ECDH_ECDSA_WITH_AES_256_GCM_SHA384, TLS_ECDH_RSA_WITH_AES_256_GCM_SHA384, TLS_DHE_RSA_WITH_AES_256_GCM_SHA384, TLS_DHE_DSS_WITH_AES_256_GCM_SHA384, TLS_ECDHE_RSA_WITH_AES_128_GCM_SHA256, TLS_RSA_WITH_AES_128_GCM_SHA256, TLS_ECDH_ECDSA_WITH_AES_128_GCM_SHA256, TLS_ECDH_RSA_WITH_AES_128_GCM_SHA256, TLS_DHE_RSA_WITH_AES_128_GCM_SHA256, TLS_DHE_DSS_WITH_AES_128_GCM_SHA256, TLS_EMPTY_RENEGOTIATION_INFO_SCSV]
01:26:13.816 [Test worker] DEBUG org.apache.http.conn.ssl.SSLConnectionSocketFactory - Starting handshake
01:26:14.075 [Test worker] DEBUG org.apache.http.conn.ssl.SSLConnectionSocketFactory - Secure session established
01:26:14.075 [Test worker] DEBUG org.apache.http.conn.ssl.SSLConnectionSocketFactory -  negotiated protocol: TLSv1.2
01:26:14.075 [Test worker] DEBUG org.apache.http.conn.ssl.SSLConnectionSocketFactory -  negotiated cipher suite: TLS_ECDHE_RSA_WITH_AES_128_GCM_SHA256
01:26:14.076 [Test worker] DEBUG org.apache.http.conn.ssl.SSLConnectionSocketFactory -  peer principal: CN=*.herokuapp.com, O="Heroku, Inc.", L=San Francisco, ST=California, C=US
01:26:14.076 [Test worker] DEBUG org.apache.http.conn.ssl.SSLConnectionSocketFactory -  peer alternative names: [*.herokuapp.com, herokuapp.com]
01:26:14.076 [Test worker] DEBUG org.apache.http.conn.ssl.SSLConnectionSocketFactory -  issuer principal: CN=DigiCert SHA2 High Assurance Server CA, OU=www.digicert.com, O=DigiCert Inc, C=US
01:26:14.081 [Test worker] DEBUG org.apache.http.impl.conn.DefaultHttpClientConnectionOperator - Connection established 192.168.0.11:57609<->54.211.44.226:443
01:26:14.081 [Test worker] DEBUG org.apache.http.impl.conn.DefaultManagedHttpClientConnection - http-outgoing-0: set socket timeout to 30000
01:26:14.081 [Test worker] DEBUG org.apache.http.impl.execchain.MainClientExec - Executing request POST /users/sessions HTTP/1.1
01:26:14.081 [Test worker] DEBUG org.apache.http.impl.execchain.MainClientExec - Target auth state: UNCHALLENGED
01:26:14.082 [Test worker] DEBUG org.apache.http.impl.execchain.MainClientExec - Proxy auth state: UNCHALLENGED
01:26:14.085 [Test worker] DEBUG org.apache.http.headers - http-outgoing-0 >> POST /users/sessions HTTP/1.1
01:26:14.085 [Test worker] DEBUG org.apache.http.headers - http-outgoing-0 >> Content-Type: application/json; charset=UTF-8
01:26:14.085 [Test worker] DEBUG org.apache.http.headers - http-outgoing-0 >> Content-Length: 62
01:26:14.085 [Test worker] DEBUG org.apache.http.headers - http-outgoing-0 >> Host: nodejs-qa-training.herokuapp.com
01:26:14.085 [Test worker] DEBUG org.apache.http.headers - http-outgoing-0 >> Connection: Keep-Alive
01:26:14.086 [Test worker] DEBUG org.apache.http.headers - http-outgoing-0 >> User-Agent: Apache-HttpClient/4.5.5 (Java/1.8.0_191)
01:26:14.086 [Test worker] DEBUG org.apache.http.headers - http-outgoing-0 >> Accept-Encoding: gzip,deflate
01:26:14.086 [Test worker] DEBUG org.apache.http.wire - http-outgoing-0 >> "POST /users/sessions HTTP/1.1[\r][\n]"
01:26:14.086 [Test worker] DEBUG org.apache.http.wire - http-outgoing-0 >> "Content-Type: application/json; charset=UTF-8[\r][\n]"
01:26:14.087 [Test worker] DEBUG org.apache.http.wire - http-outgoing-0 >> "Content-Length: 62[\r][\n]"
01:26:14.087 [Test worker] DEBUG org.apache.http.wire - http-outgoing-0 >> "Host: nodejs-qa-training.herokuapp.com[\r][\n]"
01:26:14.087 [Test worker] DEBUG org.apache.http.wire - http-outgoing-0 >> "Connection: Keep-Alive[\r][\n]"
01:26:14.087 [Test worker] DEBUG org.apache.http.wire - http-outgoing-0 >> "User-Agent: Apache-HttpClient/4.5.5 (Java/1.8.0_191)[\r][\n]"
01:26:14.087 [Test worker] DEBUG org.apache.http.wire - http-outgoing-0 >> "Accept-Encoding: gzip,deflate[\r][\n]"
01:26:14.087 [Test worker] DEBUG org.apache.http.wire - http-outgoing-0 >> "[\r][\n]"
01:26:14.087 [Test worker] DEBUG org.apache.http.wire - http-outgoing-0 >> "{"email":"admin@wolox.com.ar","password":"candidatoWolox2020"}"
01:26:14.309 [Test worker] DEBUG org.apache.http.wire - http-outgoing-0 << "HTTP/1.1 200 OK[\r][\n]"
01:26:14.309 [Test worker] DEBUG org.apache.http.wire - http-outgoing-0 << "Server: Cowboy[\r][\n]"
01:26:14.309 [Test worker] DEBUG org.apache.http.wire - http-outgoing-0 << "Connection: keep-alive[\r][\n]"
01:26:14.309 [Test worker] DEBUG org.apache.http.wire - http-outgoing-0 << "X-Powered-By: Express[\r][\n]"
01:26:14.323 [Test worker] DEBUG org.apache.http.wire - http-outgoing-0 << "Authorization: eyJ0eXAiOiJKV1QiLCJhbGciOiJIUzI1NiJ9.eyJ1c2VySWQiOjE0Niwicm9sZSI6ImFkbWluIiwiaWF0IjoxNTk5NzE5MTc1LjE0NywiZXhwIjoxNTk5NzIwOTc1LjE0N30.mJNZWNhem1MLYr1Drm6UbTD9kbyPE7T2FJ5KEfZKCfs[\r][\n]"
01:26:14.323 [Test worker] DEBUG org.apache.http.wire - http-outgoing-0 << "Content-Type: application/json; charset=utf-8[\r][\n]"
01:26:14.324 [Test worker] DEBUG org.apache.http.wire - http-outgoing-0 << "Content-Length: 51[\r][\n]"
01:26:14.324 [Test worker] DEBUG org.apache.http.wire - http-outgoing-0 << "Etag: W/"33-jtI7DI+2hTSYBJjt47FTOs5JXrc"[\r][\n]"
01:26:14.324 [Test worker] DEBUG org.apache.http.wire - http-outgoing-0 << "Date: Thu, 10 Sep 2020 06:26:15 GMT[\r][\n]"
01:26:14.325 [Test worker] DEBUG org.apache.http.wire - http-outgoing-0 << "Via: 1.1 vegur[\r][\n]"
01:26:14.325 [Test worker] DEBUG org.apache.http.wire - http-outgoing-0 << "[\r][\n]"
01:26:14.326 [Test worker] DEBUG org.apache.http.wire - http-outgoing-0 << "{"user_id":146,"token_expires_at":"1599720975.147"}"
01:26:14.334 [Test worker] DEBUG org.apache.http.headers - http-outgoing-0 << HTTP/1.1 200 OK
01:26:14.334 [Test worker] DEBUG org.apache.http.headers - http-outgoing-0 << Server: Cowboy
01:26:14.335 [Test worker] DEBUG org.apache.http.headers - http-outgoing-0 << Connection: keep-alive
01:26:14.335 [Test worker] DEBUG org.apache.http.headers - http-outgoing-0 << X-Powered-By: Express
01:26:14.335 [Test worker] DEBUG org.apache.http.headers - http-outgoing-0 << Authorization: eyJ0eXAiOiJKV1QiLCJhbGciOiJIUzI1NiJ9.eyJ1c2VySWQiOjE0Niwicm9sZSI6ImFkbWluIiwiaWF0IjoxNTk5NzE5MTc1LjE0NywiZXhwIjoxNTk5NzIwOTc1LjE0N30.mJNZWNhem1MLYr1Drm6UbTD9kbyPE7T2FJ5KEfZKCfs
01:26:14.335 [Test worker] DEBUG org.apache.http.headers - http-outgoing-0 << Content-Type: application/json; charset=utf-8
01:26:14.336 [Test worker] DEBUG org.apache.http.headers - http-outgoing-0 << Content-Length: 51
01:26:14.336 [Test worker] DEBUG org.apache.http.headers - http-outgoing-0 << Etag: W/"33-jtI7DI+2hTSYBJjt47FTOs5JXrc"
01:26:14.336 [Test worker] DEBUG org.apache.http.headers - http-outgoing-0 << Date: Thu, 10 Sep 2020 06:26:15 GMT
01:26:14.336 [Test worker] DEBUG org.apache.http.headers - http-outgoing-0 << Via: 1.1 vegur
01:26:14.348 [Test worker] DEBUG org.apache.http.impl.execchain.MainClientExec - Connection can be kept alive indefinitely
01:26:14.356 [Test worker] DEBUG org.apache.http.impl.conn.PoolingHttpClientConnectionManager - Connection [id: 0][route: {s}->https://nodejs-qa-training.herokuapp.com:443] can be kept alive indefinitely
01:26:14.356 [Test worker] DEBUG org.apache.http.impl.conn.DefaultManagedHttpClientConnection - http-outgoing-0: set socket timeout to 0
01:26:14.356 [Test worker] DEBUG org.apache.http.impl.conn.PoolingHttpClientConnectionManager - Connection released: [id: 0][route: {s}->https://nodejs-qa-training.herokuapp.com:443][total kept alive: 1; route allocated: 1 of 5; total allocated: 1 of 10]
01:26:14.356 [Test worker] DEBUG com.intuit.karate - response time in milliseconds: 753,50
1 < 200
1 < Authorization: eyJ0eXAiOiJKV1QiLCJhbGciOiJIUzI1NiJ9.eyJ1c2VySWQiOjE0Niwicm9sZSI6ImFkbWluIiwiaWF0IjoxNTk5NzE5MTc1LjE0NywiZXhwIjoxNTk5NzIwOTc1LjE0N30.mJNZWNhem1MLYr1Drm6UbTD9kbyPE7T2FJ5KEfZKCfs
1 < Connection: keep-alive
1 < Content-Length: 51
1 < Content-Type: application/json; charset=utf-8
1 < Date: Thu, 10 Sep 2020 06:26:15 GMT
1 < Etag: W/"33-jtI7DI+2hTSYBJjt47FTOs5JXrc"
1 < Server: Cowboy
1 < Via: 1.1 vegur
1 < X-Powered-By: Express
{"user_id":146,"token_expires_at":"1599720975.147"}

01:26:14.365 [Test worker] DEBUG com.jayway.jsonpath.internal.path.CompiledPath - Evaluating path: $
01:26:14.365 [Test worker] DEBUG com.jayway.jsonpath.internal.path.CompiledPath - Evaluating path: $
01:26:14.367 [Test worker] DEBUG com.jayway.jsonpath.internal.path.CompiledPath - Evaluating path: $
01:26:14.372 [Test worker] DEBUG com.jayway.jsonpath.internal.path.CompiledPath - Evaluating path: $
01:26:14.372 [Test worker] DEBUG com.jayway.jsonpath.internal.path.CompiledPath - Evaluating path: $
01:26:14.373 [Test worker] DEBUG com.jayway.jsonpath.internal.path.CompiledPath - Evaluating path: $
01:26:14.373 [Test worker] DEBUG com.jayway.jsonpath.internal.path.CompiledPath - Evaluating path: $
01:26:14.374 [Test worker] INFO com.intuit.karate - [print] {
  "user_id": 146,
  "token_expires_at": "1599720975.147"
}

01:26:14.382 [Test worker] DEBUG com.jayway.jsonpath.internal.path.CompiledPath - Evaluating path: $
01:26:14.415 [Test worker] DEBUG org.apache.http.client.protocol.RequestAddCookies - CookieSpec selected: karate
01:26:14.415 [Test worker] DEBUG org.apache.http.client.protocol.RequestAuthCache - Auth cache not set in the context
01:26:14.415 [Test worker] DEBUG com.intuit.karate - request:
1 > POST https://nodejs-qa-training.herokuapp.com/users/sessions/invalidate_all
1 > Accept-Encoding: gzip,deflate
1 > Authorization: eyJ0eXAiOiJKV1QiLCJhbGciOiJIUzI1NiJ9.eyJ1c2VySWQiOjE0Niwicm9sZSI6ImFkbWluIiwiaWF0IjoxNTk5NzE5MTc1LjE0NywiZXhwIjoxNTk5NzIwOTc1LjE0N30.mJNZWNhem1MLYr1Drm6UbTD9kbyPE7T2FJ5KEfZKCfs
1 > Connection: Keep-Alive
1 > Content-Length: 2
1 > Content-Type: application/json; charset=UTF-8
1 > Host: nodejs-qa-training.herokuapp.com
1 > User-Agent: Apache-HttpClient/4.5.5 (Java/1.8.0_191)
{}

01:26:14.416 [Test worker] DEBUG org.apache.http.impl.conn.PoolingHttpClientConnectionManager - Connection request: [route: {s}->https://nodejs-qa-training.herokuapp.com:443][total kept alive: 0; route allocated: 0 of 5; total allocated: 0 of 10]
01:26:14.416 [Test worker] DEBUG org.apache.http.impl.conn.PoolingHttpClientConnectionManager - Connection leased: [id: 1][route: {s}->https://nodejs-qa-training.herokuapp.com:443][total kept alive: 0; route allocated: 1 of 5; total allocated: 1 of 10]
01:26:14.416 [Test worker] DEBUG org.apache.http.impl.execchain.MainClientExec - Opening connection {s}->https://nodejs-qa-training.herokuapp.com:443
01:26:14.416 [Test worker] DEBUG org.apache.http.impl.conn.DefaultHttpClientConnectionOperator - Connecting to nodejs-qa-training.herokuapp.com/54.211.44.226:443
01:26:14.416 [Test worker] DEBUG org.apache.http.conn.ssl.SSLConnectionSocketFactory - Connecting socket to nodejs-qa-training.herokuapp.com/54.211.44.226:443 with timeout 30000
01:26:14.498 [Test worker] DEBUG org.apache.http.conn.ssl.SSLConnectionSocketFactory - Enabled protocols: [TLSv1, TLSv1.1, TLSv1.2]
01:26:14.498 [Test worker] DEBUG org.apache.http.conn.ssl.SSLConnectionSocketFactory - Enabled cipher suites:[TLS_ECDHE_ECDSA_WITH_AES_256_CBC_SHA384, TLS_ECDHE_RSA_WITH_AES_256_CBC_SHA384, TLS_RSA_WITH_AES_256_CBC_SHA256, TLS_ECDH_ECDSA_WITH_AES_256_CBC_SHA384, TLS_ECDH_RSA_WITH_AES_256_CBC_SHA384, TLS_DHE_RSA_WITH_AES_256_CBC_SHA256, TLS_DHE_DSS_WITH_AES_256_CBC_SHA256, TLS_ECDHE_ECDSA_WITH_AES_256_CBC_SHA, TLS_ECDHE_RSA_WITH_AES_256_CBC_SHA, TLS_RSA_WITH_AES_256_CBC_SHA, TLS_ECDH_ECDSA_WITH_AES_256_CBC_SHA, TLS_ECDH_RSA_WITH_AES_256_CBC_SHA, TLS_DHE_RSA_WITH_AES_256_CBC_SHA, TLS_DHE_DSS_WITH_AES_256_CBC_SHA, TLS_ECDHE_ECDSA_WITH_AES_128_CBC_SHA256, TLS_ECDHE_RSA_WITH_AES_128_CBC_SHA256, TLS_RSA_WITH_AES_128_CBC_SHA256, TLS_ECDH_ECDSA_WITH_AES_128_CBC_SHA256, TLS_ECDH_RSA_WITH_AES_128_CBC_SHA256, TLS_DHE_RSA_WITH_AES_128_CBC_SHA256, TLS_DHE_DSS_WITH_AES_128_CBC_SHA256, TLS_ECDHE_ECDSA_WITH_AES_128_CBC_SHA, TLS_ECDHE_RSA_WITH_AES_128_CBC_SHA, TLS_RSA_WITH_AES_128_CBC_SHA, TLS_ECDH_ECDSA_WITH_AES_128_CBC_SHA, TLS_ECDH_RSA_WITH_AES_128_CBC_SHA, TLS_DHE_RSA_WITH_AES_128_CBC_SHA, TLS_DHE_DSS_WITH_AES_128_CBC_SHA, TLS_ECDHE_ECDSA_WITH_AES_256_GCM_SHA384, TLS_ECDHE_ECDSA_WITH_AES_128_GCM_SHA256, TLS_ECDHE_RSA_WITH_AES_256_GCM_SHA384, TLS_RSA_WITH_AES_256_GCM_SHA384, TLS_ECDH_ECDSA_WITH_AES_256_GCM_SHA384, TLS_ECDH_RSA_WITH_AES_256_GCM_SHA384, TLS_DHE_RSA_WITH_AES_256_GCM_SHA384, TLS_DHE_DSS_WITH_AES_256_GCM_SHA384, TLS_ECDHE_RSA_WITH_AES_128_GCM_SHA256, TLS_RSA_WITH_AES_128_GCM_SHA256, TLS_ECDH_ECDSA_WITH_AES_128_GCM_SHA256, TLS_ECDH_RSA_WITH_AES_128_GCM_SHA256, TLS_DHE_RSA_WITH_AES_128_GCM_SHA256, TLS_DHE_DSS_WITH_AES_128_GCM_SHA256, TLS_EMPTY_RENEGOTIATION_INFO_SCSV]
01:26:14.498 [Test worker] DEBUG org.apache.http.conn.ssl.SSLConnectionSocketFactory - Starting handshake
01:26:14.686 [Test worker] DEBUG org.apache.http.conn.ssl.SSLConnectionSocketFactory - Secure session established
01:26:14.686 [Test worker] DEBUG org.apache.http.conn.ssl.SSLConnectionSocketFactory -  negotiated protocol: TLSv1.2
01:26:14.686 [Test worker] DEBUG org.apache.http.conn.ssl.SSLConnectionSocketFactory -  negotiated cipher suite: TLS_ECDHE_RSA_WITH_AES_128_GCM_SHA256
01:26:14.686 [Test worker] DEBUG org.apache.http.conn.ssl.SSLConnectionSocketFactory -  peer principal: CN=*.herokuapp.com, O="Heroku, Inc.", L=San Francisco, ST=California, C=US
01:26:14.686 [Test worker] DEBUG org.apache.http.conn.ssl.SSLConnectionSocketFactory -  peer alternative names: [*.herokuapp.com, herokuapp.com]
01:26:14.686 [Test worker] DEBUG org.apache.http.conn.ssl.SSLConnectionSocketFactory -  issuer principal: CN=DigiCert SHA2 High Assurance Server CA, OU=www.digicert.com, O=DigiCert Inc, C=US
01:26:14.687 [Test worker] DEBUG org.apache.http.impl.conn.DefaultHttpClientConnectionOperator - Connection established 192.168.0.11:57610<->54.211.44.226:443
01:26:14.687 [Test worker] DEBUG org.apache.http.impl.conn.DefaultManagedHttpClientConnection - http-outgoing-1: set socket timeout to 30000
01:26:14.687 [Test worker] DEBUG org.apache.http.impl.execchain.MainClientExec - Executing request POST /users/sessions/invalidate_all HTTP/1.1
01:26:14.687 [Test worker] DEBUG org.apache.http.impl.execchain.MainClientExec - Proxy auth state: UNCHALLENGED
01:26:14.687 [Test worker] DEBUG org.apache.http.headers - http-outgoing-1 >> POST /users/sessions/invalidate_all HTTP/1.1
01:26:14.687 [Test worker] DEBUG org.apache.http.headers - http-outgoing-1 >> Authorization: eyJ0eXAiOiJKV1QiLCJhbGciOiJIUzI1NiJ9.eyJ1c2VySWQiOjE0Niwicm9sZSI6ImFkbWluIiwiaWF0IjoxNTk5NzE5MTc1LjE0NywiZXhwIjoxNTk5NzIwOTc1LjE0N30.mJNZWNhem1MLYr1Drm6UbTD9kbyPE7T2FJ5KEfZKCfs
01:26:14.687 [Test worker] DEBUG org.apache.http.headers - http-outgoing-1 >> Content-Type: application/json; charset=UTF-8
01:26:14.687 [Test worker] DEBUG org.apache.http.headers - http-outgoing-1 >> Content-Length: 2
01:26:14.687 [Test worker] DEBUG org.apache.http.headers - http-outgoing-1 >> Host: nodejs-qa-training.herokuapp.com
01:26:14.687 [Test worker] DEBUG org.apache.http.headers - http-outgoing-1 >> Connection: Keep-Alive
01:26:14.687 [Test worker] DEBUG org.apache.http.headers - http-outgoing-1 >> User-Agent: Apache-HttpClient/4.5.5 (Java/1.8.0_191)
01:26:14.688 [Test worker] DEBUG org.apache.http.headers - http-outgoing-1 >> Accept-Encoding: gzip,deflate
01:26:14.688 [Test worker] DEBUG org.apache.http.wire - http-outgoing-1 >> "POST /users/sessions/invalidate_all HTTP/1.1[\r][\n]"
01:26:14.688 [Test worker] DEBUG org.apache.http.wire - http-outgoing-1 >> "Authorization: eyJ0eXAiOiJKV1QiLCJhbGciOiJIUzI1NiJ9.eyJ1c2VySWQiOjE0Niwicm9sZSI6ImFkbWluIiwiaWF0IjoxNTk5NzE5MTc1LjE0NywiZXhwIjoxNTk5NzIwOTc1LjE0N30.mJNZWNhem1MLYr1Drm6UbTD9kbyPE7T2FJ5KEfZKCfs[\r][\n]"
01:26:14.688 [Test worker] DEBUG org.apache.http.wire - http-outgoing-1 >> "Content-Type: application/json; charset=UTF-8[\r][\n]"
01:26:14.688 [Test worker] DEBUG org.apache.http.wire - http-outgoing-1 >> "Content-Length: 2[\r][\n]"
01:26:14.688 [Test worker] DEBUG org.apache.http.wire - http-outgoing-1 >> "Host: nodejs-qa-training.herokuapp.com[\r][\n]"
01:26:14.688 [Test worker] DEBUG org.apache.http.wire - http-outgoing-1 >> "Connection: Keep-Alive[\r][\n]"
01:26:14.688 [Test worker] DEBUG org.apache.http.wire - http-outgoing-1 >> "User-Agent: Apache-HttpClient/4.5.5 (Java/1.8.0_191)[\r][\n]"
01:26:14.688 [Test worker] DEBUG org.apache.http.wire - http-outgoing-1 >> "Accept-Encoding: gzip,deflate[\r][\n]"
01:26:14.688 [Test worker] DEBUG org.apache.http.wire - http-outgoing-1 >> "[\r][\n]"
01:26:14.688 [Test worker] DEBUG org.apache.http.wire - http-outgoing-1 >> "{}"
01:26:14.788 [Test worker] DEBUG org.apache.http.wire - http-outgoing-1 << "HTTP/1.1 200 OK[\r][\n]"
01:26:14.788 [Test worker] DEBUG org.apache.http.wire - http-outgoing-1 << "Server: Cowboy[\r][\n]"
01:26:14.788 [Test worker] DEBUG org.apache.http.wire - http-outgoing-1 << "Connection: keep-alive[\r][\n]"
01:26:14.788 [Test worker] DEBUG org.apache.http.wire - http-outgoing-1 << "X-Powered-By: Express[\r][\n]"
01:26:14.789 [Test worker] DEBUG org.apache.http.wire - http-outgoing-1 << "Date: Thu, 10 Sep 2020 06:26:15 GMT[\r][\n]"
01:26:14.789 [Test worker] DEBUG org.apache.http.wire - http-outgoing-1 << "Content-Length: 0[\r][\n]"
01:26:14.789 [Test worker] DEBUG org.apache.http.wire - http-outgoing-1 << "Via: 1.1 vegur[\r][\n]"
01:26:14.789 [Test worker] DEBUG org.apache.http.wire - http-outgoing-1 << "[\r][\n]"
01:26:14.789 [Test worker] DEBUG org.apache.http.headers - http-outgoing-1 << HTTP/1.1 200 OK
01:26:14.789 [Test worker] DEBUG org.apache.http.headers - http-outgoing-1 << Server: Cowboy
01:26:14.789 [Test worker] DEBUG org.apache.http.headers - http-outgoing-1 << Connection: keep-alive
01:26:14.789 [Test worker] DEBUG org.apache.http.headers - http-outgoing-1 << X-Powered-By: Express
01:26:14.789 [Test worker] DEBUG org.apache.http.headers - http-outgoing-1 << Date: Thu, 10 Sep 2020 06:26:15 GMT
01:26:14.789 [Test worker] DEBUG org.apache.http.headers - http-outgoing-1 << Content-Length: 0
01:26:14.789 [Test worker] DEBUG org.apache.http.headers - http-outgoing-1 << Via: 1.1 vegur
01:26:14.789 [Test worker] DEBUG org.apache.http.impl.execchain.MainClientExec - Connection can be kept alive indefinitely
01:26:14.789 [Test worker] DEBUG org.apache.http.impl.conn.PoolingHttpClientConnectionManager - Connection [id: 1][route: {s}->https://nodejs-qa-training.herokuapp.com:443] can be kept alive indefinitely
01:26:14.790 [Test worker] DEBUG org.apache.http.impl.conn.DefaultManagedHttpClientConnection - http-outgoing-1: set socket timeout to 0
01:26:14.790 [Test worker] DEBUG org.apache.http.impl.conn.PoolingHttpClientConnectionManager - Connection released: [id: 1][route: {s}->https://nodejs-qa-training.herokuapp.com:443][total kept alive: 1; route allocated: 1 of 5; total allocated: 1 of 10]
01:26:14.790 [Test worker] DEBUG com.intuit.karate - response time in milliseconds: 374,12
1 < 200
1 < Connection: keep-alive
1 < Content-Length: 0
1 < Date: Thu, 10 Sep 2020 06:26:15 GMT
1 < Server: Cowboy
1 < Via: 1.1 vegur
1 < X-Powered-By: Express

01:26:14.790 [Test worker] INFO com.intuit.karate - [print] 
]]></system-out>
  <system-err><![CDATA[]]></system-err>
</testsuite>
