<?xml version="1.0" encoding="UTF-8"?>
<testsuite name="com.co.wolox.certificacion.runners.RegistroRunner" tests="0" skipped="0" failures="0" errors="0" timestamp="1970-01-01T00:00:00" hostname="SQA-1949" time="0.0">
  <properties/>
  <system-out><![CDATA[12:18:50.434 [Test worker] WARN com.intuit.karate - skipping bootstrap configuration: could not find or read file: classpath:karate-config.js
---------------------------------------------------------
feature: src/test/resources/features/Registro.feature
scenarios:  1 | passed:  0 | failed:  1 | time: 0,0836
---------------------------------------------------------
HTML report: (paste into browser to view) | Karate version: 0.9.4
file:/C:/Users/SOPORTETI/Desktop/AutomatizacionServicios/build/surefire-reports/src.test.resources.features.Registro.html
---------------------------------------------------------

]]></system-out>
  <system-err><![CDATA[]]></system-err>
</testsuite>
